#
# There is insufficient memory for the Java Runtime Environment to continue.
# Native memory allocation (malloc) failed to allocate 1450416 bytes for Chunk::new
# Possible reasons:
#   The system is out of physical RAM or swap space
#   The process is running with CompressedOops enabled, and the Java Heap may be blocking the growth of the native heap
# Possible solutions:
#   Reduce memory load on the system
#   Increase physical memory or swap space
#   Check if swap backing store is full
#   Decrease Java heap size (-Xmx/-Xms)
#   Decrease number of Java threads
#   Decrease Java thread stack sizes (-Xss)
#   Set larger code cache with -XX:ReservedCodeCacheSize=
#   JVM is running with Zero Based Compressed Oops mode in which the Java heap is
#     placed in the first 32GB address space. The Java Heap base address is the
#     maximum limit for the native heap growth. Please use -XX:HeapBaseMinAddress
#     to set the Java Heap base and to place the Java Heap above 32GB virtual address.
# This output file may be truncated or incomplete.
#
#  Out of Memory Error (allocation.cpp:389), pid=13636, tid=0x0000000000003634
#
# JRE version: OpenJDK Runtime Environment (8.0_242-b01) (build 1.8.0_242-release-1644-b01)
# Java VM: OpenJDK 64-Bit Server VM (25.242-b01 mixed mode windows-amd64 compressed oops)
# Failed to write core dump. Minidumps are not enabled by default on client versions of Windows
#

---------------  T H R E A D  ---------------

Current thread (0x000000001b891000):  JavaThread "C2 CompilerThread0" daemon [_thread_in_native, id=13876, stack(0x000000001c170000,0x000000001c270000)]

Stack: [0x000000001c170000,0x000000001c270000]
[error occurred during error reporting (printing stack bounds), id 0xc0000005]

Native frames: (J=compiled Java code, j=interpreted, Vv=VM code, C=native code)


Current CompileTask:
C2:   4607 4186       4       org.jetbrains.kotlin.com.intellij.lang.impl.PsiBuilderImpl::insertLeaves (88 bytes)


---------------  P R O C E S S  ---------------

Java Threads: ( => current thread )
  0x000000001b8b5800 JavaThread "Service Thread" daemon [_thread_blocked, id=20876, stack(0x000000001c570000,0x000000001c670000)]
  0x000000001b8a3000 JavaThread "C1 CompilerThread3" daemon [_thread_in_native, id=20524, stack(0x000000001c470000,0x000000001c570000)]
  0x000000001b899800 JavaThread "C2 CompilerThread2" daemon [_thread_in_native, id=2936, stack(0x000000001c370000,0x000000001c470000)]
  0x000000001b897800 JavaThread "C2 CompilerThread1" daemon [_thread_in_native, id=17200, stack(0x000000001c270000,0x000000001c370000)]
=>0x000000001b891000 JavaThread "C2 CompilerThread0" daemon [_thread_in_native, id=13876, stack(0x000000001c170000,0x000000001c270000)]
  0x000000001b890000 JavaThread "Attach Listener" daemon [_thread_blocked, id=21464, stack(0x000000001c070000,0x000000001c170000)]
  0x000000001b88f000 JavaThread "Signal Dispatcher" daemon [_thread_blocked, id=148, stack(0x000000001bf70000,0x000000001c070000)]
  0x000000001b880800 JavaThread "Finalizer" daemon [_thread_blocked, id=16024, stack(0x000000001bd60000,0x000000001be60000)]
  0x0000000019a7c800 JavaThread "Reference Handler" daemon [_thread_blocked, id=6224, stack(0x000000001bc60000,0x000000001bd60000)]
  0x0000000002502800 JavaThread "main" [_thread_in_vm, id=1952, stack(0x00000000023f0000,0x00000000024f0000)]

Other Threads:
  0x0000000019a76000 VMThread [stack: 0x000000001b760000,0x000000001b860000] [id=3112]
  0x000000001b8b6800 WatcherThread [stack: 0x000000001c670000,0x000000001c770000] [id=21432]

VM state:not at safepoint (normal execution)

VM Mutex/Monitor currently owned by a thread: None

heap address: 0x0000000702e00000, size: 3026 MB, Compressed Oops mode: Zero based, Oop shift amount: 3
Narrow klass base: 0x0000000000000000, Narrow klass shift: 3
Compressed class space size: 1073741824 Address: 0x00000007c0000000

Heap:
 PSYoungGen      total 78336K, used 29264K [0x0000000780f80000, 0x0000000786500000, 0x00000007c0000000)
  eden space 70656K, 30% used [0x0000000780f80000,0x0000000782497248,0x0000000785480000)
  from space 7680K, 99% used [0x0000000785600000,0x0000000785d7d0b0,0x0000000785d80000)
  to   space 7680K, 0% used [0x0000000785d80000,0x0000000785d80000,0x0000000786500000)
 ParOldGen       total 124416K, used 42164K [0x0000000702e00000, 0x000000070a780000, 0x0000000780f80000)
  object space 124416K, 33% used [0x0000000702e00000,0x000000070572d268,0x000000070a780000)
 Metaspace       used 42691K, capacity 43428K, committed 43648K, reserved 1087488K
  class space    used 5185K, capacity 5392K, committed 5504K, reserved 1048576K

Card table byte_map: [0x00000000119e0000,0x0000000011fd0000] byte_map_base: 0x000000000e1c9000

Marking Bits: (ParMarkBitMap*) 0x000000005d97f030
 Begin Bits: [0x0000000012bd0000, 0x0000000015b18000)
 End Bits:   [0x0000000015b18000, 0x0000000018a60000)

Polling page: 0x0000000000c20000

CodeCache: size=245760Kb used=14615Kb max_used=14615Kb free=231144Kb
 bounds [0x0000000002620000, 0x0000000003480000, 0x0000000011620000]
 total_blobs=4798 nmethods=4307 adapters=404
 compilation: enabled

Compilation events (10 events):
Event: 4.598 Thread 0x000000001b8a3000 nmethod 4327 0x0000000003468710 code [0x00000000034689e0, 0x0000000003469d78]
Event: 4.598 Thread 0x000000001b8a3000 4328       3       jdk.internal.org.objectweb.asm.ClassWriter::<init> (122 bytes)
Event: 4.599 Thread 0x000000001b8a3000 nmethod 4328 0x000000000346a5d0 code [0x000000000346a7e0, 0x000000000346b228]
Event: 4.599 Thread 0x000000001b8a3000 4329       3       jdk.internal.org.objectweb.asm.ClassVisitor::<init> (7 bytes)
Event: 4.599 Thread 0x000000001b8a3000 nmethod 4329 0x000000000346b610 code [0x000000000346b7a0, 0x000000000346bb08]
Event: 4.602 Thread 0x000000001b8a3000 4331       3       java.lang.invoke.MemberName::<init> (131 bytes)
Event: 4.604 Thread 0x000000001b8a3000 nmethod 4331 0x000000000346c090 code [0x000000000346c360, 0x000000000346d758]
Event: 4.604 Thread 0x000000001b8a3000 4333       3       sun.invoke.util.VerifyAccess::isMemberAccessible (261 bytes)
Event: 4.605 Thread 0x000000001b8a3000 nmethod 4333 0x000000000346df50 code [0x000000000346e220, 0x000000000346f7f8]
Event: 4.605 Thread 0x000000001b8a3000 4332       3       java.lang.invoke.MemberName::hashCode (39 bytes)

GC Heap History (10 events):
Event: 1.647 GC heap before
{Heap before GC invocations=3 (full 1):
 PSYoungGen      total 56832K, used 7672K [0x0000000780f80000, 0x0000000787e80000, 0x00000007c0000000)
  eden space 49152K, 0% used [0x0000000780f80000,0x0000000780f80000,0x0000000783f80000)
  from space 7680K, 99% used [0x0000000784700000,0x0000000784e7e2d0,0x0000000784e80000)
  to   space 7680K, 0% used [0x0000000783f80000,0x0000000783f80000,0x0000000784700000)
 ParOldGen       total 130048K, used 21752K [0x0000000702e00000, 0x000000070ad00000, 0x0000000780f80000)
  object space 130048K, 16% used [0x0000000702e00000,0x000000070433e110,0x000000070ad00000)
 Metaspace       used 20675K, capacity 21066K, committed 21248K, reserved 1069056K
  class space    used 2357K, capacity 2471K, committed 2560K, reserved 1048576K
Event: 1.695 GC heap after
Heap after GC invocations=3 (full 1):
 PSYoungGen      total 56832K, used 0K [0x0000000780f80000, 0x0000000787e80000, 0x00000007c0000000)
  eden space 49152K, 0% used [0x0000000780f80000,0x0000000780f80000,0x0000000783f80000)
  from space 7680K, 0% used [0x0000000784700000,0x0000000784700000,0x0000000784e80000)
  to   space 7680K, 0% used [0x0000000783f80000,0x0000000783f80000,0x0000000784700000)
 ParOldGen       total 124416K, used 25273K [0x0000000702e00000, 0x000000070a780000, 0x0000000780f80000)
  object space 124416K, 20% used [0x0000000702e00000,0x00000007046ae610,0x000000070a780000)
 Metaspace       used 20675K, capacity 21066K, committed 21248K, reserved 1069056K
  class space    used 2357K, capacity 2471K, committed 2560K, reserved 1048576K
}
Event: 2.418 GC heap before
{Heap before GC invocations=4 (full 1):
 PSYoungGen      total 56832K, used 49152K [0x0000000780f80000, 0x0000000787e80000, 0x00000007c0000000)
  eden space 49152K, 100% used [0x0000000780f80000,0x0000000783f80000,0x0000000783f80000)
  from space 7680K, 0% used [0x0000000784700000,0x0000000784700000,0x0000000784e80000)
  to   space 7680K, 0% used [0x0000000783f80000,0x0000000783f80000,0x0000000784700000)
 ParOldGen       total 124416K, used 25273K [0x0000000702e00000, 0x000000070a780000, 0x0000000780f80000)
  object space 124416K, 20% used [0x0000000702e00000,0x00000007046ae610,0x000000070a780000)
 Metaspace       used 26847K, capacity 27304K, committed 27392K, reserved 1073152K
  class space    used 3402K, capacity 3559K, committed 3584K, reserved 1048576K
Event: 2.443 GC heap after
Heap after GC invocations=4 (full 1):
 PSYoungGen      total 56832K, used 7657K [0x0000000780f80000, 0x0000000786500000, 0x00000007c0000000)
  eden space 49152K, 0% used [0x0000000780f80000,0x0000000780f80000,0x0000000783f80000)
  from space 7680K, 99% used [0x0000000783f80000,0x00000007846fa700,0x0000000784700000)
  to   space 7680K, 0% used [0x0000000785d80000,0x0000000785d80000,0x0000000786500000)
 ParOldGen       total 124416K, used 28250K [0x0000000702e00000, 0x000000070a780000, 0x0000000780f80000)
  object space 124416K, 22% used [0x0000000702e00000,0x0000000704996b40,0x000000070a780000)
 Metaspace       used 26847K, capacity 27304K, committed 27392K, reserved 1073152K
  class space    used 3402K, capacity 3559K, committed 3584K, reserved 1048576K
}
Event: 3.160 GC heap before
{Heap before GC invocations=5 (full 1):
 PSYoungGen      total 56832K, used 56560K [0x0000000780f80000, 0x0000000786500000, 0x00000007c0000000)
  eden space 49152K, 99% used [0x0000000780f80000,0x0000000783f41920,0x0000000783f80000)
  from space 7680K, 99% used [0x0000000783f80000,0x00000007846fa700,0x0000000784700000)
  to   space 7680K, 0% used [0x0000000785d80000,0x0000000785d80000,0x0000000786500000)
 ParOldGen       total 124416K, used 28250K [0x0000000702e00000, 0x000000070a780000, 0x0000000780f80000)
  object space 124416K, 22% used [0x0000000702e00000,0x0000000704996b40,0x000000070a780000)
 Metaspace       used 34649K, capacity 35140K, committed 35416K, reserved 1081344K
  class space    used 4354K, capacity 4497K, committed 4608K, reserved 1048576K
Event: 3.171 GC heap after
Heap after GC invocations=5 (full 1):
 PSYoungGen      total 78336K, used 7654K [0x0000000780f80000, 0x0000000786500000, 0x00000007c0000000)
  eden space 70656K, 0% used [0x0000000780f80000,0x0000000780f80000,0x0000000785480000)
  from space 7680K, 99% used [0x0000000785d80000,0x00000007864f9880,0x0000000786500000)
  to   space 7680K, 0% used [0x0000000785600000,0x0000000785600000,0x0000000785d80000)
 ParOldGen       total 124416K, used 39023K [0x0000000702e00000, 0x000000070a780000, 0x0000000780f80000)
  object space 124416K, 31% used [0x0000000702e00000,0x000000070541bd10,0x000000070a780000)
 Metaspace       used 34649K, capacity 35140K, committed 35416K, reserved 1081344K
  class space    used 4354K, capacity 4497K, committed 4608K, reserved 1048576K
}
Event: 3.171 GC heap before
{Heap before GC invocations=6 (full 2):
 PSYoungGen      total 78336K, used 7654K [0x0000000780f80000, 0x0000000786500000, 0x00000007c0000000)
  eden space 70656K, 0% used [0x0000000780f80000,0x0000000780f80000,0x0000000785480000)
  from space 7680K, 99% used [0x0000000785d80000,0x00000007864f9880,0x0000000786500000)
  to   space 7680K, 0% used [0x0000000785600000,0x0000000785600000,0x0000000785d80000)
 ParOldGen       total 124416K, used 39023K [0x0000000702e00000, 0x000000070a780000, 0x0000000780f80000)
  object space 124416K, 31% used [0x0000000702e00000,0x000000070541bd10,0x000000070a780000)
 Metaspace       used 34649K, capacity 35140K, committed 35416K, reserved 1081344K
  class space    used 4354K, capacity 4497K, committed 4608K, reserved 1048576K
Event: 3.229 GC heap after
Heap after GC invocations=6 (full 2):
 PSYoungGen      total 78336K, used 0K [0x0000000780f80000, 0x0000000786500000, 0x00000007c0000000)
  eden space 70656K, 0% used [0x0000000780f80000,0x0000000780f80000,0x0000000785480000)
  from space 7680K, 0% used [0x0000000785d80000,0x0000000785d80000,0x0000000786500000)
  to   space 7680K, 0% used [0x0000000785600000,0x0000000785600000,0x0000000785d80000)
 ParOldGen       total 124416K, used 37407K [0x0000000702e00000, 0x000000070a780000, 0x0000000780f80000)
  object space 124416K, 30% used [0x0000000702e00000,0x0000000705287f50,0x000000070a780000)
 Metaspace       used 34649K, capacity 35140K, committed 35416K, reserved 1081344K
  class space    used 4354K, capacity 4497K, committed 4608K, reserved 1048576K
}
Event: 4.200 GC heap before
{Heap before GC invocations=7 (full 2):
 PSYoungGen      total 78336K, used 70656K [0x0000000780f80000, 0x0000000786500000, 0x00000007c0000000)
  eden space 70656K, 100% used [0x0000000780f80000,0x0000000785480000,0x0000000785480000)
  from space 7680K, 0% used [0x0000000785d80000,0x0000000785d80000,0x0000000786500000)
  to   space 7680K, 0% used [0x0000000785600000,0x0000000785600000,0x0000000785d80000)
 ParOldGen       total 124416K, used 37407K [0x0000000702e00000, 0x000000070a780000, 0x0000000780f80000)
  object space 124416K, 30% used [0x0000000702e00000,0x0000000705287f50,0x000000070a780000)
 Metaspace       used 40655K, capacity 41382K, committed 41600K, reserved 1085440K
  class space    used 4981K, capacity 5197K, committed 5248K, reserved 1048576K
Event: 4.211 GC heap after
Heap after GC invocations=7 (full 2):
 PSYoungGen      total 78336K, used 7668K [0x0000000780f80000, 0x0000000786500000, 0x00000007c0000000)
  eden space 70656K, 0% used [0x0000000780f80000,0x0000000780f80000,0x0000000785480000)
  from space 7680K, 99% used [0x0000000785600000,0x0000000785d7d0b0,0x0000000785d80000)
  to   space 7680K, 0% used [0x0000000785d80000,0x0000000785d80000,0x0000000786500000)
 ParOldGen       total 124416K, used 42164K [0x0000000702e00000, 0x000000070a780000, 0x0000000780f80000)
  object space 124416K, 33% used [0x0000000702e00000,0x000000070572d268,0x000000070a780000)
 Metaspace       used 40655K, capacity 41382K, committed 41600K, reserved 1085440K
  class space    used 4981K, capacity 5197K, committed 5248K, reserved 1048576K
}

Deoptimization events (10 events):
Event: 4.494 Thread 0x0000000002502800 Uncommon trap: reason=class_check action=maybe_recompile pc=0x0000000002ee620c method=org.jetbrains.kotlin.com.intellij.psi.impl.source.tree.TreeElement.rawRemoveUpToWithoutNotifications(Lorg/jetbrains/kotlin/com/intellij/psi/impl/source/tree/TreeElement;
Event: 4.498 Thread 0x0000000002502800 Uncommon trap: reason=class_check action=maybe_recompile pc=0x0000000002ee620c method=org.jetbrains.kotlin.com.intellij.psi.impl.source.tree.TreeElement.rawRemoveUpToWithoutNotifications(Lorg/jetbrains/kotlin/com/intellij/psi/impl/source/tree/TreeElement;
Event: 4.503 Thread 0x0000000002502800 Uncommon trap: reason=class_check action=maybe_recompile pc=0x00000000030b87b8 method=org.jetbrains.kotlin.com.intellij.lang.impl.PsiBuilderImpl.getTokenText()Ljava/lang/String; @ 53
Event: 4.503 Thread 0x0000000002502800 Uncommon trap: reason=class_check action=maybe_recompile pc=0x00000000030b87b8 method=org.jetbrains.kotlin.com.intellij.lang.impl.PsiBuilderImpl.getTokenText()Ljava/lang/String; @ 53
Event: 4.503 Thread 0x0000000002502800 Uncommon trap: reason=class_check action=maybe_recompile pc=0x00000000030b87b8 method=org.jetbrains.kotlin.com.intellij.lang.impl.PsiBuilderImpl.getTokenText()Ljava/lang/String; @ 53
Event: 4.503 Thread 0x0000000002502800 Uncommon trap: reason=class_check action=maybe_recompile pc=0x00000000030b87b8 method=org.jetbrains.kotlin.com.intellij.lang.impl.PsiBuilderImpl.getTokenText()Ljava/lang/String; @ 53
Event: 4.504 Thread 0x0000000002502800 Uncommon trap: reason=unstable_if action=reinterpret pc=0x0000000002f845a8 method=org.jetbrains.kotlin.parsing.AbstractKotlinParsing.tokenMatches(Lorg/jetbrains/kotlin/com/intellij/psi/tree/IElementType;Lorg/jetbrains/kotlin/com/intellij/psi/tree/IElement
Event: 4.505 Thread 0x0000000002502800 Uncommon trap: reason=class_check action=maybe_recompile pc=0x0000000002ee620c method=org.jetbrains.kotlin.com.intellij.psi.impl.source.tree.TreeElement.rawRemoveUpToWithoutNotifications(Lorg/jetbrains/kotlin/com/intellij/psi/impl/source/tree/TreeElement;
Event: 4.508 Thread 0x0000000002502800 Uncommon trap: reason=unstable_if action=reinterpret pc=0x0000000002ea5570 method=org.jetbrains.kotlin.parsing.AbstractKotlinParsing.tokenMatches(Lorg/jetbrains/kotlin/com/intellij/psi/tree/IElementType;Lorg/jetbrains/kotlin/com/intellij/psi/tree/IElement
Event: 4.510 Thread 0x0000000002502800 Uncommon trap: reason=unstable_if action=reinterpret pc=0x00000000031edcbc method=gnu.trove.TObjectHash.insertionIndex(Ljava/lang/Object;)I @ 65

Classes redefined (0 events):
No events

Internal exceptions (10 events):
Event: 4.601 Thread 0x0000000002502800 Exception <a 'java/lang/NoSuchMethodError': java.lang.Object.lambda$static$14()Lorg/jetbrains/kotlin/com/intellij/lang/ASTNode;> (0x0000000782440c58) thrown at [C:\src\AOSP-openjdk-git\hotspot\src\share\vm\interpreter\linkResolver.cpp, line 620]
Event: 4.601 Thread 0x0000000002502800 Exception <a 'java/lang/NoSuchMethodError': java.lang.Object.lambda$static$15()Lorg/jetbrains/kotlin/com/intellij/lang/ASTNode;> (0x0000000782443bf0) thrown at [C:\src\AOSP-openjdk-git\hotspot\src\share\vm\interpreter\linkResolver.cpp, line 620]
Event: 4.602 Thread 0x0000000002502800 Exception <a 'java/lang/NoSuchMethodError': java.lang.Object.lambda$static$16()Lorg/jetbrains/kotlin/com/intellij/lang/ASTNode;> (0x0000000782446bd8) thrown at [C:\src\AOSP-openjdk-git\hotspot\src\share\vm\interpreter\linkResolver.cpp, line 620]
Event: 4.602 Thread 0x0000000002502800 Exception <a 'java/lang/NoSuchMethodError': java.lang.Object.lambda$static$17()Lorg/jetbrains/kotlin/com/intellij/lang/ASTNode;> (0x0000000782449bc8) thrown at [C:\src\AOSP-openjdk-git\hotspot\src\share\vm\interpreter\linkResolver.cpp, line 620]
Event: 4.602 Thread 0x0000000002502800 Exception <a 'java/lang/NoSuchMethodError': java.lang.Object.lambda$static$18()Lorg/jetbrains/kotlin/com/intellij/lang/ASTNode;> (0x000000078244cbb8) thrown at [C:\src\AOSP-openjdk-git\hotspot\src\share\vm\interpreter\linkResolver.cpp, line 620]
Event: 4.603 Thread 0x0000000002502800 Exception <a 'java/lang/NoSuchMethodError': java.lang.Object.lambda$static$19()Lorg/jetbrains/kotlin/com/intellij/lang/ASTNode;> (0x000000078244fb98) thrown at [C:\src\AOSP-openjdk-git\hotspot\src\share\vm\interpreter\linkResolver.cpp, line 620]
Event: 4.603 Thread 0x0000000002502800 Exception <a 'java/lang/NoSuchMethodError': java.lang.Object.lambda$static$20()Lorg/jetbrains/kotlin/com/intellij/lang/ASTNode;> (0x0000000782452b30) thrown at [C:\src\AOSP-openjdk-git\hotspot\src\share\vm\interpreter\linkResolver.cpp, line 620]
Event: 4.603 Thread 0x0000000002502800 Exception <a 'java/lang/NoSuchMethodError': java.lang.Object.lambda$static$21()Lorg/jetbrains/kotlin/com/intellij/lang/ASTNode;> (0x0000000782455b28) thrown at [C:\src\AOSP-openjdk-git\hotspot\src\share\vm\interpreter\linkResolver.cpp, line 620]
Event: 4.603 Thread 0x0000000002502800 Exception <a 'java/lang/NoSuchMethodError': java.lang.Object.lambda$static$22()Lorg/jetbrains/kotlin/com/intellij/lang/ASTNode;> (0x0000000782458b18) thrown at [C:\src\AOSP-openjdk-git\hotspot\src\share\vm\interpreter\linkResolver.cpp, line 620]
Event: 4.605 Thread 0x0000000002502800 Exception <a 'java/lang/NoSuchMethodError': java.lang.Object.lambda$static$23()Lorg/jetbrains/kotlin/com/intellij/lang/ASTNode;> (0x000000078245bb18) thrown at [C:\src\AOSP-openjdk-git\hotspot\src\share\vm\interpreter\linkResolver.cpp, line 620]

Events (10 events):
Event: 4.602 loading class org/jetbrains/kotlin/com/intellij/lang/ASTNode
Event: 4.602 loading class org/jetbrains/kotlin/com/intellij/lang/ASTNode done
Event: 4.603 loading class org/jetbrains/kotlin/com/intellij/lang/ASTNode
Event: 4.603 loading class org/jetbrains/kotlin/com/intellij/lang/ASTNode done
Event: 4.603 loading class org/jetbrains/kotlin/com/intellij/lang/ASTNode
Event: 4.603 loading class org/jetbrains/kotlin/com/intellij/lang/ASTNode done
Event: 4.603 loading class org/jetbrains/kotlin/com/intellij/lang/ASTNode
Event: 4.603 loading class org/jetbrains/kotlin/com/intellij/lang/ASTNode done
Event: 4.605 loading class org/jetbrains/kotlin/com/intellij/lang/ASTNode
Event: 4.605 loading class org/jetbrains/kotlin/com/intellij/lang/ASTNode done


Dynamic libraries:
0x00007ff73b950000 - 0x00007ff73b981000 	C:\Program Files\Android\Android Studio\jre\jre\bin\java.exe
0x00007ffda9a30000 - 0x00007ffda9c25000 	C:\Windows\SYSTEM32\ntdll.dll
0x00007ffda8d10000 - 0x00007ffda8dce000 	C:\Windows\System32\KERNEL32.DLL
0x00007ffda7310000 - 0x00007ffda75d8000 	C:\Windows\System32\KERNELBASE.dll
0x00007ffda85b0000 - 0x00007ffda865c000 	C:\Windows\System32\ADVAPI32.dll
0x00007ffda8a00000 - 0x00007ffda8a9e000 	C:\Windows\System32\msvcrt.dll
0x00007ffda9880000 - 0x00007ffda991b000 	C:\Windows\System32\sechost.dll
0x00007ffda8be0000 - 0x00007ffda8d0a000 	C:\Windows\System32\RPCRT4.dll
0x00007ffda87f0000 - 0x00007ffda8991000 	C:\Windows\System32\USER32.dll
0x00007ffda7740000 - 0x00007ffda7762000 	C:\Windows\System32\win32u.dll
0x00007ffda7f00000 - 0x00007ffda7f2b000 	C:\Windows\System32\GDI32.dll
0x00007ffda7200000 - 0x00007ffda730b000 	C:\Windows\System32\gdi32full.dll
0x00007ffda79b0000 - 0x00007ffda7a4d000 	C:\Windows\System32\msvcp_win.dll
0x00007ffda77c0000 - 0x00007ffda78c0000 	C:\Windows\System32\ucrtbase.dll
0x00007ffd90f10000 - 0x00007ffd911aa000 	C:\Windows\WinSxS\amd64_microsoft.windows.common-controls_6595b64144ccf1df_6.0.19041.1110_none_60b5254171f9507e\COMCTL32.dll
0x00007ffda8500000 - 0x00007ffda8530000 	C:\Windows\System32\IMM32.DLL
0x000000005df70000 - 0x000000005e042000 	C:\Program Files\Android\Android Studio\jre\jre\bin\msvcr100.dll
0x000000005d1b0000 - 0x000000005d9fb000 	C:\Program Files\Android\Android Studio\jre\jre\bin\server\jvm.dll
0x00007ffda9790000 - 0x00007ffda9798000 	C:\Windows\System32\PSAPI.DLL
0x00007ffda2a80000 - 0x00007ffda2a89000 	C:\Windows\SYSTEM32\WSOCK32.dll
0x00007ffd9c7f0000 - 0x00007ffd9c7fa000 	C:\Windows\SYSTEM32\VERSION.dll
0x00007ffda9920000 - 0x00007ffda998b000 	C:\Windows\System32\WS2_32.dll
0x00007ffd91360000 - 0x00007ffd91387000 	C:\Windows\SYSTEM32\WINMM.dll
0x00007ffd9c2e0000 - 0x00007ffd9c2ef000 	C:\Program Files\Android\Android Studio\jre\jre\bin\verify.dll
0x00007ffd84a80000 - 0x00007ffd84aa9000 	C:\Program Files\Android\Android Studio\jre\jre\bin\java.dll
0x00007ffd89150000 - 0x00007ffd89166000 	C:\Program Files\Android\Android Studio\jre\jre\bin\zip.dll
0x00007ffda9050000 - 0x00007ffda978f000 	C:\Windows\System32\SHELL32.dll
0x00007ffda5250000 - 0x00007ffda59e0000 	C:\Windows\SYSTEM32\windows.storage.dll
0x00007ffda80b0000 - 0x00007ffda8405000 	C:\Windows\System32\combase.dll
0x00007ffda6ba0000 - 0x00007ffda6bce000 	C:\Windows\SYSTEM32\Wldp.dll
0x00007ffda8df0000 - 0x00007ffda8e9d000 	C:\Windows\System32\SHCORE.dll
0x00007ffda8410000 - 0x00007ffda8465000 	C:\Windows\System32\shlwapi.dll
0x00007ffda7090000 - 0x00007ffda70af000 	C:\Windows\SYSTEM32\profapi.dll
0x00007ffd803e0000 - 0x00007ffd803fa000 	C:\Program Files\Android\Android Studio\jre\jre\bin\net.dll
0x00007ffda6900000 - 0x00007ffda696a000 	C:\Windows\system32\mswsock.dll
0x00007ffd803c0000 - 0x00007ffd803d3000 	C:\Program Files\Android\Android Studio\jre\jre\bin\nio.dll

VM Arguments:
java_command: org.jetbrains.kotlin.cli.jvm.K2JVMCompiler @D:\Code\Projects\Plasmahero-mobile\client\app\build\20211205_6504093534676935470.compiler.options
java_class_path (initial): C:\Users\Lenovo\.gradle\caches\modules-2\files-2.1\org.jetbrains.kotlin\kotlin-compiler-embeddable\1.4.32\b4fc9be460ca88eecea2303e142ce2920bd14775\kotlin-compiler-embeddable-1.4.32.jar;C:\Users\Lenovo\.gradle\caches\modules-2\files-2.1\org.jetbrains.kotlin\kotlin-reflect\1.4.32\ce852b166d97f0f1991b5130c2bb02e2ef6c554e\kotlin-reflect-1.4.32.jar;C:\Users\Lenovo\.gradle\caches\modules-2\files-2.1\org.jetbrains.kotlin\kotlin-stdlib\1.4.32\461367948840adbb0839c51d91ed74ef4a9ccb52\kotlin-stdlib-1.4.32.jar;C:\Users\Lenovo\.gradle\caches\modules-2\files-2.1\org.jetbrains.kotlin\kotlin-script-runtime\1.4.32\bac50b0748be017dbc13fc1cb7231b1c9da0e106\kotlin-script-runtime-1.4.32.jar;C:\Users\Lenovo\.gradle\caches\modules-2\files-2.1\org.jetbrains.kotlin\kotlin-daemon-embeddable\1.4.32\b40c5de5adea26ebb4e5fc36945c482ac20acee2\kotlin-daemon-embeddable-1.4.32.jar;C:\Users\Lenovo\.gradle\caches\modules-2\files-2.1\org.jetbrains.intellij.deps\trove4j\1.0.20181211\216c2e14b070f334479d800987affe4054cd563f\trove4j-1.0.20181211.jar;C:\Users\Lenovo\.gradle\caches\modules-2\files-2.1\org.jetbrains.kotlin\kotlin-stdlib-common\1.4.32\ef50bfa2c0491a11dcc35d9822edbfd6170e1ea2\kotlin-stdlib-common-1.4.32.jar;C:\Users\Lenovo\.gradle\caches\modules-2\files-2.1\org.jetbrains\annotations\13.0\919f0dfe192fb4e063e7dacadee7f8bb9a2672a9\annotations-13.0.jar;C:\Program Files\Android\Android Studio\jre\lib\tools.jar
Launcher Type: SUN_STANDARD

Environment Variables:
JAVA_HOME=C:\Program Files\Java\jdk-17.0.1
PATH=C:\Program Files\ImageMagick-7.0.11-Q16-HDRI;C:\Program Files (x86)\VMware\VMware Player\bin\;C:\Windows\system32;C:\Windows;C:\Windows\System32\Wbem;C:\Windows\System32\WindowsPowerShell\v1.0\;C:\Windows\System32\OpenSSH\;C:\Program Files (x86)\NVIDIA Corporation\PhysX\Common;C:\Program Files\NVIDIA Corporation\NVIDIA NvDLISR;C:\src\flutter\bin;C:\Program Files\Git\cmd;C:\xampp\php;C:\ProgramData\ComposerSetup\bin;C:\Program Files\nodejs\;C:\Program Files\MongoDB\Server\4.4\bin;C:\MinGW\bin;C:\Program Files\dotnet\;C:\xampp\apache\bin;C:\Program Files\ImageMagick-7.0.11-Q16-HDRI;C:\Program Files\Docker\Docker\resources\bin;C:\ProgramData\DockerDesktop\version-bin;C:\Program Files\Java\jdk-17.0.1\bin;C:\Program Files\Microsoft SQL Server\150\Tools\Binn\;C:\Program Files\Microsoft SQL Server\Client SDK\ODBC\170\Tools\Binn\;C:\Program Files\PuTTY\;C:\Users\Lenovo\AppData\Local\Programs\Python\Python39\Scripts\;C:\Users\Lenovo\AppData\Local\Programs\Python\Python39\;C:\Users\Lenovo\AppData\Local\Microsoft\WindowsApps;;C:\Users\Lenovo\AppData\Local\Programs\Microsoft VS Code\bin;C:\Users\Lenovo\AppData\Roaming\Composer\vendor\bin;C:\Program Files\heroku\bin;C:\Users\Lenovo\AppData\Roaming\npm;C:\Users\Lenovo\.dotnet\tools
USERNAME=Lenovo
OS=Windows_NT
PROCESSOR_IDENTIFIER=Intel64 Family 6 Model 142 Stepping 11, GenuineIntel



---------------  S Y S T E M  ---------------

OS: Windows 10.0 , 64 bit Build 19041 (10.0.19041.1348)

CPU:total 8 (initial active 8) (4 cores per cpu, 2 threads per core) family 6 model 142 stepping 11, cmov, cx8, fxsr, mmx, sse, sse2, sse3, ssse3, sse4.1, sse4.2, popcnt, avx, avx2, aes, clmul, erms, 3dnowpref, lzcnt, ht, tsc, tscinvbit, bmi1, bmi2, adx

Memory: 4k page, physical 12392180k(1677388k free), swap 12392180k(5340k free)

vm_info: OpenJDK 64-Bit Server VM (25.242-b01) for windows-amd64 JRE (1.8.0_242-release-1644-b01), built by "builder" with MS VC++ 10.0 (VS2010)

time: Sun Dec 05 09:14:11 2021
timezone: SE Asia Standard Time
elapsed time: 4 seconds (0d 0h 0m 4s)

