#
# There is insufficient memory for the Java Runtime Environment to continue.
# Native memory allocation (malloc) failed to allocate 125776 bytes for Chunk::new
# Possible reasons:
#   The system is out of physical RAM or swap space
#   The process is running with CompressedOops enabled, and the Java Heap may be blocking the growth of the native heap
# Possible solutions:
#   Reduce memory load on the system
#   Increase physical memory or swap space
#   Check if swap backing store is full
#   Decrease Java heap size (-Xmx/-Xms)
#   Decrease number of Java threads
#   Decrease Java thread stack sizes (-Xss)
#   Set larger code cache with -XX:ReservedCodeCacheSize=
#   JVM is running with Unscaled Compressed Oops mode in which the Java heap is
#     placed in the first 4GB address space. The Java Heap base address is the
#     maximum limit for the native heap growth. Please use -XX:HeapBaseMinAddress
#     to set the Java Heap base and to place the Java Heap above 4GB virtual address.
# This output file may be truncated or incomplete.
#
#  Out of Memory Error (allocation.cpp:389), pid=18676, tid=0x0000000000002c0c
#
# JRE version: OpenJDK Runtime Environment (8.0_242-b01) (build 1.8.0_242-release-1644-b01)
# Java VM: OpenJDK 64-Bit Server VM (25.242-b01 mixed mode windows-amd64 compressed oops)
# Failed to write core dump. Minidumps are not enabled by default on client versions of Windows
#

---------------  T H R E A D  ---------------

Current thread (0x00000000197a1800):  JavaThread "C2 CompilerThread0" daemon [_thread_in_native, id=11276, stack(0x000000001a070000,0x000000001a170000)]

Stack: [0x000000001a070000,0x000000001a170000]
[error occurred during error reporting (printing stack bounds), id 0xc0000005]

Native frames: (J=compiled Java code, j=interpreted, Vv=VM code, C=native code)


Current CompileTask:
C2:  24489 9100   !   4       org.gradle.cache.internal.LockOnDemandCrossProcessCacheAccess::incrementLockCount (193 bytes)


---------------  P R O C E S S  ---------------

Java Threads: ( => current thread )
  0x000000001b367800 JavaThread "RMI TCP Connection(1)-127.0.0.1" daemon [_thread_in_native, id=18316, stack(0x00000000300d0000,0x00000000301d0000)]
  0x000000001b360000 JavaThread "RMI Reaper" [_thread_blocked, id=19248, stack(0x000000002ffd0000,0x00000000300d0000)]
  0x0000000023158800 JavaThread "RMI TCP Accept-0" daemon [_thread_in_native, id=18560, stack(0x000000002fed0000,0x000000002ffd0000)]
  0x0000000023157800 JavaThread "GC Daemon" daemon [_thread_blocked, id=10676, stack(0x000000002fdd0000,0x000000002fed0000)]
  0x000000002315e800 JavaThread "RMI RenewClean-[127.0.0.1:17240,org.jetbrains.kotlin.daemon.common.LoopbackNetworkInterface$ClientLoopbackSocketFactory@4541da48]" daemon [_thread_blocked, id=2080, stack(0x000000002fcd0000,0x000000002fdd0000)]
  0x0000000023157000 JavaThread "RMI Scheduler(0)" daemon [_thread_blocked, id=6748, stack(0x000000002f2b0000,0x000000002f3b0000)]
  0x000000002315b800 JavaThread "Cache worker for execution history cache (D:\Code\Projects\Plasmahero-mobile\client\.gradle\6.5\executionHistory)" [_thread_blocked, id=11892, stack(0x000000002f3d0000,0x000000002f4d0000)]
  0x0000000023159000 JavaThread "Execution worker for ':' Thread 7" [_thread_blocked, id=12952, stack(0x000000002f1b0000,0x000000002f2b0000)]
  0x000000002315a800 JavaThread "Execution worker for ':' Thread 6" [_thread_blocked, id=4520, stack(0x000000002f0b0000,0x000000002f1b0000)]
  0x000000002315c000 JavaThread "Execution worker for ':' Thread 5" [_thread_blocked, id=13240, stack(0x000000002efb0000,0x000000002f0b0000)]
  0x000000002315a000 JavaThread "Execution worker for ':' Thread 4" [_thread_blocked, id=16664, stack(0x000000002eeb0000,0x000000002efb0000)]
  0x000000002314f000 JavaThread "Execution worker for ':' Thread 3" [_thread_blocked, id=14980, stack(0x000000002edb0000,0x000000002eeb0000)]
  0x0000000023156000 JavaThread "Execution worker for ':' Thread 2" [_thread_blocked, id=17712, stack(0x000000002ecb0000,0x000000002edb0000)]
  0x0000000023155800 JavaThread "Execution worker for ':'" [_thread_in_Java, id=18140, stack(0x000000002ebb0000,0x000000002ecb0000)]
  0x0000000023153800 JavaThread "Cache worker for file content cache (D:\Code\Projects\Plasmahero-mobile\client\.gradle\6.5\fileContent)" [_thread_blocked, id=15756, stack(0x000000002e4b0000,0x000000002e5b0000)]
  0x0000000023154800 JavaThread "Memory manager" [_thread_blocked, id=4968, stack(0x000000002e3b0000,0x000000002e4b0000)]
  0x0000000023150800 JavaThread "Cache worker for Build Output Cleanup Cache (D:\Code\Projects\Plasmahero-mobile\client\.gradle\buildOutputCleanup)" [_thread_blocked, id=5124, stack(0x0000000028310000,0x0000000028410000)]
  0x0000000023151800 JavaThread "jar transforms Thread 116" [_thread_blocked, id=11804, stack(0x000000002c090000,0x000000002c190000)]
  0x0000000023150000 JavaThread "jar transforms Thread 115" [_thread_blocked, id=21396, stack(0x000000002bf90000,0x000000002c090000)]
  0x000000002006c000 JavaThread "jar transforms Thread 114" [_thread_blocked, id=21116, stack(0x000000002be90000,0x000000002bf90000)]
  0x000000002006a000 JavaThread "jar transforms Thread 113" [_thread_blocked, id=7312, stack(0x000000002bd90000,0x000000002be90000)]
  0x0000000020071000 JavaThread "jar transforms Thread 112" [_thread_blocked, id=2244, stack(0x000000002bc90000,0x000000002bd90000)]
  0x000000002006b800 JavaThread "jar transforms Thread 111" [_thread_blocked, id=16248, stack(0x000000002bb90000,0x000000002bc90000)]
  0x000000002006f000 JavaThread "jar transforms Thread 110" [_thread_blocked, id=3608, stack(0x000000002ba90000,0x000000002bb90000)]
  0x0000000020070000 JavaThread "jar transforms Thread 109" [_thread_blocked, id=16468, stack(0x000000002b990000,0x000000002ba90000)]
  0x000000002006e800 JavaThread "jar transforms Thread 108" [_thread_blocked, id=14328, stack(0x000000002b890000,0x000000002b990000)]
  0x000000002006d800 JavaThread "jar transforms Thread 107" [_thread_blocked, id=11472, stack(0x000000002b790000,0x000000002b890000)]
  0x000000002006d000 JavaThread "jar transforms Thread 106" [_thread_blocked, id=15600, stack(0x000000002b690000,0x000000002b790000)]
  0x000000002006a800 JavaThread "jar transforms Thread 105" [_thread_blocked, id=14916, stack(0x000000002b490000,0x000000002b590000)]
  0x0000000020062800 JavaThread "jar transforms Thread 104" [_thread_blocked, id=11668, stack(0x000000002b390000,0x000000002b490000)]
  0x0000000020069000 JavaThread "jar transforms Thread 103" [_thread_blocked, id=12008, stack(0x000000002b290000,0x000000002b390000)]
  0x0000000020068800 JavaThread "jar transforms Thread 102" [_thread_blocked, id=16216, stack(0x000000002b190000,0x000000002b290000)]
  0x0000000020064000 JavaThread "jar transforms Thread 101" [_thread_blocked, id=20872, stack(0x000000002b090000,0x000000002b190000)]
  0x0000000020063000 JavaThread "jar transforms Thread 100" [_thread_blocked, id=9320, stack(0x000000002af90000,0x000000002b090000)]
  0x0000000020067800 JavaThread "jar transforms Thread 99" [_thread_blocked, id=12636, stack(0x000000002ae90000,0x000000002af90000)]
  0x0000000020067000 JavaThread "jar transforms Thread 98" [_thread_blocked, id=6596, stack(0x000000002ad90000,0x000000002ae90000)]
  0x0000000020065800 JavaThread "jar transforms Thread 97" [_thread_blocked, id=3572, stack(0x000000002ac90000,0x000000002ad90000)]
  0x0000000020066000 JavaThread "jar transforms Thread 96" [_thread_blocked, id=18704, stack(0x000000002ab90000,0x000000002ac90000)]
  0x0000000020064800 JavaThread "jar transforms Thread 95" [_thread_blocked, id=11024, stack(0x000000002aa90000,0x000000002ab90000)]
  0x0000000020061800 JavaThread "jar transforms Thread 94" [_thread_blocked, id=9524, stack(0x000000002a990000,0x000000002aa90000)]
  0x0000000020001000 JavaThread "jar transforms Thread 93" [_thread_blocked, id=16176, stack(0x000000002a890000,0x000000002a990000)]
  0x0000000020003800 JavaThread "jar transforms Thread 92" [_thread_blocked, id=7524, stack(0x000000002a790000,0x000000002a890000)]
  0x000000001ffff800 JavaThread "jar transforms Thread 91" [_thread_blocked, id=12888, stack(0x000000002a690000,0x000000002a790000)]
  0x000000001ffff000 JavaThread "jar transforms Thread 90" [_thread_blocked, id=16236, stack(0x000000002a590000,0x000000002a690000)]
  0x0000000020002800 JavaThread "jar transforms Thread 89" [_thread_blocked, id=21108, stack(0x000000002a490000,0x000000002a590000)]
  0x0000000020000800 JavaThread "jar transforms Thread 88" [_thread_blocked, id=5744, stack(0x000000002a390000,0x000000002a490000)]
  0x000000001fffe000 JavaThread "jar transforms Thread 87" [_thread_blocked, id=15928, stack(0x000000002a290000,0x000000002a390000)]
  0x0000000020002000 JavaThread "jar transforms Thread 86" [_thread_blocked, id=3884, stack(0x000000002a190000,0x000000002a290000)]
  0x000000001fff6800 JavaThread "jar transforms Thread 85" [_thread_blocked, id=14572, stack(0x000000002a090000,0x000000002a190000)]
  0x000000001fffd800 JavaThread "jar transforms Thread 84" [_thread_blocked, id=8600, stack(0x0000000029f90000,0x000000002a090000)]
  0x000000001fff9000 JavaThread "jar transforms Thread 83" [_thread_blocked, id=7432, stack(0x0000000029e90000,0x0000000029f90000)]
  0x000000001fffc800 JavaThread "jar transforms Thread 82" [_thread_blocked, id=14364, stack(0x0000000029d90000,0x0000000029e90000)]
  0x000000001fffb000 JavaThread "jar transforms Thread 81" [_thread_blocked, id=20348, stack(0x0000000029c90000,0x0000000029d90000)]
  0x000000001fffc000 JavaThread "jar transforms Thread 80" [_thread_blocked, id=2396, stack(0x0000000029b90000,0x0000000029c90000)]
  0x000000001fff7800 JavaThread "jar transforms Thread 79" [_thread_blocked, id=19448, stack(0x0000000029a90000,0x0000000029b90000)]
  0x000000001fff8000 JavaThread "jar transforms Thread 78" [_thread_blocked, id=516, stack(0x0000000029990000,0x0000000029a90000)]
  0x000000001fff5000 JavaThread "jar transforms Thread 77" [_thread_blocked, id=17168, stack(0x0000000029890000,0x0000000029990000)]
  0x000000001fff4800 JavaThread "jar transforms Thread 76" [_thread_blocked, id=4476, stack(0x0000000029790000,0x0000000029890000)]
  0x000000001fffa800 JavaThread "jar transforms Thread 75" [_thread_blocked, id=14532, stack(0x0000000029690000,0x0000000029790000)]
  0x000000001fff9800 JavaThread "jar transforms Thread 74" [_thread_blocked, id=10784, stack(0x0000000029590000,0x0000000029690000)]
  0x000000001fff6000 JavaThread "jar transforms Thread 73" [_thread_blocked, id=15820, stack(0x0000000029490000,0x0000000029590000)]
  0x000000002316a800 JavaThread "jar transforms Thread 72" [_thread_blocked, id=10060, stack(0x0000000029390000,0x0000000029490000)]
  0x000000002316e800 JavaThread "jar transforms Thread 71" [_thread_blocked, id=15276, stack(0x0000000029290000,0x0000000029390000)]
  0x0000000023167000 JavaThread "jar transforms Thread 70" [_thread_blocked, id=19820, stack(0x0000000029190000,0x0000000029290000)]
  0x000000002316d800 JavaThread "jar transforms Thread 69" [_thread_blocked, id=2200, stack(0x0000000029090000,0x0000000029190000)]
  0x0000000023167800 JavaThread "jar transforms Thread 68" [_thread_blocked, id=9712, stack(0x0000000028f90000,0x0000000029090000)]
  0x0000000023169000 JavaThread "jar transforms Thread 67" [_thread_blocked, id=1988, stack(0x0000000028e90000,0x0000000028f90000)]
  0x0000000023168800 JavaThread "jar transforms Thread 66" [_thread_blocked, id=6420, stack(0x0000000028d90000,0x0000000028e90000)]
  0x000000002316b800 JavaThread "jar transforms Thread 65" [_thread_blocked, id=9988, stack(0x0000000028c90000,0x0000000028d90000)]
  0x000000002316c000 JavaThread "jar transforms Thread 64" [_thread_blocked, id=17364, stack(0x0000000028b90000,0x0000000028c90000)]
  0x000000002316a000 JavaThread "jar transforms Thread 63" [_thread_blocked, id=20188, stack(0x0000000028a90000,0x0000000028b90000)]
  0x000000002316d000 JavaThread "jar transforms Thread 62" [_thread_blocked, id=16652, stack(0x0000000028990000,0x0000000028a90000)]
  0x000000002315f000 JavaThread "jar transforms Thread 61" [_thread_blocked, id=7308, stack(0x0000000028890000,0x0000000028990000)]
  0x0000000023160800 JavaThread "jar transforms Thread 60" [_thread_blocked, id=17524, stack(0x0000000028790000,0x0000000028890000)]
  0x0000000023163000 JavaThread "jar transforms Thread 59" [_thread_blocked, id=18024, stack(0x0000000028690000,0x0000000028790000)]
  0x0000000023166000 JavaThread "jar transforms Thread 58" [_thread_blocked, id=13124, stack(0x0000000028590000,0x0000000028690000)]
  0x0000000023162000 JavaThread "jar transforms Thread 57" [_thread_blocked, id=7520, stack(0x0000000028490000,0x0000000028590000)]
  0x0000000023165800 JavaThread "jar transforms Thread 56" [_thread_blocked, id=2464, stack(0x00000000249e0000,0x0000000024ae0000)]
  0x0000000023164800 JavaThread "jar transforms Thread 55" [_thread_blocked, id=8836, stack(0x0000000028210000,0x0000000028310000)]
  0x0000000023164000 JavaThread "jar transforms Thread 54" [_thread_blocked, id=1244, stack(0x0000000028110000,0x0000000028210000)]
  0x0000000023161800 JavaThread "jar transforms Thread 53" [_thread_blocked, id=16292, stack(0x0000000028010000,0x0000000028110000)]
  0x0000000023160000 JavaThread "jar transforms Thread 52" [_thread_blocked, id=472, stack(0x0000000027f10000,0x0000000028010000)]
  0x000000001fd90800 JavaThread "jar transforms Thread 51" [_thread_blocked, id=9196, stack(0x0000000027e10000,0x0000000027f10000)]
  0x000000001fd8f000 JavaThread "jar transforms Thread 50" [_thread_blocked, id=15580, stack(0x0000000027d10000,0x0000000027e10000)]
  0x000000001fd8c800 JavaThread "jar transforms Thread 49" [_thread_blocked, id=14624, stack(0x0000000027c10000,0x0000000027d10000)]
  0x000000001fd8e000 JavaThread "jar transforms Thread 48" [_thread_blocked, id=3016, stack(0x0000000027b10000,0x0000000027c10000)]
  0x000000001fd91000 JavaThread "jar transforms Thread 47" [_thread_blocked, id=19900, stack(0x0000000027a10000,0x0000000027b10000)]
  0x000000001fd8d800 JavaThread "jar transforms Thread 46" [_thread_blocked, id=3968, stack(0x0000000027910000,0x0000000027a10000)]
  0x000000001fd8f800 JavaThread "jar transforms Thread 45" [_thread_blocked, id=17988, stack(0x0000000027810000,0x0000000027910000)]
  0x000000001fd85000 JavaThread "jar transforms Thread 44" [_thread_blocked, id=8588, stack(0x0000000027710000,0x0000000027810000)]
  0x000000001fd8c000 JavaThread "jar transforms Thread 43" [_thread_blocked, id=2448, stack(0x0000000027610000,0x0000000027710000)]
  0x000000001fd8b000 JavaThread "jar transforms Thread 42" [_thread_blocked, id=7584, stack(0x0000000027510000,0x0000000027610000)]
  0x000000001fd83800 JavaThread "jar transforms Thread 41" [_thread_blocked, id=1664, stack(0x0000000027410000,0x0000000027510000)]
  0x000000001fd8a800 JavaThread "jar transforms Thread 40" [_thread_blocked, id=20288, stack(0x0000000027310000,0x0000000027410000)]
  0x000000001fd83000 JavaThread "jar transforms Thread 39" [_thread_blocked, id=15020, stack(0x0000000027210000,0x0000000027310000)]
  0x000000001fd87800 JavaThread "jar transforms Thread 38" [_thread_blocked, id=4128, stack(0x0000000027110000,0x0000000027210000)]
  0x000000001fd89800 JavaThread "jar transforms Thread 37" [_thread_blocked, id=7504, stack(0x0000000027010000,0x0000000027110000)]
  0x000000001fd86000 JavaThread "jar transforms Thread 36" [_thread_blocked, id=5132, stack(0x0000000026f10000,0x0000000027010000)]
  0x000000001fd82000 JavaThread "jar transforms Thread 35" [_thread_blocked, id=17380, stack(0x0000000026e10000,0x0000000026f10000)]
  0x000000001fd86800 JavaThread "jar transforms Thread 34" [_thread_blocked, id=18808, stack(0x0000000026d10000,0x0000000026e10000)]
  0x000000001fd88000 JavaThread "jar transforms Thread 33" [_thread_blocked, id=17720, stack(0x0000000026c10000,0x0000000026d10000)]
  0x000000001fd89000 JavaThread "jar transforms Thread 32" [_thread_blocked, id=8100, stack(0x0000000026b10000,0x0000000026c10000)]
  0x000000001fd84800 JavaThread "jar transforms Thread 31" [_thread_blocked, id=6876, stack(0x0000000026a10000,0x0000000026b10000)]
  0x000000001c8ae000 JavaThread "jar transforms Thread 30" [_thread_blocked, id=2204, stack(0x0000000026910000,0x0000000026a10000)]
  0x000000001c8ac000 JavaThread "jar transforms Thread 29" [_thread_blocked, id=17000, stack(0x0000000026810000,0x0000000026910000)]
  0x000000001c8ab000 JavaThread "jar transforms Thread 28" [_thread_blocked, id=4460, stack(0x0000000026710000,0x0000000026810000)]
  0x000000001c8aa800 JavaThread "jar transforms Thread 27" [_thread_blocked, id=1812, stack(0x0000000026610000,0x0000000026710000)]
  0x000000001c8b0800 JavaThread "jar transforms Thread 26" [_thread_blocked, id=3584, stack(0x0000000026510000,0x0000000026610000)]
  0x000000001c8af000 JavaThread "jar transforms Thread 25" [_thread_blocked, id=19472, stack(0x0000000026410000,0x0000000026510000)]
  0x000000001c8af800 JavaThread "jar transforms Thread 24" [_thread_blocked, id=17660, stack(0x0000000026310000,0x0000000026410000)]
  0x000000001c8ad800 JavaThread "jar transforms Thread 23" [_thread_blocked, id=17336, stack(0x0000000026210000,0x0000000026310000)]
  0x000000001c8ac800 JavaThread "jar transforms Thread 22" [_thread_blocked, id=13264, stack(0x0000000026110000,0x0000000026210000)]
  0x000000001c8a3000 JavaThread "jar transforms Thread 21" [_thread_blocked, id=14432, stack(0x0000000026010000,0x0000000026110000)]
  0x000000001c8a9800 JavaThread "jar transforms Thread 20" [_thread_blocked, id=2168, stack(0x0000000025f10000,0x0000000026010000)]
  0x000000001c8a2000 JavaThread "jar transforms Thread 19" [_thread_blocked, id=3920, stack(0x0000000025e10000,0x0000000025f10000)]
  0x000000001c8a7800 JavaThread "jar transforms Thread 18" [_thread_blocked, id=10256, stack(0x0000000025d10000,0x0000000025e10000)]
  0x000000001c8a5000 JavaThread "jar transforms Thread 17" [_thread_blocked, id=20952, stack(0x0000000025c10000,0x0000000025d10000)]
  0x000000001c8a6800 JavaThread "jar transforms Thread 16" [_thread_blocked, id=21204, stack(0x0000000025b10000,0x0000000025c10000)]
  0x000000001c8a4800 JavaThread "jar transforms Thread 15" [_thread_blocked, id=5084, stack(0x0000000025a10000,0x0000000025b10000)]
  0x000000001c8a3800 JavaThread "jar transforms Thread 14" [_thread_blocked, id=13708, stack(0x0000000025910000,0x0000000025a10000)]
  0x000000001c8a6000 JavaThread "jar transforms Thread 13" [_thread_blocked, id=5336, stack(0x0000000025810000,0x0000000025910000)]
  0x000000001c8a9000 JavaThread "jar transforms Thread 12" [_thread_blocked, id=12408, stack(0x0000000025710000,0x0000000025810000)]
  0x000000001c8a1800 JavaThread "jar transforms Thread 11" [_thread_blocked, id=13928, stack(0x0000000025610000,0x0000000025710000)]
  0x000000001c8a8000 JavaThread "jar transforms Thread 10" [_thread_blocked, id=9784, stack(0x0000000025510000,0x0000000025610000)]
  0x000000001f7ec000 JavaThread "jar transforms Thread 9" [_thread_blocked, id=16608, stack(0x0000000025410000,0x0000000025510000)]
  0x000000001f7eb000 JavaThread "jar transforms Thread 8" [_thread_blocked, id=5456, stack(0x0000000025310000,0x0000000025410000)]
  0x000000001f7ec800 JavaThread "jar transforms Thread 7" [_thread_blocked, id=13648, stack(0x0000000025210000,0x0000000025310000)]
  0x000000001f7ea800 JavaThread "jar transforms Thread 6" [_thread_blocked, id=17936, stack(0x0000000025110000,0x0000000025210000)]
  0x000000001f7e6800 JavaThread "jar transforms Thread 5" [_thread_blocked, id=6248, stack(0x0000000025010000,0x0000000025110000)]
  0x000000001f7e9800 JavaThread "jar transforms Thread 4" [_thread_blocked, id=18972, stack(0x0000000024f10000,0x0000000025010000)]
  0x000000001f7e8000 JavaThread "jar transforms Thread 3" [_thread_blocked, id=5508, stack(0x0000000024e10000,0x0000000024f10000)]
  0x000000001f7e7800 JavaThread "jar transforms Thread 2" [_thread_blocked, id=10444, stack(0x0000000024d10000,0x0000000024e10000)]
  0x000000001f7e9000 JavaThread "Build operations Thread 8" [_thread_blocked, id=10596, stack(0x00000000248e0000,0x00000000249e0000)]
  0x000000001f7df000 JavaThread "Build operations Thread 7" [_thread_blocked, id=10920, stack(0x00000000247e0000,0x00000000248e0000)]
  0x000000001f7e6000 JavaThread "Build operations Thread 6" [_thread_blocked, id=17516, stack(0x00000000246e0000,0x00000000247e0000)]
  0x000000001f7e4800 JavaThread "Build operations Thread 5" [_thread_blocked, id=9944, stack(0x00000000245e0000,0x00000000246e0000)]
  0x000000001f7e3000 JavaThread "Build operations Thread 4" [_thread_blocked, id=15340, stack(0x00000000244e0000,0x00000000245e0000)]
  0x000000001f7de800 JavaThread "Build operations Thread 3" [_thread_blocked, id=3308, stack(0x00000000243e0000,0x00000000244e0000)]
  0x000000001f7e5000 JavaThread "Build operations Thread 2" [_thread_blocked, id=12000, stack(0x00000000242e0000,0x00000000243e0000)]
  0x000000001f7e3800 JavaThread "Build operations" [_thread_blocked, id=7628, stack(0x00000000241e0000,0x00000000242e0000)]
  0x000000001c253800 JavaThread "Cache worker for file content cache (C:\Users\Lenovo\.gradle\caches\6.5\fileContent)" [_thread_blocked, id=8912, stack(0x0000000022b10000,0x0000000022c10000)]
  0x000000001c24e000 JavaThread "jar transforms" [_thread_blocked, id=19732, stack(0x0000000022a10000,0x0000000022b10000)]
  0x000000001c252800 JavaThread "Cache worker for execution history cache (C:\Users\Lenovo\.gradle\caches\6.5\executionHistory)" [_thread_blocked, id=8228, stack(0x0000000022310000,0x0000000022410000)]
  0x000000001c251800 JavaThread "Cache worker for cache directory md-rule (C:\Users\Lenovo\.gradle\caches\6.5\md-rule)" [_thread_blocked, id=15948, stack(0x0000000022210000,0x0000000022310000)]
  0x000000001c251000 JavaThread "Cache worker for cache directory md-supplier (C:\Users\Lenovo\.gradle\caches\6.5\md-supplier)" [_thread_blocked, id=5640, stack(0x0000000022110000,0x0000000022210000)]
  0x000000001c250000 JavaThread "Cache worker for checksums cache (D:\Code\Projects\Plasmahero-mobile\client\.gradle\checksums)" [_thread_blocked, id=6984, stack(0x0000000020d80000,0x0000000020e80000)]
  0x000000001c24f800 JavaThread "Cache worker for file hash cache (D:\Code\Projects\Plasmahero-mobile\client\.gradle\6.5\fileHashes)" [_thread_blocked, id=9384, stack(0x000000001fa60000,0x000000001fb60000)]
  0x000000001c24e800 JavaThread "Cache worker for file hash cache (C:\Users\Lenovo\.gradle\caches\6.5\fileHashes)" [_thread_blocked, id=18752, stack(0x000000001e790000,0x000000001e890000)]
  0x000000001c254000 JavaThread "File lock request listener" [_thread_in_native, id=10860, stack(0x000000001e690000,0x000000001e790000)]
  0x000000001c1b7000 JavaThread "Cache worker for journal cache (C:\Users\Lenovo\.gradle\caches\journal-1)" [_thread_blocked, id=11364, stack(0x000000001e590000,0x000000001e690000)]
  0x000000001a818000 JavaThread "Thread-9" [_thread_blocked, id=9636, stack(0x000000001e290000,0x000000001e390000)]
  0x000000001a802800 JavaThread "Stdin handler" [_thread_blocked, id=19260, stack(0x000000001e190000,0x000000001e290000)]
  0x000000001a801800 JavaThread "Asynchronous log dispatcher for DefaultDaemonConnection: socket connection from /127.0.0.1:56850 to /127.0.0.1:56851" [_thread_blocked, id=17808, stack(0x000000001e090000,0x000000001e190000)]
  0x00000000198dc800 JavaThread "Daemon worker" [_thread_blocked, id=11484, stack(0x000000001df90000,0x000000001e090000)]
  0x00000000198dc000 JavaThread "Cancel handler" [_thread_blocked, id=1740, stack(0x000000001dd90000,0x000000001de90000)]
  0x000000001a70e000 JavaThread "Handler for socket connection from /127.0.0.1:56850 to /127.0.0.1:56851" [_thread_in_native, id=20332, stack(0x000000001da90000,0x000000001db90000)]
  0x000000001991c800 JavaThread "Daemon" [_thread_blocked, id=3276, stack(0x000000001d990000,0x000000001da90000)]
  0x000000001c194000 JavaThread "Daemon periodic checks" [_thread_blocked, id=2716, stack(0x000000001d890000,0x000000001d990000)]
  0x000000001c168000 JavaThread "Incoming local TCP Connector on port 56850" [_thread_in_native, id=11456, stack(0x000000001d650000,0x000000001d750000)]
  0x000000001c0f2000 JavaThread "Daemon health stats" [_thread_blocked, id=3892, stack(0x000000001d010000,0x000000001d110000)]
  0x00000000197ec000 JavaThread "Service Thread" daemon [_thread_blocked, id=3556, stack(0x000000001a470000,0x000000001a570000)]
  0x00000000197b4000 JavaThread "C1 CompilerThread3" daemon [_thread_blocked, id=10296, stack(0x000000001a370000,0x000000001a470000)]
  0x00000000197a9800 JavaThread "C2 CompilerThread2" daemon [_thread_blocked, id=14896, stack(0x000000001a270000,0x000000001a370000)]
  0x00000000197a6000 JavaThread "C2 CompilerThread1" daemon [_thread_blocked, id=15244, stack(0x000000001a170000,0x000000001a270000)]
=>0x00000000197a1800 JavaThread "C2 CompilerThread0" daemon [_thread_in_native, id=11276, stack(0x000000001a070000,0x000000001a170000)]
  0x00000000197a0800 JavaThread "Attach Listener" daemon [_thread_blocked, id=15448, stack(0x0000000019f70000,0x000000001a070000)]
  0x000000001979f000 JavaThread "Signal Dispatcher" daemon [_thread_blocked, id=2456, stack(0x0000000019e70000,0x0000000019f70000)]
  0x0000000019790800 JavaThread "Finalizer" daemon [_thread_blocked, id=20012, stack(0x0000000019c70000,0x0000000019d70000)]
  0x0000000002938000 JavaThread "Reference Handler" daemon [_thread_blocked, id=5760, stack(0x0000000019b70000,0x0000000019c70000)]
  0x0000000002842800 JavaThread "main" [_thread_blocked, id=13912, stack(0x0000000002740000,0x0000000002840000)]

Other Threads:
  0x00000000179a6800 VMThread [stack: 0x0000000019670000,0x0000000019770000] [id=12464]
  0x00000000197ed000 WatcherThread [stack: 0x000000001a570000,0x000000001a670000] [id=17908]

VM state:not at safepoint (normal execution)

VM Mutex/Monitor currently owned by a thread: None

heap address: 0x0000000080000000, size: 2048 MB, Compressed Oops mode: 32-bit
Narrow klass base: 0x0000000000000000, Narrow klass shift: 3
Compressed class space size: 1073741824 Address: 0x0000000100000000

Heap:
 PSYoungGen      total 324096K, used 180772K [0x00000000d5580000, 0x00000000ebe80000, 0x0000000100000000)
  eden space 302080K, 52% used [0x00000000d5580000,0x00000000df089c38,0x00000000e7c80000)
  from space 22016K, 99% used [0x00000000e9580000,0x00000000eaaff4f8,0x00000000eab00000)
  to   space 25600K, 0% used [0x00000000e7c80000,0x00000000e7c80000,0x00000000e9580000)
 ParOldGen       total 196096K, used 43117K [0x0000000080000000, 0x000000008bf80000, 0x00000000d5580000)
  object space 196096K, 21% used [0x0000000080000000,0x0000000082a1b7f0,0x000000008bf80000)
 Metaspace       used 73578K, capacity 77127K, committed 77464K, reserved 1120256K
  class space    used 10121K, capacity 10795K, committed 10912K, reserved 1048576K

Card table byte_map: [0x0000000011d00000,0x0000000012110000] byte_map_base: 0x0000000011900000

Marking Bits: (ParMarkBitMap*) 0x000000005ceaf030
 Begin Bits: [0x0000000012bc0000, 0x0000000014bc0000)
 End Bits:   [0x0000000014bc0000, 0x0000000016bc0000)

Polling page: 0x00000000025f0000

CodeCache: size=245760Kb used=25083Kb max_used=25083Kb free=220676Kb
 bounds [0x0000000002940000, 0x00000000041e0000, 0x0000000011940000]
 total_blobs=8878 nmethods=8053 adapters=737
 compilation: enabled

Compilation events (10 events):
Event: 24.481 Thread 0x00000000197b4000 nmethod 9094 0x000000000419b650 code [0x000000000419b7c0, 0x000000000419b9e8]
Event: 24.482 Thread 0x00000000197a9800 9097       4       java.util.stream.AbstractPipeline::wrapSink (37 bytes)
Event: 24.482 Thread 0x00000000197a1800 9096       4       java.util.stream.AbstractPipeline::sourceSpliterator (265 bytes)
Event: 24.482 Thread 0x00000000197a6000 9098       4       java.util.stream.AbstractPipeline::evaluate (94 bytes)
Event: 24.482 Thread 0x00000000197a9800 nmethod 9097 0x00000000041d1410 code [0x00000000041d1560, 0x00000000041d1658]
Event: 24.482 Thread 0x00000000197a9800 9099       4       java.util.stream.AbstractPipeline::copyInto (53 bytes)
Event: 24.483 Thread 0x00000000197a1800 nmethod 9096 0x00000000041d58d0 code [0x00000000041d5a00, 0x00000000041d5af8]
Event: 24.483 Thread 0x00000000197a6000 nmethod 9098 0x00000000041d0f10 code [0x00000000041d1060, 0x00000000041d11f8]
Event: 24.485 Thread 0x00000000197a1800 9100   !   4       org.gradle.cache.internal.LockOnDemandCrossProcessCacheAccess::incrementLockCount (193 bytes)
Event: 24.487 Thread 0x00000000197a9800 nmethod 9099 0x00000000041d70d0 code [0x00000000041d72a0, 0x00000000041d7778]

GC Heap History (10 events):
Event: 3.458 GC heap before
{Heap before GC invocations=9 (full 2):
 PSYoungGen      total 206336K, used 10123K [0x00000000d5580000, 0x00000000e8300000, 0x0000000100000000)
  eden space 193536K, 0% used [0x00000000d5580000,0x00000000d5580000,0x00000000e1280000)
  from space 12800K, 79% used [0x00000000e1280000,0x00000000e1c62c78,0x00000000e1f00000)
  to   space 13312K, 0% used [0x00000000e7600000,0x00000000e7600000,0x00000000e8300000)
 ParOldGen       total 73216K, used 7620K [0x0000000080000000, 0x0000000084780000, 0x00000000d5580000)
  object space 73216K, 10% used [0x0000000080000000,0x0000000080771048,0x0000000084780000)
 Metaspace       used 34261K, capacity 35412K, committed 35496K, reserved 1079296K
  class space    used 4719K, capacity 5001K, committed 5040K, reserved 1048576K
Event: 3.542 GC heap after
Heap after GC invocations=9 (full 2):
 PSYoungGen      total 206336K, used 0K [0x00000000d5580000, 0x00000000e8300000, 0x0000000100000000)
  eden space 193536K, 0% used [0x00000000d5580000,0x00000000d5580000,0x00000000e1280000)
  from space 12800K, 0% used [0x00000000e1280000,0x00000000e1280000,0x00000000e1f00000)
  to   space 13312K, 0% used [0x00000000e7600000,0x00000000e7600000,0x00000000e8300000)
 ParOldGen       total 121856K, used 16454K [0x0000000080000000, 0x0000000087700000, 0x00000000d5580000)
  object space 121856K, 13% used [0x0000000080000000,0x0000000081011a00,0x0000000087700000)
 Metaspace       used 34261K, capacity 35412K, committed 35496K, reserved 1079296K
  class space    used 4719K, capacity 5001K, committed 5040K, reserved 1048576K
}
Event: 4.453 GC heap before
{Heap before GC invocations=10 (full 2):
 PSYoungGen      total 206336K, used 193536K [0x00000000d5580000, 0x00000000e8300000, 0x0000000100000000)
  eden space 193536K, 100% used [0x00000000d5580000,0x00000000e1280000,0x00000000e1280000)
  from space 12800K, 0% used [0x00000000e1280000,0x00000000e1280000,0x00000000e1f00000)
  to   space 13312K, 0% used [0x00000000e7600000,0x00000000e7600000,0x00000000e8300000)
 ParOldGen       total 121856K, used 16454K [0x0000000080000000, 0x0000000087700000, 0x00000000d5580000)
  object space 121856K, 13% used [0x0000000080000000,0x0000000081011a00,0x0000000087700000)
 Metaspace       used 42929K, capacity 44746K, committed 44968K, reserved 1087488K
  class space    used 5844K, capacity 6225K, committed 6320K, reserved 1048576K
Event: 4.462 GC heap after
Heap after GC invocations=10 (full 2):
 PSYoungGen      total 270848K, used 13161K [0x00000000d5580000, 0x00000000e8300000, 0x0000000100000000)
  eden space 257536K, 0% used [0x00000000d5580000,0x00000000d5580000,0x00000000e5100000)
  from space 13312K, 98% used [0x00000000e7600000,0x00000000e82da458,0x00000000e8300000)
  to   space 14848K, 0% used [0x00000000e6600000,0x00000000e6600000,0x00000000e7480000)
 ParOldGen       total 121856K, used 16462K [0x0000000080000000, 0x0000000087700000, 0x00000000d5580000)
  object space 121856K, 13% used [0x0000000080000000,0x0000000081013a00,0x0000000087700000)
 Metaspace       used 42929K, capacity 44746K, committed 44968K, reserved 1087488K
  class space    used 5844K, capacity 6225K, committed 6320K, reserved 1048576K
}
Event: 5.863 GC heap before
{Heap before GC invocations=11 (full 2):
 PSYoungGen      total 270848K, used 206159K [0x00000000d5580000, 0x00000000e8300000, 0x0000000100000000)
  eden space 257536K, 74% used [0x00000000d5580000,0x00000000e11f9a38,0x00000000e5100000)
  from space 13312K, 98% used [0x00000000e7600000,0x00000000e82da458,0x00000000e8300000)
  to   space 14848K, 0% used [0x00000000e6600000,0x00000000e6600000,0x00000000e7480000)
 ParOldGen       total 121856K, used 16462K [0x0000000080000000, 0x0000000087700000, 0x00000000d5580000)
  object space 121856K, 13% used [0x0000000080000000,0x0000000081013a00,0x0000000087700000)
 Metaspace       used 56775K, capacity 59032K, committed 59160K, reserved 1099776K
  class space    used 7687K, capacity 8141K, committed 8224K, reserved 1048576K
Event: 5.883 GC heap after
Heap after GC invocations=11 (full 2):
 PSYoungGen      total 293888K, used 14844K [0x00000000d5580000, 0x00000000eab00000, 0x0000000100000000)
  eden space 279040K, 0% used [0x00000000d5580000,0x00000000d5580000,0x00000000e6600000)
  from space 14848K, 99% used [0x00000000e6600000,0x00000000e747f340,0x00000000e7480000)
  to   space 22016K, 0% used [0x00000000e9580000,0x00000000e9580000,0x00000000eab00000)
 ParOldGen       total 121856K, used 29627K [0x0000000080000000, 0x0000000087700000, 0x00000000d5580000)
  object space 121856K, 24% used [0x0000000080000000,0x0000000081ceeee8,0x0000000087700000)
 Metaspace       used 56775K, capacity 59032K, committed 59160K, reserved 1099776K
  class space    used 7687K, capacity 8141K, committed 8224K, reserved 1048576K
}
Event: 5.883 GC heap before
{Heap before GC invocations=12 (full 3):
 PSYoungGen      total 293888K, used 14844K [0x00000000d5580000, 0x00000000eab00000, 0x0000000100000000)
  eden space 279040K, 0% used [0x00000000d5580000,0x00000000d5580000,0x00000000e6600000)
  from space 14848K, 99% used [0x00000000e6600000,0x00000000e747f340,0x00000000e7480000)
  to   space 22016K, 0% used [0x00000000e9580000,0x00000000e9580000,0x00000000eab00000)
 ParOldGen       total 121856K, used 29627K [0x0000000080000000, 0x0000000087700000, 0x00000000d5580000)
  object space 121856K, 24% used [0x0000000080000000,0x0000000081ceeee8,0x0000000087700000)
 Metaspace       used 56775K, capacity 59032K, committed 59160K, reserved 1099776K
  class space    used 7687K, capacity 8141K, committed 8224K, reserved 1048576K
Event: 6.069 GC heap after
Heap after GC invocations=12 (full 3):
 PSYoungGen      total 293888K, used 0K [0x00000000d5580000, 0x00000000eab00000, 0x0000000100000000)
  eden space 279040K, 0% used [0x00000000d5580000,0x00000000d5580000,0x00000000e6600000)
  from space 14848K, 0% used [0x00000000e6600000,0x00000000e6600000,0x00000000e7480000)
  to   space 22016K, 0% used [0x00000000e9580000,0x00000000e9580000,0x00000000eab00000)
 ParOldGen       total 196096K, used 40383K [0x0000000080000000, 0x000000008bf80000, 0x00000000d5580000)
  object space 196096K, 20% used [0x0000000080000000,0x000000008276fcf8,0x000000008bf80000)
 Metaspace       used 56725K, capacity 58864K, committed 59160K, reserved 1099776K
  class space    used 7671K, capacity 8113K, committed 8224K, reserved 1048576K
}
Event: 8.150 GC heap before
{Heap before GC invocations=13 (full 3):
 PSYoungGen      total 293888K, used 279040K [0x00000000d5580000, 0x00000000eab00000, 0x0000000100000000)
  eden space 279040K, 100% used [0x00000000d5580000,0x00000000e6600000,0x00000000e6600000)
  from space 14848K, 0% used [0x00000000e6600000,0x00000000e6600000,0x00000000e7480000)
  to   space 22016K, 0% used [0x00000000e9580000,0x00000000e9580000,0x00000000eab00000)
 ParOldGen       total 196096K, used 40383K [0x0000000080000000, 0x000000008bf80000, 0x00000000d5580000)
  object space 196096K, 20% used [0x0000000080000000,0x000000008276fcf8,0x000000008bf80000)
 Metaspace       used 66794K, capacity 70028K, committed 70296K, reserved 1110016K
  class space    used 9188K, capacity 9840K, committed 9888K, reserved 1048576K
Event: 8.166 GC heap after
Heap after GC invocations=13 (full 3):
 PSYoungGen      total 324096K, used 22013K [0x00000000d5580000, 0x00000000ebe80000, 0x0000000100000000)
  eden space 302080K, 0% used [0x00000000d5580000,0x00000000d5580000,0x00000000e7c80000)
  from space 22016K, 99% used [0x00000000e9580000,0x00000000eaaff4f8,0x00000000eab00000)
  to   space 25600K, 0% used [0x00000000e7c80000,0x00000000e7c80000,0x00000000e9580000)
 ParOldGen       total 196096K, used 43117K [0x0000000080000000, 0x000000008bf80000, 0x00000000d5580000)
  object space 196096K, 21% used [0x0000000080000000,0x0000000082a1b7f0,0x000000008bf80000)
 Metaspace       used 66794K, capacity 70028K, committed 70296K, reserved 1110016K
  class space    used 9188K, capacity 9840K, committed 9888K, reserved 1048576K
}

Deoptimization events (10 events):
Event: 21.835 Thread 0x0000000023155800 Uncommon trap: reason=class_check action=maybe_recompile pc=0x00000000040ba2ec method=java.util.Collections$UnmodifiableList.get(I)Ljava/lang/Object; @ 5
Event: 21.835 Thread 0x0000000023155800 Uncommon trap: reason=class_check action=maybe_recompile pc=0x00000000040ba2ec method=java.util.Collections$UnmodifiableList.get(I)Ljava/lang/Object; @ 5
Event: 21.860 Thread 0x0000000023155800 Uncommon trap: reason=unstable_if action=reinterpret pc=0x0000000003d36638 method=java.io.ObjectOutputStream$BlockDataOutputStream.writeBytes(Ljava/lang/String;)V @ 22
Event: 21.883 Thread 0x000000001b367800 Uncommon trap: reason=class_check action=maybe_recompile pc=0x0000000002b9bb48 method=java.lang.ThreadLocal.set(Ljava/lang/Object;)V @ 26
Event: 24.454 Thread 0x0000000023155800 Uncommon trap: reason=unstable_if action=reinterpret pc=0x00000000032fc2cc method=org.gradle.internal.logging.slf4j.OutputEventListenerBackedLogger.isLevelAtMost(Lorg/gradle/api/logging/LogLevel;)Z @ 11
Event: 24.454 Thread 0x0000000023155800 Uncommon trap: reason=class_check action=maybe_recompile pc=0x0000000003fed3e0 method=org.gradle.internal.logging.sink.OutputEventTransformer.onOutput(Lorg/gradle/internal/logging/events/OutputEvent;)V @ 225
Event: 24.454 Thread 0x0000000023155800 Uncommon trap: reason=unstable_if action=reinterpret pc=0x0000000002db9f00 method=org.gradle.internal.logging.text.AbstractLineChoppingStyledTextOutput$2.execute(Lorg/gradle/internal/logging/text/AbstractLineChoppingStyledTextOutput$StateContext;)V @ 30
Event: 24.454 Thread 0x0000000023155800 Uncommon trap: reason=unstable_if action=reinterpret pc=0x0000000002d830cc method=org.gradle.internal.logging.text.AbstractLineChoppingStyledTextOutput$2.execute(Lorg/gradle/internal/logging/text/AbstractLineChoppingStyledTextOutput$StateContext;)V @ 30
Event: 24.472 Thread 0x000000001a801800 Uncommon trap: reason=unstable_if action=reinterpret pc=0x0000000003fc0498 method=com.esotericsoftware.kryo.io.Output.writeUtf8Length(I)V @ 42
Event: 24.472 Thread 0x000000001a801800 Uncommon trap: reason=unstable_if action=reinterpret pc=0x00000000034dc6d0 method=com.esotericsoftware.kryo.io.Output.writeString(Ljava/lang/CharSequence;)V @ 50

Classes redefined (0 events):
No events

Internal exceptions (10 events):
Event: 21.824 Thread 0x0000000023155800 Exception <a 'java/lang/NoSuchMethodError': <clinit>> (0x00000000de42c1d0) thrown at [C:\src\AOSP-openjdk-git\hotspot\src\share\vm\prims\jni.cpp, line 1615]
Event: 21.828 Thread 0x0000000023155800 Exception <a 'java/lang/NoSuchMethodError': <clinit>> (0x00000000de4524c8) thrown at [C:\src\AOSP-openjdk-git\hotspot\src\share\vm\prims\jni.cpp, line 1615]
Event: 21.836 Thread 0x000000002315e800 Exception <a 'java/lang/InterruptedException'> (0x00000000de4a10d0) thrown at [C:\src\AOSP-openjdk-git\hotspot\src\share\vm\runtime\objectMonitor.cpp, line 1680]
Event: 21.844 Thread 0x0000000023155800 Exception <a 'java/lang/NoSuchMethodError': <clinit>> (0x00000000de4e60d8) thrown at [C:\src\AOSP-openjdk-git\hotspot\src\share\vm\prims\jni.cpp, line 1615]
Event: 21.845 Thread 0x0000000023155800 Exception <a 'java/lang/NoSuchMethodError': <clinit>> (0x00000000de4f3fe8) thrown at [C:\src\AOSP-openjdk-git\hotspot\src\share\vm\prims\jni.cpp, line 1615]
Event: 21.845 Thread 0x0000000023155800 Exception <a 'java/lang/NoSuchMethodError': <clinit>> (0x00000000de503ba0) thrown at [C:\src\AOSP-openjdk-git\hotspot\src\share\vm\prims\jni.cpp, line 1615]
Event: 21.848 Thread 0x0000000023155800 Exception <a 'java/lang/NoSuchMethodError': <clinit>> (0x00000000de529f70) thrown at [C:\src\AOSP-openjdk-git\hotspot\src\share\vm\prims\jni.cpp, line 1615]
Event: 21.860 Thread 0x0000000023155800 Exception <a 'java/lang/NoSuchMethodError': <clinit>> (0x00000000de6addf8) thrown at [C:\src\AOSP-openjdk-git\hotspot\src\share\vm\prims\jni.cpp, line 1615]
Event: 21.863 Thread 0x0000000023155800 Exception <a 'java/lang/NoSuchMethodError': <clinit>> (0x00000000de763350) thrown at [C:\src\AOSP-openjdk-git\hotspot\src\share\vm\prims\jni.cpp, line 1615]
Event: 24.476 Thread 0x0000000023155800 Exception <a 'java/lang/reflect/InvocationTargetException'> (0x00000000dea8bf10) thrown at [C:\src\AOSP-openjdk-git\hotspot\src\share\vm\runtime\reflection.cpp, line 1092]

Events (10 events):
Event: 24.488 loading class org/gradle/internal/execution/CurrentSnapshotResult
Event: 24.488 loading class org/gradle/internal/execution/CurrentSnapshotResult done
Event: 24.488 loading class org/gradle/internal/execution/history/BeforeExecutionState
Event: 24.488 loading class org/gradle/internal/execution/history/BeforeExecutionState done
Event: 24.488 loading class org/gradle/internal/execution/CurrentSnapshotResult
Event: 24.488 loading class org/gradle/internal/execution/CurrentSnapshotResult done
Event: 24.488 loading class org/gradle/internal/execution/history/changes/ChangeDetectorVisitor
Event: 24.488 loading class org/gradle/internal/execution/history/changes/ChangeDetectorVisitor done
Event: 24.488 loading class org/gradle/internal/execution/history/impl/DefaultOutputFilesRepository$1
Event: 24.488 loading class org/gradle/internal/execution/history/impl/DefaultOutputFilesRepository$1 done


Dynamic libraries:
0x00007ff7dc5f0000 - 0x00007ff7dc621000 	C:\Program Files\Android\Android Studio\jre\bin\java.exe
0x00007ffe94cf0000 - 0x00007ffe94ee5000 	C:\Windows\SYSTEM32\ntdll.dll
0x00007ffe948e0000 - 0x00007ffe9499e000 	C:\Windows\System32\KERNEL32.DLL
0x00007ffe92550000 - 0x00007ffe92818000 	C:\Windows\System32\KERNELBASE.dll
0x00007ffe94500000 - 0x00007ffe945ac000 	C:\Windows\System32\ADVAPI32.dll
0x00007ffe92d40000 - 0x00007ffe92dde000 	C:\Windows\System32\msvcrt.dll
0x00007ffe94840000 - 0x00007ffe948db000 	C:\Windows\System32\sechost.dll
0x00007ffe949a0000 - 0x00007ffe94aca000 	C:\Windows\System32\RPCRT4.dll
0x00007ffe94350000 - 0x00007ffe944f1000 	C:\Windows\System32\USER32.dll
0x00007ffe92a20000 - 0x00007ffe92a42000 	C:\Windows\System32\win32u.dll
0x00007ffe92df0000 - 0x00007ffe92e1b000 	C:\Windows\System32\GDI32.dll
0x00007ffe92ad0000 - 0x00007ffe92bdb000 	C:\Windows\System32\gdi32full.dll
0x00007ffe92880000 - 0x00007ffe9291d000 	C:\Windows\System32\msvcp_win.dll
0x00007ffe92920000 - 0x00007ffe92a20000 	C:\Windows\System32\ucrtbase.dll
0x00007ffe7c090000 - 0x00007ffe7c32a000 	C:\Windows\WinSxS\amd64_microsoft.windows.common-controls_6595b64144ccf1df_6.0.19041.1110_none_60b5254171f9507e\COMCTL32.dll
0x00007ffe94760000 - 0x00007ffe94790000 	C:\Windows\System32\IMM32.DLL
0x000000005d4a0000 - 0x000000005d572000 	C:\Program Files\Android\Android Studio\jre\jre\bin\msvcr100.dll
0x000000005c6e0000 - 0x000000005cf2b000 	C:\Program Files\Android\Android Studio\jre\jre\bin\server\jvm.dll
0x00007ffe92de0000 - 0x00007ffe92de8000 	C:\Windows\System32\PSAPI.DLL
0x00007ffe82090000 - 0x00007ffe820b7000 	C:\Windows\SYSTEM32\WINMM.dll
0x00007ffe8a3f0000 - 0x00007ffe8a3f9000 	C:\Windows\SYSTEM32\WSOCK32.dll
0x00007ffe87ce0000 - 0x00007ffe87cea000 	C:\Windows\SYSTEM32\VERSION.dll
0x00007ffe94bb0000 - 0x00007ffe94c1b000 	C:\Windows\System32\WS2_32.dll
0x00007ffe889e0000 - 0x00007ffe889ef000 	C:\Program Files\Android\Android Studio\jre\jre\bin\verify.dll
0x00007ffe65250000 - 0x00007ffe65279000 	C:\Program Files\Android\Android Studio\jre\jre\bin\java.dll
0x00007ffe86b50000 - 0x00007ffe86b66000 	C:\Program Files\Android\Android Studio\jre\jre\bin\zip.dll
0x00007ffe92e30000 - 0x00007ffe9356f000 	C:\Windows\System32\SHELL32.dll
0x00007ffe90510000 - 0x00007ffe90ca0000 	C:\Windows\SYSTEM32\windows.storage.dll
0x00007ffe93ec0000 - 0x00007ffe94215000 	C:\Windows\System32\combase.dll
0x00007ffe91e60000 - 0x00007ffe91e8e000 	C:\Windows\SYSTEM32\Wldp.dll
0x00007ffe93e10000 - 0x00007ffe93ebd000 	C:\Windows\System32\SHCORE.dll
0x00007ffe93b80000 - 0x00007ffe93bd5000 	C:\Windows\System32\shlwapi.dll
0x00007ffe92350000 - 0x00007ffe9236f000 	C:\Windows\SYSTEM32\profapi.dll
0x00007ffe7bcc0000 - 0x00007ffe7bcda000 	C:\Program Files\Android\Android Studio\jre\jre\bin\net.dll
0x00007ffe91bc0000 - 0x00007ffe91c2a000 	C:\Windows\system32\mswsock.dll
0x00007ffe79be0000 - 0x00007ffe79bf3000 	C:\Program Files\Android\Android Studio\jre\jre\bin\nio.dll
0x00007ffe80ea0000 - 0x00007ffe80ec7000 	C:\Users\Lenovo\.gradle\native\f6784746aeab05261644944871eae4fe03e0ef1612fff0a4a95f87b438bc6780\windows-amd64\native-platform.dll
0x00007ffe88470000 - 0x00007ffe8847d000 	C:\Program Files\Android\Android Studio\jre\jre\bin\management.dll
0x00007ffe91db0000 - 0x00007ffe91dc8000 	C:\Windows\SYSTEM32\CRYPTSP.dll
0x00007ffe914d0000 - 0x00007ffe91504000 	C:\Windows\system32\rsaenh.dll
0x00007ffe92aa0000 - 0x00007ffe92ac7000 	C:\Windows\System32\bcrypt.dll
0x00007ffe92310000 - 0x00007ffe9233e000 	C:\Windows\SYSTEM32\USERENV.dll
0x00007ffe92410000 - 0x00007ffe92493000 	C:\Windows\System32\bcryptprimitives.dll
0x00007ffe91dd0000 - 0x00007ffe91ddc000 	C:\Windows\SYSTEM32\CRYPTBASE.dll
0x00007ffe91860000 - 0x00007ffe9189b000 	C:\Windows\SYSTEM32\IPHLPAPI.DLL
0x00007ffe92e20000 - 0x00007ffe92e28000 	C:\Windows\System32\NSI.dll
0x00007ffe86960000 - 0x00007ffe86977000 	C:\Windows\SYSTEM32\dhcpcsvc6.DLL
0x00007ffe86780000 - 0x00007ffe8679d000 	C:\Windows\SYSTEM32\dhcpcsvc.DLL
0x00007ffe918a0000 - 0x00007ffe9196b000 	C:\Windows\SYSTEM32\DNSAPI.dll
0x00007ffe86bd0000 - 0x00007ffe86bdb000 	C:\Windows\SYSTEM32\WINNSI.DLL
0x00007ffe893e0000 - 0x00007ffe893fe000 	C:\Users\Lenovo\AppData\Local\Temp\native-platform1898832088767328203dir\native-platform.dll

VM Arguments:
jvm_args: -Xmx2048m -Dfile.encoding=UTF-8 -Duser.country=ID -Duser.language=en -Duser.variant 
java_command: org.gradle.launcher.daemon.bootstrap.GradleDaemon 6.5
java_class_path (initial): C:\Users\Lenovo\.gradle\wrapper\dists\gradle-6.5-bin\6nifqtx7604sqp1q6g8wikw7p\gradle-6.5\lib\gradle-launcher-6.5.jar
Launcher Type: SUN_STANDARD

Environment Variables:
JAVA_HOME=C:\Program Files\Java\jdk-17.0.1
PATH=C:\Program Files\ImageMagick-7.0.11-Q16-HDRI;C:\Program Files (x86)\VMware\VMware Player\bin\;C:\Windows\system32;C:\Windows;C:\Windows\System32\Wbem;C:\Windows\System32\WindowsPowerShell\v1.0\;C:\Windows\System32\OpenSSH\;C:\Program Files (x86)\NVIDIA Corporation\PhysX\Common;C:\Program Files\NVIDIA Corporation\NVIDIA NvDLISR;C:\src\flutter\bin;C:\Program Files\Git\cmd;C:\xampp\php;C:\ProgramData\ComposerSetup\bin;C:\Program Files\nodejs\;C:\Program Files\MongoDB\Server\4.4\bin;C:\MinGW\bin;C:\Program Files\dotnet\;C:\xampp\apache\bin;C:\Program Files\ImageMagick-7.0.11-Q16-HDRI;C:\Program Files\Docker\Docker\resources\bin;C:\ProgramData\DockerDesktop\version-bin;C:\Program Files\Java\jdk-17.0.1\bin;C:\Program Files\Microsoft SQL Server\150\Tools\Binn\;C:\Program Files\Microsoft SQL Server\Client SDK\ODBC\170\Tools\Binn\;C:\Program Files\PuTTY\;C:\Users\Lenovo\AppData\Local\Programs\Python\Python39\Scripts\;C:\Users\Lenovo\AppData\Local\Programs\Python\Python39\;C:\Users\Lenovo\AppData\Local\Microsoft\WindowsApps;;C:\Users\Lenovo\AppData\Local\Programs\Microsoft VS Code\bin;C:\Users\Lenovo\AppData\Roaming\Composer\vendor\bin;C:\Program Files\heroku\bin;C:\Users\Lenovo\AppData\Roaming\npm;C:\Users\Lenovo\.dotnet\tools
USERNAME=Lenovo
OS=Windows_NT
PROCESSOR_IDENTIFIER=Intel64 Family 6 Model 142 Stepping 11, GenuineIntel



---------------  S Y S T E M  ---------------

OS: Windows 10.0 , 64 bit Build 19041 (10.0.19041.1348)

CPU:total 8 (initial active 8) (4 cores per cpu, 2 threads per core) family 6 model 142 stepping 11, cmov, cx8, fxsr, mmx, sse, sse2, sse3, ssse3, sse4.1, sse4.2, popcnt, avx, avx2, aes, clmul, erms, 3dnowpref, lzcnt, ht, tsc, tscinvbit, bmi1, bmi2, adx

Memory: 4k page, physical 12392180k(2428252k free), swap 12392180k(5124k free)

vm_info: OpenJDK 64-Bit Server VM (25.242-b01) for windows-amd64 JRE (1.8.0_242-release-1644-b01), built by "builder" with MS VC++ 10.0 (VS2010)

time: Mon Nov 29 22:43:57 2021
timezone: SE Asia Standard Time
elapsed time: 24 seconds (0d 0h 0m 24s)

