#
# There is insufficient memory for the Java Runtime Environment to continue.
# Native memory allocation (malloc) failed to allocate 1602896 bytes for Chunk::new
# Possible reasons:
#   The system is out of physical RAM or swap space
#   The process is running with CompressedOops enabled, and the Java Heap may be blocking the growth of the native heap
# Possible solutions:
#   Reduce memory load on the system
#   Increase physical memory or swap space
#   Check if swap backing store is full
#   Decrease Java heap size (-Xmx/-Xms)
#   Decrease number of Java threads
#   Decrease Java thread stack sizes (-Xss)
#   Set larger code cache with -XX:ReservedCodeCacheSize=
#   JVM is running with Zero Based Compressed Oops mode in which the Java heap is
#     placed in the first 32GB address space. The Java Heap base address is the
#     maximum limit for the native heap growth. Please use -XX:HeapBaseMinAddress
#     to set the Java Heap base and to place the Java Heap above 32GB virtual address.
# This output file may be truncated or incomplete.
#
#  Out of Memory Error (allocation.cpp:389), pid=4036, tid=0x0000000000000df8
#
# JRE version: OpenJDK Runtime Environment (8.0_242-b01) (build 1.8.0_242-release-1644-b01)
# Java VM: OpenJDK 64-Bit Server VM (25.242-b01 mixed mode windows-amd64 compressed oops)
# Failed to write core dump. Minidumps are not enabled by default on client versions of Windows
#

---------------  T H R E A D  ---------------

Current thread (0x000000001c3f7800):  JavaThread "C2 CompilerThread2" daemon [_thread_in_native, id=3576, stack(0x000000001cec0000,0x000000001cfc0000)]

Stack: [0x000000001cec0000,0x000000001cfc0000]
[error occurred during error reporting (printing stack bounds), id 0xc0000005]

Native frames: (J=compiled Java code, j=interpreted, Vv=VM code, C=native code)


Current CompileTask:
C2:   1189 1501       4       com.sun.nio.zipfs.ZipFileSystem::addToTree (119 bytes)


---------------  P R O C E S S  ---------------

Java Threads: ( => current thread )
  0x000000001c414000 JavaThread "Service Thread" daemon [_thread_blocked, id=9468, stack(0x000000001d0c0000,0x000000001d1c0000)]
  0x000000001c3fc800 JavaThread "C1 CompilerThread3" daemon [_thread_blocked, id=1244, stack(0x000000001cfc0000,0x000000001d0c0000)]
=>0x000000001c3f7800 JavaThread "C2 CompilerThread2" daemon [_thread_in_native, id=3576, stack(0x000000001cec0000,0x000000001cfc0000)]
  0x000000001c3f3800 JavaThread "C2 CompilerThread1" daemon [_thread_blocked, id=3428, stack(0x000000001cdc0000,0x000000001cec0000)]
  0x000000001c3f0800 JavaThread "C2 CompilerThread0" daemon [_thread_blocked, id=8160, stack(0x000000001ccc0000,0x000000001cdc0000)]
  0x000000001c3ef800 JavaThread "Attach Listener" daemon [_thread_blocked, id=12724, stack(0x000000001cbc0000,0x000000001ccc0000)]
  0x000000001c3ee000 JavaThread "Signal Dispatcher" daemon [_thread_blocked, id=18752, stack(0x000000001cac0000,0x000000001cbc0000)]
  0x000000001c3e0800 JavaThread "Finalizer" daemon [_thread_blocked, id=17904, stack(0x000000001c8c0000,0x000000001c9c0000)]
  0x00000000031d8800 JavaThread "Reference Handler" daemon [_thread_blocked, id=15144, stack(0x000000001c7c0000,0x000000001c8c0000)]
  0x00000000030e2800 JavaThread "main" [_thread_blocked, id=20976, stack(0x0000000002f80000,0x0000000003080000)]

Other Threads:
  0x000000001a5f6000 VMThread [stack: 0x000000001c2c0000,0x000000001c3c0000] [id=18124]
  0x000000001c4a0800 WatcherThread [stack: 0x000000001d1c0000,0x000000001d2c0000] [id=14668]

VM state:at safepoint (normal execution)

VM Mutex/Monitor currently owned by a thread:  ([mutex/lock_event])
[0x00000000030dd670] Threads_lock - owner thread: 0x000000001a5f6000
[0x00000000030dd870] Heap_lock - owner thread: 0x00000000030e2800

heap address: 0x0000000702e00000, size: 3026 MB, Compressed Oops mode: Zero based, Oop shift amount: 3
Narrow klass base: 0x0000000000000000, Narrow klass shift: 3
Compressed class space size: 1073741824 Address: 0x00000007c0000000

Heap:
 PSYoungGen      total 56832K, used 7649K [0x0000000780f80000, 0x0000000784e80000, 0x00000007c0000000)
  eden space 49152K, 0% used [0x0000000780f80000,0x0000000780f80000,0x0000000783f80000)
  from space 7680K, 99% used [0x0000000783f80000,0x00000007846f8530,0x0000000784700000)
  to   space 7680K, 0% used [0x0000000784700000,0x0000000784700000,0x0000000784e80000)
 ParOldGen       total 130048K, used 22005K [0x0000000702e00000, 0x000000070ad00000, 0x0000000780f80000)
  object space 130048K, 16% used [0x0000000702e00000,0x000000070437d758,0x000000070ad00000)
 Metaspace       used 20723K, capacity 21100K, committed 21248K, reserved 1069056K
  class space    used 2374K, capacity 2504K, committed 2560K, reserved 1048576K

Card table byte_map: [0x00000000125a0000,0x0000000012b90000] byte_map_base: 0x000000000ed89000

Marking Bits: (ParMarkBitMap*) 0x000000005d34f030
 Begin Bits: [0x0000000013790000, 0x00000000166d8000)
 End Bits:   [0x00000000166d8000, 0x0000000019620000)

Polling page: 0x00000000012b0000

CodeCache: size=245760Kb used=5070Kb max_used=5070Kb free=240689Kb
 bounds [0x00000000031e0000, 0x00000000036e0000, 0x00000000121e0000]
 total_blobs=2020 nmethods=1583 adapters=350
 compilation: enabled

Compilation events (10 events):
Event: 1.147 Thread 0x000000001c3fc800 1583       1       java.util.Hashtable::access$500 (5 bytes)
Event: 1.147 Thread 0x000000001c3fc800 nmethod 1583 0x00000000036ce550 code [0x00000000036ce6a0, 0x00000000036ce790]
Event: 1.147 Thread 0x000000001c3fc800 1584       1       java.util.Hashtable$Entry::getKey (5 bytes)
Event: 1.147 Thread 0x000000001c3fc800 nmethod 1584 0x00000000036ce290 code [0x00000000036ce3e0, 0x00000000036ce4f0]
Event: 1.147 Thread 0x000000001c3fc800 1585       1       java.util.Hashtable$Entry::getValue (5 bytes)
Event: 1.147 Thread 0x000000001c3fc800 nmethod 1585 0x00000000036d2c10 code [0x00000000036d2d60, 0x00000000036d2e70]
Event: 1.147 Thread 0x000000001c3fc800 1581       3       java.util.Hashtable::addEntry (87 bytes)
Event: 1.147 Thread 0x000000001c3fc800 nmethod 1581 0x00000000036d20d0 code [0x00000000036d2280, 0x00000000036d28d8]
Event: 1.147 Thread 0x000000001c3fc800 1586       3       java.lang.String::startsWith (72 bytes)
Event: 1.148 Thread 0x000000001c3fc800 nmethod 1586 0x00000000036d7490 code [0x00000000036d7600, 0x00000000036d7930]

GC Heap History (7 events):
Event: 0.664 GC heap before
{Heap before GC invocations=1 (full 0):
 PSYoungGen      total 56832K, used 49152K [0x0000000780f80000, 0x0000000784e80000, 0x00000007c0000000)
  eden space 49152K, 100% used [0x0000000780f80000,0x0000000783f80000,0x0000000783f80000)
  from space 7680K, 0% used [0x0000000784700000,0x0000000784700000,0x0000000784e80000)
  to   space 7680K, 0% used [0x0000000783f80000,0x0000000783f80000,0x0000000784700000)
 ParOldGen       total 130048K, used 0K [0x0000000702e00000, 0x000000070ad00000, 0x0000000780f80000)
  object space 130048K, 0% used [0x0000000702e00000,0x0000000702e00000,0x000000070ad00000)
 Metaspace       used 11952K, capacity 12186K, committed 12416K, reserved 1060864K
  class space    used 1299K, capacity 1387K, committed 1408K, reserved 1048576K
Event: 0.672 GC heap after
Heap after GC invocations=1 (full 0):
 PSYoungGen      total 56832K, used 7675K [0x0000000780f80000, 0x0000000784e80000, 0x00000007c0000000)
  eden space 49152K, 0% used [0x0000000780f80000,0x0000000780f80000,0x0000000783f80000)
  from space 7680K, 99% used [0x0000000783f80000,0x00000007846fee70,0x0000000784700000)
  to   space 7680K, 0% used [0x0000000784700000,0x0000000784700000,0x0000000784e80000)
 ParOldGen       total 130048K, used 3826K [0x0000000702e00000, 0x000000070ad00000, 0x0000000780f80000)
  object space 130048K, 2% used [0x0000000702e00000,0x00000007031bcaa8,0x000000070ad00000)
 Metaspace       used 11952K, capacity 12186K, committed 12416K, reserved 1060864K
  class space    used 1299K, capacity 1387K, committed 1408K, reserved 1048576K
}
Event: 1.148 GC heap before
{Heap before GC invocations=2 (full 0):
 PSYoungGen      total 56832K, used 56827K [0x0000000780f80000, 0x0000000784e80000, 0x00000007c0000000)
  eden space 49152K, 100% used [0x0000000780f80000,0x0000000783f80000,0x0000000783f80000)
  from space 7680K, 99% used [0x0000000783f80000,0x00000007846fee70,0x0000000784700000)
  to   space 7680K, 0% used [0x0000000784700000,0x0000000784700000,0x0000000784e80000)
 ParOldGen       total 130048K, used 3826K [0x0000000702e00000, 0x000000070ad00000, 0x0000000780f80000)
  object space 130048K, 2% used [0x0000000702e00000,0x00000007031bcaa8,0x000000070ad00000)
 Metaspace       used 20709K, capacity 21100K, committed 21248K, reserved 1069056K
  class space    used 2373K, capacity 2504K, committed 2560K, reserved 1048576K
Event: 1.163 GC heap after
Heap after GC invocations=2 (full 0):
 PSYoungGen      total 56832K, used 7649K [0x0000000780f80000, 0x0000000784e80000, 0x00000007c0000000)
  eden space 49152K, 0% used [0x0000000780f80000,0x0000000780f80000,0x0000000783f80000)
  from space 7680K, 99% used [0x0000000784700000,0x0000000784e78530,0x0000000784e80000)
  to   space 7680K, 0% used [0x0000000783f80000,0x0000000783f80000,0x0000000784700000)
 ParOldGen       total 130048K, used 21941K [0x0000000702e00000, 0x000000070ad00000, 0x0000000780f80000)
  object space 130048K, 16% used [0x0000000702e00000,0x000000070436d4e8,0x000000070ad00000)
 Metaspace       used 20709K, capacity 21100K, committed 21248K, reserved 1069056K
  class space    used 2373K, capacity 2504K, committed 2560K, reserved 1048576K
}
Event: 1.163 GC heap before
{Heap before GC invocations=3 (full 0):
 PSYoungGen      total 56832K, used 8638K [0x0000000780f80000, 0x0000000784e80000, 0x00000007c0000000)
  eden space 49152K, 2% used [0x0000000780f80000,0x0000000781077628,0x0000000783f80000)
  from space 7680K, 99% used [0x0000000784700000,0x0000000784e78530,0x0000000784e80000)
  to   space 7680K, 0% used [0x0000000783f80000,0x0000000783f80000,0x0000000784700000)
 ParOldGen       total 130048K, used 21941K [0x0000000702e00000, 0x000000070ad00000, 0x0000000780f80000)
  object space 130048K, 16% used [0x0000000702e00000,0x000000070436d4e8,0x000000070ad00000)
 Metaspace       used 20723K, capacity 21100K, committed 21248K, reserved 1069056K
  class space    used 2374K, capacity 2504K, committed 2560K, reserved 1048576K
Event: 1.167 GC heap after
Heap after GC invocations=3 (full 0):
 PSYoungGen      total 56832K, used 7649K [0x0000000780f80000, 0x0000000784e80000, 0x00000007c0000000)
  eden space 49152K, 0% used [0x0000000780f80000,0x0000000780f80000,0x0000000783f80000)
  from space 7680K, 99% used [0x0000000783f80000,0x00000007846f8530,0x0000000784700000)
  to   space 7680K, 0% used [0x0000000784700000,0x0000000784700000,0x0000000784e80000)
 ParOldGen       total 130048K, used 22005K [0x0000000702e00000, 0x000000070ad00000, 0x0000000780f80000)
  object space 130048K, 16% used [0x0000000702e00000,0x000000070437d758,0x000000070ad00000)
 Metaspace       used 20723K, capacity 21100K, committed 21248K, reserved 1069056K
  class space    used 2374K, capacity 2504K, committed 2560K, reserved 1048576K
}
Event: 1.167 GC heap before
{Heap before GC invocations=4 (full 1):
 PSYoungGen      total 56832K, used 7649K [0x0000000780f80000, 0x0000000784e80000, 0x00000007c0000000)
  eden space 49152K, 0% used [0x0000000780f80000,0x0000000780f80000,0x0000000783f80000)
  from space 7680K, 99% used [0x0000000783f80000,0x00000007846f8530,0x0000000784700000)
  to   space 7680K, 0% used [0x0000000784700000,0x0000000784700000,0x0000000784e80000)
 ParOldGen       total 130048K, used 22005K [0x0000000702e00000, 0x000000070ad00000, 0x0000000780f80000)
  object space 130048K, 16% used [0x0000000702e00000,0x000000070437d758,0x000000070ad00000)
 Metaspace       used 20723K, capacity 21100K, committed 21248K, reserved 1069056K
  class space    used 2374K, capacity 2504K, committed 2560K, reserved 1048576K

Deoptimization events (10 events):
Event: 0.966 Thread 0x00000000030e2800 Uncommon trap: reason=class_check action=maybe_recompile pc=0x000000000356de80 method=java.util.Collections$UnmodifiableCollection.size()I @ 4
Event: 0.966 Thread 0x00000000030e2800 Uncommon trap: reason=class_check action=maybe_recompile pc=0x0000000003570c38 method=java.util.Collections$UnmodifiableList.get(I)Ljava/lang/Object; @ 5
Event: 0.966 Thread 0x00000000030e2800 Uncommon trap: reason=class_check action=maybe_recompile pc=0x000000000356de80 method=java.util.Collections$UnmodifiableCollection.size()I @ 4
Event: 0.979 Thread 0x00000000030e2800 Uncommon trap: reason=unstable_if action=reinterpret pc=0x00000000034147c4 method=sun.misc.MetaIndex.mayContain(Ljava/lang/String;)Z @ 38
Event: 1.013 Thread 0x00000000030e2800 Uncommon trap: reason=unstable_if action=reinterpret pc=0x00000000036a3fdc method=java.util.Arrays.equals([B[B)Z @ 2
Event: 1.026 Thread 0x00000000030e2800 Uncommon trap: reason=class_check action=maybe_recompile pc=0x000000000368ab04 method=java.util.zip.InflaterInputStream.read([BII)I @ 100
Event: 1.053 Thread 0x00000000030e2800 Uncommon trap: reason=unstable_if action=reinterpret pc=0x00000000036a21e8 method=java.util.Arrays.hashCode([B)I @ 1
Event: 1.065 Thread 0x00000000030e2800 Uncommon trap: reason=unstable_if action=reinterpret pc=0x00000000036ada4c method=com.sun.nio.zipfs.ZipFileSystem.getParent([B)[B @ 21
Event: 1.075 Thread 0x00000000030e2800 Uncommon trap: reason=class_check action=maybe_recompile pc=0x000000000368ab04 method=java.util.zip.InflaterInputStream.read([BII)I @ 100
Event: 1.147 Thread 0x00000000030e2800 Uncommon trap: reason=unstable_if action=reinterpret pc=0x000000000339cf1c method=java.lang.String.startsWith(Ljava/lang/String;I)Z @ 25

Classes redefined (0 events):
No events

Internal exceptions (10 events):
Event: 0.309 Thread 0x00000000030e2800 Exception <a 'java/security/PrivilegedActionException'> (0x0000000781fdd2c0) thrown at [C:\src\AOSP-openjdk-git\hotspot\src\share\vm\prims\jvm.cpp, line 1502]
Event: 0.309 Thread 0x00000000030e2800 Exception <a 'java/security/PrivilegedActionException'> (0x0000000781fdedb0) thrown at [C:\src\AOSP-openjdk-git\hotspot\src\share\vm\prims\jvm.cpp, line 1502]
Event: 0.309 Thread 0x00000000030e2800 Exception <a 'java/security/PrivilegedActionException'> (0x0000000781fdf1a8) thrown at [C:\src\AOSP-openjdk-git\hotspot\src\share\vm\prims\jvm.cpp, line 1502]
Event: 0.391 Thread 0x00000000030e2800 Implicit null exception at 0x000000000335dc9c to 0x000000000335de6d
Event: 0.464 Thread 0x00000000030e2800 Exception <a 'java/lang/ArrayIndexOutOfBoundsException'> (0x0000000782dbf170) thrown at [C:\src\AOSP-openjdk-git\hotspot\src\share\vm\runtime\sharedRuntime.cpp, line 605]
Event: 0.581 Thread 0x00000000030e2800 Exception <a 'java/lang/ArrayIndexOutOfBoundsException'> (0x00000007837ccac0) thrown at [C:\src\AOSP-openjdk-git\hotspot\src\share\vm\runtime\sharedRuntime.cpp, line 605]
Event: 0.930 Thread 0x00000000030e2800 Exception <a 'java/lang/NoSuchMethodError': java.lang.Object.lambda$static$0()J> (0x0000000782477238) thrown at [C:\src\AOSP-openjdk-git\hotspot\src\share\vm\interpreter\linkResolver.cpp, line 620]
Event: 1.053 Thread 0x00000000030e2800 Implicit null exception at 0x00000000036a2057 to 0x00000000036a21ce
Event: 1.110 Thread 0x00000000030e2800 Exception <a 'java/lang/NoSuchMethodError': java.lang.Object.lambda$static$0(I)[Lorg/jetbrains/kotlin/com/intellij/openapi/editor/event/DocumentListener;> (0x0000000783be7080) thrown at [C:\src\AOSP-openjdk-git\hotspot\src\share\vm\interpreter\linkResolve
Event: 1.133 Thread 0x00000000030e2800 Exception <a 'java/lang/NoSuchMethodError': java.lang.Object.lambda$static$0(I)[Lorg/jetbrains/kotlin/com/intellij/psi/PsiAnnotation;> (0x0000000783e1e988) thrown at [C:\src\AOSP-openjdk-git\hotspot\src\share\vm\interpreter\linkResolver.cpp, line 620]

Events (10 events):
Event: 1.148 loading class org/jetbrains/kotlin/com/intellij/psi/codeStyle/JavaCodeStyleSettingsFacade done
Event: 1.148 loading class org/jetbrains/kotlin/com/intellij/core/CoreJavaCodeStyleSettingsFacade
Event: 1.148 loading class org/jetbrains/kotlin/com/intellij/core/CoreJavaCodeStyleSettingsFacade done
Event: 1.148 loading class org/jetbrains/kotlin/com/intellij/psi/codeStyle/JavaCodeStyleManager
Event: 1.148 loading class org/jetbrains/kotlin/com/intellij/psi/codeStyle/JavaCodeStyleManager done
Event: 1.148 Executing VM operation: ParallelGCFailedAllocation
Event: 1.163 Executing VM operation: ParallelGCFailedAllocation done
Event: 1.163 loading class org/jetbrains/kotlin/com/intellij/core/CoreJavaCodeStyleManager
Event: 1.163 loading class org/jetbrains/kotlin/com/intellij/core/CoreJavaCodeStyleManager done
Event: 1.163 Executing VM operation: CollectForMetadataAllocation


Dynamic libraries:
0x00007ff6b3be0000 - 0x00007ff6b3c11000 	C:\Program Files\Android\Android Studio\jre\jre\bin\java.exe
0x00007ffe94cf0000 - 0x00007ffe94ee5000 	C:\Windows\SYSTEM32\ntdll.dll
0x00007ffe948e0000 - 0x00007ffe9499e000 	C:\Windows\System32\KERNEL32.DLL
0x00007ffe92550000 - 0x00007ffe92818000 	C:\Windows\System32\KERNELBASE.dll
0x00007ffe94500000 - 0x00007ffe945ac000 	C:\Windows\System32\ADVAPI32.dll
0x00007ffe92d40000 - 0x00007ffe92dde000 	C:\Windows\System32\msvcrt.dll
0x00007ffe94840000 - 0x00007ffe948db000 	C:\Windows\System32\sechost.dll
0x00007ffe949a0000 - 0x00007ffe94aca000 	C:\Windows\System32\RPCRT4.dll
0x00007ffe94350000 - 0x00007ffe944f1000 	C:\Windows\System32\USER32.dll
0x00007ffe92a20000 - 0x00007ffe92a42000 	C:\Windows\System32\win32u.dll
0x00007ffe92df0000 - 0x00007ffe92e1b000 	C:\Windows\System32\GDI32.dll
0x00007ffe92ad0000 - 0x00007ffe92bdb000 	C:\Windows\System32\gdi32full.dll
0x00007ffe92880000 - 0x00007ffe9291d000 	C:\Windows\System32\msvcp_win.dll
0x00007ffe92920000 - 0x00007ffe92a20000 	C:\Windows\System32\ucrtbase.dll
0x00007ffe7c090000 - 0x00007ffe7c32a000 	C:\Windows\WinSxS\amd64_microsoft.windows.common-controls_6595b64144ccf1df_6.0.19041.1110_none_60b5254171f9507e\COMCTL32.dll
0x00007ffe94760000 - 0x00007ffe94790000 	C:\Windows\System32\IMM32.DLL
0x000000005c910000 - 0x000000005c9e2000 	C:\Program Files\Android\Android Studio\jre\jre\bin\msvcr100.dll
0x000000005cb80000 - 0x000000005d3cb000 	C:\Program Files\Android\Android Studio\jre\jre\bin\server\jvm.dll
0x00007ffe92de0000 - 0x00007ffe92de8000 	C:\Windows\System32\PSAPI.DLL
0x00007ffe8a3f0000 - 0x00007ffe8a3f9000 	C:\Windows\SYSTEM32\WSOCK32.dll
0x00007ffe87ce0000 - 0x00007ffe87cea000 	C:\Windows\SYSTEM32\VERSION.dll
0x00007ffe82090000 - 0x00007ffe820b7000 	C:\Windows\SYSTEM32\WINMM.dll
0x00007ffe94bb0000 - 0x00007ffe94c1b000 	C:\Windows\System32\WS2_32.dll
0x00007ffe81080000 - 0x00007ffe8108f000 	C:\Program Files\Android\Android Studio\jre\jre\bin\verify.dll
0x00007ffe81050000 - 0x00007ffe81079000 	C:\Program Files\Android\Android Studio\jre\jre\bin\java.dll
0x00007ffe6a5d0000 - 0x00007ffe6a5e6000 	C:\Program Files\Android\Android Studio\jre\jre\bin\zip.dll
0x00007ffe92e30000 - 0x00007ffe9356f000 	C:\Windows\System32\SHELL32.dll
0x00007ffe90510000 - 0x00007ffe90ca0000 	C:\Windows\SYSTEM32\windows.storage.dll
0x00007ffe93ec0000 - 0x00007ffe94215000 	C:\Windows\System32\combase.dll
0x00007ffe91e60000 - 0x00007ffe91e8e000 	C:\Windows\SYSTEM32\Wldp.dll
0x00007ffe93e10000 - 0x00007ffe93ebd000 	C:\Windows\System32\SHCORE.dll
0x00007ffe93b80000 - 0x00007ffe93bd5000 	C:\Windows\System32\shlwapi.dll
0x00007ffe92350000 - 0x00007ffe9236f000 	C:\Windows\SYSTEM32\profapi.dll
0x00007ffe6a5b0000 - 0x00007ffe6a5ca000 	C:\Program Files\Android\Android Studio\jre\jre\bin\net.dll
0x00007ffe91bc0000 - 0x00007ffe91c2a000 	C:\Windows\system32\mswsock.dll
0x00007ffe6a590000 - 0x00007ffe6a5a3000 	C:\Program Files\Android\Android Studio\jre\jre\bin\nio.dll

VM Arguments:
java_command: org.jetbrains.kotlin.cli.jvm.K2JVMCompiler @D:\Code\Projects\Plasmahero-mobile\client\app\build\20211201_2559020947567814393.compiler.options
java_class_path (initial): C:\Users\Lenovo\.gradle\caches\modules-2\files-2.1\org.jetbrains.kotlin\kotlin-compiler-embeddable\1.4.32\b4fc9be460ca88eecea2303e142ce2920bd14775\kotlin-compiler-embeddable-1.4.32.jar;C:\Users\Lenovo\.gradle\caches\modules-2\files-2.1\org.jetbrains.kotlin\kotlin-reflect\1.4.32\ce852b166d97f0f1991b5130c2bb02e2ef6c554e\kotlin-reflect-1.4.32.jar;C:\Users\Lenovo\.gradle\caches\modules-2\files-2.1\org.jetbrains.kotlin\kotlin-stdlib\1.4.32\461367948840adbb0839c51d91ed74ef4a9ccb52\kotlin-stdlib-1.4.32.jar;C:\Users\Lenovo\.gradle\caches\modules-2\files-2.1\org.jetbrains.kotlin\kotlin-script-runtime\1.4.32\bac50b0748be017dbc13fc1cb7231b1c9da0e106\kotlin-script-runtime-1.4.32.jar;C:\Users\Lenovo\.gradle\caches\modules-2\files-2.1\org.jetbrains.kotlin\kotlin-daemon-embeddable\1.4.32\b40c5de5adea26ebb4e5fc36945c482ac20acee2\kotlin-daemon-embeddable-1.4.32.jar;C:\Users\Lenovo\.gradle\caches\modules-2\files-2.1\org.jetbrains.intellij.deps\trove4j\1.0.20181211\216c2e14b070f334479d800987affe4054cd563f\trove4j-1.0.20181211.jar;C:\Users\Lenovo\.gradle\caches\modules-2\files-2.1\org.jetbrains.kotlin\kotlin-stdlib-common\1.4.32\ef50bfa2c0491a11dcc35d9822edbfd6170e1ea2\kotlin-stdlib-common-1.4.32.jar;C:\Users\Lenovo\.gradle\caches\modules-2\files-2.1\org.jetbrains\annotations\13.0\919f0dfe192fb4e063e7dacadee7f8bb9a2672a9\annotations-13.0.jar;C:\Program Files\Android\Android Studio\jre\lib\tools.jar
Launcher Type: SUN_STANDARD

Environment Variables:
JAVA_HOME=C:\Program Files\Java\jdk-17.0.1
PATH=C:\Program Files\ImageMagick-7.0.11-Q16-HDRI;C:\Program Files (x86)\VMware\VMware Player\bin\;C:\Windows\system32;C:\Windows;C:\Windows\System32\Wbem;C:\Windows\System32\WindowsPowerShell\v1.0\;C:\Windows\System32\OpenSSH\;C:\Program Files (x86)\NVIDIA Corporation\PhysX\Common;C:\Program Files\NVIDIA Corporation\NVIDIA NvDLISR;C:\src\flutter\bin;C:\Program Files\Git\cmd;C:\xampp\php;C:\ProgramData\ComposerSetup\bin;C:\Program Files\nodejs\;C:\Program Files\MongoDB\Server\4.4\bin;C:\MinGW\bin;C:\Program Files\dotnet\;C:\xampp\apache\bin;C:\Program Files\ImageMagick-7.0.11-Q16-HDRI;C:\Program Files\Docker\Docker\resources\bin;C:\ProgramData\DockerDesktop\version-bin;C:\Program Files\Java\jdk-17.0.1\bin;C:\Program Files\Microsoft SQL Server\150\Tools\Binn\;C:\Program Files\Microsoft SQL Server\Client SDK\ODBC\170\Tools\Binn\;C:\Program Files\PuTTY\;C:\Users\Lenovo\AppData\Local\Programs\Python\Python39\Scripts\;C:\Users\Lenovo\AppData\Local\Programs\Python\Python39\;C:\Users\Lenovo\AppData\Local\Microsoft\WindowsApps;;C:\Users\Lenovo\AppData\Local\Programs\Microsoft VS Code\bin;C:\Users\Lenovo\AppData\Roaming\Composer\vendor\bin;C:\Program Files\heroku\bin;C:\Users\Lenovo\AppData\Roaming\npm;C:\Users\Lenovo\.dotnet\tools
USERNAME=Lenovo
OS=Windows_NT
PROCESSOR_IDENTIFIER=Intel64 Family 6 Model 142 Stepping 11, GenuineIntel



---------------  S Y S T E M  ---------------

OS: Windows 10.0 , 64 bit Build 19041 (10.0.19041.1348)

CPU:total 8 (initial active 8) (4 cores per cpu, 2 threads per core) family 6 model 142 stepping 11, cmov, cx8, fxsr, mmx, sse, sse2, sse3, ssse3, sse4.1, sse4.2, popcnt, avx, avx2, aes, clmul, erms, 3dnowpref, lzcnt, ht, tsc, tscinvbit, bmi1, bmi2, adx

Memory: 4k page, physical 12392180k(2142732k free), swap 12392180k(5604k free)

vm_info: OpenJDK 64-Bit Server VM (25.242-b01) for windows-amd64 JRE (1.8.0_242-release-1644-b01), built by "builder" with MS VC++ 10.0 (VS2010)

time: Wed Dec 01 21:16:31 2021
timezone: SE Asia Standard Time
elapsed time: 1 seconds (0d 0h 0m 1s)

