#
# There is insufficient memory for the Java Runtime Environment to continue.
# Native memory allocation (malloc) failed to allocate 32744 bytes for ChunkPool::allocate
# Possible reasons:
#   The system is out of physical RAM or swap space
#   The process is running with CompressedOops enabled, and the Java Heap may be blocking the growth of the native heap
# Possible solutions:
#   Reduce memory load on the system
#   Increase physical memory or swap space
#   Check if swap backing store is full
#   Decrease Java heap size (-Xmx/-Xms)
#   Decrease number of Java threads
#   Decrease Java thread stack sizes (-Xss)
#   Set larger code cache with -XX:ReservedCodeCacheSize=
#   JVM is running with Unscaled Compressed Oops mode in which the Java heap is
#     placed in the first 4GB address space. The Java Heap base address is the
#     maximum limit for the native heap growth. Please use -XX:HeapBaseMinAddress
#     to set the Java Heap base and to place the Java Heap above 4GB virtual address.
# This output file may be truncated or incomplete.
#
#  Out of Memory Error (allocation.cpp:272), pid=8352, tid=0x0000000000002168
#
# JRE version: OpenJDK Runtime Environment (8.0_242-b01) (build 1.8.0_242-release-1644-b01)
# Java VM: OpenJDK 64-Bit Server VM (25.242-b01 mixed mode windows-amd64 compressed oops)
# Failed to write core dump. Minidumps are not enabled by default on client versions of Windows
#

---------------  T H R E A D  ---------------

Current thread (0x000000001a9a8800):  JavaThread "Daemon worker" [_thread_in_vm, id=8552, stack(0x000000001df10000,0x000000001e010000)]

Stack: [0x000000001df10000,0x000000001e010000]
[error occurred during error reporting (printing stack bounds), id 0xc0000005]

Native frames: (J=compiled Java code, j=interpreted, Vv=VM code, C=native code)

Java frames: (J=compiled Java code, j=interpreted, Vv=VM code)
j  java.lang.Class.getDeclaredMethods0(Z)[Ljava/lang/reflect/Method;+0
J 1634 C1 java.lang.Class.privateGetDeclaredMethods(Z)[Ljava/lang/reflect/Method; (67 bytes) @ 0x0000000002e27c1c [0x0000000002e27900+0x31c]
j  java.lang.Class.getDeclaredMethods()[Ljava/lang/reflect/Method;+11
j  sun.reflect.annotation.AnnotationType$1.run()[Ljava/lang/reflect/Method;+4
j  sun.reflect.annotation.AnnotationType$1.run()Ljava/lang/Object;+1
v  ~StubRoutines::call_stub
J 985  java.security.AccessController.doPrivileged(Ljava/security/PrivilegedAction;)Ljava/lang/Object; (0 bytes) @ 0x0000000002c6e192 [0x0000000002c6e140+0x52]
j  sun.reflect.annotation.AnnotationType.<init>(Ljava/lang/Class;)V+30
j  sun.reflect.annotation.AnnotationType.getInstance(Ljava/lang/Class;)Lsun/reflect/annotation/AnnotationType;+21
j  sun.reflect.annotation.AnnotationParser.parseAnnotation2(Ljava/nio/ByteBuffer;Lsun/reflect/ConstantPool;Ljava/lang/Class;Z[Ljava/lang/Class;)Ljava/lang/annotation/Annotation;+116
j  sun.reflect.annotation.AnnotationParser.parseAnnotations2([BLsun/reflect/ConstantPool;Ljava/lang/Class;[Ljava/lang/Class;)Ljava/util/Map;+41
j  sun.reflect.annotation.AnnotationParser.parseAnnotations([BLsun/reflect/ConstantPool;Ljava/lang/Class;)Ljava/util/Map;+12
J 1661 C1 java.lang.reflect.Executable.declaredAnnotations()Ljava/util/Map; (82 bytes) @ 0x0000000002e35474 [0x0000000002e34e00+0x674]
J 1661 C1 java.lang.reflect.Executable.declaredAnnotations()Ljava/util/Map; (82 bytes) @ 0x0000000002e350ac [0x0000000002e34e00+0x2ac]
j  java.lang.reflect.Executable.getAnnotation(Ljava/lang/Class;)Ljava/lang/annotation/Annotation;+7
j  java.lang.reflect.Method.getAnnotation(Ljava/lang/Class;)Ljava/lang/annotation/Annotation;+2
j  org.gradle.internal.instantiation.generator.AbstractClassGenerator$DisabledAnnotationValidator.validateMethod(Ljava/lang/reflect/Method;Lorg/gradle/internal/reflect/PropertyAccessorType;)V+5
j  org.gradle.internal.instantiation.generator.AbstractClassGenerator.inspectType(Ljava/lang/Class;Ljava/util/List;Ljava/util/List;Lorg/gradle/internal/instantiation/generator/AbstractClassGenerator$UnclaimedPropertyHandler;)V+138
j  org.gradle.internal.instantiation.generator.AbstractClassGenerator.generateUnderLock(Ljava/lang/Class;)Lorg/gradle/internal/instantiation/generator/AbstractClassGenerator$GeneratedClassImpl;+327
j  org.gradle.internal.instantiation.generator.AbstractClassGenerator.lambda$new$0(Ljava/lang/Class;)Lorg/gradle/internal/instantiation/generator/AbstractClassGenerator$GeneratedClassImpl;+2
j  org.gradle.internal.instantiation.generator.AbstractClassGenerator$$Lambda$17.transform(Ljava/lang/Object;)Ljava/lang/Object;+8
j  org.gradle.cache.internal.DefaultCrossBuildInMemoryCacheFactory$AbstractCrossBuildInMemoryCache.get(Ljava/lang/Object;Lorg/gradle/api/Transformer;)Ljava/lang/Object;+26
j  org.gradle.internal.instantiation.generator.AbstractClassGenerator.generate(Ljava/lang/Class;)Lorg/gradle/internal/instantiation/generator/ClassGenerator$GeneratedClass;+27
j  org.gradle.internal.instantiation.generator.AsmBackedClassGenerator.generate(Ljava/lang/Class;)Lorg/gradle/internal/instantiation/generator/ClassGenerator$GeneratedClass;+2
j  org.gradle.internal.instantiation.generator.ParamsMatchingConstructorSelector.forParams(Ljava/lang/Class;[Ljava/lang/Object;)Lorg/gradle/internal/instantiation/generator/ClassGenerator$GeneratedConstructor;+5
j  org.gradle.internal.instantiation.generator.DependencyInjectingInstantiator.doCreate(Ljava/lang/Class;Lorg/gradle/api/Describable;[Ljava/lang/Object;)Ljava/lang/Object;+6
j  org.gradle.internal.instantiation.generator.DependencyInjectingInstantiator.newInstance(Ljava/lang/Class;[Ljava/lang/Object;)Ljava/lang/Object;+4
j  org.gradle.initialization.DefaultGradleLauncherFactory.doNewInstance(Lorg/gradle/api/internal/BuildDefinition;Lorg/gradle/internal/build/BuildState;Lorg/gradle/initialization/GradleLauncher;Lorg/gradle/internal/service/scopes/BuildTreeScopeServices;Ljava/util/List;)Lorg/gradle/initialization/DefaultGradleLauncher;+275
j  org.gradle.initialization.DefaultGradleLauncherFactory.newInstance(Lorg/gradle/api/internal/BuildDefinition;Lorg/gradle/internal/build/RootBuildState;Lorg/gradle/internal/service/scopes/BuildTreeScopeServices;)Lorg/gradle/initialization/GradleLauncher;+33
j  org.gradle.composite.internal.DefaultRootBuildState.<init>(Lorg/gradle/api/internal/BuildDefinition;Lorg/gradle/initialization/GradleLauncherFactory;Lorg/gradle/internal/event/ListenerManager;Lorg/gradle/internal/service/scopes/BuildTreeScopeServices;)V+15
j  org.gradle.composite.internal.DefaultIncludedBuildRegistry.createRootBuild(Lorg/gradle/api/internal/BuildDefinition;)Lorg/gradle/internal/build/RootBuildState;+35
j  org.gradle.launcher.exec.InProcessBuildActionExecuter.execute(Lorg/gradle/internal/invocation/BuildAction;Lorg/gradle/initialization/BuildRequestContext;Lorg/gradle/launcher/exec/BuildActionParameters;Lorg/gradle/internal/service/ServiceRegistry;)Lorg/gradle/launcher/exec/BuildActionResult;+61
j  org.gradle.launcher.exec.InProcessBuildActionExecuter.execute(Lorg/gradle/internal/invocation/BuildAction;Lorg/gradle/initialization/BuildRequestContext;Ljava/lang/Object;Lorg/gradle/internal/service/ServiceRegistry;)Lorg/gradle/launcher/exec/BuildActionResult;+9
j  org.gradle.launcher.exec.BuildTreeScopeBuildActionExecuter.execute(Lorg/gradle/internal/invocation/BuildAction;Lorg/gradle/initialization/BuildRequestContext;Lorg/gradle/launcher/exec/BuildActionParameters;Lorg/gradle/internal/service/ServiceRegistry;)Lorg/gradle/launcher/exec/BuildActionResult;+38
j  org.gradle.launcher.exec.BuildTreeScopeBuildActionExecuter.execute(Lorg/gradle/internal/invocation/BuildAction;Lorg/gradle/initialization/BuildRequestContext;Ljava/lang/Object;Lorg/gradle/internal/service/ServiceRegistry;)Lorg/gradle/launcher/exec/BuildActionResult;+9
j  org.gradle.tooling.internal.provider.ContinuousBuildActionExecuter.execute(Lorg/gradle/internal/invocation/BuildAction;Lorg/gradle/initialization/BuildRequestContext;Lorg/gradle/launcher/exec/BuildActionParameters;Lorg/gradle/internal/service/ServiceRegistry;)Lorg/gradle/launcher/exec/BuildActionResult;+58
j  org.gradle.tooling.internal.provider.ContinuousBuildActionExecuter.execute(Lorg/gradle/internal/invocation/BuildAction;Lorg/gradle/initialization/BuildRequestContext;Ljava/lang/Object;Lorg/gradle/internal/service/ServiceRegistry;)Lorg/gradle/launcher/exec/BuildActionResult;+9
j  org.gradle.tooling.internal.provider.SubscribableBuildActionExecuter.execute(Lorg/gradle/internal/invocation/BuildAction;Lorg/gradle/initialization/BuildRequestContext;Lorg/gradle/launcher/exec/BuildActionParameters;Lorg/gradle/internal/service/ServiceRegistry;)Lorg/gradle/launcher/exec/BuildActionResult;+41
j  org.gradle.tooling.internal.provider.SubscribableBuildActionExecuter.execute(Lorg/gradle/internal/invocation/BuildAction;Lorg/gradle/initialization/BuildRequestContext;Ljava/lang/Object;Lorg/gradle/internal/service/ServiceRegistry;)Lorg/gradle/launcher/exec/BuildActionResult;+9
j  org.gradle.tooling.internal.provider.SessionScopeBuildActionExecuter.execute(Lorg/gradle/internal/invocation/BuildAction;Lorg/gradle/initialization/BuildRequestContext;Lorg/gradle/launcher/exec/BuildActionParameters;Lorg/gradle/internal/service/ServiceRegistry;)Lorg/gradle/launcher/exec/BuildActionResult;+117
j  org.gradle.tooling.internal.provider.SessionScopeBuildActionExecuter.execute(Lorg/gradle/internal/invocation/BuildAction;Lorg/gradle/initialization/BuildRequestContext;Ljava/lang/Object;Lorg/gradle/internal/service/ServiceRegistry;)Lorg/gradle/launcher/exec/BuildActionResult;+9
j  org.gradle.tooling.internal.provider.GradleThreadBuildActionExecuter.execute(Lorg/gradle/internal/invocation/BuildAction;Lorg/gradle/initialization/BuildRequestContext;Lorg/gradle/launcher/exec/BuildActionParameters;Lorg/gradle/internal/service/ServiceRegistry;)Lorg/gradle/launcher/exec/BuildActionResult;+12
j  org.gradle.tooling.internal.provider.GradleThreadBuildActionExecuter.execute(Lorg/gradle/internal/invocation/BuildAction;Lorg/gradle/initialization/BuildRequestContext;Ljava/lang/Object;Lorg/gradle/internal/service/ServiceRegistry;)Lorg/gradle/launcher/exec/BuildActionResult;+9
j  org.gradle.tooling.internal.provider.StartParamsValidatingActionExecuter.execute(Lorg/gradle/internal/invocation/BuildAction;Lorg/gradle/initialization/BuildRequestContext;Lorg/gradle/launcher/exec/BuildActionParameters;Lorg/gradle/internal/service/ServiceRegistry;)Lorg/gradle/launcher/exec/BuildActionResult;+177
j  org.gradle.tooling.internal.provider.StartParamsValidatingActionExecuter.execute(Lorg/gradle/internal/invocation/BuildAction;Lorg/gradle/initialization/BuildRequestContext;Ljava/lang/Object;Lorg/gradle/internal/service/ServiceRegistry;)Lorg/gradle/launcher/exec/BuildActionResult;+9
j  org.gradle.tooling.internal.provider.SessionFailureReportingActionExecuter.execute(Lorg/gradle/internal/invocation/BuildAction;Lorg/gradle/initialization/BuildRequestContext;Lorg/gradle/launcher/exec/BuildActionParameters;Lorg/gradle/internal/service/ServiceRegistry;)Lorg/gradle/launcher/exec/BuildActionResult;+9
j  org.gradle.tooling.internal.provider.SessionFailureReportingActionExecuter.execute(Lorg/gradle/internal/invocation/BuildAction;Lorg/gradle/initialization/BuildRequestContext;Ljava/lang/Object;Lorg/gradle/internal/service/ServiceRegistry;)Lorg/gradle/launcher/exec/BuildActionResult;+9
j  org.gradle.tooling.internal.provider.SetupLoggingActionExecuter.execute(Lorg/gradle/internal/invocation/BuildAction;Lorg/gradle/initialization/BuildRequestContext;Lorg/gradle/launcher/exec/BuildActionParameters;Lorg/gradle/internal/service/ServiceRegistry;)Lorg/gradle/launcher/exec/BuildActionResult;+52
j  org.gradle.tooling.internal.provider.SetupLoggingActionExecuter.execute(Lorg/gradle/internal/invocation/BuildAction;Lorg/gradle/initialization/BuildRequestContext;Ljava/lang/Object;Lorg/gradle/internal/service/ServiceRegistry;)Lorg/gradle/launcher/exec/BuildActionResult;+9
j  org.gradle.launcher.daemon.server.exec.ExecuteBuild.doBuild(Lorg/gradle/launcher/daemon/server/api/DaemonCommandExecution;Lorg/gradle/launcher/daemon/protocol/Build;)V+118
j  org.gradle.launcher.daemon.server.exec.BuildCommandOnly.execute(Lorg/gradle/launcher/daemon/server/api/DaemonCommandExecution;)V+49
j  org.gradle.launcher.daemon.server.api.DaemonCommandExecution.proceed()Z+23
j  org.gradle.launcher.daemon.server.exec.WatchForDisconnection.execute(Lorg/gradle/launcher/daemon/server/api/DaemonCommandExecution;)V+19
j  org.gradle.launcher.daemon.server.api.DaemonCommandExecution.proceed()Z+23
j  org.gradle.launcher.daemon.server.exec.ResetDeprecationLogger.execute(Lorg/gradle/launcher/daemon/server/api/DaemonCommandExecution;)V+7
j  org.gradle.launcher.daemon.server.api.DaemonCommandExecution.proceed()Z+23
j  org.gradle.launcher.daemon.server.exec.RequestStopIfSingleUsedDaemon.execute(Lorg/gradle/launcher/daemon/server/api/DaemonCommandExecution;)V+33
j  org.gradle.launcher.daemon.server.api.DaemonCommandExecution.proceed()Z+23
j  org.gradle.launcher.daemon.server.exec.ForwardClientInput$2.create()Ljava/lang/Void;+4
j  org.gradle.launcher.daemon.server.exec.ForwardClientInput$2.create()Ljava/lang/Object;+1
j  org.gradle.util.Swapper.swap(Ljava/lang/Object;Lorg/gradle/internal/Factory;)Ljava/lang/Object;+21
j  org.gradle.launcher.daemon.server.exec.ForwardClientInput.execute(Lorg/gradle/launcher/daemon/server/api/DaemonCommandExecution;)V+63
j  org.gradle.launcher.daemon.server.api.DaemonCommandExecution.proceed()Z+23
j  org.gradle.launcher.daemon.server.exec.LogAndCheckHealth.execute(Lorg/gradle/launcher/daemon/server/api/DaemonCommandExecution;)V+28
j  org.gradle.launcher.daemon.server.api.DaemonCommandExecution.proceed()Z+23
j  org.gradle.launcher.daemon.server.exec.LogToClient.doBuild(Lorg/gradle/launcher/daemon/server/api/DaemonCommandExecution;Lorg/gradle/launcher/daemon/protocol/Build;)V+87
j  org.gradle.launcher.daemon.server.exec.BuildCommandOnly.execute(Lorg/gradle/launcher/daemon/server/api/DaemonCommandExecution;)V+49
j  org.gradle.launcher.daemon.server.api.DaemonCommandExecution.proceed()Z+23
j  org.gradle.launcher.daemon.server.exec.EstablishBuildEnvironment.doBuild(Lorg/gradle/launcher/daemon/server/api/DaemonCommandExecution;Lorg/gradle/launcher/daemon/protocol/Build;)V+351
j  org.gradle.launcher.daemon.server.exec.BuildCommandOnly.execute(Lorg/gradle/launcher/daemon/server/api/DaemonCommandExecution;)V+49
j  org.gradle.launcher.daemon.server.api.DaemonCommandExecution.proceed()Z+23
j  org.gradle.launcher.daemon.server.exec.StartBuildOrRespondWithBusy$1.run()V+44
j  org.gradle.launcher.daemon.server.DaemonStateCoordinator$1.run()V+4
j  org.gradle.internal.concurrent.ExecutorPolicy$CatchAndRecordFailures.onExecute(Ljava/lang/Runnable;)V+1
j  org.gradle.internal.concurrent.ManagedExecutorImpl$1.run()V+25
j  java.util.concurrent.ThreadPoolExecutor.runWorker(Ljava/util/concurrent/ThreadPoolExecutor$Worker;)V+95
j  java.util.concurrent.ThreadPoolExecutor$Worker.run()V+5
j  org.gradle.internal.concurrent.ThreadFactoryImpl$ManagedThreadRunnable.run()V+7
j  java.lang.Thread.run()V+11
v  ~StubRoutines::call_stub

---------------  P R O C E S S  ---------------

Java Threads: ( => current thread )
  0x000000001972c000 JavaThread "Cache worker for file hash cache (C:\Users\Lenovo\.gradle\caches\6.5\fileHashes)" [_thread_blocked, id=14192, stack(0x000000001e710000,0x000000001e810000)]
  0x0000000019729000 JavaThread "File lock request listener" [_thread_in_native, id=19004, stack(0x000000001e610000,0x000000001e710000)]
  0x000000001c5bb800 JavaThread "Cache worker for journal cache (C:\Users\Lenovo\.gradle\caches\journal-1)" [_thread_blocked, id=19108, stack(0x000000001e510000,0x000000001e610000)]
  0x000000001a7b1000 JavaThread "Thread-9" [_thread_blocked, id=10692, stack(0x000000001e210000,0x000000001e310000)]
  0x000000001a7ae800 JavaThread "Stdin handler" [_thread_blocked, id=1228, stack(0x000000001e110000,0x000000001e210000)]
  0x000000001a79b800 JavaThread "Asynchronous log dispatcher for DefaultDaemonConnection: socket connection from /127.0.0.1:51849 to /127.0.0.1:51850" [_thread_blocked, id=3688, stack(0x000000001e010000,0x000000001e110000)]
=>0x000000001a9a8800 JavaThread "Daemon worker" [_thread_in_vm, id=8552, stack(0x000000001df10000,0x000000001e010000)]
  0x000000001a9a7800 JavaThread "Cancel handler" [_thread_blocked, id=16452, stack(0x000000001dd10000,0x000000001de10000)]
  0x000000001a6bc800 JavaThread "Handler for socket connection from /127.0.0.1:51849 to /127.0.0.1:51850" [_thread_in_native, id=18100, stack(0x000000001dc10000,0x000000001dd10000)]
  0x000000001a6b4000 JavaThread "Daemon" [_thread_blocked, id=6872, stack(0x000000001d910000,0x000000001da10000)]
  0x000000001c257800 JavaThread "Daemon periodic checks" [_thread_blocked, id=21216, stack(0x000000001d810000,0x000000001d910000)]
  0x000000001c1a9800 JavaThread "Incoming local TCP Connector on port 51849" [_thread_in_native, id=18072, stack(0x000000001d5d0000,0x000000001d6d0000)]
  0x000000001c13c800 JavaThread "Daemon health stats" [_thread_blocked, id=21156, stack(0x000000001cf90000,0x000000001d090000)]
  0x00000000197c7000 JavaThread "Service Thread" daemon [_thread_blocked, id=1132, stack(0x000000001a3f0000,0x000000001a4f0000)]
  0x000000001972f000 JavaThread "C1 CompilerThread3" daemon [_thread_in_native, id=15596, stack(0x000000001a2f0000,0x000000001a3f0000)]
  0x0000000019728800 JavaThread "C2 CompilerThread2" daemon [_thread_in_native, id=18712, stack(0x000000001a1f0000,0x000000001a2f0000)]
  0x000000001972b800 JavaThread "C2 CompilerThread1" daemon [_thread_in_native, id=19736, stack(0x000000001a0f0000,0x000000001a1f0000)]
  0x0000000019724800 JavaThread "C2 CompilerThread0" daemon [_thread_in_native, id=2292, stack(0x0000000019ff0000,0x000000001a0f0000)]
  0x000000001971f000 JavaThread "Attach Listener" daemon [_thread_blocked, id=16336, stack(0x0000000019ef0000,0x0000000019ff0000)]
  0x000000001971e000 JavaThread "Signal Dispatcher" daemon [_thread_blocked, id=18652, stack(0x0000000019df0000,0x0000000019ef0000)]
  0x0000000019710800 JavaThread "Finalizer" daemon [_thread_blocked, id=9736, stack(0x0000000019bf0000,0x0000000019cf0000)]
  0x0000000002898800 JavaThread "Reference Handler" daemon [_thread_blocked, id=12836, stack(0x0000000019af0000,0x0000000019bf0000)]
  0x00000000027a2800 JavaThread "main" [_thread_blocked, id=11440, stack(0x00000000026a0000,0x00000000027a0000)]

Other Threads:
  0x0000000017906800 VMThread [stack: 0x00000000195f0000,0x00000000196f0000] [id=8464]
  0x00000000197c8000 WatcherThread [stack: 0x000000001a4f0000,0x000000001a5f0000] [id=19064]

VM state:not at safepoint (normal execution)

VM Mutex/Monitor currently owned by a thread: None

heap address: 0x0000000080000000, size: 2048 MB, Compressed Oops mode: 32-bit
Narrow klass base: 0x0000000000000000, Narrow klass shift: 3
Compressed class space size: 1073741824 Address: 0x0000000100000000

Heap:
 PSYoungGen      total 56832K, used 38845K [0x00000000d5580000, 0x00000000dc480000, 0x0000000100000000)
  eden space 49152K, 63% used [0x00000000d5580000,0x00000000d73f23b8,0x00000000d8580000)
  from space 7680K, 99% used [0x00000000d8580000,0x00000000d8cfd2e0,0x00000000d8d00000)
  to   space 7680K, 0% used [0x00000000dbd00000,0x00000000dbd00000,0x00000000dc480000)
 ParOldGen       total 130048K, used 1416K [0x0000000080000000, 0x0000000087f00000, 0x00000000d5580000)
  object space 130048K, 1% used [0x0000000080000000,0x0000000080162390,0x0000000087f00000)
 Metaspace       used 18709K, capacity 19340K, committed 19456K, reserved 1067008K
  class space    used 2564K, capacity 2772K, committed 2816K, reserved 1048576K

Card table byte_map: [0x0000000011c60000,0x0000000012070000] byte_map_base: 0x0000000011860000

Marking Bits: (ParMarkBitMap*) 0x000000005d34f030
 Begin Bits: [0x0000000012b20000, 0x0000000014b20000)
 End Bits:   [0x0000000014b20000, 0x0000000016b20000)

Polling page: 0x0000000000e30000

CodeCache: size=245760Kb used=5710Kb max_used=5710Kb free=240049Kb
 bounds [0x00000000028a0000, 0x0000000002e40000, 0x00000000118a0000]
 total_blobs=2064 nmethods=1653 adapters=324
 compilation: enabled

Compilation events (10 events):
Event: 2.125 Thread 0x000000001972f000 nmethod 1657 0x0000000002e32490 code [0x0000000002e32620, 0x0000000002e32918]
Event: 2.125 Thread 0x000000001972f000 1655       3       java.util.TreeMap::setColor (10 bytes)
Event: 2.125 Thread 0x000000001972f000 nmethod 1655 0x0000000002e32a90 code [0x0000000002e32be0, 0x0000000002e32d50]
Event: 2.125 Thread 0x000000001972f000 1659       1       java.util.Collections$EmptyMap::get (2 bytes)
Event: 2.125 Thread 0x000000001972f000 nmethod 1659 0x0000000002e32e10 code [0x0000000002e32f60, 0x0000000002e33070]
Event: 2.125 Thread 0x000000001972f000 1660       3       sun.misc.ProxyGenerator$ConstantPool::getMethodRef (33 bytes)
Event: 2.126 Thread 0x000000001972f000 nmethod 1660 0x0000000002e330d0 code [0x0000000002e33360, 0x0000000002e34108]
Event: 2.126 Thread 0x000000001972f000 1661   !   3       java.lang.reflect.Executable::declaredAnnotations (82 bytes)
Event: 2.126 Thread 0x000000001972f000 nmethod 1661 0x0000000002e34c10 code [0x0000000002e34e00, 0x0000000002e35728]
Event: 2.126 Thread 0x000000001972f000 1663       3       org.gradle.internal.reflect.PropertyAccessorType::of (95 bytes)

GC Heap History (6 events):
Event: 0.653 GC heap before
{Heap before GC invocations=1 (full 0):
 PSYoungGen      total 56832K, used 49152K [0x00000000d5580000, 0x00000000d9480000, 0x0000000100000000)
  eden space 49152K, 100% used [0x00000000d5580000,0x00000000d8580000,0x00000000d8580000)
  from space 7680K, 0% used [0x00000000d8d00000,0x00000000d8d00000,0x00000000d9480000)
  to   space 7680K, 0% used [0x00000000d8580000,0x00000000d8580000,0x00000000d8d00000)
 ParOldGen       total 130048K, used 0K [0x0000000080000000, 0x0000000087f00000, 0x00000000d5580000)
  object space 130048K, 0% used [0x0000000080000000,0x0000000080000000,0x0000000087f00000)
 Metaspace       used 7552K, capacity 7838K, committed 8064K, reserved 1056768K
  class space    used 928K, capacity 1037K, committed 1152K, reserved 1048576K
Event: 0.657 GC heap after
Heap after GC invocations=1 (full 0):
 PSYoungGen      total 56832K, used 4913K [0x00000000d5580000, 0x00000000d9480000, 0x0000000100000000)
  eden space 49152K, 0% used [0x00000000d5580000,0x00000000d5580000,0x00000000d8580000)
  from space 7680K, 63% used [0x00000000d8580000,0x00000000d8a4c660,0x00000000d8d00000)
  to   space 7680K, 0% used [0x00000000d8d00000,0x00000000d8d00000,0x00000000d9480000)
 ParOldGen       total 130048K, used 16K [0x0000000080000000, 0x0000000087f00000, 0x00000000d5580000)
  object space 130048K, 0% used [0x0000000080000000,0x0000000080004000,0x0000000087f00000)
 Metaspace       used 7552K, capacity 7838K, committed 8064K, reserved 1056768K
  class space    used 928K, capacity 1037K, committed 1152K, reserved 1048576K
}
Event: 1.589 GC heap before
{Heap before GC invocations=2 (full 0):
 PSYoungGen      total 56832K, used 54065K [0x00000000d5580000, 0x00000000d9480000, 0x0000000100000000)
  eden space 49152K, 100% used [0x00000000d5580000,0x00000000d8580000,0x00000000d8580000)
  from space 7680K, 63% used [0x00000000d8580000,0x00000000d8a4c660,0x00000000d8d00000)
  to   space 7680K, 0% used [0x00000000d8d00000,0x00000000d8d00000,0x00000000d9480000)
 ParOldGen       total 130048K, used 16K [0x0000000080000000, 0x0000000087f00000, 0x00000000d5580000)
  object space 130048K, 0% used [0x0000000080000000,0x0000000080004000,0x0000000087f00000)
 Metaspace       used 11344K, capacity 11594K, committed 11904K, reserved 1058816K
  class space    used 1499K, capacity 1607K, committed 1664K, reserved 1048576K
Event: 1.595 GC heap after
Heap after GC invocations=2 (full 0):
 PSYoungGen      total 56832K, used 6318K [0x00000000d5580000, 0x00000000d9480000, 0x0000000100000000)
  eden space 49152K, 0% used [0x00000000d5580000,0x00000000d5580000,0x00000000d8580000)
  from space 7680K, 82% used [0x00000000d8d00000,0x00000000d932b800,0x00000000d9480000)
  to   space 7680K, 0% used [0x00000000d8580000,0x00000000d8580000,0x00000000d8d00000)
 ParOldGen       total 130048K, used 24K [0x0000000080000000, 0x0000000087f00000, 0x00000000d5580000)
  object space 130048K, 0% used [0x0000000080000000,0x0000000080006000,0x0000000087f00000)
 Metaspace       used 11344K, capacity 11594K, committed 11904K, reserved 1058816K
  class space    used 1499K, capacity 1607K, committed 1664K, reserved 1048576K
}
Event: 1.921 GC heap before
{Heap before GC invocations=3 (full 0):
 PSYoungGen      total 56832K, used 55470K [0x00000000d5580000, 0x00000000d9480000, 0x0000000100000000)
  eden space 49152K, 100% used [0x00000000d5580000,0x00000000d8580000,0x00000000d8580000)
  from space 7680K, 82% used [0x00000000d8d00000,0x00000000d932b800,0x00000000d9480000)
  to   space 7680K, 0% used [0x00000000d8580000,0x00000000d8580000,0x00000000d8d00000)
 ParOldGen       total 130048K, used 24K [0x0000000080000000, 0x0000000087f00000, 0x00000000d5580000)
  object space 130048K, 0% used [0x0000000080000000,0x0000000080006000,0x0000000087f00000)
 Metaspace       used 16524K, capacity 17180K, committed 17280K, reserved 1064960K
  class space    used 2208K, capacity 2400K, committed 2432K, reserved 1048576K
Event: 1.928 GC heap after
Heap after GC invocations=3 (full 0):
 PSYoungGen      total 56832K, used 7668K [0x00000000d5580000, 0x00000000dc480000, 0x0000000100000000)
  eden space 49152K, 0% used [0x00000000d5580000,0x00000000d5580000,0x00000000d8580000)
  from space 7680K, 99% used [0x00000000d8580000,0x00000000d8cfd2e0,0x00000000d8d00000)
  to   space 7680K, 0% used [0x00000000dbd00000,0x00000000dbd00000,0x00000000dc480000)
 ParOldGen       total 130048K, used 1416K [0x0000000080000000, 0x0000000087f00000, 0x00000000d5580000)
  object space 130048K, 1% used [0x0000000080000000,0x0000000080162390,0x0000000087f00000)
 Metaspace       used 16524K, capacity 17180K, committed 17280K, reserved 1064960K
  class space    used 2208K, capacity 2400K, committed 2432K, reserved 1048576K
}

Deoptimization events (10 events):
Event: 1.787 Thread 0x000000001a9a8800 Uncommon trap: reason=class_check action=maybe_recompile pc=0x0000000002bb2c58 method=java.util.regex.Matcher.match(II)Z @ 86
Event: 1.787 Thread 0x000000001a9a8800 Uncommon trap: reason=class_check action=maybe_recompile pc=0x0000000002a4e64c method=java.util.regex.Matcher.match(II)Z @ 86
Event: 1.850 Thread 0x000000001a9a8800 Uncommon trap: reason=unstable_if action=reinterpret pc=0x0000000002bb915c method=java.io.File.getName()Ljava/lang/String; @ 16
Event: 1.850 Thread 0x000000001a9a8800 Uncommon trap: reason=unstable_if action=reinterpret pc=0x0000000002bbb754 method=java.lang.String.substring(I)Ljava/lang/String; @ 35
Event: 1.977 Thread 0x000000001a9a8800 Uncommon trap: reason=unstable_if action=reinterpret pc=0x0000000002bb9970 method=java.util.LinkedHashMap.afterNodeInsertion(Z)V @ 1
Event: 1.978 Thread 0x000000001a9a8800 Uncommon trap: reason=unstable_if action=reinterpret pc=0x0000000002afee44 method=java.util.HashMap.getNode(ILjava/lang/Object;)Ljava/util/HashMap$Node; @ 129
Event: 1.978 Thread 0x000000001a9a8800 Uncommon trap: reason=bimorphic action=maybe_recompile pc=0x0000000002d6b97c method=java.util.HashMap.putVal(ILjava/lang/Object;Ljava/lang/Object;ZZ)Ljava/lang/Object; @ 203
Event: 1.980 Thread 0x000000001a9a8800 Uncommon trap: reason=unstable_if action=reinterpret pc=0x0000000002af1750 method=java.util.HashMap.getNode(ILjava/lang/Object;)Ljava/util/HashMap$Node; @ 129
Event: 1.980 Thread 0x000000001a9a8800 Uncommon trap: reason=bimorphic action=maybe_recompile pc=0x0000000002d6b97c method=java.util.HashMap.putVal(ILjava/lang/Object;Ljava/lang/Object;ZZ)Ljava/lang/Object; @ 203
Event: 2.054 Thread 0x000000001a9a8800 Uncommon trap: reason=unstable_if action=reinterpret pc=0x0000000002dd4c0c method=java.util.jar.Attributes$Name.isDigit(C)Z @ 3

Classes redefined (0 events):
No events

Internal exceptions (10 events):
Event: 1.614 Thread 0x000000001a6bc800 Exception <a 'java/lang/NoSuchMethodError': <clinit>> (0x00000000d56788a0) thrown at [C:\src\AOSP-openjdk-git\hotspot\src\share\vm\prims\jni.cpp, line 1615]
Event: 1.615 Thread 0x000000001a6bc800 Exception <a 'java/lang/NoSuchMethodError': <clinit>> (0x00000000d568cea0) thrown at [C:\src\AOSP-openjdk-git\hotspot\src\share\vm\prims\jni.cpp, line 1615]
Event: 1.621 Thread 0x000000001a6bc800 Exception <a 'java/lang/NoSuchMethodError': <clinit>> (0x00000000d5749df8) thrown at [C:\src\AOSP-openjdk-git\hotspot\src\share\vm\prims\jni.cpp, line 1615]
Event: 1.624 Thread 0x000000001a6bc800 Exception <a 'java/lang/NoSuchMethodError': <clinit>> (0x00000000d5784300) thrown at [C:\src\AOSP-openjdk-git\hotspot\src\share\vm\prims\jni.cpp, line 1615]
Event: 1.628 Thread 0x000000001a6bc800 Exception <a 'java/lang/NoSuchMethodError': <clinit>> (0x00000000d57b9f90) thrown at [C:\src\AOSP-openjdk-git\hotspot\src\share\vm\prims\jni.cpp, line 1615]
Event: 1.629 Thread 0x000000001a6bc800 Exception <a 'java/lang/NoSuchMethodError': <clinit>> (0x00000000d57c64c0) thrown at [C:\src\AOSP-openjdk-git\hotspot\src\share\vm\prims\jni.cpp, line 1615]
Event: 1.872 Thread 0x000000001a9a8800 Exception <a 'java/lang/NoSuchMethodError': java.lang.Object.lambda$and$0(Ljava/util/function/Predicate;Ljava/lang/Object;)Z> (0x00000000d7d35ca8) thrown at [C:\src\AOSP-openjdk-git\hotspot\src\share\vm\interpreter\linkResolver.cpp, line 620]
Event: 1.874 Thread 0x000000001a9a8800 Exception <a 'java/lang/IncompatibleClassChangeError': Found class java.lang.Object, but interface was expected> (0x00000000d7d45fa0) thrown at [C:\src\AOSP-openjdk-git\hotspot\src\share\vm\interpreter\linkResolver.cpp, line 653]
Event: 1.875 Thread 0x000000001a9a8800 Exception <a 'java/lang/NoSuchMethodError': java.lang.Object.lambda$or$2(Ljava/util/function/Predicate;Ljava/lang/Object;)Z> (0x00000000d7d4aaf0) thrown at [C:\src\AOSP-openjdk-git\hotspot\src\share\vm\interpreter\linkResolver.cpp, line 620]
Event: 2.006 Thread 0x000000001a9a8800 Exception <a 'java/lang/NoSuchMethodError': java.lang.Object.lambda$static$0(Lorg/gradle/internal/state/ModelObject;)Ljava/lang/String;> (0x00000000d6574f78) thrown at [C:\src\AOSP-openjdk-git\hotspot\src\share\vm\interpreter\linkResolver.cpp, line 620]

Events (10 events):
Event: 2.123 loading class org/gradle/api/plugins/ObjectConfigurationAction
Event: 2.123 loading class org/gradle/api/plugins/ObjectConfigurationAction done
Event: 2.123 loading class org/gradle/api/plugins/PluginContainer
Event: 2.123 loading class org/gradle/api/plugins/PluginContainer done
Event: 2.123 loading class org/gradle/api/plugins/PluginCollection
Event: 2.123 loading class org/gradle/api/plugins/PluginCollection done
Event: 2.124 loading class org/gradle/configuration/ConfigurationTargetIdentifier
Event: 2.124 loading class org/gradle/configuration/ConfigurationTargetIdentifier done
Event: 2.127 loading class javax/annotation/Nullable
Event: 2.127 loading class javax/annotation/Nullable done


Dynamic libraries:
0x00007ff7bf8d0000 - 0x00007ff7bf901000 	C:\Program Files\Android\Android Studio\jre\bin\java.exe
0x00007ffe94cf0000 - 0x00007ffe94ee5000 	C:\Windows\SYSTEM32\ntdll.dll
0x00007ffe948e0000 - 0x00007ffe9499e000 	C:\Windows\System32\KERNEL32.DLL
0x00007ffe92550000 - 0x00007ffe92818000 	C:\Windows\System32\KERNELBASE.dll
0x00007ffe94500000 - 0x00007ffe945ac000 	C:\Windows\System32\ADVAPI32.dll
0x00007ffe92d40000 - 0x00007ffe92dde000 	C:\Windows\System32\msvcrt.dll
0x00007ffe94840000 - 0x00007ffe948db000 	C:\Windows\System32\sechost.dll
0x00007ffe949a0000 - 0x00007ffe94aca000 	C:\Windows\System32\RPCRT4.dll
0x00007ffe94350000 - 0x00007ffe944f1000 	C:\Windows\System32\USER32.dll
0x00007ffe92a20000 - 0x00007ffe92a42000 	C:\Windows\System32\win32u.dll
0x00007ffe92df0000 - 0x00007ffe92e1b000 	C:\Windows\System32\GDI32.dll
0x00007ffe92ad0000 - 0x00007ffe92bdb000 	C:\Windows\System32\gdi32full.dll
0x00007ffe92880000 - 0x00007ffe9291d000 	C:\Windows\System32\msvcp_win.dll
0x00007ffe92920000 - 0x00007ffe92a20000 	C:\Windows\System32\ucrtbase.dll
0x00007ffe7c090000 - 0x00007ffe7c32a000 	C:\Windows\WinSxS\amd64_microsoft.windows.common-controls_6595b64144ccf1df_6.0.19041.1110_none_60b5254171f9507e\COMCTL32.dll
0x00007ffe94760000 - 0x00007ffe94790000 	C:\Windows\System32\IMM32.DLL
0x000000005c910000 - 0x000000005c9e2000 	C:\Program Files\Android\Android Studio\jre\jre\bin\msvcr100.dll
0x000000005cb80000 - 0x000000005d3cb000 	C:\Program Files\Android\Android Studio\jre\jre\bin\server\jvm.dll
0x00007ffe92de0000 - 0x00007ffe92de8000 	C:\Windows\System32\PSAPI.DLL
0x00007ffe8a3f0000 - 0x00007ffe8a3f9000 	C:\Windows\SYSTEM32\WSOCK32.dll
0x00007ffe82090000 - 0x00007ffe820b7000 	C:\Windows\SYSTEM32\WINMM.dll
0x00007ffe87ce0000 - 0x00007ffe87cea000 	C:\Windows\SYSTEM32\VERSION.dll
0x00007ffe94bb0000 - 0x00007ffe94c1b000 	C:\Windows\System32\WS2_32.dll
0x00007ffe81080000 - 0x00007ffe8108f000 	C:\Program Files\Android\Android Studio\jre\jre\bin\verify.dll
0x00007ffe81050000 - 0x00007ffe81079000 	C:\Program Files\Android\Android Studio\jre\jre\bin\java.dll
0x00007ffe6a5d0000 - 0x00007ffe6a5e6000 	C:\Program Files\Android\Android Studio\jre\jre\bin\zip.dll
0x00007ffe92e30000 - 0x00007ffe9356f000 	C:\Windows\System32\SHELL32.dll
0x00007ffe90510000 - 0x00007ffe90ca0000 	C:\Windows\SYSTEM32\windows.storage.dll
0x00007ffe93ec0000 - 0x00007ffe94215000 	C:\Windows\System32\combase.dll
0x00007ffe91e60000 - 0x00007ffe91e8e000 	C:\Windows\SYSTEM32\Wldp.dll
0x00007ffe93e10000 - 0x00007ffe93ebd000 	C:\Windows\System32\SHCORE.dll
0x00007ffe93b80000 - 0x00007ffe93bd5000 	C:\Windows\System32\shlwapi.dll
0x00007ffe92350000 - 0x00007ffe9236f000 	C:\Windows\SYSTEM32\profapi.dll
0x00007ffe6a5b0000 - 0x00007ffe6a5ca000 	C:\Program Files\Android\Android Studio\jre\jre\bin\net.dll
0x00007ffe91bc0000 - 0x00007ffe91c2a000 	C:\Windows\system32\mswsock.dll
0x00007ffe6a590000 - 0x00007ffe6a5a3000 	C:\Program Files\Android\Android Studio\jre\jre\bin\nio.dll
0x00007ffe810a0000 - 0x00007ffe810c7000 	C:\Users\Lenovo\.gradle\native\f6784746aeab05261644944871eae4fe03e0ef1612fff0a4a95f87b438bc6780\windows-amd64\native-platform.dll
0x00007ffe7c410000 - 0x00007ffe7c41d000 	C:\Program Files\Android\Android Studio\jre\jre\bin\management.dll
0x00007ffe91db0000 - 0x00007ffe91dc8000 	C:\Windows\SYSTEM32\CRYPTSP.dll
0x00007ffe914d0000 - 0x00007ffe91504000 	C:\Windows\system32\rsaenh.dll
0x00007ffe92aa0000 - 0x00007ffe92ac7000 	C:\Windows\System32\bcrypt.dll
0x00007ffe92310000 - 0x00007ffe9233e000 	C:\Windows\SYSTEM32\USERENV.dll
0x00007ffe92410000 - 0x00007ffe92493000 	C:\Windows\System32\bcryptprimitives.dll
0x00007ffe91dd0000 - 0x00007ffe91ddc000 	C:\Windows\SYSTEM32\CRYPTBASE.dll
0x00007ffe91860000 - 0x00007ffe9189b000 	C:\Windows\SYSTEM32\IPHLPAPI.DLL
0x00007ffe92e20000 - 0x00007ffe92e28000 	C:\Windows\System32\NSI.dll
0x00007ffe86960000 - 0x00007ffe86977000 	C:\Windows\SYSTEM32\dhcpcsvc6.DLL
0x00007ffe86780000 - 0x00007ffe8679d000 	C:\Windows\SYSTEM32\dhcpcsvc.DLL
0x00007ffe918a0000 - 0x00007ffe9196b000 	C:\Windows\SYSTEM32\DNSAPI.dll
0x00007ffe86bd0000 - 0x00007ffe86bdb000 	C:\Windows\SYSTEM32\WINNSI.DLL

VM Arguments:
jvm_args: -Xmx2048m -Dfile.encoding=UTF-8 -Duser.country=ID -Duser.language=en -Duser.variant 
java_command: org.gradle.launcher.daemon.bootstrap.GradleDaemon 6.5
java_class_path (initial): C:\Users\Lenovo\.gradle\wrapper\dists\gradle-6.5-bin\6nifqtx7604sqp1q6g8wikw7p\gradle-6.5\lib\gradle-launcher-6.5.jar
Launcher Type: SUN_STANDARD

Environment Variables:
JAVA_HOME=C:\Program Files\Java\jdk-17.0.1
PATH=C:\Program Files\ImageMagick-7.0.11-Q16-HDRI;C:\Program Files (x86)\VMware\VMware Player\bin\;C:\Windows\system32;C:\Windows;C:\Windows\System32\Wbem;C:\Windows\System32\WindowsPowerShell\v1.0\;C:\Windows\System32\OpenSSH\;C:\Program Files (x86)\NVIDIA Corporation\PhysX\Common;C:\Program Files\NVIDIA Corporation\NVIDIA NvDLISR;C:\src\flutter\bin;C:\Program Files\Git\cmd;C:\xampp\php;C:\ProgramData\ComposerSetup\bin;C:\Program Files\nodejs\;C:\Program Files\MongoDB\Server\4.4\bin;C:\MinGW\bin;C:\Program Files\dotnet\;C:\xampp\apache\bin;C:\Program Files\ImageMagick-7.0.11-Q16-HDRI;C:\Program Files\Docker\Docker\resources\bin;C:\ProgramData\DockerDesktop\version-bin;C:\Program Files\Java\jdk-17.0.1\bin;C:\Program Files\Microsoft SQL Server\150\Tools\Binn\;C:\Program Files\Microsoft SQL Server\Client SDK\ODBC\170\Tools\Binn\;C:\Program Files\PuTTY\;C:\Users\Lenovo\AppData\Local\Programs\Python\Python39\Scripts\;C:\Users\Lenovo\AppData\Local\Programs\Python\Python39\;C:\Users\Lenovo\AppData\Local\Microsoft\WindowsApps;;C:\Users\Lenovo\AppData\Local\Programs\Microsoft VS Code\bin;C:\Users\Lenovo\AppData\Roaming\Composer\vendor\bin;C:\Program Files\heroku\bin;C:\Users\Lenovo\AppData\Roaming\npm;C:\Users\Lenovo\.dotnet\tools
USERNAME=Lenovo
OS=Windows_NT
PROCESSOR_IDENTIFIER=Intel64 Family 6 Model 142 Stepping 11, GenuineIntel



---------------  S Y S T E M  ---------------

OS: Windows 10.0 , 64 bit Build 19041 (10.0.19041.1348)

CPU:total 8 (initial active 8) (4 cores per cpu, 2 threads per core) family 6 model 142 stepping 11, cmov, cx8, fxsr, mmx, sse, sse2, sse3, ssse3, sse4.1, sse4.2, popcnt, avx, avx2, aes, clmul, erms, 3dnowpref, lzcnt, ht, tsc, tscinvbit, bmi1, bmi2, adx

Memory: 4k page, physical 12392180k(2072144k free), swap 12392180k(5144k free)

vm_info: OpenJDK 64-Bit Server VM (25.242-b01) for windows-amd64 JRE (1.8.0_242-release-1644-b01), built by "builder" with MS VC++ 10.0 (VS2010)

time: Wed Dec 01 21:15:19 2021
timezone: SE Asia Standard Time
elapsed time: 2 seconds (0d 0h 0m 2s)

