#
# There is insufficient memory for the Java Runtime Environment to continue.
# Native memory allocation (malloc) failed to allocate 32744 bytes for ChunkPool::allocate
# Possible reasons:
#   The system is out of physical RAM or swap space
#   The process is running with CompressedOops enabled, and the Java Heap may be blocking the growth of the native heap
# Possible solutions:
#   Reduce memory load on the system
#   Increase physical memory or swap space
#   Check if swap backing store is full
#   Decrease Java heap size (-Xmx/-Xms)
#   Decrease number of Java threads
#   Decrease Java thread stack sizes (-Xss)
#   Set larger code cache with -XX:ReservedCodeCacheSize=
#   JVM is running with Unscaled Compressed Oops mode in which the Java heap is
#     placed in the first 4GB address space. The Java Heap base address is the
#     maximum limit for the native heap growth. Please use -XX:HeapBaseMinAddress
#     to set the Java Heap base and to place the Java Heap above 4GB virtual address.
# This output file may be truncated or incomplete.
#
#  Out of Memory Error (allocation.cpp:272), pid=11660, tid=0x0000000000001ac0
#
# JRE version: OpenJDK Runtime Environment (8.0_242-b01) (build 1.8.0_242-release-1644-b01)
# Java VM: OpenJDK 64-Bit Server VM (25.242-b01 mixed mode windows-amd64 compressed oops)
# Failed to write core dump. Minidumps are not enabled by default on client versions of Windows
#

---------------  T H R E A D  ---------------

Current thread (0x0000000019fe2000):  JavaThread "C2 CompilerThread0" daemon [_thread_in_native, id=6848, stack(0x000000001a8b0000,0x000000001a9b0000)]

Stack: [0x000000001a8b0000,0x000000001a9b0000]
[error occurred during error reporting (printing stack bounds), id 0xc0000005]

Native frames: (J=compiled Java code, j=interpreted, Vv=VM code, C=native code)


Current CompileTask:
C2:   2199 1517   !   4       java.net.URLClassLoader$1::run (63 bytes)


---------------  P R O C E S S  ---------------

Java Threads: ( => current thread )
  0x000000001cabf800 JavaThread "Cache worker for file hash cache (C:\Users\Lenovo\.gradle\caches\6.5\fileHashes)" [_thread_blocked, id=3448, stack(0x000000001efd0000,0x000000001f0d0000)]
  0x000000001cac2000 JavaThread "File lock request listener" [_thread_in_native, id=18692, stack(0x000000001eed0000,0x000000001efd0000)]
  0x000000001cae2800 JavaThread "Cache worker for journal cache (C:\Users\Lenovo\.gradle\caches\journal-1)" [_thread_blocked, id=9004, stack(0x000000001edd0000,0x000000001eed0000)]
  0x000000001b17e000 JavaThread "Thread-9" [_thread_blocked, id=7316, stack(0x000000001ead0000,0x000000001ebd0000)]
  0x000000001b09b800 JavaThread "Stdin handler" [_thread_blocked, id=904, stack(0x000000001e9d0000,0x000000001ead0000)]
  0x000000001b063800 JavaThread "Asynchronous log dispatcher for DefaultDaemonConnection: socket connection from /127.0.0.1:51843 to /127.0.0.1:51844" [_thread_blocked, id=3348, stack(0x000000001e8d0000,0x000000001e9d0000)]
  0x000000001afb3000 JavaThread "Daemon worker" [_thread_in_Java, id=20808, stack(0x000000001e7d0000,0x000000001e8d0000)]
  0x000000001caf2800 JavaThread "Cancel handler" [_thread_blocked, id=16776, stack(0x000000001e5d0000,0x000000001e6d0000)]
  0x000000001cb4d800 JavaThread "Handler for socket connection from /127.0.0.1:51843 to /127.0.0.1:51844" [_thread_in_native, id=13656, stack(0x000000001e4d0000,0x000000001e5d0000)]
  0x000000001af76800 JavaThread "Daemon" [_thread_blocked, id=3320, stack(0x000000001e1d0000,0x000000001e2d0000)]
  0x000000001cb4a000 JavaThread "Daemon periodic checks" [_thread_blocked, id=7028, stack(0x000000001e0d0000,0x000000001e1d0000)]
  0x000000001ca7e000 JavaThread "Incoming local TCP Connector on port 51843" [_thread_in_native, id=4424, stack(0x000000001de90000,0x000000001df90000)]
  0x000000001c9e3800 JavaThread "Daemon health stats" [_thread_blocked, id=916, stack(0x000000001d850000,0x000000001d950000)]
  0x000000001a078000 JavaThread "Service Thread" daemon [_thread_blocked, id=17096, stack(0x000000001acb0000,0x000000001adb0000)]
  0x0000000019fee800 JavaThread "C1 CompilerThread3" daemon [_thread_in_native, id=17352, stack(0x000000001abb0000,0x000000001acb0000)]
  0x0000000019fea800 JavaThread "C2 CompilerThread2" daemon [_thread_in_native, id=10292, stack(0x000000001aab0000,0x000000001abb0000)]
  0x0000000019fe9000 JavaThread "C2 CompilerThread1" daemon [_thread_in_native, id=8748, stack(0x000000001a9b0000,0x000000001aab0000)]
=>0x0000000019fe2000 JavaThread "C2 CompilerThread0" daemon [_thread_in_native, id=6848, stack(0x000000001a8b0000,0x000000001a9b0000)]
  0x0000000019fe1000 JavaThread "Attach Listener" daemon [_thread_blocked, id=11796, stack(0x000000001a7b0000,0x000000001a8b0000)]
  0x0000000019fde000 JavaThread "Signal Dispatcher" daemon [_thread_blocked, id=19636, stack(0x000000001a6b0000,0x000000001a7b0000)]
  0x00000000181f2000 JavaThread "Finalizer" daemon [_thread_blocked, id=3596, stack(0x000000001a4b0000,0x000000001a5b0000)]
  0x0000000003179000 JavaThread "Reference Handler" daemon [_thread_blocked, id=18180, stack(0x000000001a3b0000,0x000000001a4b0000)]
  0x0000000003082800 JavaThread "main" [_thread_blocked, id=5888, stack(0x0000000002f00000,0x0000000003000000)]

Other Threads:
  0x00000000181e5800 VMThread [stack: 0x0000000019eb0000,0x0000000019fb0000] [id=15180]
  0x000000001a078800 WatcherThread [stack: 0x000000001adb0000,0x000000001aeb0000] [id=20576]

VM state:not at safepoint (normal execution)

VM Mutex/Monitor currently owned by a thread:  ([mutex/lock_event])
[0x000000000167d1e0] SymbolTable_lock - owner thread: 0x000000001afb3000

heap address: 0x0000000080000000, size: 2048 MB, Compressed Oops mode: 32-bit
Narrow klass base: 0x0000000000000000, Narrow klass shift: 3
Compressed class space size: 1073741824 Address: 0x0000000100000000

Heap:
 PSYoungGen      total 56832K, used 38875K [0x00000000d5580000, 0x00000000dc480000, 0x0000000100000000)
  eden space 49152K, 63% used [0x00000000d5580000,0x00000000d73fd890,0x00000000d8580000)
  from space 7680K, 99% used [0x00000000d8580000,0x00000000d8cf96f0,0x00000000d8d00000)
  to   space 7680K, 0% used [0x00000000dbd00000,0x00000000dbd00000,0x00000000dc480000)
 ParOldGen       total 130048K, used 1485K [0x0000000080000000, 0x0000000087f00000, 0x00000000d5580000)
  object space 130048K, 1% used [0x0000000080000000,0x00000000801734b0,0x0000000087f00000)
 Metaspace       used 18745K, capacity 19414K, committed 19712K, reserved 1067008K
  class space    used 2570K, capacity 2775K, committed 2816K, reserved 1048576K

Card table byte_map: [0x0000000012540000,0x0000000012950000] byte_map_base: 0x0000000012140000

Marking Bits: (ParMarkBitMap*) 0x000000005d34f030
 Begin Bits: [0x0000000013400000, 0x0000000015400000)
 End Bits:   [0x0000000015400000, 0x0000000017400000)

Polling page: 0x00000000011d0000

CodeCache: size=245760Kb used=5904Kb max_used=5904Kb free=239855Kb
 bounds [0x0000000003180000, 0x0000000003750000, 0x0000000012180000]
 total_blobs=2096 nmethods=1685 adapters=324
 compilation: enabled

Compilation events (10 events):
Event: 2.193 Thread 0x0000000019fee800 nmethod 1687 0x000000000373c390 code [0x000000000373c4e0, 0x000000000373c5f0]
Event: 2.193 Thread 0x0000000019fee800 1688       3       org.gradle.internal.instantiation.generator.AbstractClassGenerator$ClassGenerationHandler::visitInstanceMethod (1 bytes)
Event: 2.194 Thread 0x0000000019fee800 nmethod 1688 0x000000000373c650 code [0x000000000373c7a0, 0x000000000373c8f0]
Event: 2.194 Thread 0x0000000019fee800 1689       3       org.objectweb.asm.ByteVector::putUTF8 (144 bytes)
Event: 2.194 Thread 0x0000000019fee800 nmethod 1689 0x000000000373c990 code [0x000000000373cb80, 0x000000000373d3f8]
Event: 2.194 Thread 0x0000000019fee800 1690       3       org.objectweb.asm.ByteVector::putByte (39 bytes)
Event: 2.194 Thread 0x0000000019fee800 nmethod 1690 0x000000000373d890 code [0x000000000373da00, 0x000000000373dc28]
Event: 2.195 Thread 0x0000000019fee800 1691       3       org.objectweb.asm.Symbol::<init> (38 bytes)
Event: 2.195 Thread 0x0000000019fee800 nmethod 1691 0x000000000373dd50 code [0x000000000373dea0, 0x000000000373e0b0]
Event: 2.195 Thread 0x0000000019fee800 1692       3       org.objectweb.asm.Frame::execute (2318 bytes)

GC Heap History (6 events):
Event: 0.634 GC heap before
{Heap before GC invocations=1 (full 0):
 PSYoungGen      total 56832K, used 49152K [0x00000000d5580000, 0x00000000d9480000, 0x0000000100000000)
  eden space 49152K, 100% used [0x00000000d5580000,0x00000000d8580000,0x00000000d8580000)
  from space 7680K, 0% used [0x00000000d8d00000,0x00000000d8d00000,0x00000000d9480000)
  to   space 7680K, 0% used [0x00000000d8580000,0x00000000d8580000,0x00000000d8d00000)
 ParOldGen       total 130048K, used 0K [0x0000000080000000, 0x0000000087f00000, 0x00000000d5580000)
  object space 130048K, 0% used [0x0000000080000000,0x0000000080000000,0x0000000087f00000)
 Metaspace       used 7543K, capacity 7774K, committed 8064K, reserved 1056768K
  class space    used 929K, capacity 1037K, committed 1152K, reserved 1048576K
Event: 0.638 GC heap after
Heap after GC invocations=1 (full 0):
 PSYoungGen      total 56832K, used 4824K [0x00000000d5580000, 0x00000000d9480000, 0x0000000100000000)
  eden space 49152K, 0% used [0x00000000d5580000,0x00000000d5580000,0x00000000d8580000)
  from space 7680K, 62% used [0x00000000d8580000,0x00000000d8a361d8,0x00000000d8d00000)
  to   space 7680K, 0% used [0x00000000d8d00000,0x00000000d8d00000,0x00000000d9480000)
 ParOldGen       total 130048K, used 16K [0x0000000080000000, 0x0000000087f00000, 0x00000000d5580000)
  object space 130048K, 0% used [0x0000000080000000,0x0000000080004000,0x0000000087f00000)
 Metaspace       used 7543K, capacity 7774K, committed 8064K, reserved 1056768K
  class space    used 929K, capacity 1037K, committed 1152K, reserved 1048576K
}
Event: 1.621 GC heap before
{Heap before GC invocations=2 (full 0):
 PSYoungGen      total 56832K, used 53976K [0x00000000d5580000, 0x00000000d9480000, 0x0000000100000000)
  eden space 49152K, 100% used [0x00000000d5580000,0x00000000d8580000,0x00000000d8580000)
  from space 7680K, 62% used [0x00000000d8580000,0x00000000d8a361d8,0x00000000d8d00000)
  to   space 7680K, 0% used [0x00000000d8d00000,0x00000000d8d00000,0x00000000d9480000)
 ParOldGen       total 130048K, used 16K [0x0000000080000000, 0x0000000087f00000, 0x00000000d5580000)
  object space 130048K, 0% used [0x0000000080000000,0x0000000080004000,0x0000000087f00000)
 Metaspace       used 11335K, capacity 11594K, committed 11904K, reserved 1058816K
  class space    used 1499K, capacity 1607K, committed 1664K, reserved 1048576K
Event: 1.626 GC heap after
Heap after GC invocations=2 (full 0):
 PSYoungGen      total 56832K, used 6365K [0x00000000d5580000, 0x00000000d9480000, 0x0000000100000000)
  eden space 49152K, 0% used [0x00000000d5580000,0x00000000d5580000,0x00000000d8580000)
  from space 7680K, 82% used [0x00000000d8d00000,0x00000000d93377f0,0x00000000d9480000)
  to   space 7680K, 0% used [0x00000000d8580000,0x00000000d8580000,0x00000000d8d00000)
 ParOldGen       total 130048K, used 24K [0x0000000080000000, 0x0000000087f00000, 0x00000000d5580000)
  object space 130048K, 0% used [0x0000000080000000,0x0000000080006000,0x0000000087f00000)
 Metaspace       used 11335K, capacity 11594K, committed 11904K, reserved 1058816K
  class space    used 1499K, capacity 1607K, committed 1664K, reserved 1048576K
}
Event: 1.961 GC heap before
{Heap before GC invocations=3 (full 0):
 PSYoungGen      total 56832K, used 55517K [0x00000000d5580000, 0x00000000d9480000, 0x0000000100000000)
  eden space 49152K, 100% used [0x00000000d5580000,0x00000000d8580000,0x00000000d8580000)
  from space 7680K, 82% used [0x00000000d8d00000,0x00000000d93377f0,0x00000000d9480000)
  to   space 7680K, 0% used [0x00000000d8580000,0x00000000d8580000,0x00000000d8d00000)
 ParOldGen       total 130048K, used 24K [0x0000000080000000, 0x0000000087f00000, 0x00000000d5580000)
  object space 130048K, 0% used [0x0000000080000000,0x0000000080006000,0x0000000087f00000)
 Metaspace       used 16523K, capacity 17212K, committed 17280K, reserved 1064960K
  class space    used 2210K, capacity 2432K, committed 2432K, reserved 1048576K
Event: 1.969 GC heap after
Heap after GC invocations=3 (full 0):
 PSYoungGen      total 56832K, used 7653K [0x00000000d5580000, 0x00000000dc480000, 0x0000000100000000)
  eden space 49152K, 0% used [0x00000000d5580000,0x00000000d5580000,0x00000000d8580000)
  from space 7680K, 99% used [0x00000000d8580000,0x00000000d8cf96f0,0x00000000d8d00000)
  to   space 7680K, 0% used [0x00000000dbd00000,0x00000000dbd00000,0x00000000dc480000)
 ParOldGen       total 130048K, used 1485K [0x0000000080000000, 0x0000000087f00000, 0x00000000d5580000)
  object space 130048K, 1% used [0x0000000080000000,0x00000000801734b0,0x0000000087f00000)
 Metaspace       used 16523K, capacity 17212K, committed 17280K, reserved 1064960K
  class space    used 2210K, capacity 2432K, committed 2432K, reserved 1048576K
}

Deoptimization events (10 events):
Event: 1.830 Thread 0x000000001afb3000 Uncommon trap: reason=class_check action=maybe_recompile pc=0x000000000348f598 method=java.util.regex.Matcher.match(II)Z @ 86
Event: 1.831 Thread 0x000000001afb3000 Uncommon trap: reason=class_check action=maybe_recompile pc=0x000000000332fb4c method=java.util.regex.Matcher.match(II)Z @ 86
Event: 1.889 Thread 0x000000001afb3000 Uncommon trap: reason=unstable_if action=reinterpret pc=0x000000000349719c method=java.io.File.getName()Ljava/lang/String; @ 16
Event: 1.889 Thread 0x000000001afb3000 Uncommon trap: reason=unstable_if action=reinterpret pc=0x0000000003497b5c method=java.lang.String.substring(I)Ljava/lang/String; @ 35
Event: 2.021 Thread 0x000000001afb3000 Uncommon trap: reason=unstable_if action=reinterpret pc=0x0000000003496a70 method=java.util.LinkedHashMap.afterNodeInsertion(Z)V @ 1
Event: 2.021 Thread 0x000000001afb3000 Uncommon trap: reason=unstable_if action=reinterpret pc=0x00000000033f0544 method=java.util.HashMap.getNode(ILjava/lang/Object;)Ljava/util/HashMap$Node; @ 129
Event: 2.021 Thread 0x000000001afb3000 Uncommon trap: reason=bimorphic action=maybe_recompile pc=0x000000000365463c method=java.util.HashMap.putVal(ILjava/lang/Object;Ljava/lang/Object;ZZ)Ljava/lang/Object; @ 203
Event: 2.022 Thread 0x000000001afb3000 Uncommon trap: reason=unstable_if action=reinterpret pc=0x00000000033d3390 method=java.util.HashMap.getNode(ILjava/lang/Object;)Ljava/util/HashMap$Node; @ 129
Event: 2.023 Thread 0x000000001afb3000 Uncommon trap: reason=bimorphic action=maybe_recompile pc=0x000000000365463c method=java.util.HashMap.putVal(ILjava/lang/Object;Ljava/lang/Object;ZZ)Ljava/lang/Object; @ 203
Event: 2.106 Thread 0x000000001afb3000 Uncommon trap: reason=unstable_if action=reinterpret pc=0x0000000003686dcc method=java.util.jar.Attributes$Name.isDigit(C)Z @ 3

Classes redefined (0 events):
No events

Internal exceptions (10 events):
Event: 1.643 Thread 0x000000001cb4d800 Exception <a 'java/lang/NoSuchMethodError': <clinit>> (0x00000000d5765fa0) thrown at [C:\src\AOSP-openjdk-git\hotspot\src\share\vm\prims\jni.cpp, line 1615]
Event: 1.644 Thread 0x000000001cb4d800 Exception <a 'java/lang/NoSuchMethodError': <clinit>> (0x00000000d577a5a0) thrown at [C:\src\AOSP-openjdk-git\hotspot\src\share\vm\prims\jni.cpp, line 1615]
Event: 1.650 Thread 0x000000001cb4d800 Exception <a 'java/lang/NoSuchMethodError': <clinit>> (0x00000000d5837510) thrown at [C:\src\AOSP-openjdk-git\hotspot\src\share\vm\prims\jni.cpp, line 1615]
Event: 1.653 Thread 0x000000001cb4d800 Exception <a 'java/lang/NoSuchMethodError': <clinit>> (0x00000000d5871a38) thrown at [C:\src\AOSP-openjdk-git\hotspot\src\share\vm\prims\jni.cpp, line 1615]
Event: 1.656 Thread 0x000000001cb4d800 Exception <a 'java/lang/NoSuchMethodError': <clinit>> (0x00000000d58a7220) thrown at [C:\src\AOSP-openjdk-git\hotspot\src\share\vm\prims\jni.cpp, line 1615]
Event: 1.657 Thread 0x000000001cb4d800 Exception <a 'java/lang/NoSuchMethodError': <clinit>> (0x00000000d58b3750) thrown at [C:\src\AOSP-openjdk-git\hotspot\src\share\vm\prims\jni.cpp, line 1615]
Event: 1.911 Thread 0x000000001afb3000 Exception <a 'java/lang/NoSuchMethodError': java.lang.Object.lambda$and$0(Ljava/util/function/Predicate;Ljava/lang/Object;)Z> (0x00000000d7d35a08) thrown at [C:\src\AOSP-openjdk-git\hotspot\src\share\vm\interpreter\linkResolver.cpp, line 620]
Event: 1.915 Thread 0x000000001afb3000 Exception <a 'java/lang/IncompatibleClassChangeError': Found class java.lang.Object, but interface was expected> (0x00000000d7d45d00) thrown at [C:\src\AOSP-openjdk-git\hotspot\src\share\vm\interpreter\linkResolver.cpp, line 653]
Event: 1.916 Thread 0x000000001afb3000 Exception <a 'java/lang/NoSuchMethodError': java.lang.Object.lambda$or$2(Ljava/util/function/Predicate;Ljava/lang/Object;)Z> (0x00000000d7d4a850) thrown at [C:\src\AOSP-openjdk-git\hotspot\src\share\vm\interpreter\linkResolver.cpp, line 620]
Event: 2.047 Thread 0x000000001afb3000 Exception <a 'java/lang/NoSuchMethodError': java.lang.Object.lambda$static$0(Lorg/gradle/internal/state/ModelObject;)Ljava/lang/String;> (0x00000000d6572a48) thrown at [C:\src\AOSP-openjdk-git\hotspot\src\share\vm\interpreter\linkResolver.cpp, line 620]

Events (10 events):
Event: 2.186 loading class org/gradle/configuration/ConfigurationTargetIdentifier
Event: 2.186 loading class org/gradle/configuration/ConfigurationTargetIdentifier done
Event: 2.189 loading class javax/annotation/Nullable
Event: 2.189 loading class javax/annotation/Nullable done
Event: 2.190 loading class javax/annotation/Nonnull
Event: 2.190 loading class javax/annotation/Nonnull done
Event: 2.191 loading class org/gradle/api/Incubating
Event: 2.191 loading class org/gradle/api/Incubating done
Event: 2.198 loading class org/gradle/internal/instantiation/generator/AsmBackedClassGenerator$ClassBuilderImpl
Event: 2.198 loading class org/gradle/internal/instantiation/generator/AsmBackedClassGenerator$ClassBuilderImpl done


Dynamic libraries:
0x00007ff7bf8d0000 - 0x00007ff7bf901000 	C:\Program Files\Android\Android Studio\jre\bin\java.exe
0x00007ffe94cf0000 - 0x00007ffe94ee5000 	C:\Windows\SYSTEM32\ntdll.dll
0x00007ffe948e0000 - 0x00007ffe9499e000 	C:\Windows\System32\KERNEL32.DLL
0x00007ffe92550000 - 0x00007ffe92818000 	C:\Windows\System32\KERNELBASE.dll
0x00007ffe94500000 - 0x00007ffe945ac000 	C:\Windows\System32\ADVAPI32.dll
0x00007ffe92d40000 - 0x00007ffe92dde000 	C:\Windows\System32\msvcrt.dll
0x00007ffe94840000 - 0x00007ffe948db000 	C:\Windows\System32\sechost.dll
0x00007ffe949a0000 - 0x00007ffe94aca000 	C:\Windows\System32\RPCRT4.dll
0x00007ffe94350000 - 0x00007ffe944f1000 	C:\Windows\System32\USER32.dll
0x00007ffe92a20000 - 0x00007ffe92a42000 	C:\Windows\System32\win32u.dll
0x00007ffe92df0000 - 0x00007ffe92e1b000 	C:\Windows\System32\GDI32.dll
0x00007ffe92ad0000 - 0x00007ffe92bdb000 	C:\Windows\System32\gdi32full.dll
0x00007ffe92880000 - 0x00007ffe9291d000 	C:\Windows\System32\msvcp_win.dll
0x00007ffe92920000 - 0x00007ffe92a20000 	C:\Windows\System32\ucrtbase.dll
0x00007ffe7c090000 - 0x00007ffe7c32a000 	C:\Windows\WinSxS\amd64_microsoft.windows.common-controls_6595b64144ccf1df_6.0.19041.1110_none_60b5254171f9507e\COMCTL32.dll
0x00007ffe94760000 - 0x00007ffe94790000 	C:\Windows\System32\IMM32.DLL
0x000000005c910000 - 0x000000005c9e2000 	C:\Program Files\Android\Android Studio\jre\jre\bin\msvcr100.dll
0x000000005cb80000 - 0x000000005d3cb000 	C:\Program Files\Android\Android Studio\jre\jre\bin\server\jvm.dll
0x00007ffe92de0000 - 0x00007ffe92de8000 	C:\Windows\System32\PSAPI.DLL
0x00007ffe8a3f0000 - 0x00007ffe8a3f9000 	C:\Windows\SYSTEM32\WSOCK32.dll
0x00007ffe87ce0000 - 0x00007ffe87cea000 	C:\Windows\SYSTEM32\VERSION.dll
0x00007ffe82090000 - 0x00007ffe820b7000 	C:\Windows\SYSTEM32\WINMM.dll
0x00007ffe94bb0000 - 0x00007ffe94c1b000 	C:\Windows\System32\WS2_32.dll
0x00007ffe81080000 - 0x00007ffe8108f000 	C:\Program Files\Android\Android Studio\jre\jre\bin\verify.dll
0x00007ffe81050000 - 0x00007ffe81079000 	C:\Program Files\Android\Android Studio\jre\jre\bin\java.dll
0x00007ffe6a5d0000 - 0x00007ffe6a5e6000 	C:\Program Files\Android\Android Studio\jre\jre\bin\zip.dll
0x00007ffe92e30000 - 0x00007ffe9356f000 	C:\Windows\System32\SHELL32.dll
0x00007ffe90510000 - 0x00007ffe90ca0000 	C:\Windows\SYSTEM32\windows.storage.dll
0x00007ffe93ec0000 - 0x00007ffe94215000 	C:\Windows\System32\combase.dll
0x00007ffe91e60000 - 0x00007ffe91e8e000 	C:\Windows\SYSTEM32\Wldp.dll
0x00007ffe93e10000 - 0x00007ffe93ebd000 	C:\Windows\System32\SHCORE.dll
0x00007ffe93b80000 - 0x00007ffe93bd5000 	C:\Windows\System32\shlwapi.dll
0x00007ffe92350000 - 0x00007ffe9236f000 	C:\Windows\SYSTEM32\profapi.dll
0x00007ffe6a5b0000 - 0x00007ffe6a5ca000 	C:\Program Files\Android\Android Studio\jre\jre\bin\net.dll
0x00007ffe91bc0000 - 0x00007ffe91c2a000 	C:\Windows\system32\mswsock.dll
0x00007ffe6a590000 - 0x00007ffe6a5a3000 	C:\Program Files\Android\Android Studio\jre\jre\bin\nio.dll
0x00007ffe810a0000 - 0x00007ffe810c7000 	C:\Users\Lenovo\.gradle\native\f6784746aeab05261644944871eae4fe03e0ef1612fff0a4a95f87b438bc6780\windows-amd64\native-platform.dll
0x00007ffe7c410000 - 0x00007ffe7c41d000 	C:\Program Files\Android\Android Studio\jre\jre\bin\management.dll
0x00007ffe91db0000 - 0x00007ffe91dc8000 	C:\Windows\SYSTEM32\CRYPTSP.dll
0x00007ffe914d0000 - 0x00007ffe91504000 	C:\Windows\system32\rsaenh.dll
0x00007ffe92aa0000 - 0x00007ffe92ac7000 	C:\Windows\System32\bcrypt.dll
0x00007ffe92310000 - 0x00007ffe9233e000 	C:\Windows\SYSTEM32\USERENV.dll
0x00007ffe92410000 - 0x00007ffe92493000 	C:\Windows\System32\bcryptprimitives.dll
0x00007ffe91dd0000 - 0x00007ffe91ddc000 	C:\Windows\SYSTEM32\CRYPTBASE.dll
0x00007ffe91860000 - 0x00007ffe9189b000 	C:\Windows\SYSTEM32\IPHLPAPI.DLL
0x00007ffe92e20000 - 0x00007ffe92e28000 	C:\Windows\System32\NSI.dll
0x00007ffe86960000 - 0x00007ffe86977000 	C:\Windows\SYSTEM32\dhcpcsvc6.DLL
0x00007ffe86780000 - 0x00007ffe8679d000 	C:\Windows\SYSTEM32\dhcpcsvc.DLL
0x00007ffe918a0000 - 0x00007ffe9196b000 	C:\Windows\SYSTEM32\DNSAPI.dll
0x00007ffe86bd0000 - 0x00007ffe86bdb000 	C:\Windows\SYSTEM32\WINNSI.DLL

VM Arguments:
jvm_args: -Xmx2048m -Dfile.encoding=UTF-8 -Duser.country=ID -Duser.language=en -Duser.variant 
java_command: org.gradle.launcher.daemon.bootstrap.GradleDaemon 6.5
java_class_path (initial): C:\Users\Lenovo\.gradle\wrapper\dists\gradle-6.5-bin\6nifqtx7604sqp1q6g8wikw7p\gradle-6.5\lib\gradle-launcher-6.5.jar
Launcher Type: SUN_STANDARD

Environment Variables:
JAVA_HOME=C:\Program Files\Java\jdk-17.0.1
PATH=C:\Program Files\ImageMagick-7.0.11-Q16-HDRI;C:\Program Files (x86)\VMware\VMware Player\bin\;C:\Windows\system32;C:\Windows;C:\Windows\System32\Wbem;C:\Windows\System32\WindowsPowerShell\v1.0\;C:\Windows\System32\OpenSSH\;C:\Program Files (x86)\NVIDIA Corporation\PhysX\Common;C:\Program Files\NVIDIA Corporation\NVIDIA NvDLISR;C:\src\flutter\bin;C:\Program Files\Git\cmd;C:\xampp\php;C:\ProgramData\ComposerSetup\bin;C:\Program Files\nodejs\;C:\Program Files\MongoDB\Server\4.4\bin;C:\MinGW\bin;C:\Program Files\dotnet\;C:\xampp\apache\bin;C:\Program Files\ImageMagick-7.0.11-Q16-HDRI;C:\Program Files\Docker\Docker\resources\bin;C:\ProgramData\DockerDesktop\version-bin;C:\Program Files\Java\jdk-17.0.1\bin;C:\Program Files\Microsoft SQL Server\150\Tools\Binn\;C:\Program Files\Microsoft SQL Server\Client SDK\ODBC\170\Tools\Binn\;C:\Program Files\PuTTY\;C:\Users\Lenovo\AppData\Local\Programs\Python\Python39\Scripts\;C:\Users\Lenovo\AppData\Local\Programs\Python\Python39\;C:\Users\Lenovo\AppData\Local\Microsoft\WindowsApps;;C:\Users\Lenovo\AppData\Local\Programs\Microsoft VS Code\bin;C:\Users\Lenovo\AppData\Roaming\Composer\vendor\bin;C:\Program Files\heroku\bin;C:\Users\Lenovo\AppData\Roaming\npm;C:\Users\Lenovo\.dotnet\tools
USERNAME=Lenovo
OS=Windows_NT
PROCESSOR_IDENTIFIER=Intel64 Family 6 Model 142 Stepping 11, GenuineIntel



---------------  S Y S T E M  ---------------

OS: Windows 10.0 , 64 bit Build 19041 (10.0.19041.1348)

CPU:total 8 (initial active 8) (4 cores per cpu, 2 threads per core) family 6 model 142 stepping 11, cmov, cx8, fxsr, mmx, sse, sse2, sse3, ssse3, sse4.1, sse4.2, popcnt, avx, avx2, aes, clmul, erms, 3dnowpref, lzcnt, ht, tsc, tscinvbit, bmi1, bmi2, adx

Memory: 4k page, physical 12392180k(2069456k free), swap 12392180k(5144k free)

vm_info: OpenJDK 64-Bit Server VM (25.242-b01) for windows-amd64 JRE (1.8.0_242-release-1644-b01), built by "builder" with MS VC++ 10.0 (VS2010)

time: Wed Dec 01 21:15:15 2021
timezone: SE Asia Standard Time
elapsed time: 2 seconds (0d 0h 0m 2s)

