#
# There is insufficient memory for the Java Runtime Environment to continue.
# Native memory allocation (malloc) failed to allocate 1336288 bytes for Chunk::new
# Possible reasons:
#   The system is out of physical RAM or swap space
#   The process is running with CompressedOops enabled, and the Java Heap may be blocking the growth of the native heap
# Possible solutions:
#   Reduce memory load on the system
#   Increase physical memory or swap space
#   Check if swap backing store is full
#   Decrease Java heap size (-Xmx/-Xms)
#   Decrease number of Java threads
#   Decrease Java thread stack sizes (-Xss)
#   Set larger code cache with -XX:ReservedCodeCacheSize=
#   JVM is running with Unscaled Compressed Oops mode in which the Java heap is
#     placed in the first 4GB address space. The Java Heap base address is the
#     maximum limit for the native heap growth. Please use -XX:HeapBaseMinAddress
#     to set the Java Heap base and to place the Java Heap above 4GB virtual address.
# This output file may be truncated or incomplete.
#
#  Out of Memory Error (allocation.cpp:389), pid=4380, tid=0x000000000000116c
#
# JRE version: OpenJDK Runtime Environment (8.0_242-b01) (build 1.8.0_242-release-1644-b01)
# Java VM: OpenJDK 64-Bit Server VM (25.242-b01 mixed mode windows-amd64 compressed oops)
# Failed to write core dump. Minidumps are not enabled by default on client versions of Windows
#

---------------  T H R E A D  ---------------

Current thread (0x0000000017f4c000):  JavaThread "C2 CompilerThread1" daemon [_thread_in_native, id=4460, stack(0x000000001a720000,0x000000001a820000)]

Stack: [0x000000001a720000,0x000000001a820000]
[error occurred during error reporting (printing stack bounds), id 0xc0000005]

Native frames: (J=compiled Java code, j=interpreted, Vv=VM code, C=native code)


Current CompileTask:
C2:   4205 2586       4       groovy.lang.MetaClassImpl$1MOPIter::methodNameAction (325 bytes)


---------------  P R O C E S S  ---------------

Java Threads: ( => current thread )
  0x00000000223ca800 JavaThread "jar transforms Thread 116" [_thread_blocked, id=8784, stack(0x000000002c310000,0x000000002c410000)]
  0x00000000223c9800 JavaThread "jar transforms Thread 115" [_thread_blocked, id=18784, stack(0x000000002c210000,0x000000002c310000)]
  0x00000000223bd000 JavaThread "jar transforms Thread 114" [_thread_blocked, id=1736, stack(0x000000002c110000,0x000000002c210000)]
  0x00000000223c3800 JavaThread "jar transforms Thread 113" [_thread_blocked, id=21112, stack(0x000000002c010000,0x000000002c110000)]
  0x00000000223c3000 JavaThread "jar transforms Thread 112" [_thread_blocked, id=12744, stack(0x000000002bf10000,0x000000002c010000)]
  0x00000000223c2000 JavaThread "jar transforms Thread 111" [_thread_blocked, id=4792, stack(0x000000002be10000,0x000000002bf10000)]
  0x00000000223c1800 JavaThread "jar transforms Thread 110" [_thread_blocked, id=14212, stack(0x000000002bc10000,0x000000002bd10000)]
  0x00000000223c0800 JavaThread "jar transforms Thread 109" [_thread_blocked, id=13008, stack(0x000000002bb10000,0x000000002bc10000)]
  0x00000000223c0000 JavaThread "jar transforms Thread 108" [_thread_blocked, id=14088, stack(0x000000002ba10000,0x000000002bb10000)]
  0x00000000223bf000 JavaThread "jar transforms Thread 107" [_thread_blocked, id=11052, stack(0x000000002b910000,0x000000002ba10000)]
  0x00000000223bd800 JavaThread "jar transforms Thread 106" [_thread_blocked, id=13580, stack(0x000000002b810000,0x000000002b910000)]
  0x00000000223be800 JavaThread "jar transforms Thread 105" [_thread_blocked, id=16676, stack(0x000000002b710000,0x000000002b810000)]
  0x0000000020502000 JavaThread "jar transforms Thread 104" [_thread_blocked, id=15120, stack(0x000000002b610000,0x000000002b710000)]
  0x00000000204ff800 JavaThread "jar transforms Thread 103" [_thread_blocked, id=11024, stack(0x000000002b510000,0x000000002b610000)]
  0x00000000204ff000 JavaThread "jar transforms Thread 102" [_thread_blocked, id=5008, stack(0x000000002b410000,0x000000002b510000)]
  0x00000000204fe000 JavaThread "jar transforms Thread 101" [_thread_blocked, id=16388, stack(0x000000002b310000,0x000000002b410000)]
  0x0000000020501000 JavaThread "jar transforms Thread 100" [_thread_blocked, id=8992, stack(0x000000002b210000,0x000000002b310000)]
  0x0000000020500800 JavaThread "jar transforms Thread 99" [_thread_blocked, id=16748, stack(0x000000002b110000,0x000000002b210000)]
  0x00000000204f6800 JavaThread "jar transforms Thread 98" [_thread_blocked, id=19240, stack(0x000000002b010000,0x000000002b110000)]
  0x00000000204fd800 JavaThread "jar transforms Thread 97" [_thread_blocked, id=2012, stack(0x000000002af10000,0x000000002b010000)]
  0x00000000204fc800 JavaThread "jar transforms Thread 96" [_thread_blocked, id=17536, stack(0x000000002ae10000,0x000000002af10000)]
  0x00000000204f5000 JavaThread "jar transforms Thread 95" [_thread_blocked, id=15140, stack(0x000000002ad10000,0x000000002ae10000)]
  0x00000000204fc000 JavaThread "jar transforms Thread 94" [_thread_blocked, id=8196, stack(0x000000002ac10000,0x000000002ad10000)]
  0x00000000204f4800 JavaThread "jar transforms Thread 93" [_thread_blocked, id=8592, stack(0x000000002ab10000,0x000000002ac10000)]
  0x00000000204fb000 JavaThread "jar transforms Thread 92" [_thread_blocked, id=15124, stack(0x000000002aa10000,0x000000002ab10000)]
  0x00000000204fa800 JavaThread "jar transforms Thread 91" [_thread_blocked, id=15784, stack(0x000000002a910000,0x000000002aa10000)]
  0x00000000204f9800 JavaThread "jar transforms Thread 90" [_thread_blocked, id=11620, stack(0x000000002a810000,0x000000002a910000)]
  0x00000000204f8000 JavaThread "jar transforms Thread 89" [_thread_blocked, id=6416, stack(0x000000002a710000,0x000000002a810000)]
  0x00000000204f7800 JavaThread "jar transforms Thread 88" [_thread_blocked, id=10376, stack(0x000000002a610000,0x000000002a710000)]
  0x00000000204f3800 JavaThread "jar transforms Thread 87" [_thread_blocked, id=18448, stack(0x000000002a510000,0x000000002a610000)]
  0x00000000204f3000 JavaThread "jar transforms Thread 86" [_thread_blocked, id=7072, stack(0x000000002a410000,0x000000002a510000)]
  0x00000000204f6000 JavaThread "jar transforms Thread 85" [_thread_blocked, id=5476, stack(0x000000002a310000,0x000000002a410000)]
  0x00000000204f9000 JavaThread "jar transforms Thread 84" [_thread_blocked, id=9380, stack(0x000000002a210000,0x000000002a310000)]
  0x000000002038f000 JavaThread "jar transforms Thread 83" [_thread_blocked, id=7016, stack(0x000000002a110000,0x000000002a210000)]
  0x000000002038e800 JavaThread "jar transforms Thread 82" [_thread_blocked, id=14684, stack(0x000000002a010000,0x000000002a110000)]
  0x000000002038d800 JavaThread "jar transforms Thread 81" [_thread_blocked, id=9676, stack(0x0000000029f10000,0x000000002a010000)]
  0x000000002038c000 JavaThread "jar transforms Thread 80" [_thread_blocked, id=20064, stack(0x0000000029e10000,0x0000000029f10000)]
  0x0000000020387800 JavaThread "jar transforms Thread 79" [_thread_blocked, id=4284, stack(0x0000000029d10000,0x0000000029e10000)]
  0x000000002038b800 JavaThread "jar transforms Thread 78" [_thread_blocked, id=18624, stack(0x0000000029c10000,0x0000000029d10000)]
  0x000000002038a000 JavaThread "jar transforms Thread 77" [_thread_blocked, id=2796, stack(0x0000000029b10000,0x0000000029c10000)]
  0x0000000020389000 JavaThread "jar transforms Thread 76" [_thread_blocked, id=18056, stack(0x0000000029a10000,0x0000000029b10000)]
  0x000000002038d000 JavaThread "jar transforms Thread 75" [_thread_blocked, id=16928, stack(0x0000000029910000,0x0000000029a10000)]
  0x000000002038a800 JavaThread "jar transforms Thread 74" [_thread_blocked, id=11568, stack(0x0000000029810000,0x0000000029910000)]
  0x0000000020388800 JavaThread "jar transforms Thread 73" [_thread_blocked, id=12528, stack(0x0000000029710000,0x0000000029810000)]
  0x0000000020380000 JavaThread "jar transforms Thread 72" [_thread_blocked, id=18964, stack(0x0000000029610000,0x0000000029710000)]
  0x0000000020385800 JavaThread "jar transforms Thread 71" [_thread_blocked, id=3312, stack(0x0000000029510000,0x0000000029610000)]
  0x0000000020386000 JavaThread "jar transforms Thread 70" [_thread_blocked, id=15076, stack(0x0000000029410000,0x0000000029510000)]
  0x0000000020384800 JavaThread "jar transforms Thread 69" [_thread_blocked, id=8904, stack(0x0000000029310000,0x0000000029410000)]
  0x0000000020387000 JavaThread "jar transforms Thread 68" [_thread_blocked, id=17520, stack(0x0000000029210000,0x0000000029310000)]
  0x0000000020382800 JavaThread "jar transforms Thread 67" [_thread_blocked, id=19008, stack(0x0000000029110000,0x0000000029210000)]
  0x0000000020381800 JavaThread "jar transforms Thread 66" [_thread_blocked, id=4308, stack(0x0000000029010000,0x0000000029110000)]
  0x0000000020381000 JavaThread "jar transforms Thread 65" [_thread_blocked, id=18988, stack(0x0000000028f10000,0x0000000029010000)]
  0x0000000020384000 JavaThread "jar transforms Thread 64" [_thread_blocked, id=18648, stack(0x0000000028e10000,0x0000000028f10000)]
  0x0000000020383000 JavaThread "jar transforms Thread 63" [_thread_blocked, id=21360, stack(0x0000000028d10000,0x0000000028e10000)]
  0x000000001f1c0000 JavaThread "jar transforms Thread 62" [_thread_blocked, id=21024, stack(0x0000000028c10000,0x0000000028d10000)]
  0x000000001f1bf000 JavaThread "jar transforms Thread 61" [_thread_blocked, id=9724, stack(0x0000000028b10000,0x0000000028c10000)]
  0x000000001f1be800 JavaThread "jar transforms Thread 60" [_thread_blocked, id=16124, stack(0x0000000028a10000,0x0000000028b10000)]
  0x000000001f1bb800 JavaThread "jar transforms Thread 59" [_thread_blocked, id=19188, stack(0x0000000028910000,0x0000000028a10000)]
  0x000000001f1c1800 JavaThread "jar transforms Thread 58" [_thread_blocked, id=9520, stack(0x0000000028810000,0x0000000028910000)]
  0x000000001f1c0800 JavaThread "jar transforms Thread 57" [_thread_blocked, id=20928, stack(0x0000000028710000,0x0000000028810000)]
  0x000000001f1c2000 JavaThread "jar transforms Thread 56" [_thread_blocked, id=828, stack(0x0000000028610000,0x0000000028710000)]
  0x000000001f1bd800 JavaThread "jar transforms Thread 55" [_thread_blocked, id=18576, stack(0x0000000028510000,0x0000000028610000)]
  0x000000001f1bd000 JavaThread "jar transforms Thread 54" [_thread_blocked, id=19572, stack(0x0000000028410000,0x0000000028510000)]
  0x000000001f1bc000 JavaThread "jar transforms Thread 53" [_thread_blocked, id=18368, stack(0x0000000028310000,0x0000000028410000)]
  0x000000001f1b4000 JavaThread "jar transforms Thread 52" [_thread_blocked, id=12344, stack(0x0000000028210000,0x0000000028310000)]
  0x000000001f1b9000 JavaThread "jar transforms Thread 51" [_thread_blocked, id=20984, stack(0x0000000028110000,0x0000000028210000)]
  0x000000001f1b8800 JavaThread "jar transforms Thread 50" [_thread_blocked, id=3308, stack(0x0000000028010000,0x0000000028110000)]
  0x000000001f1ba800 JavaThread "jar transforms Thread 49" [_thread_blocked, id=11180, stack(0x0000000027f10000,0x0000000028010000)]
  0x000000001f1b7000 JavaThread "jar transforms Thread 48" [_thread_blocked, id=6604, stack(0x0000000027e10000,0x0000000027f10000)]
  0x000000001f1b5800 JavaThread "jar transforms Thread 47" [_thread_blocked, id=9876, stack(0x0000000027d10000,0x0000000027e10000)]
  0x000000001f1b3000 JavaThread "jar transforms Thread 46" [_thread_blocked, id=11412, stack(0x0000000027c10000,0x0000000027d10000)]
  0x000000001f1ba000 JavaThread "jar transforms Thread 45" [_thread_blocked, id=11012, stack(0x0000000027b10000,0x0000000027c10000)]
  0x000000001f1b7800 JavaThread "jar transforms Thread 44" [_thread_blocked, id=4548, stack(0x0000000027a10000,0x0000000027b10000)]
  0x000000001f1b6000 JavaThread "jar transforms Thread 43" [_thread_blocked, id=17716, stack(0x0000000027910000,0x0000000027a10000)]
  0x000000001f1b4800 JavaThread "jar transforms Thread 42" [_thread_blocked, id=18428, stack(0x0000000027810000,0x0000000027910000)]
  0x0000000022614000 JavaThread "jar transforms Thread 41" [_thread_blocked, id=9244, stack(0x0000000027710000,0x0000000027810000)]
  0x0000000022613800 JavaThread "jar transforms Thread 40" [_thread_blocked, id=4776, stack(0x0000000027610000,0x0000000027710000)]
  0x0000000022612000 JavaThread "jar transforms Thread 39" [_thread_blocked, id=1612, stack(0x0000000027510000,0x0000000027610000)]
  0x0000000022611000 JavaThread "jar transforms Thread 38" [_thread_blocked, id=10632, stack(0x0000000027410000,0x0000000027510000)]
  0x0000000022615800 JavaThread "jar transforms Thread 37" [_thread_blocked, id=11432, stack(0x0000000027310000,0x0000000027410000)]
  0x0000000022616800 JavaThread "jar transforms Thread 36" [_thread_blocked, id=10440, stack(0x0000000027210000,0x0000000027310000)]
  0x0000000022612800 JavaThread "jar transforms Thread 35" [_thread_blocked, id=21284, stack(0x0000000027110000,0x0000000027210000)]
  0x000000002260f800 JavaThread "jar transforms Thread 34" [_thread_blocked, id=15500, stack(0x0000000027010000,0x0000000027110000)]
  0x0000000022615000 JavaThread "jar transforms Thread 33" [_thread_blocked, id=15068, stack(0x0000000026f10000,0x0000000027010000)]
  0x000000002260f000 JavaThread "jar transforms Thread 32" [_thread_blocked, id=10508, stack(0x0000000026e10000,0x0000000026f10000)]
  0x0000000022610800 JavaThread "jar transforms Thread 31" [_thread_blocked, id=16224, stack(0x0000000026d10000,0x0000000026e10000)]
  0x0000000022607800 JavaThread "jar transforms Thread 30" [_thread_blocked, id=17444, stack(0x0000000026c10000,0x0000000026d10000)]
  0x000000002260e000 JavaThread "jar transforms Thread 29" [_thread_blocked, id=13540, stack(0x0000000026b10000,0x0000000026c10000)]
  0x000000002260d800 JavaThread "jar transforms Thread 28" [_thread_blocked, id=21332, stack(0x0000000026a10000,0x0000000026b10000)]
  0x000000002260c000 JavaThread "jar transforms Thread 27" [_thread_blocked, id=5700, stack(0x0000000026910000,0x0000000026a10000)]
  0x0000000022609800 JavaThread "jar transforms Thread 26" [_thread_blocked, id=19936, stack(0x0000000026810000,0x0000000026910000)]
  0x000000002260a800 JavaThread "jar transforms Thread 25" [_thread_blocked, id=12244, stack(0x0000000026710000,0x0000000026810000)]
  0x0000000022608000 JavaThread "jar transforms Thread 24" [_thread_blocked, id=7068, stack(0x0000000026610000,0x0000000026710000)]
  0x000000002260b000 JavaThread "jar transforms Thread 23" [_thread_blocked, id=9904, stack(0x0000000026510000,0x0000000026610000)]
  0x000000002260c800 JavaThread "jar transforms Thread 22" [_thread_blocked, id=6240, stack(0x0000000026410000,0x0000000026510000)]
  0x0000000022609000 JavaThread "jar transforms Thread 21" [_thread_blocked, id=18020, stack(0x0000000026310000,0x0000000026410000)]
  0x000000001f1a9800 JavaThread "jar transforms Thread 20" [_thread_blocked, id=15756, stack(0x0000000026210000,0x0000000026310000)]
  0x000000001f1a9000 JavaThread "jar transforms Thread 19" [_thread_blocked, id=9660, stack(0x0000000026110000,0x0000000026210000)]
  0x000000001f1af000 JavaThread "jar transforms Thread 18" [_thread_blocked, id=8832, stack(0x0000000026010000,0x0000000026110000)]
  0x000000001f1ad800 JavaThread "jar transforms Thread 17" [_thread_blocked, id=8392, stack(0x0000000025f10000,0x0000000026010000)]
  0x000000001f1ac000 JavaThread "jar transforms Thread 16" [_thread_blocked, id=8312, stack(0x0000000025e10000,0x0000000025f10000)]
  0x000000001f1a8000 JavaThread "jar transforms Thread 15" [_thread_blocked, id=10196, stack(0x0000000025d10000,0x0000000025e10000)]
  0x000000001f1ac800 JavaThread "jar transforms Thread 14" [_thread_blocked, id=12460, stack(0x0000000025c10000,0x0000000025d10000)]
  0x000000001f1ab000 JavaThread "jar transforms Thread 13" [_thread_blocked, id=13056, stack(0x0000000025b10000,0x0000000025c10000)]
  0x000000001f1aa800 JavaThread "jar transforms Thread 12" [_thread_blocked, id=4892, stack(0x0000000025a10000,0x0000000025b10000)]
  0x000000001f1ae000 JavaThread "jar transforms Thread 11" [_thread_blocked, id=17240, stack(0x0000000025910000,0x0000000025a10000)]
  0x000000001cc0c800 JavaThread "jar transforms Thread 10" [_thread_blocked, id=19740, stack(0x0000000025810000,0x0000000025910000)]
  0x000000001cc05000 JavaThread "jar transforms Thread 9" [_thread_blocked, id=9324, stack(0x0000000025710000,0x0000000025810000)]
  0x000000001cc08000 JavaThread "jar transforms Thread 8" [_thread_blocked, id=18232, stack(0x0000000025610000,0x0000000025710000)]
  0x000000001cc0b800 JavaThread "jar transforms Thread 7" [_thread_blocked, id=20072, stack(0x0000000025510000,0x0000000025610000)]
  0x000000001cc0b000 JavaThread "jar transforms Thread 6" [_thread_blocked, id=19296, stack(0x0000000025410000,0x0000000025510000)]
  0x000000001cc07000 JavaThread "jar transforms Thread 5" [_thread_blocked, id=21052, stack(0x0000000025310000,0x0000000025410000)]
  0x000000001cc0a000 JavaThread "jar transforms Thread 4" [_thread_blocked, id=10380, stack(0x0000000025210000,0x0000000025310000)]
  0x000000001cc05800 JavaThread "jar transforms Thread 3" [_thread_blocked, id=3700, stack(0x0000000025110000,0x0000000025210000)]
  0x000000001cc09800 JavaThread "jar transforms Thread 2" [_thread_blocked, id=12124, stack(0x0000000025010000,0x0000000025110000)]
  0x000000001c863800 JavaThread "Cache worker for file content cache (C:\Users\Lenovo\.gradle\caches\6.5\fileContent)" [_thread_blocked, id=4988, stack(0x0000000023140000,0x0000000023240000)]
  0x000000001c862800 JavaThread "jar transforms" [_thread_blocked, id=15428, stack(0x0000000023040000,0x0000000023140000)]
  0x000000001c862000 JavaThread "Cache worker for execution history cache (C:\Users\Lenovo\.gradle\caches\6.5\executionHistory)" [_thread_blocked, id=11988, stack(0x0000000022940000,0x0000000022a40000)]
  0x000000001c865800 JavaThread "Cache worker for file hash cache (C:\Users\Lenovo\.gradle\caches\6.5\fileHashes)" [_thread_blocked, id=19944, stack(0x000000001ed40000,0x000000001ee40000)]
  0x000000001c865000 JavaThread "File lock request listener" [_thread_in_native, id=14528, stack(0x000000001ec40000,0x000000001ed40000)]
  0x000000001afca000 JavaThread "Cache worker for journal cache (C:\Users\Lenovo\.gradle\caches\journal-1)" [_thread_blocked, id=8148, stack(0x000000001eb40000,0x000000001ec40000)]
  0x000000001addc800 JavaThread "Daemon worker" [_thread_blocked, id=11908, stack(0x000000001e540000,0x000000001e640000)]
  0x000000001addc000 JavaThread "Cancel handler" [_thread_blocked, id=6508, stack(0x000000001e340000,0x000000001e440000)]
  0x000000001ad92000 JavaThread "Handler for socket connection from /127.0.0.1:51297 to /127.0.0.1:51298" [_thread_in_native, id=3096, stack(0x000000001e040000,0x000000001e140000)]
  0x000000001ad05000 JavaThread "Daemon" [_thread_in_vm, id=12228, stack(0x000000001df40000,0x000000001e040000)]
  0x000000001c6f5000 JavaThread "Daemon periodic checks" [_thread_blocked, id=11248, stack(0x000000001de40000,0x000000001df40000)]
  0x000000001c6e6800 JavaThread "Incoming local TCP Connector on port 51297" [_thread_in_native, id=14736, stack(0x000000001dc00000,0x000000001dd00000)]
  0x000000001c653800 JavaThread "Daemon health stats" [_thread_blocked, id=8572, stack(0x000000001d5c0000,0x000000001d6c0000)]
  0x0000000019d72000 JavaThread "Service Thread" daemon [_thread_blocked, id=17812, stack(0x000000001aa20000,0x000000001ab20000)]
  0x0000000019d63800 JavaThread "C1 CompilerThread3" daemon [_thread_in_native, id=13532, stack(0x000000001a920000,0x000000001aa20000)]
  0x0000000019d59000 JavaThread "C2 CompilerThread2" daemon [_thread_blocked, id=1632, stack(0x000000001a820000,0x000000001a920000)]
=>0x0000000017f4c000 JavaThread "C2 CompilerThread1" daemon [_thread_in_native, id=4460, stack(0x000000001a720000,0x000000001a820000)]
  0x0000000019d55000 JavaThread "C2 CompilerThread0" daemon [_thread_blocked, id=2860, stack(0x000000001a620000,0x000000001a720000)]
  0x0000000019d54000 JavaThread "Attach Listener" daemon [_thread_blocked, id=12608, stack(0x000000001a520000,0x000000001a620000)]
  0x0000000019d53000 JavaThread "Signal Dispatcher" daemon [_thread_blocked, id=2120, stack(0x000000001a420000,0x000000001a520000)]
  0x0000000002ece800 JavaThread "Finalizer" daemon [_thread_blocked, id=17252, stack(0x000000001a220000,0x000000001a320000)]
  0x0000000017f3c800 JavaThread "Reference Handler" daemon [_thread_blocked, id=10644, stack(0x000000001a120000,0x000000001a220000)]
  0x0000000002dd2800 JavaThread "main" [_thread_blocked, id=14436, stack(0x0000000002c20000,0x0000000002d20000)]

Other Threads:
  0x0000000017f35800 VMThread [stack: 0x0000000019c20000,0x0000000019d20000] [id=21148]
  0x0000000019d73000 WatcherThread [stack: 0x000000001ab20000,0x000000001ac20000] [id=10932]

VM state:not at safepoint (normal execution)

VM Mutex/Monitor currently owned by a thread: None

OutOfMemory and StackOverflow Exception counts:
OutOfMemoryError java_heap_errors=5

heap address: 0x0000000080000000, size: 2048 MB, Compressed Oops mode: 32-bit
Narrow klass base: 0x0000000000000000, Narrow klass shift: 3
Compressed class space size: 1073741824 Address: 0x0000000100000000

Heap:
 PSYoungGen      total 105984K, used 18803K [0x00000000d5580000, 0x00000000dc480000, 0x0000000100000000)
  eden space 98304K, 12% used [0x00000000d5580000,0x00000000d61a2c18,0x00000000db580000)
  from space 7680K, 83% used [0x00000000dbd00000,0x00000000dc33a050,0x00000000dc480000)
  to   space 7680K, 0% used [0x00000000db580000,0x00000000db580000,0x00000000dbd00000)
 ParOldGen       total 106496K, used 17014K [0x0000000080000000, 0x0000000086800000, 0x00000000d5580000)
  object space 106496K, 15% used [0x0000000080000000,0x000000008109dbc8,0x0000000086800000)
 Metaspace       used 37429K, capacity 39088K, committed 39336K, reserved 1083392K
  class space    used 5152K, capacity 5493K, committed 5552K, reserved 1048576K

Card table byte_map: [0x0000000012290000,0x00000000126a0000] byte_map_base: 0x0000000011e90000

Marking Bits: (ParMarkBitMap*) 0x000000005d34f030
 Begin Bits: [0x0000000013150000, 0x0000000015150000)
 End Bits:   [0x0000000015150000, 0x0000000017150000)

Polling page: 0x0000000002d20000

CodeCache: size=245760Kb used=13217Kb max_used=13217Kb free=232542Kb
 bounds [0x0000000002ed0000, 0x0000000003bd0000, 0x0000000011ed0000]
 total_blobs=4600 nmethods=3896 adapters=616
 compilation: enabled

Compilation events (10 events):
Event: 4.050 Thread 0x0000000019d63800 3683       3       org.gradle.internal.snapshot.VfsRelativePath::of (14 bytes)
Event: 4.050 Thread 0x0000000019d59000 nmethod 3679 0x0000000003b207d0 code [0x0000000003b20920, 0x0000000003b20c38]
Event: 4.050 Thread 0x0000000019d63800 nmethod 3683 0x0000000003b1f850 code [0x0000000003b1fa20, 0x0000000003b20338]
Event: 4.050 Thread 0x0000000019d59000 3689       4       org.gradle.internal.snapshot.VfsRelativePath::compareToFirstSegment (203 bytes)
Event: 4.050 Thread 0x0000000019d63800 3684       3       org.gradle.internal.snapshot.VfsRelativePath::normalizeRoot (43 bytes)
Event: 4.051 Thread 0x0000000019d63800 nmethod 3684 0x0000000003b1ebd0 code [0x0000000003b1eda0, 0x0000000003b1f5e8]
Event: 4.051 Thread 0x0000000019d63800 3685       3       org.gradle.internal.snapshot.VfsRelativePath::determineOffset (34 bytes)
Event: 4.051 Thread 0x0000000019d63800 nmethod 3685 0x0000000003b1e090 code [0x0000000003b1e240, 0x0000000003b1e948]
Event: 4.051 Thread 0x0000000019d63800 3682       3       org.gradle.internal.snapshot.SnapshotHierarchy$$Lambda$103/361142136::get$Lambda (9 bytes)
Event: 4.051 Thread 0x0000000019d63800 nmethod 3682 0x0000000003b1dbd0 code [0x0000000003b1dd40, 0x0000000003b1df90]

GC Heap History (10 events):
Event: 2.437 GC heap before
{Heap before GC invocations=5 (full 0):
 PSYoungGen      total 105984K, used 16635K [0x00000000d5580000, 0x00000000dc480000, 0x0000000100000000)
  eden space 98304K, 9% used [0x00000000d5580000,0x00000000d5e45a20,0x00000000db580000)
  from space 7680K, 99% used [0x00000000dbd00000,0x00000000dc479310,0x00000000dc480000)
  to   space 7680K, 0% used [0x00000000db580000,0x00000000db580000,0x00000000dbd00000)
 ParOldGen       total 130048K, used 4172K [0x0000000080000000, 0x0000000087f00000, 0x00000000d5580000)
  object space 130048K, 3% used [0x0000000080000000,0x00000000804132e8,0x0000000087f00000)
 Metaspace       used 20560K, capacity 21224K, committed 21296K, reserved 1067008K
  class space    used 2872K, capacity 3076K, committed 3120K, reserved 1048576K
Event: 2.442 GC heap after
Heap after GC invocations=5 (full 0):
 PSYoungGen      total 105984K, used 7133K [0x00000000d5580000, 0x00000000dc480000, 0x0000000100000000)
  eden space 98304K, 0% used [0x00000000d5580000,0x00000000d5580000,0x00000000db580000)
  from space 7680K, 92% used [0x00000000db580000,0x00000000dbc77490,0x00000000dbd00000)
  to   space 7680K, 0% used [0x00000000dbd00000,0x00000000dbd00000,0x00000000dc480000)
 ParOldGen       total 130048K, used 4180K [0x0000000080000000, 0x0000000087f00000, 0x00000000d5580000)
  object space 130048K, 3% used [0x0000000080000000,0x00000000804152e8,0x0000000087f00000)
 Metaspace       used 20560K, capacity 21224K, committed 21296K, reserved 1067008K
  class space    used 2872K, capacity 3076K, committed 3120K, reserved 1048576K
}
Event: 2.442 GC heap before
{Heap before GC invocations=6 (full 1):
 PSYoungGen      total 105984K, used 7133K [0x00000000d5580000, 0x00000000dc480000, 0x0000000100000000)
  eden space 98304K, 0% used [0x00000000d5580000,0x00000000d5580000,0x00000000db580000)
  from space 7680K, 92% used [0x00000000db580000,0x00000000dbc77490,0x00000000dbd00000)
  to   space 7680K, 0% used [0x00000000dbd00000,0x00000000dbd00000,0x00000000dc480000)
 ParOldGen       total 130048K, used 4180K [0x0000000080000000, 0x0000000087f00000, 0x00000000d5580000)
  object space 130048K, 3% used [0x0000000080000000,0x00000000804152e8,0x0000000087f00000)
 Metaspace       used 20560K, capacity 21224K, committed 21296K, reserved 1067008K
  class space    used 2872K, capacity 3076K, committed 3120K, reserved 1048576K
Event: 2.467 GC heap after
Heap after GC invocations=6 (full 1):
 PSYoungGen      total 105984K, used 0K [0x00000000d5580000, 0x00000000dc480000, 0x0000000100000000)
  eden space 98304K, 0% used [0x00000000d5580000,0x00000000d5580000,0x00000000db580000)
  from space 7680K, 0% used [0x00000000db580000,0x00000000db580000,0x00000000dbd00000)
  to   space 7680K, 0% used [0x00000000dbd00000,0x00000000dbd00000,0x00000000dc480000)
 ParOldGen       total 70144K, used 7503K [0x0000000080000000, 0x0000000084480000, 0x00000000d5580000)
  object space 70144K, 10% used [0x0000000080000000,0x0000000080753e80,0x0000000084480000)
 Metaspace       used 20560K, capacity 21224K, committed 21296K, reserved 1067008K
  class space    used 2872K, capacity 3076K, committed 3120K, reserved 1048576K
}
Event: 3.178 GC heap before
{Heap before GC invocations=7 (full 1):
 PSYoungGen      total 105984K, used 98304K [0x00000000d5580000, 0x00000000dc480000, 0x0000000100000000)
  eden space 98304K, 100% used [0x00000000d5580000,0x00000000db580000,0x00000000db580000)
  from space 7680K, 0% used [0x00000000db580000,0x00000000db580000,0x00000000dbd00000)
  to   space 7680K, 0% used [0x00000000dbd00000,0x00000000dbd00000,0x00000000dc480000)
 ParOldGen       total 70144K, used 7503K [0x0000000080000000, 0x0000000084480000, 0x00000000d5580000)
  object space 70144K, 10% used [0x0000000080000000,0x0000000080753e80,0x0000000084480000)
 Metaspace       used 31146K, capacity 32078K, committed 32432K, reserved 1077248K
  class space    used 4216K, capacity 4434K, committed 4528K, reserved 1048576K
Event: 3.186 GC heap after
Heap after GC invocations=7 (full 1):
 PSYoungGen      total 105984K, used 7657K [0x00000000d5580000, 0x00000000dc480000, 0x0000000100000000)
  eden space 98304K, 0% used [0x00000000d5580000,0x00000000d5580000,0x00000000db580000)
  from space 7680K, 99% used [0x00000000dbd00000,0x00000000dc47a6f8,0x00000000dc480000)
  to   space 7680K, 0% used [0x00000000db580000,0x00000000db580000,0x00000000dbd00000)
 ParOldGen       total 70144K, used 11154K [0x0000000080000000, 0x0000000084480000, 0x00000000d5580000)
  object space 70144K, 15% used [0x0000000080000000,0x0000000080ae4b80,0x0000000084480000)
 Metaspace       used 31146K, capacity 32078K, committed 32432K, reserved 1077248K
  class space    used 4216K, capacity 4434K, committed 4528K, reserved 1048576K
}
Event: 3.588 GC heap before
{Heap before GC invocations=8 (full 1):
 PSYoungGen      total 105984K, used 77578K [0x00000000d5580000, 0x00000000dc480000, 0x0000000100000000)
  eden space 98304K, 71% used [0x00000000d5580000,0x00000000d99c8480,0x00000000db580000)
  from space 7680K, 99% used [0x00000000dbd00000,0x00000000dc47a6f8,0x00000000dc480000)
  to   space 7680K, 0% used [0x00000000db580000,0x00000000db580000,0x00000000dbd00000)
 ParOldGen       total 70144K, used 11154K [0x0000000080000000, 0x0000000084480000, 0x00000000d5580000)
  object space 70144K, 15% used [0x0000000080000000,0x0000000080ae4b80,0x0000000084480000)
 Metaspace       used 34258K, capacity 35412K, committed 35496K, reserved 1079296K
  class space    used 4712K, capacity 5001K, committed 5040K, reserved 1048576K
Event: 3.596 GC heap after
Heap after GC invocations=8 (full 1):
 PSYoungGen      total 105984K, used 7664K [0x00000000d5580000, 0x00000000dc480000, 0x0000000100000000)
  eden space 98304K, 0% used [0x00000000d5580000,0x00000000d5580000,0x00000000db580000)
  from space 7680K, 99% used [0x00000000db580000,0x00000000dbcfc220,0x00000000dbd00000)
  to   space 7680K, 0% used [0x00000000dbd00000,0x00000000dbd00000,0x00000000dc480000)
 ParOldGen       total 70144K, used 13606K [0x0000000080000000, 0x0000000084480000, 0x00000000d5580000)
  object space 70144K, 19% used [0x0000000080000000,0x0000000080d499f0,0x0000000084480000)
 Metaspace       used 34258K, capacity 35412K, committed 35496K, reserved 1079296K
  class space    used 4712K, capacity 5001K, committed 5040K, reserved 1048576K
}
Event: 3.597 GC heap before
{Heap before GC invocations=9 (full 2):
 PSYoungGen      total 105984K, used 7664K [0x00000000d5580000, 0x00000000dc480000, 0x0000000100000000)
  eden space 98304K, 0% used [0x00000000d5580000,0x00000000d5580000,0x00000000db580000)
  from space 7680K, 99% used [0x00000000db580000,0x00000000dbcfc220,0x00000000dbd00000)
  to   space 7680K, 0% used [0x00000000dbd00000,0x00000000dbd00000,0x00000000dc480000)
 ParOldGen       total 70144K, used 13606K [0x0000000080000000, 0x0000000084480000, 0x00000000d5580000)
  object space 70144K, 19% used [0x0000000080000000,0x0000000080d499f0,0x0000000084480000)
 Metaspace       used 34258K, capacity 35412K, committed 35496K, reserved 1079296K
  class space    used 4712K, capacity 5001K, committed 5040K, reserved 1048576K
Event: 3.635 GC heap after
Heap after GC invocations=9 (full 2):
 PSYoungGen      total 105984K, used 0K [0x00000000d5580000, 0x00000000dc480000, 0x0000000100000000)
  eden space 98304K, 0% used [0x00000000d5580000,0x00000000d5580000,0x00000000db580000)
  from space 7680K, 0% used [0x00000000db580000,0x00000000db580000,0x00000000dbd00000)
  to   space 7680K, 0% used [0x00000000dbd00000,0x00000000dbd00000,0x00000000dc480000)
 ParOldGen       total 106496K, used 17006K [0x0000000080000000, 0x0000000086800000, 0x00000000d5580000)
  object space 106496K, 15% used [0x0000000080000000,0x000000008109bbc8,0x0000000086800000)
 Metaspace       used 34258K, capacity 35412K, committed 35496K, reserved 1079296K
  class space    used 4712K, capacity 5001K, committed 5040K, reserved 1048576K
}

Deoptimization events (10 events):
Event: 3.412 Thread 0x000000001addc800 Uncommon trap: reason=range_check action=make_not_entrant pc=0x000000000386ce0c method=java.lang.String.charAt(I)C @ 27
Event: 3.908 Thread 0x000000001addc800 Uncommon trap: reason=unstable_if action=reinterpret pc=0x0000000003280db4 method=java.lang.String.lastIndexOf([CII[CIII)I @ 118
Event: 3.936 Thread 0x000000001cc04000 Uncommon trap: reason=class_check action=maybe_recompile pc=0x000000000342fd9c method=java.util.concurrent.ConcurrentHashMap.putVal(Ljava/lang/Object;Ljava/lang/Object;Z)Ljava/lang/Object; @ 192
Event: 3.936 Thread 0x000000001cc01000 Uncommon trap: reason=class_check action=maybe_recompile pc=0x000000000342fd9c method=java.util.concurrent.ConcurrentHashMap.putVal(Ljava/lang/Object;Ljava/lang/Object;Z)Ljava/lang/Object; @ 192
Event: 3.937 Thread 0x000000001cc06800 Uncommon trap: reason=class_check action=maybe_recompile pc=0x000000000342fd9c method=java.util.concurrent.ConcurrentHashMap.putVal(Ljava/lang/Object;Ljava/lang/Object;Z)Ljava/lang/Object; @ 192
Event: 3.940 Thread 0x000000001cc08800 Uncommon trap: reason=unstable_if action=reinterpret pc=0x0000000003a2993c method=com.esotericsoftware.kryo.io.Input.readUtf8Length(I)I @ 9
Event: 3.941 Thread 0x000000001cc01000 Uncommon trap: reason=unstable_if action=reinterpret pc=0x0000000003988ce4 method=com.esotericsoftware.kryo.io.Input.readUtf8Length(I)I @ 9
Event: 3.943 Thread 0x000000001cc03800 Uncommon trap: reason=unstable_if action=reinterpret pc=0x000000000342fc10 method=java.util.concurrent.ConcurrentHashMap.addCount(JI)V @ 34
Event: 3.944 Thread 0x000000001cc02000 Uncommon trap: reason=unstable_if action=reinterpret pc=0x000000000339b078 method=java.util.concurrent.ConcurrentHashMap.addCount(JI)V @ 7
Event: 4.031 Thread 0x000000001addc800 Uncommon trap: reason=unstable_if action=reinterpret pc=0x0000000003ad2948 method=org.gradle.internal.snapshot.PathUtil.equalChars(CCLorg/gradle/internal/snapshot/CaseSensitivity;)Z @ 11

Classes redefined (0 events):
No events

Internal exceptions (10 events):
Event: 3.496 Thread 0x000000001addc800 Exception <a 'java/lang/ClassNotFoundException': groovy/lang/GStringCustomizer> (0x00000000d88015e0) thrown at [C:\src\AOSP-openjdk-git\hotspot\src\share\vm\classfile\systemDictionary.cpp, line 210]
Event: 3.497 Thread 0x000000001addc800 Exception <a 'java/lang/ClassNotFoundException': groovy/lang/GString$1Customizer> (0x00000000d882fa28) thrown at [C:\src\AOSP-openjdk-git\hotspot\src\share\vm\classfile\systemDictionary.cpp, line 210]
Event: 3.499 Thread 0x000000001addc800 Exception <a 'java/lang/ClassNotFoundException': org/codehaus/groovy/runtime/GStringImplBeanInfo> (0x00000000d88de800) thrown at [C:\src\AOSP-openjdk-git\hotspot\src\share\vm\classfile\systemDictionary.cpp, line 210]
Event: 3.500 Thread 0x000000001addc800 Exception <a 'java/lang/ClassNotFoundException': org/codehaus/groovy/runtime/GStringImplCustomizer> (0x00000000d890a868) thrown at [C:\src\AOSP-openjdk-git\hotspot\src\share\vm\classfile\systemDictionary.cpp, line 210]
Event: 3.536 Thread 0x000000001addc800 Exception <a 'java/lang/NoSuchMethodError': java.lang.Object.lambda$static$0(Lorg/gradle/api/internal/artifacts/configurations/MutationValidator$MutationType;)V> (0x00000000d8ed5ef8) thrown at [C:\src\AOSP-openjdk-git\hotspot\src\share\vm\interpreter\link
Event: 3.656 Thread 0x000000001addc800 Exception <a 'java/lang/NoSuchMethodError': java.lang.Object.lambda$static$0(Lorg/gradle/internal/component/model/DependencyMetadata;)Lorg/gradle/api/internal/artifacts/ivyservice/dependencysubstitution/DependencySubstitutionApplicator$SubstitutionResult;
Event: 3.682 Thread 0x000000001addc800 Exception <a 'java/lang/IncompatibleClassChangeError': Found class java.lang.Object, but interface was expected> (0x00000000d5f5c6a8) thrown at [C:\src\AOSP-openjdk-git\hotspot\src\share\vm\interpreter\linkResolver.cpp, line 653]
Event: 3.683 Thread 0x000000001addc800 Exception <a 'java/lang/NoSuchMethodError': java.lang.Object.lambda$thenComparing$36697e65$1(Ljava/util/Comparator;Ljava/lang/Object;Ljava/lang/Object;)I> (0x00000000d5f68158) thrown at [C:\src\AOSP-openjdk-git\hotspot\src\share\vm\interpreter\linkResolve
Event: 3.764 Thread 0x000000001addc800 Exception <a 'java/lang/NoSuchMethodError': java.lang.Object.lambda$static$0()Z> (0x00000000d6b8b348) thrown at [C:\src\AOSP-openjdk-git\hotspot\src\share\vm\interpreter\linkResolver.cpp, line 620]
Event: 3.927 Thread 0x000000001addc800 Exception <a 'java/lang/NoSuchMethodError': java.lang.Object.lambda$static$0(Lorg/gradle/api/internal/artifacts/ivyservice/resolveengine/artifact/ArtifactVisitor;)V> (0x00000000d7b831a0) thrown at [C:\src\AOSP-openjdk-git\hotspot\src\share\vm\interpreter\

Events (10 events):
Event: 4.051 loading class org/gradle/internal/snapshot/RelativePathStringTracker
Event: 4.051 loading class org/gradle/internal/snapshot/RelativePathStringTracker done
Event: 4.051 loading class org/gradle/internal/fingerprint/classpath/impl/ClasspathFingerprintingStrategy$ClasspathContentFingerprintingVisitor
Event: 4.051 loading class org/gradle/internal/fingerprint/classpath/impl/ClasspathFingerprintingStrategy$ClasspathContentFingerprintingVisitor done
Event: 4.052 loading class org/gradle/internal/fingerprint/classpath/impl/ClasspathFingerprintingStrategy$ClasspathContentFingerprintingVisitor
Event: 4.052 loading class org/gradle/internal/fingerprint/classpath/impl/ClasspathFingerprintingStrategy$ClasspathContentFingerprintingVisitor done
Event: 4.053 loading class org/gradle/internal/fingerprint/impl/IgnoredPathFileSystemLocationFingerprint
Event: 4.053 loading class org/gradle/internal/fingerprint/impl/IgnoredPathFileSystemLocationFingerprint done
Event: 4.054 loading class org/gradle/internal/fingerprint/impl/IgnoredPathFileSystemLocationFingerprint$1
Event: 4.054 loading class org/gradle/internal/fingerprint/impl/IgnoredPathFileSystemLocationFingerprint$1 done


Dynamic libraries:
0x00007ff7bf8d0000 - 0x00007ff7bf901000 	C:\Program Files\Android\Android Studio\jre\bin\java.exe
0x00007ffe94cf0000 - 0x00007ffe94ee5000 	C:\Windows\SYSTEM32\ntdll.dll
0x00007ffe948e0000 - 0x00007ffe9499e000 	C:\Windows\System32\KERNEL32.DLL
0x00007ffe92550000 - 0x00007ffe92818000 	C:\Windows\System32\KERNELBASE.dll
0x00007ffe94500000 - 0x00007ffe945ac000 	C:\Windows\System32\ADVAPI32.dll
0x00007ffe92d40000 - 0x00007ffe92dde000 	C:\Windows\System32\msvcrt.dll
0x00007ffe94840000 - 0x00007ffe948db000 	C:\Windows\System32\sechost.dll
0x00007ffe949a0000 - 0x00007ffe94aca000 	C:\Windows\System32\RPCRT4.dll
0x00007ffe94350000 - 0x00007ffe944f1000 	C:\Windows\System32\USER32.dll
0x00007ffe92a20000 - 0x00007ffe92a42000 	C:\Windows\System32\win32u.dll
0x00007ffe92df0000 - 0x00007ffe92e1b000 	C:\Windows\System32\GDI32.dll
0x00007ffe92ad0000 - 0x00007ffe92bdb000 	C:\Windows\System32\gdi32full.dll
0x00007ffe92880000 - 0x00007ffe9291d000 	C:\Windows\System32\msvcp_win.dll
0x00007ffe92920000 - 0x00007ffe92a20000 	C:\Windows\System32\ucrtbase.dll
0x00007ffe7c090000 - 0x00007ffe7c32a000 	C:\Windows\WinSxS\amd64_microsoft.windows.common-controls_6595b64144ccf1df_6.0.19041.1110_none_60b5254171f9507e\COMCTL32.dll
0x00007ffe94760000 - 0x00007ffe94790000 	C:\Windows\System32\IMM32.DLL
0x000000005c910000 - 0x000000005c9e2000 	C:\Program Files\Android\Android Studio\jre\jre\bin\msvcr100.dll
0x000000005cb80000 - 0x000000005d3cb000 	C:\Program Files\Android\Android Studio\jre\jre\bin\server\jvm.dll
0x00007ffe92de0000 - 0x00007ffe92de8000 	C:\Windows\System32\PSAPI.DLL
0x00007ffe87ce0000 - 0x00007ffe87cea000 	C:\Windows\SYSTEM32\VERSION.dll
0x00007ffe82090000 - 0x00007ffe820b7000 	C:\Windows\SYSTEM32\WINMM.dll
0x00007ffe8a3f0000 - 0x00007ffe8a3f9000 	C:\Windows\SYSTEM32\WSOCK32.dll
0x00007ffe94bb0000 - 0x00007ffe94c1b000 	C:\Windows\System32\WS2_32.dll
0x00007ffe81080000 - 0x00007ffe8108f000 	C:\Program Files\Android\Android Studio\jre\jre\bin\verify.dll
0x00007ffe81050000 - 0x00007ffe81079000 	C:\Program Files\Android\Android Studio\jre\jre\bin\java.dll
0x00007ffe6a5d0000 - 0x00007ffe6a5e6000 	C:\Program Files\Android\Android Studio\jre\jre\bin\zip.dll
0x00007ffe92e30000 - 0x00007ffe9356f000 	C:\Windows\System32\SHELL32.dll
0x00007ffe90510000 - 0x00007ffe90ca0000 	C:\Windows\SYSTEM32\windows.storage.dll
0x00007ffe93ec0000 - 0x00007ffe94215000 	C:\Windows\System32\combase.dll
0x00007ffe91e60000 - 0x00007ffe91e8e000 	C:\Windows\SYSTEM32\Wldp.dll
0x00007ffe93e10000 - 0x00007ffe93ebd000 	C:\Windows\System32\SHCORE.dll
0x00007ffe93b80000 - 0x00007ffe93bd5000 	C:\Windows\System32\shlwapi.dll
0x00007ffe92350000 - 0x00007ffe9236f000 	C:\Windows\SYSTEM32\profapi.dll
0x00007ffe6a5b0000 - 0x00007ffe6a5ca000 	C:\Program Files\Android\Android Studio\jre\jre\bin\net.dll
0x00007ffe91bc0000 - 0x00007ffe91c2a000 	C:\Windows\system32\mswsock.dll
0x00007ffe6a590000 - 0x00007ffe6a5a3000 	C:\Program Files\Android\Android Studio\jre\jre\bin\nio.dll
0x00007ffe810a0000 - 0x00007ffe810c7000 	C:\Users\Lenovo\.gradle\native\f6784746aeab05261644944871eae4fe03e0ef1612fff0a4a95f87b438bc6780\windows-amd64\native-platform.dll
0x00007ffe7c410000 - 0x00007ffe7c41d000 	C:\Program Files\Android\Android Studio\jre\jre\bin\management.dll
0x00007ffe91db0000 - 0x00007ffe91dc8000 	C:\Windows\SYSTEM32\CRYPTSP.dll
0x00007ffe914d0000 - 0x00007ffe91504000 	C:\Windows\system32\rsaenh.dll
0x00007ffe92aa0000 - 0x00007ffe92ac7000 	C:\Windows\System32\bcrypt.dll
0x00007ffe92310000 - 0x00007ffe9233e000 	C:\Windows\SYSTEM32\USERENV.dll
0x00007ffe92410000 - 0x00007ffe92493000 	C:\Windows\System32\bcryptprimitives.dll
0x00007ffe91dd0000 - 0x00007ffe91ddc000 	C:\Windows\SYSTEM32\CRYPTBASE.dll
0x00007ffe91860000 - 0x00007ffe9189b000 	C:\Windows\SYSTEM32\IPHLPAPI.DLL
0x00007ffe92e20000 - 0x00007ffe92e28000 	C:\Windows\System32\NSI.dll
0x00007ffe86960000 - 0x00007ffe86977000 	C:\Windows\SYSTEM32\dhcpcsvc6.DLL
0x00007ffe86780000 - 0x00007ffe8679d000 	C:\Windows\SYSTEM32\dhcpcsvc.DLL
0x00007ffe918a0000 - 0x00007ffe9196b000 	C:\Windows\SYSTEM32\DNSAPI.dll
0x00007ffe86bd0000 - 0x00007ffe86bdb000 	C:\Windows\SYSTEM32\WINNSI.DLL

VM Arguments:
jvm_args: -Xmx2048m -Dfile.encoding=UTF-8 -Duser.country=ID -Duser.language=en -Duser.variant 
java_command: org.gradle.launcher.daemon.bootstrap.GradleDaemon 6.5
java_class_path (initial): C:\Users\Lenovo\.gradle\wrapper\dists\gradle-6.5-bin\6nifqtx7604sqp1q6g8wikw7p\gradle-6.5\lib\gradle-launcher-6.5.jar
Launcher Type: SUN_STANDARD

Environment Variables:
JAVA_HOME=C:\Program Files\Java\jdk-17.0.1
PATH=C:\Program Files\ImageMagick-7.0.11-Q16-HDRI;C:\Program Files (x86)\VMware\VMware Player\bin\;C:\Windows\system32;C:\Windows;C:\Windows\System32\Wbem;C:\Windows\System32\WindowsPowerShell\v1.0\;C:\Windows\System32\OpenSSH\;C:\Program Files (x86)\NVIDIA Corporation\PhysX\Common;C:\Program Files\NVIDIA Corporation\NVIDIA NvDLISR;C:\src\flutter\bin;C:\Program Files\Git\cmd;C:\xampp\php;C:\ProgramData\ComposerSetup\bin;C:\Program Files\nodejs\;C:\Program Files\MongoDB\Server\4.4\bin;C:\MinGW\bin;C:\Program Files\dotnet\;C:\xampp\apache\bin;C:\Program Files\ImageMagick-7.0.11-Q16-HDRI;C:\Program Files\Docker\Docker\resources\bin;C:\ProgramData\DockerDesktop\version-bin;C:\Program Files\Java\jdk-17.0.1\bin;C:\Program Files\Microsoft SQL Server\150\Tools\Binn\;C:\Program Files\Microsoft SQL Server\Client SDK\ODBC\170\Tools\Binn\;C:\Program Files\PuTTY\;C:\Users\Lenovo\AppData\Local\Programs\Python\Python39\Scripts\;C:\Users\Lenovo\AppData\Local\Programs\Python\Python39\;C:\Users\Lenovo\AppData\Local\Microsoft\WindowsApps;;C:\Users\Lenovo\AppData\Local\Programs\Microsoft VS Code\bin;C:\Users\Lenovo\AppData\Roaming\Composer\vendor\bin;C:\Program Files\heroku\bin;C:\Users\Lenovo\AppData\Roaming\npm;C:\Users\Lenovo\.dotnet\tools
USERNAME=Lenovo
OS=Windows_NT
PROCESSOR_IDENTIFIER=Intel64 Family 6 Model 142 Stepping 11, GenuineIntel



---------------  S Y S T E M  ---------------

OS: Windows 10.0 , 64 bit Build 19041 (10.0.19041.1348)

CPU:total 8 (initial active 8) (4 cores per cpu, 2 threads per core) family 6 model 142 stepping 11, cmov, cx8, fxsr, mmx, sse, sse2, sse3, ssse3, sse4.1, sse4.2, popcnt, avx, avx2, aes, clmul, erms, 3dnowpref, lzcnt, ht, tsc, tscinvbit, bmi1, bmi2, adx

Memory: 4k page, physical 12392180k(2017088k free), swap 12392180k(5428k free)

vm_info: OpenJDK 64-Bit Server VM (25.242-b01) for windows-amd64 JRE (1.8.0_242-release-1644-b01), built by "builder" with MS VC++ 10.0 (VS2010)

time: Wed Dec 01 21:15:01 2021
timezone: SE Asia Standard Time
elapsed time: 4 seconds (0d 0h 0m 4s)

