#
# There is insufficient memory for the Java Runtime Environment to continue.
# Native memory allocation (malloc) failed to allocate 1132976 bytes for Chunk::new
# Possible reasons:
#   The system is out of physical RAM or swap space
#   The process is running with CompressedOops enabled, and the Java Heap may be blocking the growth of the native heap
# Possible solutions:
#   Reduce memory load on the system
#   Increase physical memory or swap space
#   Check if swap backing store is full
#   Decrease Java heap size (-Xmx/-Xms)
#   Decrease number of Java threads
#   Decrease Java thread stack sizes (-Xss)
#   Set larger code cache with -XX:ReservedCodeCacheSize=
#   JVM is running with Unscaled Compressed Oops mode in which the Java heap is
#     placed in the first 4GB address space. The Java Heap base address is the
#     maximum limit for the native heap growth. Please use -XX:HeapBaseMinAddress
#     to set the Java Heap base and to place the Java Heap above 4GB virtual address.
# This output file may be truncated or incomplete.
#
#  Out of Memory Error (allocation.cpp:389), pid=1940, tid=0x0000000000005328
#
# JRE version: OpenJDK Runtime Environment (8.0_242-b01) (build 1.8.0_242-release-1644-b01)
# Java VM: OpenJDK 64-Bit Server VM (25.242-b01 mixed mode windows-amd64 compressed oops)
# Failed to write core dump. Minidumps are not enabled by default on client versions of Windows
#

---------------  T H R E A D  ---------------

Current thread (0x0000000019b20000):  JavaThread "C2 CompilerThread0" daemon [_thread_in_native, id=21288, stack(0x000000001a3f0000,0x000000001a4f0000)]

Stack: [0x000000001a3f0000,0x000000001a4f0000]
[error occurred during error reporting (printing stack bounds), id 0xc0000005]

Native frames: (J=compiled Java code, j=interpreted, Vv=VM code, C=native code)


Current CompileTask:
C2: 208559 16307       4       org.objectweb.asm.ClassReader::readField (667 bytes)


---------------  P R O C E S S  ---------------

Java Threads: ( => current thread )
  0x000000001d15b800 JavaThread "WorkerExecutor Queue Thread 9" [_thread_blocked, id=19192, stack(0x0000000033590000,0x0000000033690000)]
  0x000000001d15f800 JavaThread "Cache worker for Java compile cache (D:\Code\Projects\Plasmahero-mobile\client\.gradle\6.5\javaCompile)" [_thread_blocked, id=5348, stack(0x0000000033290000,0x0000000033390000)]
  0x000000001d15d000 JavaThread "Cache worker for Java compile cache (C:\Users\Lenovo\.gradle\caches\6.5\javaCompile)" [_thread_blocked, id=16360, stack(0x0000000033190000,0x0000000033290000)]
  0x000000001d16a800 JavaThread "RMI TCP Connection(1)-127.0.0.1" daemon [_thread_in_native, id=11900, stack(0x00000000343b0000,0x00000000344b0000)]
  0x000000001d168800 JavaThread "RMI Reaper" [_thread_blocked, id=9024, stack(0x00000000342b0000,0x00000000343b0000)]
  0x000000001d163000 JavaThread "RMI TCP Accept-0" daemon [_thread_in_native, id=19128, stack(0x00000000341b0000,0x00000000342b0000)]
  0x000000001d169000 JavaThread "GC Daemon" daemon [_thread_blocked, id=1616, stack(0x00000000340b0000,0x00000000341b0000)]
  0x000000001d16a000 JavaThread "RMI RenewClean-[127.0.0.1:17947,org.jetbrains.kotlin.daemon.common.LoopbackNetworkInterface$ClientLoopbackSocketFactory@1e8d8b8e]" daemon [_thread_blocked, id=9468, stack(0x0000000033b90000,0x0000000033c90000)]
  0x000000001d164800 JavaThread "RMI Scheduler(0)" daemon [_thread_blocked, id=11808, stack(0x0000000031680000,0x0000000031780000)]
  0x000000001d15b000 JavaThread "stdout" [_thread_in_native, id=13008, stack(0x0000000032880000,0x0000000032980000)]
  0x000000001d160000 JavaThread "stderr" [_thread_in_native, id=20524, stack(0x0000000030a40000,0x0000000030b40000)]
  0x000000001d15e000 JavaThread "stdout" [_thread_in_native, id=6860, stack(0x0000000032780000,0x0000000032880000)]
  0x000000001d159800 JavaThread "stderr" [_thread_in_native, id=9012, stack(0x0000000032680000,0x0000000032780000)]
  0x000000001d152000 JavaThread "stdout" [_thread_in_native, id=7336, stack(0x0000000032580000,0x0000000032680000)]
  0x000000001d158800 JavaThread "stderr" [_thread_in_native, id=8340, stack(0x0000000032480000,0x0000000032580000)]
  0x000000001d155800 JavaThread "WorkerExecutor Queue Thread 8" [_thread_blocked, id=7188, stack(0x0000000032380000,0x0000000032480000)]
  0x000000001d154000 JavaThread "stdout" [_thread_in_native, id=17912, stack(0x0000000032280000,0x0000000032380000)]
  0x000000001d152800 JavaThread "stderr" [_thread_in_native, id=12948, stack(0x0000000032180000,0x0000000032280000)]
  0x000000001d153800 JavaThread "stdout" [_thread_in_native, id=18816, stack(0x0000000032080000,0x0000000032180000)]
  0x000000001d158000 JavaThread "stderr" [_thread_in_native, id=13872, stack(0x0000000031f80000,0x0000000032080000)]
  0x000000001d155000 JavaThread "stdout" [_thread_in_native, id=8, stack(0x0000000031e80000,0x0000000031f80000)]
  0x000000001d150800 JavaThread "stderr" [_thread_in_native, id=18484, stack(0x0000000031d80000,0x0000000031e80000)]
  0x000000001d151000 JavaThread "stdout" [_thread_in_native, id=6608, stack(0x0000000031c80000,0x0000000031d80000)]
  0x000000001d156800 JavaThread "stderr" [_thread_in_native, id=16200, stack(0x0000000031b80000,0x0000000031c80000)]
  0x000000001d157000 JavaThread "stdout" [_thread_in_native, id=21352, stack(0x0000000031a80000,0x0000000031b80000)]
  0x000000001ab61000 JavaThread "stderr" [_thread_in_native, id=14308, stack(0x0000000031980000,0x0000000031a80000)]
  0x000000002fb5c000 JavaThread "WorkerExecutor Queue Thread 7" [_thread_blocked, id=19744, stack(0x0000000031880000,0x0000000031980000)]
  0x000000002fb5b000 JavaThread "pool-4-thread-1" [_thread_blocked, id=5736, stack(0x0000000031780000,0x0000000031880000)]
  0x000000002fb59800 JavaThread "WorkerExecutor Queue Thread 5" [_thread_blocked, id=16616, stack(0x0000000030940000,0x0000000030a40000)]
  0x000000002fb59000 JavaThread "WorkerExecutor Queue Thread 4" [_thread_blocked, id=12600, stack(0x0000000031580000,0x0000000031680000)]
  0x000000002fb58000 JavaThread "WorkerExecutor Queue Thread 3" [_thread_blocked, id=7220, stack(0x0000000031480000,0x0000000031580000)]
  0x000000002fb5d800 JavaThread "WorkerExecutor Queue Thread 2" [_thread_in_native, id=20900, stack(0x0000000030bc0000,0x0000000030cc0000)]
  0x000000002fb5c800 JavaThread "WorkerExecutor Queue" [_thread_blocked, id=18728, stack(0x0000000030840000,0x0000000030940000)]
  0x000000002fb4e800 JavaThread "Cache worker for execution history cache (D:\Code\Projects\Plasmahero-mobile\client\.gradle\6.5\executionHistory)" [_thread_blocked, id=20324, stack(0x0000000031380000,0x0000000031480000)]
  0x000000002fb53800 JavaThread "Execution worker for ':' Thread 7" [_thread_blocked, id=12704, stack(0x0000000031280000,0x0000000031380000)]
  0x000000002fb50800 JavaThread "Execution worker for ':' Thread 6" [_thread_blocked, id=16400, stack(0x0000000031180000,0x0000000031280000)]
  0x00000000220b4000 JavaThread "Execution worker for ':' Thread 5" [_thread_blocked, id=17024, stack(0x0000000031080000,0x0000000031180000)]
  0x00000000220b3800 JavaThread "Execution worker for ':' Thread 4" [_thread_blocked, id=6892, stack(0x0000000030f80000,0x0000000031080000)]
  0x00000000220b2800 JavaThread "Execution worker for ':' Thread 3" [_thread_blocked, id=2036, stack(0x0000000030e80000,0x0000000030f80000)]
  0x00000000220b5000 JavaThread "Execution worker for ':' Thread 2" [_thread_blocked, id=12976, stack(0x0000000030d80000,0x0000000030e80000)]
  0x00000000220ab000 JavaThread "Execution worker for ':'" [_thread_in_vm, id=2068, stack(0x000000002f0d0000,0x000000002f1d0000)]
  0x00000000220af800 JavaThread "Cache worker for file content cache (D:\Code\Projects\Plasmahero-mobile\client\.gradle\6.5\fileContent)" [_thread_blocked, id=2444, stack(0x000000002ed40000,0x000000002ee40000)]
  0x00000000220b1000 JavaThread "Memory manager" [_thread_blocked, id=11844, stack(0x000000002e5f0000,0x000000002e6f0000)]
  0x00000000220b0800 JavaThread "Cache worker for Build Output Cleanup Cache (D:\Code\Projects\Plasmahero-mobile\client\.gradle\buildOutputCleanup)" [_thread_blocked, id=14212, stack(0x000000002d1f0000,0x000000002d2f0000)]
  0x00000000220a7800 JavaThread "Build operations Thread 8" [_thread_blocked, id=13804, stack(0x0000000022920000,0x0000000022a20000)]
  0x00000000220a8000 JavaThread "Build operations Thread 7" [_thread_blocked, id=20868, stack(0x0000000022820000,0x0000000022920000)]
  0x00000000220ae000 JavaThread "Build operations Thread 6" [_thread_blocked, id=2408, stack(0x0000000022720000,0x0000000022820000)]
  0x00000000220ad800 JavaThread "Build operations Thread 5" [_thread_blocked, id=12492, stack(0x0000000022620000,0x0000000022720000)]
  0x00000000220a9000 JavaThread "Build operations Thread 4" [_thread_blocked, id=12356, stack(0x0000000022520000,0x0000000022620000)]
  0x00000000220aa800 JavaThread "Build operations Thread 3" [_thread_blocked, id=3564, stack(0x0000000021370000,0x0000000021470000)]
  0x00000000220a6800 JavaThread "Build operations Thread 2" [_thread_blocked, id=17788, stack(0x0000000020fb0000,0x00000000210b0000)]
  0x00000000221f3800 JavaThread "Build operations" [_thread_blocked, id=872, stack(0x0000000020eb0000,0x0000000020fb0000)]
  0x00000000221f2800 JavaThread "Cache worker for cache directory md-rule (C:\Users\Lenovo\.gradle\caches\6.5\md-rule)" [_thread_blocked, id=16636, stack(0x0000000020db0000,0x0000000020eb0000)]
  0x00000000221f0000 JavaThread "Cache worker for cache directory md-supplier (C:\Users\Lenovo\.gradle\caches\6.5\md-supplier)" [_thread_blocked, id=20408, stack(0x000000001e610000,0x000000001e710000)]
  0x00000000221f1000 JavaThread "Cache worker for checksums cache (D:\Code\Projects\Plasmahero-mobile\client\.gradle\checksums)" [_thread_blocked, id=10996, stack(0x000000001e310000,0x000000001e410000)]
  0x00000000221ee800 JavaThread "Cache worker for file hash cache (D:\Code\Projects\Plasmahero-mobile\client\.gradle\6.5\fileHashes)" [_thread_blocked, id=17372, stack(0x000000001e110000,0x000000001e210000)]
  0x00000000221f4000 JavaThread "Thread-282" [_thread_blocked, id=3572, stack(0x000000001de10000,0x000000001df10000)]
  0x00000000221ef800 JavaThread "Stdin handler" [_thread_blocked, id=19264, stack(0x000000001dd10000,0x000000001de10000)]
  0x00000000221f1800 JavaThread "Asynchronous log dispatcher for DefaultDaemonConnection: socket connection from /127.0.0.1:49452 to /127.0.0.1:49507" [_thread_blocked, id=10148, stack(0x000000001d8d0000,0x000000001d9d0000)]
  0x00000000221e7000 JavaThread "Cancel handler" [_thread_blocked, id=11840, stack(0x0000000001020000,0x0000000001120000)]
  0x00000000221e9800 JavaThread "Handler for socket connection from /127.0.0.1:49452 to /127.0.0.1:49507" [_thread_in_native, id=3824, stack(0x0000000000f20000,0x0000000001020000)]
  0x00000000221ee000 JavaThread "jar transforms Thread 232" [_thread_blocked, id=9696, stack(0x000000002d0f0000,0x000000002d1f0000)]
  0x00000000221e8000 JavaThread "jar transforms Thread 231" [_thread_blocked, id=5844, stack(0x000000002cff0000,0x000000002d0f0000)]
  0x00000000221ec800 JavaThread "jar transforms Thread 230" [_thread_blocked, id=19728, stack(0x000000002cef0000,0x000000002cff0000)]
  0x00000000221ed000 JavaThread "jar transforms Thread 229" [_thread_blocked, id=2720, stack(0x000000002cdf0000,0x000000002cef0000)]
  0x00000000221eb800 JavaThread "jar transforms Thread 228" [_thread_blocked, id=4148, stack(0x000000002ccf0000,0x000000002cdf0000)]
  0x00000000221e5000 JavaThread "jar transforms Thread 227" [_thread_blocked, id=1236, stack(0x000000002cbf0000,0x000000002ccf0000)]
  0x00000000221e6800 JavaThread "jar transforms Thread 226" [_thread_blocked, id=21184, stack(0x000000002caf0000,0x000000002cbf0000)]
  0x00000000221e5800 JavaThread "jar transforms Thread 225" [_thread_blocked, id=10760, stack(0x000000002c9f0000,0x000000002caf0000)]
  0x00000000221e8800 JavaThread "jar transforms Thread 224" [_thread_blocked, id=8608, stack(0x000000002c8f0000,0x000000002c9f0000)]
  0x00000000221ea000 JavaThread "jar transforms Thread 223" [_thread_blocked, id=19212, stack(0x000000002c7f0000,0x000000002c8f0000)]
  0x00000000221eb000 JavaThread "jar transforms Thread 222" [_thread_blocked, id=18648, stack(0x000000002c6f0000,0x000000002c7f0000)]
  0x000000001b60a800 JavaThread "jar transforms Thread 221" [_thread_blocked, id=12280, stack(0x000000002c5f0000,0x000000002c6f0000)]
  0x000000001b606000 JavaThread "jar transforms Thread 220" [_thread_blocked, id=13972, stack(0x000000002c4f0000,0x000000002c5f0000)]
  0x000000001b609800 JavaThread "jar transforms Thread 219" [_thread_blocked, id=4776, stack(0x000000002c3f0000,0x000000002c4f0000)]
  0x000000001b608000 JavaThread "jar transforms Thread 218" [_thread_blocked, id=17368, stack(0x000000002c2f0000,0x000000002c3f0000)]
  0x000000001b606800 JavaThread "jar transforms Thread 217" [_thread_blocked, id=12252, stack(0x000000002c1f0000,0x000000002c2f0000)]
  0x000000001b605000 JavaThread "jar transforms Thread 216" [_thread_blocked, id=7296, stack(0x000000002c0f0000,0x000000002c1f0000)]
  0x000000001b609000 JavaThread "jar transforms Thread 215" [_thread_blocked, id=11416, stack(0x000000002bff0000,0x000000002c0f0000)]
  0x000000001b600800 JavaThread "jar transforms Thread 214" [_thread_blocked, id=15908, stack(0x000000002bef0000,0x000000002bff0000)]
  0x000000001b604800 JavaThread "jar transforms Thread 213" [_thread_blocked, id=15600, stack(0x000000002bdf0000,0x000000002bef0000)]
  0x000000001b607800 JavaThread "jar transforms Thread 212" [_thread_blocked, id=8764, stack(0x000000002bcf0000,0x000000002bdf0000)]
  0x000000001b5fd000 JavaThread "jar transforms Thread 211" [_thread_blocked, id=9548, stack(0x000000002bbf0000,0x000000002bcf0000)]
  0x000000001b5fe800 JavaThread "jar transforms Thread 210" [_thread_blocked, id=8312, stack(0x000000002baf0000,0x000000002bbf0000)]
  0x000000001b603800 JavaThread "jar transforms Thread 209" [_thread_blocked, id=11256, stack(0x000000002b9f0000,0x000000002baf0000)]
  0x000000001b5fc000 JavaThread "jar transforms Thread 208" [_thread_blocked, id=4280, stack(0x000000002b8f0000,0x000000002b9f0000)]
  0x000000001b600000 JavaThread "jar transforms Thread 207" [_thread_blocked, id=15632, stack(0x000000002b7f0000,0x000000002b8f0000)]
  0x000000001b603000 JavaThread "jar transforms Thread 206" [_thread_blocked, id=144, stack(0x000000002b6f0000,0x000000002b7f0000)]
  0x000000001b601800 JavaThread "jar transforms Thread 205" [_thread_blocked, id=20020, stack(0x000000002b5f0000,0x000000002b6f0000)]
  0x000000001b5ff000 JavaThread "jar transforms Thread 204" [_thread_blocked, id=8972, stack(0x000000002b4f0000,0x000000002b5f0000)]
  0x000000001b602000 JavaThread "jar transforms Thread 203" [_thread_blocked, id=3632, stack(0x000000002b3f0000,0x000000002b4f0000)]
  0x000000001b5fb800 JavaThread "jar transforms Thread 202" [_thread_blocked, id=17404, stack(0x000000002b2f0000,0x000000002b3f0000)]
  0x000000001b5fd800 JavaThread "jar transforms Thread 201" [_thread_blocked, id=9848, stack(0x000000002b1f0000,0x000000002b2f0000)]
  0x000000001efa2800 JavaThread "jar transforms Thread 200" [_thread_blocked, id=16960, stack(0x000000002b0f0000,0x000000002b1f0000)]
  0x000000001efa2000 JavaThread "jar transforms Thread 199" [_thread_blocked, id=3780, stack(0x000000002aff0000,0x000000002b0f0000)]
  0x000000001efa1000 JavaThread "jar transforms Thread 198" [_thread_blocked, id=20660, stack(0x000000002aef0000,0x000000002aff0000)]
  0x000000001ef9c800 JavaThread "jar transforms Thread 197" [_thread_blocked, id=11852, stack(0x000000002adf0000,0x000000002aef0000)]
  0x000000001ef9e000 JavaThread "jar transforms Thread 196" [_thread_blocked, id=2976, stack(0x000000002acf0000,0x000000002adf0000)]
  0x000000001ef9d800 JavaThread "jar transforms Thread 195" [_thread_blocked, id=21116, stack(0x000000002abf0000,0x000000002acf0000)]
  0x000000001efa0800 JavaThread "jar transforms Thread 194" [_thread_blocked, id=13800, stack(0x000000002aaf0000,0x000000002abf0000)]
  0x000000001efa3800 JavaThread "jar transforms Thread 193" [_thread_blocked, id=8076, stack(0x000000002a9f0000,0x000000002aaf0000)]
  0x000000001ef9f800 JavaThread "jar transforms Thread 192" [_thread_blocked, id=21108, stack(0x000000002a8f0000,0x000000002a9f0000)]
  0x000000001ef9f000 JavaThread "jar transforms Thread 191" [_thread_blocked, id=9156, stack(0x000000002a7f0000,0x000000002a8f0000)]
  0x000000001ef95000 JavaThread "jar transforms Thread 190" [_thread_blocked, id=3660, stack(0x000000002a6f0000,0x000000002a7f0000)]
  0x000000001ef97800 JavaThread "jar transforms Thread 189" [_thread_blocked, id=3280, stack(0x000000002a5f0000,0x000000002a6f0000)]
  0x000000001ef99000 JavaThread "jar transforms Thread 188" [_thread_blocked, id=11956, stack(0x000000002a4f0000,0x000000002a5f0000)]
  0x000000001ef9c000 JavaThread "jar transforms Thread 187" [_thread_blocked, id=1972, stack(0x000000002a3f0000,0x000000002a4f0000)]
  0x000000001ef94800 JavaThread "jar transforms Thread 186" [_thread_blocked, id=19880, stack(0x000000002a2f0000,0x000000002a3f0000)]
  0x000000001ef96800 JavaThread "jar transforms Thread 185" [_thread_blocked, id=19132, stack(0x000000002a1f0000,0x000000002a2f0000)]
  0x000000001ef98000 JavaThread "jar transforms Thread 184" [_thread_blocked, id=16800, stack(0x000000002a0f0000,0x000000002a1f0000)]
  0x000000001ef96000 JavaThread "jar transforms Thread 183" [_thread_blocked, id=7000, stack(0x0000000029ff0000,0x000000002a0f0000)]
  0x000000001ef9b000 JavaThread "jar transforms Thread 182" [_thread_blocked, id=16640, stack(0x0000000029ef0000,0x0000000029ff0000)]
  0x000000001ef99800 JavaThread "jar transforms Thread 181" [_thread_blocked, id=21440, stack(0x0000000029df0000,0x0000000029ef0000)]
  0x000000001ef9a800 JavaThread "jar transforms Thread 180" [_thread_blocked, id=19640, stack(0x0000000029cf0000,0x0000000029df0000)]
  0x0000000020563000 JavaThread "jar transforms Thread 179" [_thread_blocked, id=8596, stack(0x0000000029bf0000,0x0000000029cf0000)]
  0x0000000020562000 JavaThread "jar transforms Thread 178" [_thread_blocked, id=15740, stack(0x0000000029af0000,0x0000000029bf0000)]
  0x0000000020566800 JavaThread "jar transforms Thread 177" [_thread_blocked, id=10584, stack(0x00000000299f0000,0x0000000029af0000)]
  0x0000000020561800 JavaThread "jar transforms Thread 176" [_thread_blocked, id=19380, stack(0x00000000298f0000,0x00000000299f0000)]
  0x0000000020565000 JavaThread "jar transforms Thread 175" [_thread_blocked, id=7464, stack(0x00000000297f0000,0x00000000298f0000)]
  0x0000000020564800 JavaThread "jar transforms Thread 174" [_thread_blocked, id=11908, stack(0x00000000296f0000,0x00000000297f0000)]
  0x0000000020566000 JavaThread "jar transforms Thread 173" [_thread_blocked, id=21444, stack(0x00000000295f0000,0x00000000296f0000)]
  0x0000000020560000 JavaThread "jar transforms Thread 172" [_thread_blocked, id=17828, stack(0x00000000294f0000,0x00000000295f0000)]
  0x0000000020563800 JavaThread "jar transforms Thread 171" [_thread_blocked, id=8988, stack(0x00000000293f0000,0x00000000294f0000)]
  0x0000000020560800 JavaThread "jar transforms Thread 170" [_thread_blocked, id=20248, stack(0x00000000292f0000,0x00000000293f0000)]
  0x0000000020558000 JavaThread "jar transforms Thread 169" [_thread_blocked, id=8408, stack(0x00000000291f0000,0x00000000292f0000)]
  0x000000002055f000 JavaThread "jar transforms Thread 168" [_thread_blocked, id=8100, stack(0x00000000290f0000,0x00000000291f0000)]
  0x000000002055b000 JavaThread "jar transforms Thread 167" [_thread_blocked, id=4500, stack(0x0000000028ff0000,0x00000000290f0000)]
  0x000000002055d000 JavaThread "jar transforms Thread 166" [_thread_blocked, id=17380, stack(0x0000000028ef0000,0x0000000028ff0000)]
  0x0000000020559000 JavaThread "jar transforms Thread 165" [_thread_blocked, id=4204, stack(0x0000000028df0000,0x0000000028ef0000)]
  0x000000002055d800 JavaThread "jar transforms Thread 164" [_thread_blocked, id=10844, stack(0x0000000028cf0000,0x0000000028df0000)]
  0x000000002055e800 JavaThread "jar transforms Thread 163" [_thread_blocked, id=9568, stack(0x0000000028bf0000,0x0000000028cf0000)]
  0x000000002055a800 JavaThread "jar transforms Thread 162" [_thread_blocked, id=21120, stack(0x0000000028af0000,0x0000000028bf0000)]
  0x000000002055c000 JavaThread "jar transforms Thread 161" [_thread_blocked, id=15172, stack(0x00000000289f0000,0x0000000028af0000)]
  0x0000000020557800 JavaThread "jar transforms Thread 160" [_thread_blocked, id=12668, stack(0x00000000288f0000,0x00000000289f0000)]
  0x0000000020559800 JavaThread "jar transforms Thread 159" [_thread_blocked, id=2780, stack(0x00000000287f0000,0x00000000288f0000)]
  0x000000001c498800 JavaThread "jar transforms Thread 158" [_thread_blocked, id=11212, stack(0x00000000286f0000,0x00000000287f0000)]
  0x000000001c496000 JavaThread "jar transforms Thread 157" [_thread_blocked, id=2908, stack(0x00000000285f0000,0x00000000286f0000)]
  0x000000001c495800 JavaThread "jar transforms Thread 156" [_thread_blocked, id=16756, stack(0x00000000284f0000,0x00000000285f0000)]
  0x000000001c497800 JavaThread "jar transforms Thread 155" [_thread_blocked, id=16012, stack(0x00000000283f0000,0x00000000284f0000)]
  0x000000001c494000 JavaThread "jar transforms Thread 154" [_thread_blocked, id=15880, stack(0x00000000282f0000,0x00000000283f0000)]
  0x000000001c494800 JavaThread "jar transforms Thread 153" [_thread_blocked, id=2968, stack(0x00000000281f0000,0x00000000282f0000)]
  0x000000001c493000 JavaThread "jar transforms Thread 152" [_thread_blocked, id=15016, stack(0x00000000280f0000,0x00000000281f0000)]
  0x000000001c497000 JavaThread "jar transforms Thread 151" [_thread_blocked, id=17516, stack(0x0000000027ff0000,0x00000000280f0000)]
  0x000000001ab5f800 JavaThread "jar transforms Thread 150" [_thread_blocked, id=4996, stack(0x0000000027ef0000,0x0000000027ff0000)]
  0x000000001ab5e000 JavaThread "jar transforms Thread 149" [_thread_blocked, id=19644, stack(0x0000000027df0000,0x0000000027ef0000)]
  0x000000001ab5d800 JavaThread "jar transforms Thread 148" [_thread_blocked, id=14772, stack(0x0000000027cf0000,0x0000000027df0000)]
  0x000000001ab5f000 JavaThread "jar transforms Thread 147" [_thread_blocked, id=21472, stack(0x0000000027bf0000,0x0000000027cf0000)]
  0x000000001ab5c800 JavaThread "jar transforms Thread 146" [_thread_blocked, id=8588, stack(0x0000000027af0000,0x0000000027bf0000)]
  0x000000001ab5c000 JavaThread "jar transforms Thread 145" [_thread_blocked, id=8956, stack(0x00000000279f0000,0x0000000027af0000)]
  0x000000001ab54800 JavaThread "jar transforms Thread 144" [_thread_blocked, id=3920, stack(0x00000000278f0000,0x00000000279f0000)]
  0x000000001ab59000 JavaThread "jar transforms Thread 143" [_thread_blocked, id=19524, stack(0x00000000277f0000,0x00000000278f0000)]
  0x000000001ab5a800 JavaThread "jar transforms Thread 142" [_thread_blocked, id=12360, stack(0x00000000276f0000,0x00000000277f0000)]
  0x000000001ab58000 JavaThread "jar transforms Thread 141" [_thread_blocked, id=7884, stack(0x00000000275f0000,0x00000000276f0000)]
  0x000000001ab57800 JavaThread "jar transforms Thread 140" [_thread_blocked, id=16004, stack(0x00000000272f0000,0x00000000273f0000)]
  0x000000001ab56000 JavaThread "jar transforms Thread 139" [_thread_blocked, id=7392, stack(0x00000000271f0000,0x00000000272f0000)]
  0x000000001ab56800 JavaThread "jar transforms Thread 138" [_thread_blocked, id=15564, stack(0x00000000270f0000,0x00000000271f0000)]
  0x000000001ab55000 JavaThread "jar transforms Thread 137" [_thread_blocked, id=11396, stack(0x0000000026ff0000,0x00000000270f0000)]
  0x000000001ab59800 JavaThread "jar transforms Thread 136" [_thread_blocked, id=5244, stack(0x0000000026ef0000,0x0000000026ff0000)]
  0x000000001ab5b000 JavaThread "jar transforms Thread 135" [_thread_blocked, id=13820, stack(0x0000000025e00000,0x0000000025f00000)]
  0x000000001ff9e800 JavaThread "jar transforms Thread 134" [_thread_blocked, id=18052, stack(0x0000000025d00000,0x0000000025e00000)]
  0x000000001ffa5800 JavaThread "jar transforms Thread 133" [_thread_blocked, id=13692, stack(0x0000000025c00000,0x0000000025d00000)]
  0x000000001ffa4800 JavaThread "jar transforms Thread 132" [_thread_blocked, id=11480, stack(0x0000000024320000,0x0000000024420000)]
  0x000000001ff9e000 JavaThread "jar transforms Thread 131" [_thread_blocked, id=10280, stack(0x0000000023820000,0x0000000023920000)]
  0x000000001ff9d000 JavaThread "jar transforms Thread 130" [_thread_blocked, id=19624, stack(0x0000000023720000,0x0000000023820000)]
  0x000000001ffa4000 JavaThread "jar transforms Thread 129" [_thread_blocked, id=7304, stack(0x0000000023620000,0x0000000023720000)]
  0x000000001ffa1800 JavaThread "jar transforms Thread 128" [_thread_blocked, id=9068, stack(0x0000000023520000,0x0000000023620000)]
  0x000000001ffa0000 JavaThread "jar transforms Thread 127" [_thread_blocked, id=1360, stack(0x0000000023420000,0x0000000023520000)]
  0x000000001ffa2800 JavaThread "jar transforms Thread 126" [_thread_blocked, id=20644, stack(0x0000000023320000,0x0000000023420000)]
  0x000000001ffa1000 JavaThread "jar transforms Thread 125" [_thread_blocked, id=11260, stack(0x0000000023220000,0x0000000023320000)]
  0x000000001ffa3000 JavaThread "jar transforms Thread 124" [_thread_blocked, id=16228, stack(0x0000000023120000,0x0000000023220000)]
  0x000000001ff9f800 JavaThread "jar transforms Thread 123" [_thread_blocked, id=8396, stack(0x0000000023020000,0x0000000023120000)]
  0x000000001ff9c800 JavaThread "jar transforms Thread 122" [_thread_blocked, id=9104, stack(0x0000000022f20000,0x0000000023020000)]
  0x000000001ff96800 JavaThread "jar transforms Thread 121" [_thread_blocked, id=20224, stack(0x0000000022e20000,0x0000000022f20000)]
  0x000000001ff99800 JavaThread "jar transforms Thread 120" [_thread_blocked, id=4388, stack(0x0000000022d20000,0x0000000022e20000)]
  0x000000001ff98800 JavaThread "jar transforms Thread 119" [_thread_blocked, id=13956, stack(0x0000000022c20000,0x0000000022d20000)]
  0x000000001ff9b800 JavaThread "jar transforms Thread 118" [_thread_blocked, id=18332, stack(0x0000000022b20000,0x0000000022c20000)]
  0x000000001ff97000 JavaThread "jar transforms Thread 117" [_thread_blocked, id=5232, stack(0x0000000022a20000,0x0000000022b20000)]
  0x00000000220a9800 JavaThread "Daemon worker Thread 2" [_thread_blocked, id=20256, stack(0x000000001d7d0000,0x000000001d8d0000)]
  0x00000000220ac800 JavaThread "Daemon Thread 2" [_thread_blocked, id=17780, stack(0x0000000000e20000,0x0000000000f20000)]
  0x000000001ab62000 JavaThread "Cache worker for file content cache (C:\Users\Lenovo\.gradle\caches\6.5\fileContent)" [_thread_blocked, id=14024, stack(0x0000000024220000,0x0000000024320000)]
  0x000000001ab60800 JavaThread "Cache worker for execution history cache (C:\Users\Lenovo\.gradle\caches\6.5\executionHistory)" [_thread_blocked, id=1376, stack(0x0000000023d20000,0x0000000023e20000)]
  0x000000001c499000 JavaThread "Cache worker for file hash cache (C:\Users\Lenovo\.gradle\caches\6.5\fileHashes)" [_thread_blocked, id=13268, stack(0x000000001eb10000,0x000000001ec10000)]
  0x000000001c49a000 JavaThread "File lock request listener" [_thread_in_native, id=8224, stack(0x000000001ea10000,0x000000001eb10000)]
  0x000000001c4cc000 JavaThread "Cache worker for journal cache (C:\Users\Lenovo\.gradle\caches\journal-1)" [_thread_blocked, id=18788, stack(0x000000001e910000,0x000000001ea10000)]
  0x000000001c48d800 JavaThread "Daemon periodic checks" [_thread_blocked, id=11160, stack(0x000000001dc10000,0x000000001dd10000)]
  0x000000001c4ab000 JavaThread "Incoming local TCP Connector on port 49452" [_thread_in_native, id=19000, stack(0x000000001d9d0000,0x000000001dad0000)]
  0x000000001c470000 JavaThread "Daemon health stats" [_thread_blocked, id=14760, stack(0x000000001d390000,0x000000001d490000)]
  0x0000000019bc4000 JavaThread "Service Thread" daemon [_thread_blocked, id=6772, stack(0x000000001a7f0000,0x000000001a8f0000)]
  0x0000000019b31800 JavaThread "C1 CompilerThread3" daemon [_thread_in_native, id=15820, stack(0x000000001a6f0000,0x000000001a7f0000)]
  0x0000000019b28800 JavaThread "C2 CompilerThread2" daemon [_thread_in_native, id=7856, stack(0x000000001a5f0000,0x000000001a6f0000)]
  0x0000000019b27000 JavaThread "C2 CompilerThread1" daemon [_thread_in_native, id=4492, stack(0x000000001a4f0000,0x000000001a5f0000)]
=>0x0000000019b20000 JavaThread "C2 CompilerThread0" daemon [_thread_in_native, id=21288, stack(0x000000001a3f0000,0x000000001a4f0000)]
  0x0000000019b1f000 JavaThread "Attach Listener" daemon [_thread_blocked, id=16260, stack(0x000000001a2f0000,0x000000001a3f0000)]
  0x0000000019b1e000 JavaThread "Signal Dispatcher" daemon [_thread_blocked, id=11988, stack(0x000000001a1f0000,0x000000001a2f0000)]
  0x0000000017cf2000 JavaThread "Finalizer" daemon [_thread_blocked, id=10036, stack(0x0000000019ff0000,0x000000001a0f0000)]
  0x0000000002c49000 JavaThread "Reference Handler" daemon [_thread_blocked, id=7148, stack(0x0000000019ef0000,0x0000000019ff0000)]
  0x0000000002b52800 JavaThread "main" [_thread_blocked, id=14788, stack(0x0000000002a20000,0x0000000002b20000)]

Other Threads:
  0x0000000017ce5800 VMThread [stack: 0x00000000199f0000,0x0000000019af0000] [id=19012]
  0x0000000019b73000 WatcherThread [stack: 0x000000001a8f0000,0x000000001a9f0000] [id=8032]

VM state:not at safepoint (normal execution)

VM Mutex/Monitor currently owned by a thread: None

heap address: 0x0000000080000000, size: 2048 MB, Compressed Oops mode: 32-bit
Narrow klass base: 0x0000000000000000, Narrow klass shift: 3
Compressed class space size: 1073741824 Address: 0x0000000100000000

Heap:
 PSYoungGen      total 513024K, used 223179K [0x00000000d5580000, 0x00000000f9400000, 0x0000000100000000)
  eden space 441344K, 42% used [0x00000000d5580000,0x00000000e0e6d318,0x00000000f0480000)
  from space 71680K, 47% used [0x00000000f4880000,0x00000000f6985b00,0x00000000f8e80000)
  to   space 69632K, 0% used [0x00000000f0480000,0x00000000f0480000,0x00000000f4880000)
 ParOldGen       total 368128K, used 151308K [0x0000000080000000, 0x0000000096780000, 0x00000000d5580000)
  object space 368128K, 41% used [0x0000000080000000,0x00000000893c31e8,0x0000000096780000)
 Metaspace       used 99579K, capacity 104490K, committed 104664K, reserved 1140736K
  class space    used 13091K, capacity 14039K, committed 14080K, reserved 1048576K

Card table byte_map: [0x0000000012010000,0x0000000012420000] byte_map_base: 0x0000000011c10000

Marking Bits: (ParMarkBitMap*) 0x000000005ceaf030
 Begin Bits: [0x0000000012ed0000, 0x0000000014ed0000)
 End Bits:   [0x0000000014ed0000, 0x0000000016ed0000)

Polling page: 0x00000000029e0000

CodeCache: size=245760Kb used=44034Kb max_used=44483Kb free=201726Kb
 bounds [0x0000000002c50000, 0x0000000005800000, 0x0000000011c50000]
 total_blobs=14776 nmethods=13860 adapters=828
 compilation: enabled

Compilation events (10 events):
Event: 208.520 Thread 0x0000000019b31800 16456       3       com.android.tools.build.apkzlib.zip.Eocd::getDirectorySize (5 bytes)
Event: 208.520 Thread 0x0000000019b31800 nmethod 16456 0x000000000517f290 code [0x000000000517f3e0, 0x000000000517f530]
Event: 208.520 Thread 0x0000000019b31800 16457       2       sun.nio.cs.US_ASCII$Decoder::<init> (6 bytes)
Event: 208.520 Thread 0x0000000019b31800 nmethod 16457 0x0000000003f06690 code [0x0000000003f06820, 0x0000000003f069c8]
Event: 208.520 Thread 0x0000000019b31800 16458       2       sun.nio.cs.US_ASCII$Decoder::<init> (14 bytes)
Event: 208.521 Thread 0x0000000019b31800 nmethod 16458 0x00000000042a0a90 code [0x00000000042a0c20, 0x00000000042a0dc8]
Event: 208.544 Thread 0x0000000019b31800 16460  s    3       sun.security.provider.SecureRandom::engineNextBytes (242 bytes)
Event: 208.545 Thread 0x0000000019b31800 nmethod 16460 0x0000000004317b50 code [0x0000000004317da0, 0x0000000004318f38]
Event: 208.548 Thread 0x0000000019b31800 16461       3       com.google.common.collect.ImmutableCollection$Builder::addAll (34 bytes)
Event: 208.549 Thread 0x0000000019b31800 nmethod 16461 0x00000000051edb90 code [0x00000000051edd40, 0x00000000051ee258]

GC Heap History (10 events):
Event: 197.424 GC heap before
{Heap before GC invocations=14 (full 3):
 PSYoungGen      total 342528K, used 342520K [0x00000000d5580000, 0x00000000edc00000, 0x0000000100000000)
  eden space 321024K, 100% used [0x00000000d5580000,0x00000000e8f00000,0x00000000e8f00000)
  from space 21504K, 99% used [0x00000000ea880000,0x00000000ebd7e000,0x00000000ebd80000)
  to   space 26112K, 0% used [0x00000000e8f00000,0x00000000e8f00000,0x00000000ea880000)
 ParOldGen       total 174080K, used 42331K [0x0000000080000000, 0x000000008aa00000, 0x00000000d5580000)
  object space 174080K, 24% used [0x0000000080000000,0x0000000082956c08,0x000000008aa00000)
 Metaspace       used 76927K, capacity 80946K, committed 81112K, reserved 1120256K
  class space    used 10111K, capacity 10882K, committed 11008K, reserved 1048576K
Event: 197.449 GC heap after
Heap after GC invocations=14 (full 3):
 PSYoungGen      total 347136K, used 26090K [0x00000000d5580000, 0x00000000f0800000, 0x0000000100000000)
  eden space 321024K, 0% used [0x00000000d5580000,0x00000000d5580000,0x00000000e8f00000)
  from space 26112K, 99% used [0x00000000e8f00000,0x00000000ea87a940,0x00000000ea880000)
  to   space 38912K, 0% used [0x00000000ee200000,0x00000000ee200000,0x00000000f0800000)
 ParOldGen       total 174080K, used 67030K [0x0000000080000000, 0x000000008aa00000, 0x00000000d5580000)
  object space 174080K, 38% used [0x0000000080000000,0x0000000084175b38,0x000000008aa00000)
 Metaspace       used 76927K, capacity 80946K, committed 81112K, reserved 1120256K
  class space    used 10111K, capacity 10882K, committed 11008K, reserved 1048576K
}
Event: 199.502 GC heap before
{Heap before GC invocations=15 (full 3):
 PSYoungGen      total 347136K, used 347114K [0x00000000d5580000, 0x00000000f0800000, 0x0000000100000000)
  eden space 321024K, 100% used [0x00000000d5580000,0x00000000e8f00000,0x00000000e8f00000)
  from space 26112K, 99% used [0x00000000e8f00000,0x00000000ea87a940,0x00000000ea880000)
  to   space 38912K, 0% used [0x00000000ee200000,0x00000000ee200000,0x00000000f0800000)
 ParOldGen       total 174080K, used 67030K [0x0000000080000000, 0x000000008aa00000, 0x00000000d5580000)
  object space 174080K, 38% used [0x0000000080000000,0x0000000084175b38,0x000000008aa00000)
 Metaspace       used 84486K, capacity 88766K, committed 89048K, reserved 1126400K
  class space    used 11088K, capacity 11938K, committed 12032K, reserved 1048576K
Event: 199.536 GC heap after
Heap after GC invocations=15 (full 3):
 PSYoungGen      total 402944K, used 31060K [0x00000000d5580000, 0x00000000f0e00000, 0x0000000100000000)
  eden space 364032K, 0% used [0x00000000d5580000,0x00000000d5580000,0x00000000eb900000)
  from space 38912K, 79% used [0x00000000ee200000,0x00000000f0055168,0x00000000f0800000)
  to   space 41984K, 0% used [0x00000000eb900000,0x00000000eb900000,0x00000000ee200000)
 ParOldGen       total 174080K, used 91500K [0x0000000080000000, 0x000000008aa00000, 0x00000000d5580000)
  object space 174080K, 52% used [0x0000000080000000,0x000000008595b220,0x000000008aa00000)
 Metaspace       used 84486K, capacity 88766K, committed 89048K, reserved 1126400K
  class space    used 11088K, capacity 11938K, committed 12032K, reserved 1048576K
}
Event: 200.665 GC heap before
{Heap before GC invocations=16 (full 3):
 PSYoungGen      total 402944K, used 395092K [0x00000000d5580000, 0x00000000f0e00000, 0x0000000100000000)
  eden space 364032K, 100% used [0x00000000d5580000,0x00000000eb900000,0x00000000eb900000)
  from space 38912K, 79% used [0x00000000ee200000,0x00000000f0055168,0x00000000f0800000)
  to   space 41984K, 0% used [0x00000000eb900000,0x00000000eb900000,0x00000000ee200000)
 ParOldGen       total 174080K, used 91500K [0x0000000080000000, 0x000000008aa00000, 0x00000000d5580000)
  object space 174080K, 52% used [0x0000000080000000,0x000000008595b220,0x000000008aa00000)
 Metaspace       used 89052K, capacity 93980K, committed 94168K, reserved 1130496K
  class space    used 11795K, capacity 12753K, committed 12800K, reserved 1048576K
Event: 200.738 GC heap after
Heap after GC invocations=16 (full 3):
 PSYoungGen      total 406016K, used 41970K [0x00000000d5580000, 0x00000000f8e80000, 0x0000000100000000)
  eden space 364032K, 0% used [0x00000000d5580000,0x00000000d5580000,0x00000000eb900000)
  from space 41984K, 99% used [0x00000000eb900000,0x00000000ee1fc850,0x00000000ee200000)
  to   space 71680K, 0% used [0x00000000f4880000,0x00000000f4880000,0x00000000f8e80000)
 ParOldGen       total 174080K, used 153478K [0x0000000080000000, 0x000000008aa00000, 0x00000000d5580000)
  object space 174080K, 88% used [0x0000000080000000,0x00000000895e1818,0x000000008aa00000)
 Metaspace       used 89052K, capacity 93980K, committed 94168K, reserved 1130496K
  class space    used 11795K, capacity 12753K, committed 12800K, reserved 1048576K
}
Event: 200.738 GC heap before
{Heap before GC invocations=17 (full 4):
 PSYoungGen      total 406016K, used 41970K [0x00000000d5580000, 0x00000000f8e80000, 0x0000000100000000)
  eden space 364032K, 0% used [0x00000000d5580000,0x00000000d5580000,0x00000000eb900000)
  from space 41984K, 99% used [0x00000000eb900000,0x00000000ee1fc850,0x00000000ee200000)
  to   space 71680K, 0% used [0x00000000f4880000,0x00000000f4880000,0x00000000f8e80000)
 ParOldGen       total 174080K, used 153478K [0x0000000080000000, 0x000000008aa00000, 0x00000000d5580000)
  object space 174080K, 88% used [0x0000000080000000,0x00000000895e1818,0x000000008aa00000)
 Metaspace       used 89052K, capacity 93980K, committed 94168K, reserved 1130496K
  class space    used 11795K, capacity 12753K, committed 12800K, reserved 1048576K
Event: 201.164 GC heap after
Heap after GC invocations=17 (full 4):
 PSYoungGen      total 406016K, used 0K [0x00000000d5580000, 0x00000000f8e80000, 0x0000000100000000)
  eden space 364032K, 0% used [0x00000000d5580000,0x00000000d5580000,0x00000000eb900000)
  from space 41984K, 0% used [0x00000000eb900000,0x00000000eb900000,0x00000000ee200000)
  to   space 71680K, 0% used [0x00000000f4880000,0x00000000f4880000,0x00000000f8e80000)
 ParOldGen       total 368128K, used 151300K [0x0000000080000000, 0x0000000096780000, 0x00000000d5580000)
  object space 368128K, 41% used [0x0000000080000000,0x00000000893c11e8,0x0000000096780000)
 Metaspace       used 88774K, capacity 93146K, committed 94168K, reserved 1130496K
  class space    used 11707K, capacity 12570K, committed 12800K, reserved 1048576K
}
Event: 203.452 GC heap before
{Heap before GC invocations=18 (full 4):
 PSYoungGen      total 406016K, used 355320K [0x00000000d5580000, 0x00000000f8e80000, 0x0000000100000000)
  eden space 364032K, 97% used [0x00000000d5580000,0x00000000eb07e298,0x00000000eb900000)
  from space 41984K, 0% used [0x00000000eb900000,0x00000000eb900000,0x00000000ee200000)
  to   space 71680K, 0% used [0x00000000f4880000,0x00000000f4880000,0x00000000f8e80000)
 ParOldGen       total 368128K, used 151300K [0x0000000080000000, 0x0000000096780000, 0x00000000d5580000)
  object space 368128K, 41% used [0x0000000080000000,0x00000000893c11e8,0x0000000096780000)
 Metaspace       used 93782K, capacity 98340K, committed 98776K, reserved 1134592K
  class space    used 12340K, capacity 13238K, committed 13312K, reserved 1048576K
Event: 203.505 GC heap after
Heap after GC invocations=18 (full 4):
 PSYoungGen      total 513024K, used 33814K [0x00000000d5580000, 0x00000000f9400000, 0x0000000100000000)
  eden space 441344K, 0% used [0x00000000d5580000,0x00000000d5580000,0x00000000f0480000)
  from space 71680K, 47% used [0x00000000f4880000,0x00000000f6985b00,0x00000000f8e80000)
  to   space 69632K, 0% used [0x00000000f0480000,0x00000000f0480000,0x00000000f4880000)
 ParOldGen       total 368128K, used 151308K [0x0000000080000000, 0x0000000096780000, 0x00000000d5580000)
  object space 368128K, 41% used [0x0000000080000000,0x00000000893c31e8,0x0000000096780000)
 Metaspace       used 93782K, capacity 98340K, committed 98776K, reserved 1134592K
  class space    used 12340K, capacity 13238K, committed 13312K, reserved 1048576K
}

Deoptimization events (10 events):
Event: 208.467 Thread 0x00000000220a9000 Uncommon trap: reason=bimorphic action=maybe_recompile pc=0x00000000057c4f74 method=org.gradle.api.internal.tasks.compile.incremental.deps.DependentsSet.dependents(Ljava/util/Set;Ljava/util/Set;Ljava/util/Set;)Lorg/gradle/api/internal/tasks/compile/increm
Event: 208.467 Thread 0x00000000220a9000 Uncommon trap: reason=bimorphic action=maybe_recompile pc=0x00000000057c4f74 method=org.gradle.api.internal.tasks.compile.incremental.deps.DependentsSet.dependents(Ljava/util/Set;Ljava/util/Set;Ljava/util/Set;)Lorg/gradle/api/internal/tasks/compile/increm
Event: 208.490 Thread 0x00000000220b2800 Uncommon trap: reason=array_check action=maybe_recompile pc=0x00000000056cdea0 method=java.util.TimSort.reverseRange([Ljava/lang/Object;II)V @ 20
Event: 208.490 Thread 0x00000000220b2800 Uncommon trap: reason=array_check action=maybe_recompile pc=0x000000000468ed88 method=java.util.TimSort.binarySort([Ljava/lang/Object;IIILjava/util/Comparator;)V @ 215
Event: 208.498 Thread 0x000000002fb5d800 Uncommon trap: reason=array_check action=maybe_recompile pc=0x00000000056cdea0 method=java.util.TimSort.reverseRange([Ljava/lang/Object;II)V @ 20
Event: 208.498 Thread 0x000000002fb5d800 Uncommon trap: reason=array_check action=maybe_recompile pc=0x000000000468ed88 method=java.util.TimSort.binarySort([Ljava/lang/Object;IIILjava/util/Comparator;)V @ 215
Event: 208.506 Thread 0x000000002fb5d800 Uncommon trap: reason=class_check action=maybe_recompile pc=0x00000000050bc944 method=com.google.common.collect.ImmutableSet.rebuildHashTable(I[Ljava/lang/Object;I)[Ljava/lang/Object; @ 28
Event: 208.506 Thread 0x000000002fb5d800 Uncommon trap: reason=class_check action=maybe_recompile pc=0x00000000050bc944 method=com.google.common.collect.ImmutableSet.rebuildHashTable(I[Ljava/lang/Object;I)[Ljava/lang/Object; @ 28
Event: 208.513 Thread 0x00000000220ab000 Uncommon trap: reason=array_check action=maybe_recompile pc=0x00000000056cdea0 method=java.util.TimSort.reverseRange([Ljava/lang/Object;II)V @ 20
Event: 208.513 Thread 0x00000000220ab000 Uncommon trap: reason=array_check action=maybe_recompile pc=0x000000000468ed88 method=java.util.TimSort.binarySort([Ljava/lang/Object;IIILjava/util/Comparator;)V @ 215

Classes redefined (0 events):
No events

Internal exceptions (10 events):
Event: 207.926 Thread 0x00000000220b2800 Exception <a 'sun/nio/fs/WindowsException'> (0x00000000dc2dcf50) thrown at [C:\src\AOSP-openjdk-git\hotspot\src\share\vm\prims\jni.cpp, line 710]
Event: 207.926 Thread 0x00000000220b2800 Exception <a 'sun/nio/fs/WindowsException'> (0x00000000dc2defe0) thrown at [C:\src\AOSP-openjdk-git\hotspot\src\share\vm\prims\jni.cpp, line 710]
Event: 207.926 Thread 0x00000000220b2800 Exception <a 'sun/nio/fs/WindowsException'> (0x00000000dc2dfd20) thrown at [C:\src\AOSP-openjdk-git\hotspot\src\share\vm\prims\jni.cpp, line 710]
Event: 208.477 Thread 0x00000000221f4000 Exception <a 'java/lang/NoSuchMethodError': <clinit>> (0x00000000dff73198) thrown at [C:\src\AOSP-openjdk-git\hotspot\src\share\vm\prims\jni.cpp, line 1615]
Event: 208.487 Thread 0x00000000220b2800 Exception <a 'sun/nio/fs/WindowsException'> (0x00000000dfe96db0) thrown at [C:\src\AOSP-openjdk-git\hotspot\src\share\vm\prims\jni.cpp, line 710]
Event: 208.487 Thread 0x00000000220b2800 Exception <a 'sun/nio/fs/WindowsException'> (0x00000000dfe97ac8) thrown at [C:\src\AOSP-openjdk-git\hotspot\src\share\vm\prims\jni.cpp, line 710]
Event: 208.491 Thread 0x00000000220b2800 Exception <a 'sun/nio/fs/WindowsException'> (0x00000000dfeb1450) thrown at [C:\src\AOSP-openjdk-git\hotspot\src\share\vm\prims\jni.cpp, line 710]
Event: 208.491 Thread 0x00000000220b2800 Exception <a 'sun/nio/fs/WindowsException'> (0x00000000dfeb24b0) thrown at [C:\src\AOSP-openjdk-git\hotspot\src\share\vm\prims\jni.cpp, line 710]
Event: 208.500 Thread 0x000000002fb5d800 Exception <a 'sun/nio/fs/WindowsException'> (0x00000000e035f458) thrown at [C:\src\AOSP-openjdk-git\hotspot\src\share\vm\prims\jni.cpp, line 710]
Event: 208.545 Thread 0x00000000220ab000 Exception <a 'sun/nio/fs/WindowsException'> (0x00000000e0676830) thrown at [C:\src\AOSP-openjdk-git\hotspot\src\share\vm\prims\jni.cpp, line 710]

Events (10 events):
Event: 208.556 loading class com/android/builder/desugaring/DesugaringGraph
Event: 208.556 loading class com/android/builder/desugaring/DesugaringGraph done
Event: 208.556 loading class com/android/build/gradle/internal/tasks/DesugarIncrementalHelper
Event: 208.556 loading class com/android/build/gradle/internal/tasks/DesugarIncrementalHelper done
Event: 208.556 loading class com/android/build/gradle/internal/tasks/DexArchiveBuilderTaskDelegateKt
Event: 208.556 loading class com/android/build/gradle/internal/tasks/DexArchiveBuilderTaskDelegateKt done
Event: 208.557 loading class com/android/builder/dexing/r8/ClassFileProviderFactory
Event: 208.557 loading class com/android/builder/dexing/r8/ClassFileProviderFactory done
Event: 208.557 loading class com/android/builder/dexing/r8/ClassFileProviderFactory$OrderedClassFileResourceProvider
Event: 208.557 loading class com/android/builder/dexing/r8/ClassFileProviderFactory$OrderedClassFileResourceProvider done


Dynamic libraries:
0x00007ff799c10000 - 0x00007ff799c41000 	C:\Program Files\Android\Android Studio\jre\bin\java.exe
0x00007ffe94cf0000 - 0x00007ffe94ee5000 	C:\Windows\SYSTEM32\ntdll.dll
0x00007ffe948e0000 - 0x00007ffe9499e000 	C:\Windows\System32\KERNEL32.DLL
0x00007ffe92550000 - 0x00007ffe92818000 	C:\Windows\System32\KERNELBASE.dll
0x00007ffe94500000 - 0x00007ffe945ac000 	C:\Windows\System32\ADVAPI32.dll
0x00007ffe92d40000 - 0x00007ffe92dde000 	C:\Windows\System32\msvcrt.dll
0x00007ffe94840000 - 0x00007ffe948db000 	C:\Windows\System32\sechost.dll
0x00007ffe949a0000 - 0x00007ffe94aca000 	C:\Windows\System32\RPCRT4.dll
0x00007ffe94350000 - 0x00007ffe944f1000 	C:\Windows\System32\USER32.dll
0x00007ffe92a20000 - 0x00007ffe92a42000 	C:\Windows\System32\win32u.dll
0x00007ffe92df0000 - 0x00007ffe92e1b000 	C:\Windows\System32\GDI32.dll
0x00007ffe92ad0000 - 0x00007ffe92bdb000 	C:\Windows\System32\gdi32full.dll
0x00007ffe92880000 - 0x00007ffe9291d000 	C:\Windows\System32\msvcp_win.dll
0x00007ffe92920000 - 0x00007ffe92a20000 	C:\Windows\System32\ucrtbase.dll
0x00007ffe7c090000 - 0x00007ffe7c32a000 	C:\Windows\WinSxS\amd64_microsoft.windows.common-controls_6595b64144ccf1df_6.0.19041.1110_none_60b5254171f9507e\COMCTL32.dll
0x00007ffe94760000 - 0x00007ffe94790000 	C:\Windows\System32\IMM32.DLL
0x000000005d400000 - 0x000000005d4d2000 	C:\Program Files\Android\Android Studio\jre\jre\bin\msvcr100.dll
0x000000005c6e0000 - 0x000000005cf2b000 	C:\Program Files\Android\Android Studio\jre\jre\bin\server\jvm.dll
0x00007ffe92de0000 - 0x00007ffe92de8000 	C:\Windows\System32\PSAPI.DLL
0x00007ffe8a3f0000 - 0x00007ffe8a3f9000 	C:\Windows\SYSTEM32\WSOCK32.dll
0x00007ffe82090000 - 0x00007ffe820b7000 	C:\Windows\SYSTEM32\WINMM.dll
0x00007ffe94bb0000 - 0x00007ffe94c1b000 	C:\Windows\System32\WS2_32.dll
0x00007ffe87ce0000 - 0x00007ffe87cea000 	C:\Windows\SYSTEM32\VERSION.dll
0x00007ffe8a460000 - 0x00007ffe8a46f000 	C:\Program Files\Android\Android Studio\jre\jre\bin\verify.dll
0x00007ffe61f30000 - 0x00007ffe61f59000 	C:\Program Files\Android\Android Studio\jre\jre\bin\java.dll
0x00007ffe6b950000 - 0x00007ffe6b966000 	C:\Program Files\Android\Android Studio\jre\jre\bin\zip.dll
0x00007ffe92e30000 - 0x00007ffe9356f000 	C:\Windows\System32\SHELL32.dll
0x00007ffe90510000 - 0x00007ffe90ca0000 	C:\Windows\SYSTEM32\windows.storage.dll
0x00007ffe93ec0000 - 0x00007ffe94215000 	C:\Windows\System32\combase.dll
0x00007ffe91e60000 - 0x00007ffe91e8e000 	C:\Windows\SYSTEM32\Wldp.dll
0x00007ffe93e10000 - 0x00007ffe93ebd000 	C:\Windows\System32\SHCORE.dll
0x00007ffe93b80000 - 0x00007ffe93bd5000 	C:\Windows\System32\shlwapi.dll
0x00007ffe92350000 - 0x00007ffe9236f000 	C:\Windows\SYSTEM32\profapi.dll
0x00007ffe60360000 - 0x00007ffe6037a000 	C:\Program Files\Android\Android Studio\jre\jre\bin\net.dll
0x00007ffe91bc0000 - 0x00007ffe91c2a000 	C:\Windows\system32\mswsock.dll
0x00007ffe5eb20000 - 0x00007ffe5eb33000 	C:\Program Files\Android\Android Studio\jre\jre\bin\nio.dll
0x00007ffe88ca0000 - 0x00007ffe88cc7000 	C:\Users\Lenovo\.gradle\native\f6784746aeab05261644944871eae4fe03e0ef1612fff0a4a95f87b438bc6780\windows-amd64\native-platform.dll
0x00007ffe88c40000 - 0x00007ffe88c4d000 	C:\Program Files\Android\Android Studio\jre\jre\bin\management.dll
0x00007ffe91db0000 - 0x00007ffe91dc8000 	C:\Windows\SYSTEM32\CRYPTSP.dll
0x00007ffe914d0000 - 0x00007ffe91504000 	C:\Windows\system32\rsaenh.dll
0x00007ffe92aa0000 - 0x00007ffe92ac7000 	C:\Windows\System32\bcrypt.dll
0x00007ffe92310000 - 0x00007ffe9233e000 	C:\Windows\SYSTEM32\USERENV.dll
0x00007ffe92410000 - 0x00007ffe92493000 	C:\Windows\System32\bcryptprimitives.dll
0x00007ffe91dd0000 - 0x00007ffe91ddc000 	C:\Windows\SYSTEM32\CRYPTBASE.dll
0x00007ffe91860000 - 0x00007ffe9189b000 	C:\Windows\SYSTEM32\IPHLPAPI.DLL
0x00007ffe92e20000 - 0x00007ffe92e28000 	C:\Windows\System32\NSI.dll
0x00007ffe86960000 - 0x00007ffe86977000 	C:\Windows\SYSTEM32\dhcpcsvc6.DLL
0x00007ffe86780000 - 0x00007ffe8679d000 	C:\Windows\SYSTEM32\dhcpcsvc.DLL
0x00007ffe918a0000 - 0x00007ffe9196b000 	C:\Windows\SYSTEM32\DNSAPI.dll
0x00007ffe86bd0000 - 0x00007ffe86bdb000 	C:\Windows\SYSTEM32\WINNSI.DLL

VM Arguments:
jvm_args: -Xmx2048m -Dfile.encoding=UTF-8 -Duser.country=ID -Duser.language=en -Duser.variant 
java_command: org.gradle.launcher.daemon.bootstrap.GradleDaemon 6.5
java_class_path (initial): C:\Users\Lenovo\.gradle\wrapper\dists\gradle-6.5-bin\6nifqtx7604sqp1q6g8wikw7p\gradle-6.5\lib\gradle-launcher-6.5.jar
Launcher Type: SUN_STANDARD

Environment Variables:
JAVA_HOME=C:\Program Files\Java\jdk-17.0.1
PATH=C:\Program Files\ImageMagick-7.0.11-Q16-HDRI;C:\Program Files (x86)\VMware\VMware Player\bin\;C:\Windows\system32;C:\Windows;C:\Windows\System32\Wbem;C:\Windows\System32\WindowsPowerShell\v1.0\;C:\Windows\System32\OpenSSH\;C:\Program Files (x86)\NVIDIA Corporation\PhysX\Common;C:\Program Files\NVIDIA Corporation\NVIDIA NvDLISR;C:\src\flutter\bin;C:\Program Files\Git\cmd;C:\xampp\php;C:\ProgramData\ComposerSetup\bin;C:\Program Files\nodejs\;C:\Program Files\MongoDB\Server\4.4\bin;C:\MinGW\bin;C:\Program Files\dotnet\;C:\xampp\apache\bin;C:\Program Files\ImageMagick-7.0.11-Q16-HDRI;C:\Program Files\Docker\Docker\resources\bin;C:\ProgramData\DockerDesktop\version-bin;C:\Program Files\Java\jdk-17.0.1\bin;C:\Program Files\Microsoft SQL Server\150\Tools\Binn\;C:\Program Files\Microsoft SQL Server\Client SDK\ODBC\170\Tools\Binn\;C:\Program Files\PuTTY\;C:\Users\Lenovo\AppData\Local\Programs\Python\Python39\Scripts\;C:\Users\Lenovo\AppData\Local\Programs\Python\Python39\;C:\Users\Lenovo\AppData\Local\Microsoft\WindowsApps;;C:\Users\Lenovo\AppData\Local\Programs\Microsoft VS Code\bin;C:\Users\Lenovo\AppData\Roaming\Composer\vendor\bin;C:\Program Files\heroku\bin;C:\Users\Lenovo\AppData\Roaming\npm;C:\Users\Lenovo\.dotnet\tools
USERNAME=Lenovo
OS=Windows_NT
PROCESSOR_IDENTIFIER=Intel64 Family 6 Model 142 Stepping 11, GenuineIntel



---------------  S Y S T E M  ---------------

OS: Windows 10.0 , 64 bit Build 19041 (10.0.19041.1348)

CPU:total 8 (initial active 8) (4 cores per cpu, 2 threads per core) family 6 model 142 stepping 11, cmov, cx8, fxsr, mmx, sse, sse2, sse3, ssse3, sse4.1, sse4.2, popcnt, avx, avx2, aes, clmul, erms, 3dnowpref, lzcnt, ht, tsc, tscinvbit, bmi1, bmi2, adx

Memory: 4k page, physical 12392180k(1981652k free), swap 12392180k(5712k free)

vm_info: OpenJDK 64-Bit Server VM (25.242-b01) for windows-amd64 JRE (1.8.0_242-release-1644-b01), built by "builder" with MS VC++ 10.0 (VS2010)

time: Mon Nov 29 15:30:04 2021
timezone: SE Asia Standard Time
elapsed time: 208 seconds (0d 0h 3m 28s)

