#
# There is insufficient memory for the Java Runtime Environment to continue.
# Native memory allocation (malloc) failed to allocate 1604496 bytes for Chunk::new
# Possible reasons:
#   The system is out of physical RAM or swap space
#   The process is running with CompressedOops enabled, and the Java Heap may be blocking the growth of the native heap
# Possible solutions:
#   Reduce memory load on the system
#   Increase physical memory or swap space
#   Check if swap backing store is full
#   Decrease Java heap size (-Xmx/-Xms)
#   Decrease number of Java threads
#   Decrease Java thread stack sizes (-Xss)
#   Set larger code cache with -XX:ReservedCodeCacheSize=
#   JVM is running with Unscaled Compressed Oops mode in which the Java heap is
#     placed in the first 4GB address space. The Java Heap base address is the
#     maximum limit for the native heap growth. Please use -XX:HeapBaseMinAddress
#     to set the Java Heap base and to place the Java Heap above 4GB virtual address.
# This output file may be truncated or incomplete.
#
#  Out of Memory Error (allocation.cpp:389), pid=2816, tid=0x0000000000000cd4
#
# JRE version: OpenJDK Runtime Environment (8.0_242-b01) (build 1.8.0_242-release-1644-b01)
# Java VM: OpenJDK 64-Bit Server VM (25.242-b01 mixed mode windows-amd64 compressed oops)
# Failed to write core dump. Minidumps are not enabled by default on client versions of Windows
#

---------------  T H R E A D  ---------------

Current thread (0x0000000019b44800):  JavaThread "C2 CompilerThread1" daemon [_thread_in_native, id=3284, stack(0x000000001a510000,0x000000001a610000)]

Stack: [0x000000001a510000,0x000000001a610000]
[error occurred during error reporting (printing stack bounds), id 0xc0000005]

Native frames: (J=compiled Java code, j=interpreted, Vv=VM code, C=native code)


Current CompileTask:
C2:   4656 2594       4       groovy.lang.MetaClassImpl$1MOPIter::methodNameAction (325 bytes)


---------------  P R O C E S S  ---------------

Java Threads: ( => current thread )
  0x000000001c70c000 JavaThread "Cache worker for file content cache (C:\Users\Lenovo\.gradle\caches\6.5\fileContent)" [_thread_blocked, id=11640, stack(0x0000000022f30000,0x0000000023030000)]
  0x000000001c70c800 JavaThread "jar transforms" [_thread_blocked, id=15548, stack(0x0000000022e30000,0x0000000022f30000)]
  0x000000001c70b000 JavaThread "Cache worker for execution history cache (C:\Users\Lenovo\.gradle\caches\6.5\executionHistory)" [_thread_blocked, id=20876, stack(0x0000000022730000,0x0000000022830000)]
  0x000000001c708000 JavaThread "Cache worker for cache directory md-rule (C:\Users\Lenovo\.gradle\caches\6.5\md-rule)" [_thread_blocked, id=21268, stack(0x0000000022630000,0x0000000022730000)]
  0x000000001c70f000 JavaThread "Cache worker for cache directory md-supplier (C:\Users\Lenovo\.gradle\caches\6.5\md-supplier)" [_thread_blocked, id=2724, stack(0x0000000022530000,0x0000000022630000)]
  0x000000001c709000 JavaThread "Cache worker for checksums cache (D:\Code\Projects\Plasmahero-mobile\client\.gradle\checksums)" [_thread_blocked, id=13832, stack(0x0000000021380000,0x0000000021480000)]
  0x000000001c70a800 JavaThread "Cache worker for file hash cache (D:\Code\Projects\Plasmahero-mobile\client\.gradle\6.5\fileHashes)" [_thread_blocked, id=1228, stack(0x0000000021070000,0x0000000021170000)]
  0x000000001c709800 JavaThread "Cache worker for file hash cache (C:\Users\Lenovo\.gradle\caches\6.5\fileHashes)" [_thread_blocked, id=6380, stack(0x000000001eb30000,0x000000001ec30000)]
  0x000000001c70e000 JavaThread "File lock request listener" [_thread_in_native, id=19572, stack(0x000000001ea30000,0x000000001eb30000)]
  0x000000001c6e7000 JavaThread "Cache worker for journal cache (C:\Users\Lenovo\.gradle\caches\journal-1)" [_thread_blocked, id=12552, stack(0x000000001e930000,0x000000001ea30000)]
  0x000000001acbb800 JavaThread "Thread-9" [_thread_blocked, id=17392, stack(0x000000001e630000,0x000000001e730000)]
  0x000000001ab9a800 JavaThread "Stdin handler" [_thread_blocked, id=1872, stack(0x000000001e530000,0x000000001e630000)]
  0x000000001ab14800 JavaThread "Asynchronous log dispatcher for DefaultDaemonConnection: socket connection from /127.0.0.1:49356 to /127.0.0.1:49357" [_thread_blocked, id=5000, stack(0x000000001e430000,0x000000001e530000)]
  0x000000001ad0d800 JavaThread "Daemon worker" [_thread_in_vm, id=2920, stack(0x000000001e330000,0x000000001e430000)]
  0x000000001ab11000 JavaThread "Cancel handler" [_thread_blocked, id=19516, stack(0x000000001e130000,0x000000001e230000)]
  0x000000001aad6000 JavaThread "Handler for socket connection from /127.0.0.1:49356 to /127.0.0.1:49357" [_thread_in_native, id=6536, stack(0x000000001e030000,0x000000001e130000)]
  0x000000001aad5000 JavaThread "Daemon" [_thread_blocked, id=8228, stack(0x000000001df30000,0x000000001e030000)]
  0x000000001c4b1000 JavaThread "Daemon periodic checks" [_thread_blocked, id=18548, stack(0x000000001dc30000,0x000000001dd30000)]
  0x000000001c4a8800 JavaThread "Incoming local TCP Connector on port 49356" [_thread_in_native, id=18424, stack(0x000000001d9f0000,0x000000001daf0000)]
  0x000000001c44a000 JavaThread "Daemon health stats" [_thread_blocked, id=14536, stack(0x000000001d3b0000,0x000000001d4b0000)]
  0x0000000019bd7800 JavaThread "Service Thread" daemon [_thread_blocked, id=14936, stack(0x000000001a810000,0x000000001a910000)]
  0x0000000019b51000 JavaThread "C1 CompilerThread3" daemon [_thread_blocked, id=20428, stack(0x000000001a710000,0x000000001a810000)]
  0x0000000019b4a000 JavaThread "C2 CompilerThread2" daemon [_thread_blocked, id=1224, stack(0x000000001a610000,0x000000001a710000)]
=>0x0000000019b44800 JavaThread "C2 CompilerThread1" daemon [_thread_in_native, id=3284, stack(0x000000001a510000,0x000000001a610000)]
  0x0000000019b41000 JavaThread "C2 CompilerThread0" daemon [_thread_blocked, id=10156, stack(0x000000001a410000,0x000000001a510000)]
  0x0000000019b40000 JavaThread "Attach Listener" daemon [_thread_blocked, id=9988, stack(0x000000001a310000,0x000000001a410000)]
  0x0000000019b3f000 JavaThread "Signal Dispatcher" daemon [_thread_blocked, id=11124, stack(0x000000001a210000,0x000000001a310000)]
  0x0000000002cbe800 JavaThread "Finalizer" daemon [_thread_blocked, id=16284, stack(0x000000001a010000,0x000000001a110000)]
  0x0000000017d2c800 JavaThread "Reference Handler" daemon [_thread_blocked, id=20728, stack(0x0000000019f10000,0x000000001a010000)]
  0x0000000002bc2800 JavaThread "main" [_thread_blocked, id=9828, stack(0x0000000002a30000,0x0000000002b30000)]

Other Threads:
  0x0000000017d25800 VMThread [stack: 0x0000000019a10000,0x0000000019b10000] [id=6832]
  0x0000000019bd8000 WatcherThread [stack: 0x000000001a910000,0x000000001aa10000] [id=1444]

VM state:not at safepoint (normal execution)

VM Mutex/Monitor currently owned by a thread: None

heap address: 0x0000000080000000, size: 2048 MB, Compressed Oops mode: 32-bit
Narrow klass base: 0x0000000000000000, Narrow klass shift: 3
Compressed class space size: 1073741824 Address: 0x0000000100000000

Heap:
 PSYoungGen      total 206336K, used 3139K [0x00000000d5580000, 0x00000000e9600000, 0x0000000100000000)
  eden space 193536K, 1% used [0x00000000d5580000,0x00000000d5890ec0,0x00000000e1280000)
  from space 12800K, 0% used [0x00000000e1280000,0x00000000e1280000,0x00000000e1f00000)
  to   space 13312K, 0% used [0x00000000e8900000,0x00000000e8900000,0x00000000e9600000)
 ParOldGen       total 70144K, used 16442K [0x0000000080000000, 0x0000000084480000, 0x00000000d5580000)
  object space 70144K, 23% used [0x0000000080000000,0x000000008100eae0,0x0000000084480000)
 Metaspace       used 34381K, capacity 35548K, committed 35752K, reserved 1079296K
  class space    used 4732K, capacity 5003K, committed 5040K, reserved 1048576K

Card table byte_map: [0x0000000012080000,0x0000000012490000] byte_map_base: 0x0000000011c80000

Marking Bits: (ParMarkBitMap*) 0x0000000075a3f030
 Begin Bits: [0x0000000012f40000, 0x0000000014f40000)
 End Bits:   [0x0000000014f40000, 0x0000000016f40000)

Polling page: 0x00000000011a0000

CodeCache: size=245760Kb used=10625Kb max_used=10641Kb free=235134Kb
 bounds [0x0000000002cc0000, 0x0000000003730000, 0x0000000011cc0000]
 total_blobs=3459 nmethods=2772 adapters=600
 compilation: enabled

Compilation events (10 events):
Event: 4.485 Thread 0x0000000019b51000 2769       3       java.lang.invoke.MethodHandles$Lookup::linkMethodHandleConstant (185 bytes)
Event: 4.486 Thread 0x0000000019b51000 nmethod 2769 0x00000000037132d0 code [0x0000000003713580, 0x0000000003714a38]
Event: 4.491 Thread 0x0000000019b41000 nmethod 2770% 0x0000000003716bd0 code [0x0000000003716d40, 0x0000000003717178]
Event: 4.491 Thread 0x0000000019b41000 2771  s    4       java.util.jar.JarFile::getInputStream (89 bytes)
Event: 4.502 Thread 0x0000000019b41000 nmethod 2771 0x0000000003715d10 code [0x0000000003715ea0, 0x0000000003716648]
Event: 4.518 Thread 0x0000000019b41000 2772       4       java.lang.ClassLoader::defineClass (43 bytes)
Event: 4.523 Thread 0x0000000019b51000 2773       1       org.slf4j.impl.StaticLoggerBinder::getLoggerFactory (5 bytes)
Event: 4.523 Thread 0x0000000019b51000 nmethod 2773 0x000000000370e390 code [0x000000000370e4e0, 0x000000000370e5f0]
Event: 4.652 Thread 0x0000000019b4a000 nmethod 2668 0x000000000371fe50 code [0x00000000037210a0, 0x0000000003726af0]
Event: 4.653 Thread 0x0000000019b4a000 2774   !   4       java.lang.ref.ReferenceQueue::enqueue (119 bytes)

GC Heap History (10 events):
Event: 2.988 GC heap before
{Heap before GC invocations=5 (full 0):
 PSYoungGen      total 105984K, used 16970K [0x00000000d5580000, 0x00000000dc480000, 0x0000000100000000)
  eden space 98304K, 9% used [0x00000000d5580000,0x00000000d5e95ae0,0x00000000db580000)
  from space 7680K, 99% used [0x00000000dbd00000,0x00000000dc47d040,0x00000000dc480000)
  to   space 7680K, 0% used [0x00000000db580000,0x00000000db580000,0x00000000dbd00000)
 ParOldGen       total 130048K, used 4132K [0x0000000080000000, 0x0000000087f00000, 0x00000000d5580000)
  object space 130048K, 3% used [0x0000000080000000,0x0000000080409358,0x0000000087f00000)
 Metaspace       used 20595K, capacity 21224K, committed 21296K, reserved 1067008K
  class space    used 2876K, capacity 3076K, committed 3120K, reserved 1048576K
Event: 2.996 GC heap after
Heap after GC invocations=5 (full 0):
 PSYoungGen      total 105984K, used 7196K [0x00000000d5580000, 0x00000000e2b80000, 0x0000000100000000)
  eden space 98304K, 0% used [0x00000000d5580000,0x00000000d5580000,0x00000000db580000)
  from space 7680K, 93% used [0x00000000db580000,0x00000000dbc87050,0x00000000dbd00000)
  to   space 11264K, 0% used [0x00000000e2080000,0x00000000e2080000,0x00000000e2b80000)
 ParOldGen       total 130048K, used 4140K [0x0000000080000000, 0x0000000087f00000, 0x00000000d5580000)
  object space 130048K, 3% used [0x0000000080000000,0x000000008040b358,0x0000000087f00000)
 Metaspace       used 20595K, capacity 21224K, committed 21296K, reserved 1067008K
  class space    used 2876K, capacity 3076K, committed 3120K, reserved 1048576K
}
Event: 2.996 GC heap before
{Heap before GC invocations=6 (full 1):
 PSYoungGen      total 105984K, used 7196K [0x00000000d5580000, 0x00000000e2b80000, 0x0000000100000000)
  eden space 98304K, 0% used [0x00000000d5580000,0x00000000d5580000,0x00000000db580000)
  from space 7680K, 93% used [0x00000000db580000,0x00000000dbc87050,0x00000000dbd00000)
  to   space 11264K, 0% used [0x00000000e2080000,0x00000000e2080000,0x00000000e2b80000)
 ParOldGen       total 130048K, used 4140K [0x0000000080000000, 0x0000000087f00000, 0x00000000d5580000)
  object space 130048K, 3% used [0x0000000080000000,0x000000008040b358,0x0000000087f00000)
 Metaspace       used 20595K, capacity 21224K, committed 21296K, reserved 1067008K
  class space    used 2876K, capacity 3076K, committed 3120K, reserved 1048576K
Event: 3.028 GC heap after
Heap after GC invocations=6 (full 1):
 PSYoungGen      total 105984K, used 0K [0x00000000d5580000, 0x00000000e2b80000, 0x0000000100000000)
  eden space 98304K, 0% used [0x00000000d5580000,0x00000000d5580000,0x00000000db580000)
  from space 7680K, 0% used [0x00000000db580000,0x00000000db580000,0x00000000dbd00000)
  to   space 11264K, 0% used [0x00000000e2080000,0x00000000e2080000,0x00000000e2b80000)
 ParOldGen       total 70144K, used 7505K [0x0000000080000000, 0x0000000084480000, 0x00000000d5580000)
  object space 70144K, 10% used [0x0000000080000000,0x0000000080754670,0x0000000084480000)
 Metaspace       used 20595K, capacity 21224K, committed 21296K, reserved 1067008K
  class space    used 2876K, capacity 3076K, committed 3120K, reserved 1048576K
}
Event: 4.009 GC heap before
{Heap before GC invocations=7 (full 1):
 PSYoungGen      total 105984K, used 98304K [0x00000000d5580000, 0x00000000e2b80000, 0x0000000100000000)
  eden space 98304K, 100% used [0x00000000d5580000,0x00000000db580000,0x00000000db580000)
  from space 7680K, 0% used [0x00000000db580000,0x00000000db580000,0x00000000dbd00000)
  to   space 11264K, 0% used [0x00000000e2080000,0x00000000e2080000,0x00000000e2b80000)
 ParOldGen       total 70144K, used 7505K [0x0000000080000000, 0x0000000084480000, 0x00000000d5580000)
  object space 70144K, 10% used [0x0000000080000000,0x0000000080754670,0x0000000084480000)
 Metaspace       used 31190K, capacity 32078K, committed 32432K, reserved 1077248K
  class space    used 4228K, capacity 4434K, committed 4528K, reserved 1048576K
Event: 4.018 GC heap after
Heap after GC invocations=7 (full 1):
 PSYoungGen      total 184320K, used 11244K [0x00000000d5580000, 0x00000000e2b80000, 0x0000000100000000)
  eden space 173056K, 0% used [0x00000000d5580000,0x00000000d5580000,0x00000000dfe80000)
  from space 11264K, 99% used [0x00000000e2080000,0x00000000e2b7b090,0x00000000e2b80000)
  to   space 12800K, 0% used [0x00000000e1280000,0x00000000e1280000,0x00000000e1f00000)
 ParOldGen       total 70144K, used 7582K [0x0000000080000000, 0x0000000084480000, 0x00000000d5580000)
  object space 70144K, 10% used [0x0000000080000000,0x0000000080767af0,0x0000000084480000)
 Metaspace       used 31190K, capacity 32078K, committed 32432K, reserved 1077248K
  class space    used 4228K, capacity 4434K, committed 4528K, reserved 1048576K
}
Event: 4.527 GC heap before
{Heap before GC invocations=8 (full 1):
 PSYoungGen      total 184320K, used 81203K [0x00000000d5580000, 0x00000000e2b80000, 0x0000000100000000)
  eden space 173056K, 40% used [0x00000000d5580000,0x00000000d99d1bf8,0x00000000dfe80000)
  from space 11264K, 99% used [0x00000000e2080000,0x00000000e2b7b090,0x00000000e2b80000)
  to   space 12800K, 0% used [0x00000000e1280000,0x00000000e1280000,0x00000000e1f00000)
 ParOldGen       total 70144K, used 7582K [0x0000000080000000, 0x0000000084480000, 0x00000000d5580000)
  object space 70144K, 10% used [0x0000000080000000,0x0000000080767af0,0x0000000084480000)
 Metaspace       used 34274K, capacity 35412K, committed 35496K, reserved 1079296K
  class space    used 4719K, capacity 5001K, committed 5040K, reserved 1048576K
Event: 4.538 GC heap after
Heap after GC invocations=8 (full 1):
 PSYoungGen      total 206336K, used 10154K [0x00000000d5580000, 0x00000000e9600000, 0x0000000100000000)
  eden space 193536K, 0% used [0x00000000d5580000,0x00000000d5580000,0x00000000e1280000)
  from space 12800K, 79% used [0x00000000e1280000,0x00000000e1c6aab8,0x00000000e1f00000)
  to   space 13312K, 0% used [0x00000000e8900000,0x00000000e8900000,0x00000000e9600000)
 ParOldGen       total 70144K, used 7590K [0x0000000080000000, 0x0000000084480000, 0x00000000d5580000)
  object space 70144K, 10% used [0x0000000080000000,0x0000000080769af0,0x0000000084480000)
 Metaspace       used 34274K, capacity 35412K, committed 35496K, reserved 1079296K
  class space    used 4719K, capacity 5001K, committed 5040K, reserved 1048576K
}
Event: 4.538 GC heap before
{Heap before GC invocations=9 (full 2):
 PSYoungGen      total 206336K, used 10154K [0x00000000d5580000, 0x00000000e9600000, 0x0000000100000000)
  eden space 193536K, 0% used [0x00000000d5580000,0x00000000d5580000,0x00000000e1280000)
  from space 12800K, 79% used [0x00000000e1280000,0x00000000e1c6aab8,0x00000000e1f00000)
  to   space 13312K, 0% used [0x00000000e8900000,0x00000000e8900000,0x00000000e9600000)
 ParOldGen       total 70144K, used 7590K [0x0000000080000000, 0x0000000084480000, 0x00000000d5580000)
  object space 70144K, 10% used [0x0000000080000000,0x0000000080769af0,0x0000000084480000)
 Metaspace       used 34274K, capacity 35412K, committed 35496K, reserved 1079296K
  class space    used 4719K, capacity 5001K, committed 5040K, reserved 1048576K
Event: 4.642 GC heap after
Heap after GC invocations=9 (full 2):
 PSYoungGen      total 206336K, used 0K [0x00000000d5580000, 0x00000000e9600000, 0x0000000100000000)
  eden space 193536K, 0% used [0x00000000d5580000,0x00000000d5580000,0x00000000e1280000)
  from space 12800K, 0% used [0x00000000e1280000,0x00000000e1280000,0x00000000e1f00000)
  to   space 13312K, 0% used [0x00000000e8900000,0x00000000e8900000,0x00000000e9600000)
 ParOldGen       total 70144K, used 16442K [0x0000000080000000, 0x0000000084480000, 0x00000000d5580000)
  object space 70144K, 23% used [0x0000000080000000,0x000000008100eae0,0x0000000084480000)
 Metaspace       used 34274K, capacity 35412K, committed 35496K, reserved 1079296K
  class space    used 4719K, capacity 5001K, committed 5040K, reserved 1048576K
}

Deoptimization events (10 events):
Event: 3.372 Thread 0x000000001ad0d800 Uncommon trap: reason=unstable_if action=reinterpret pc=0x000000000321db10 method=java.util.HashMap.putVal(ILjava/lang/Object;Ljava/lang/Object;ZZ)Ljava/lang/Object; @ 162
Event: 3.737 Thread 0x000000001ad0d800 Uncommon trap: reason=unstable_if action=reinterpret pc=0x00000000032bc12c method=java.net.URLClassLoader.defineClass(Ljava/lang/String;Lsun/misc/Resource;)Ljava/lang/Class; @ 21
Event: 3.737 Thread 0x000000001ad0d800 Uncommon trap: reason=unstable_if action=reinterpret pc=0x00000000031b6db4 method=java.lang.ClassLoader.getClassLoadingLock(Ljava/lang/String;)Ljava/lang/Object; @ 6
Event: 3.992 Thread 0x000000001ad0d800 Uncommon trap: reason=unstable_if action=reinterpret pc=0x000000000328d884 method=java.util.HashMap.getNode(ILjava/lang/Object;)Ljava/util/HashMap$Node; @ 53
Event: 4.019 Thread 0x0000000017d2c800 Uncommon trap: reason=unstable_if action=reinterpret pc=0x00000000031fc63c method=java.lang.ref.Reference.tryHandlePending(Z)Z @ 104
Event: 4.097 Thread 0x000000001ad0d800 Uncommon trap: reason=unstable_if action=reinterpret pc=0x000000000349f644 method=org.gradle.internal.reflect.PropertyAccessorType.isGetGetterName(Ljava/lang/String;)Z @ 14
Event: 4.118 Thread 0x000000001ad0d800 Uncommon trap: reason=unstable_if action=reinterpret pc=0x00000000033b56c0 method=org.objectweb.asm.ByteVector.putShort(I)Lorg/objectweb/asm/ByteVector; @ 13
Event: 4.178 Thread 0x000000001ad0d800 Uncommon trap: reason=unstable_if action=reinterpret pc=0x00000000033103a0 method=java.net.URLClassLoader.defineClass(Ljava/lang/String;Lsun/misc/Resource;)Ljava/lang/Class; @ 21
Event: 4.230 Thread 0x000000001ad0d800 Uncommon trap: reason=unstable_if action=reinterpret pc=0x0000000003673af8 method=org.codehaus.groovy.runtime.metaclass.MetaMethodIndex.addMethodToList(Ljava/lang/Object;Lgroovy/lang/MetaMethod;)Ljava/lang/Object; @ 226
Event: 4.310 Thread 0x000000001ad0d800 Uncommon trap: reason=range_check action=make_not_entrant pc=0x000000000364f73c method=java.lang.String.charAt(I)C @ 27

Classes redefined (0 events):
No events

Internal exceptions (10 events):
Event: 4.393 Thread 0x000000001ad0d800 Exception <a 'java/lang/ClassNotFoundException': org/gradle/api/internal/artifacts/dsl/dependencies/DefaultDependencyHandlerBeanInfo> (0x00000000d855b778) thrown at [C:\src\AOSP-openjdk-git\hotspot\src\share\vm\classfile\systemDictionary.cpp, line 210]
Event: 4.394 Thread 0x000000001ad0d800 Exception <a 'java/lang/ClassNotFoundException': org/gradle/api/internal/artifacts/dsl/dependencies/DefaultDependencyHandlerCustomizer> (0x00000000d85b5108) thrown at [C:\src\AOSP-openjdk-git\hotspot\src\share\vm\classfile\systemDictionary.cpp, line 210]
Event: 4.396 Thread 0x000000001ad0d800 Exception <a 'java/lang/ClassNotFoundException': org/gradle/api/internal/artifacts/dsl/dependencies/DefaultDependencyHandler_DecoratedCustomizer> (0x00000000d86400e0) thrown at [C:\src\AOSP-openjdk-git\hotspot\src\share\vm\classfile\systemDictionary.cpp, 
Event: 4.409 Thread 0x000000001ad0d800 Exception <a 'java/lang/ClassNotFoundException': groovy/lang/GString$1BeanInfo> (0x00000000d882eb58) thrown at [C:\src\AOSP-openjdk-git\hotspot\src\share\vm\classfile\systemDictionary.cpp, line 210]
Event: 4.409 Thread 0x000000001ad0d800 Exception <a 'java/lang/ClassNotFoundException': groovy/lang/GStringBeanInfo> (0x00000000d884ffc8) thrown at [C:\src\AOSP-openjdk-git\hotspot\src\share\vm\classfile\systemDictionary.cpp, line 210]
Event: 4.410 Thread 0x000000001ad0d800 Exception <a 'java/lang/ClassNotFoundException': groovy/lang/GStringCustomizer> (0x00000000d8871fb0) thrown at [C:\src\AOSP-openjdk-git\hotspot\src\share\vm\classfile\systemDictionary.cpp, line 210]
Event: 4.411 Thread 0x000000001ad0d800 Exception <a 'java/lang/ClassNotFoundException': groovy/lang/GString$1Customizer> (0x00000000d88a03f8) thrown at [C:\src\AOSP-openjdk-git\hotspot\src\share\vm\classfile\systemDictionary.cpp, line 210]
Event: 4.416 Thread 0x000000001ad0d800 Exception <a 'java/lang/ClassNotFoundException': org/codehaus/groovy/runtime/GStringImplBeanInfo> (0x00000000d894f1a8) thrown at [C:\src\AOSP-openjdk-git\hotspot\src\share\vm\classfile\systemDictionary.cpp, line 210]
Event: 4.417 Thread 0x000000001ad0d800 Exception <a 'java/lang/ClassNotFoundException': org/codehaus/groovy/runtime/GStringImplCustomizer> (0x00000000d897b238) thrown at [C:\src\AOSP-openjdk-git\hotspot\src\share\vm\classfile\systemDictionary.cpp, line 210]
Event: 4.459 Thread 0x000000001ad0d800 Exception <a 'java/lang/NoSuchMethodError': java.lang.Object.lambda$static$0(Lorg/gradle/api/internal/artifacts/configurations/MutationValidator$MutationType;)V> (0x00000000d8f49110) thrown at [C:\src\AOSP-openjdk-git\hotspot\src\share\vm\interpreter\link

Events (10 events):
Event: 4.652 loading class org/gradle/api/internal/artifacts/ivyservice/ivyresolve/ErrorHandlingModuleComponentRepository$ErrorHandlingModuleComponentRepositoryAccess
Event: 4.652 loading class org/gradle/api/internal/artifacts/ivyservice/ivyresolve/ErrorHandlingModuleComponentRepository$ErrorHandlingModuleComponentRepositoryAccess done
Event: 4.653 loading class org/gradle/api/internal/artifacts/ivyservice/ivyresolve/RepositoryBlacklister$NoOpBlacklister
Event: 4.653 loading class org/gradle/api/internal/artifacts/ivyservice/ivyresolve/RepositoryBlacklister$NoOpBlacklister done
Event: 4.654 loading class org/gradle/api/internal/artifacts/repositories/DefaultMavenRepositoryContentDescriptor
Event: 4.654 loading class org/gradle/api/internal/artifacts/repositories/DefaultMavenRepositoryContentDescriptor done
Event: 4.655 loading class org/gradle/api/artifacts/repositories/MavenRepositoryContentDescriptor
Event: 4.655 loading class org/gradle/api/artifacts/repositories/MavenRepositoryContentDescriptor done
Event: 4.655 loading class org/gradle/api/internal/artifacts/repositories/DefaultRepositoryContentDescriptor
Event: 4.655 loading class org/gradle/api/internal/artifacts/repositories/DefaultRepositoryContentDescriptor done


Dynamic libraries:
0x00007ff6a24b0000 - 0x00007ff6a24e1000 	C:\Program Files\Android\Android Studio\jre\bin\java.exe
0x00007ff983e30000 - 0x00007ff984025000 	C:\Windows\SYSTEM32\ntdll.dll
0x00007ff982f30000 - 0x00007ff982fee000 	C:\Windows\System32\KERNEL32.DLL
0x00007ff981a00000 - 0x00007ff981cc8000 	C:\Windows\System32\KERNELBASE.dll
0x00007ff983d40000 - 0x00007ff983dec000 	C:\Windows\System32\ADVAPI32.dll
0x00007ff982840000 - 0x00007ff9828de000 	C:\Windows\System32\msvcrt.dll
0x00007ff9828e0000 - 0x00007ff98297b000 	C:\Windows\System32\sechost.dll
0x00007ff9825f0000 - 0x00007ff98271a000 	C:\Windows\System32\RPCRT4.dll
0x00007ff9823b0000 - 0x00007ff982551000 	C:\Windows\System32\USER32.dll
0x00007ff981550000 - 0x00007ff981572000 	C:\Windows\System32\win32u.dll
0x00007ff982b70000 - 0x00007ff982b9b000 	C:\Windows\System32\GDI32.dll
0x00007ff9817c0000 - 0x00007ff9818cb000 	C:\Windows\System32\gdi32full.dll
0x00007ff981690000 - 0x00007ff98172d000 	C:\Windows\System32\msvcp_win.dll
0x00007ff981900000 - 0x00007ff981a00000 	C:\Windows\System32\ucrtbase.dll
0x00007ff96b050000 - 0x00007ff96b2ea000 	C:\Windows\WinSxS\amd64_microsoft.windows.common-controls_6595b64144ccf1df_6.0.19041.1110_none_60b5254171f9507e\COMCTL32.dll
0x00007ff982ba0000 - 0x00007ff982bd0000 	C:\Windows\System32\IMM32.DLL
0x0000000076910000 - 0x00000000769e2000 	C:\Program Files\Android\Android Studio\jre\jre\bin\msvcr100.dll
0x0000000075270000 - 0x0000000075abb000 	C:\Program Files\Android\Android Studio\jre\jre\bin\server\jvm.dll
0x00007ff9834d0000 - 0x00007ff9834d8000 	C:\Windows\System32\PSAPI.DLL
0x00007ff979960000 - 0x00007ff979969000 	C:\Windows\SYSTEM32\WSOCK32.dll
0x00007ff976920000 - 0x00007ff97692a000 	C:\Windows\SYSTEM32\VERSION.dll
0x00007ff96b4a0000 - 0x00007ff96b4c7000 	C:\Windows\SYSTEM32\WINMM.dll
0x00007ff982ff0000 - 0x00007ff98305b000 	C:\Windows\System32\WS2_32.dll
0x00007ff9798c0000 - 0x00007ff9798cf000 	C:\Program Files\Android\Android Studio\jre\jre\bin\verify.dll
0x00007ff9763b0000 - 0x00007ff9763d9000 	C:\Program Files\Android\Android Studio\jre\jre\bin\java.dll
0x00007ff976a50000 - 0x00007ff976a66000 	C:\Program Files\Android\Android Studio\jre\jre\bin\zip.dll
0x00007ff9834e0000 - 0x00007ff983c1f000 	C:\Windows\System32\SHELL32.dll
0x00007ff97f630000 - 0x00007ff97fdc0000 	C:\Windows\SYSTEM32\windows.storage.dll
0x00007ff982bd0000 - 0x00007ff982f25000 	C:\Windows\System32\combase.dll
0x00007ff980fa0000 - 0x00007ff980fce000 	C:\Windows\SYSTEM32\Wldp.dll
0x00007ff983c80000 - 0x00007ff983d2d000 	C:\Windows\System32\SHCORE.dll
0x00007ff983c20000 - 0x00007ff983c75000 	C:\Windows\System32\shlwapi.dll
0x00007ff981490000 - 0x00007ff9814af000 	C:\Windows\SYSTEM32\profapi.dll
0x00007ff976730000 - 0x00007ff97674a000 	C:\Program Files\Android\Android Studio\jre\jre\bin\net.dll
0x00007ff980d00000 - 0x00007ff980d6a000 	C:\Windows\system32\mswsock.dll
0x00007ff976390000 - 0x00007ff9763a3000 	C:\Program Files\Android\Android Studio\jre\jre\bin\nio.dll
0x00007ff964910000 - 0x00007ff964937000 	C:\Users\Lenovo\.gradle\native\f6784746aeab05261644944871eae4fe03e0ef1612fff0a4a95f87b438bc6780\windows-amd64\native-platform.dll
0x00007ff977ef0000 - 0x00007ff977efd000 	C:\Program Files\Android\Android Studio\jre\jre\bin\management.dll
0x00007ff980f00000 - 0x00007ff980f18000 	C:\Windows\SYSTEM32\CRYPTSP.dll
0x00007ff9805b0000 - 0x00007ff9805e4000 	C:\Windows\system32\rsaenh.dll
0x00007ff9818d0000 - 0x00007ff9818f7000 	C:\Windows\System32\bcrypt.dll
0x00007ff981450000 - 0x00007ff98147e000 	C:\Windows\SYSTEM32\USERENV.dll
0x00007ff981730000 - 0x00007ff9817b3000 	C:\Windows\System32\bcryptprimitives.dll
0x00007ff980ef0000 - 0x00007ff980efc000 	C:\Windows\SYSTEM32\CRYPTBASE.dll
0x00007ff9809a0000 - 0x00007ff9809db000 	C:\Windows\SYSTEM32\IPHLPAPI.DLL
0x00007ff983d30000 - 0x00007ff983d38000 	C:\Windows\System32\NSI.dll
0x00007ff9755a0000 - 0x00007ff9755b7000 	C:\Windows\SYSTEM32\dhcpcsvc6.DLL
0x00007ff975500000 - 0x00007ff97551d000 	C:\Windows\SYSTEM32\dhcpcsvc.DLL
0x00007ff9809e0000 - 0x00007ff980aab000 	C:\Windows\SYSTEM32\DNSAPI.dll
0x00007ff976680000 - 0x00007ff97668b000 	C:\Windows\SYSTEM32\WINNSI.DLL

VM Arguments:
jvm_args: -Xmx2048m -Dfile.encoding=UTF-8 -Duser.country=ID -Duser.language=en -Duser.variant 
java_command: org.gradle.launcher.daemon.bootstrap.GradleDaemon 6.5
java_class_path (initial): C:\Users\Lenovo\.gradle\wrapper\dists\gradle-6.5-bin\6nifqtx7604sqp1q6g8wikw7p\gradle-6.5\lib\gradle-launcher-6.5.jar
Launcher Type: SUN_STANDARD

Environment Variables:
JAVA_HOME=C:\Program Files\Java\jdk-17.0.1
PATH=C:\Program Files\ImageMagick-7.0.11-Q16-HDRI;C:\Program Files (x86)\VMware\VMware Player\bin\;C:\Windows\system32;C:\Windows;C:\Windows\System32\Wbem;C:\Windows\System32\WindowsPowerShell\v1.0\;C:\Windows\System32\OpenSSH\;C:\Program Files (x86)\NVIDIA Corporation\PhysX\Common;C:\Program Files\NVIDIA Corporation\NVIDIA NvDLISR;C:\src\flutter\bin;C:\Program Files\Git\cmd;C:\xampp\php;C:\ProgramData\ComposerSetup\bin;C:\Program Files\nodejs\;C:\Program Files\MongoDB\Server\4.4\bin;C:\MinGW\bin;C:\Program Files\dotnet\;C:\xampp\apache\bin;C:\Program Files\ImageMagick-7.0.11-Q16-HDRI;C:\Program Files\Docker\Docker\resources\bin;C:\ProgramData\DockerDesktop\version-bin;C:\Program Files\Java\jdk-17.0.1\bin;C:\Program Files\Microsoft SQL Server\150\Tools\Binn\;C:\Program Files\Microsoft SQL Server\Client SDK\ODBC\170\Tools\Binn\;C:\Program Files\PuTTY\;C:\Users\Lenovo\AppData\Local\Programs\Python\Python39\Scripts\;C:\Users\Lenovo\AppData\Local\Programs\Python\Python39\;C:\Users\Lenovo\AppData\Local\Microsoft\WindowsApps;;C:\Users\Lenovo\AppData\Local\Programs\Microsoft VS Code\bin;C:\Users\Lenovo\AppData\Roaming\Composer\vendor\bin;C:\Program Files\heroku\bin;C:\Users\Lenovo\AppData\Roaming\npm;C:\Users\Lenovo\.dotnet\tools
USERNAME=Lenovo
OS=Windows_NT
PROCESSOR_IDENTIFIER=Intel64 Family 6 Model 142 Stepping 11, GenuineIntel



---------------  S Y S T E M  ---------------

OS: Windows 10.0 , 64 bit Build 19041 (10.0.19041.1348)

CPU:total 8 (initial active 8) (4 cores per cpu, 2 threads per core) family 6 model 142 stepping 11, cmov, cx8, fxsr, mmx, sse, sse2, sse3, ssse3, sse4.1, sse4.2, popcnt, avx, avx2, aes, clmul, erms, 3dnowpref, lzcnt, ht, tsc, tscinvbit, bmi1, bmi2, adx

Memory: 4k page, physical 12392180k(1992160k free), swap 12392180k(5256k free)

vm_info: OpenJDK 64-Bit Server VM (25.242-b01) for windows-amd64 JRE (1.8.0_242-release-1644-b01), built by "builder" with MS VC++ 10.0 (VS2010)

time: Tue Dec 07 10:09:48 2021
timezone: SE Asia Standard Time
elapsed time: 4 seconds (0d 0h 0m 4s)

