#
# There is insufficient memory for the Java Runtime Environment to continue.
# Native memory allocation (malloc) failed to allocate 32744 bytes for ChunkPool::allocate
# Possible reasons:
#   The system is out of physical RAM or swap space
#   The process is running with CompressedOops enabled, and the Java Heap may be blocking the growth of the native heap
# Possible solutions:
#   Reduce memory load on the system
#   Increase physical memory or swap space
#   Check if swap backing store is full
#   Decrease Java heap size (-Xmx/-Xms)
#   Decrease number of Java threads
#   Decrease Java thread stack sizes (-Xss)
#   Set larger code cache with -XX:ReservedCodeCacheSize=
#   JVM is running with Unscaled Compressed Oops mode in which the Java heap is
#     placed in the first 4GB address space. The Java Heap base address is the
#     maximum limit for the native heap growth. Please use -XX:HeapBaseMinAddress
#     to set the Java Heap base and to place the Java Heap above 4GB virtual address.
# This output file may be truncated or incomplete.
#
#  Out of Memory Error (allocation.cpp:272), pid=20288, tid=0x0000000000001020
#
# JRE version: OpenJDK Runtime Environment (8.0_242-b01) (build 1.8.0_242-release-1644-b01)
# Java VM: OpenJDK 64-Bit Server VM (25.242-b01 mixed mode windows-amd64 compressed oops)
# Failed to write core dump. Minidumps are not enabled by default on client versions of Windows
#

---------------  T H R E A D  ---------------

Current thread (0x000000001a209800):  JavaThread "C2 CompilerThread2" daemon [_thread_in_native, id=4128, stack(0x000000001ace0000,0x000000001ade0000)]

Stack: [0x000000001ace0000,0x000000001ade0000]
[error occurred during error reporting (printing stack bounds), id 0xc0000005]

Native frames: (J=compiled Java code, j=interpreted, Vv=VM code, C=native code)


Current CompileTask:
C2:  10581 11757       4       com.android.tools.r8.ir.conversion.o::a (270 bytes)


---------------  P R O C E S S  ---------------

Java Threads: ( => current thread )
  0x000000001fa2f800 JavaThread "WorkerExecutor Queue" [_thread_in_native, id=19448, stack(0x0000000030540000,0x0000000030640000)]
  0x000000001fa2e000 JavaThread "Cache worker for execution history cache (D:\Code\Projects\Plasmahero-mobile\client\.gradle\6.5\executionHistory)" [_thread_blocked, id=17660, stack(0x000000002fe40000,0x000000002ff40000)]
  0x000000001fa32800 JavaThread "Execution worker for ':' Thread 7" [_thread_blocked, id=18024, stack(0x000000002fd40000,0x000000002fe40000)]
  0x000000001fa34800 JavaThread "Execution worker for ':' Thread 6" [_thread_blocked, id=16216, stack(0x000000002fc40000,0x000000002fd40000)]
  0x000000001fa31800 JavaThread "Execution worker for ':' Thread 5" [_thread_blocked, id=3572, stack(0x000000002fb40000,0x000000002fc40000)]
  0x000000001fa33000 JavaThread "Execution worker for ':' Thread 4" [_thread_blocked, id=3884, stack(0x000000002fa40000,0x000000002fb40000)]
  0x000000001fa2a000 JavaThread "Execution worker for ':' Thread 3" [_thread_blocked, id=1244, stack(0x000000002f940000,0x000000002fa40000)]
  0x000000001fa2d000 JavaThread "Execution worker for ':' Thread 2" [_thread_blocked, id=17364, stack(0x000000002f840000,0x000000002f940000)]
  0x000000001fa2c800 JavaThread "Execution worker for ':'" [_thread_blocked, id=8588, stack(0x000000002f740000,0x000000002f840000)]
  0x000000001fa2e800 JavaThread "Cache worker for file content cache (D:\Code\Projects\Plasmahero-mobile\client\.gradle\6.5\fileContent)" [_thread_blocked, id=2464, stack(0x000000002f040000,0x000000002f140000)]
  0x000000001fa2b800 JavaThread "Memory manager" [_thread_blocked, id=1812, stack(0x000000002ef40000,0x000000002f040000)]
  0x000000001fa31000 JavaThread "Cache worker for Build Output Cleanup Cache (D:\Code\Projects\Plasmahero-mobile\client\.gradle\buildOutputCleanup)" [_thread_blocked, id=13124, stack(0x00000000257c0000,0x00000000258c0000)]
  0x000000001fa2b000 JavaThread "jar transforms Thread 116" [_thread_blocked, id=2204, stack(0x000000002ca90000,0x000000002cb90000)]
  0x000000001fc58800 JavaThread "jar transforms Thread 115" [_thread_blocked, id=10060, stack(0x000000002c990000,0x000000002ca90000)]
  0x000000001fc57800 JavaThread "jar transforms Thread 114" [_thread_blocked, id=11668, stack(0x000000002c890000,0x000000002c990000)]
  0x000000001fc56000 JavaThread "jar transforms Thread 113" [_thread_blocked, id=14328, stack(0x000000002c790000,0x000000002c890000)]
  0x000000001fc55800 JavaThread "jar transforms Thread 112" [_thread_blocked, id=6876, stack(0x000000002c690000,0x000000002c790000)]
  0x000000001fc54000 JavaThread "jar transforms Thread 111" [_thread_blocked, id=1988, stack(0x000000002c590000,0x000000002c690000)]
  0x000000001fc53000 JavaThread "jar transforms Thread 110" [_thread_blocked, id=8600, stack(0x000000002c490000,0x000000002c590000)]
  0x000000001fc54800 JavaThread "jar transforms Thread 109" [_thread_blocked, id=3308, stack(0x000000002c390000,0x000000002c490000)]
  0x000000001fc57000 JavaThread "jar transforms Thread 108" [_thread_blocked, id=15820, stack(0x000000002c290000,0x000000002c390000)]
  0x000000001fc4b800 JavaThread "jar transforms Thread 107" [_thread_blocked, id=7520, stack(0x000000002c190000,0x000000002c290000)]
  0x000000001fc52800 JavaThread "jar transforms Thread 106" [_thread_blocked, id=9320, stack(0x000000002c090000,0x000000002c190000)]
  0x000000001fc4b000 JavaThread "jar transforms Thread 105" [_thread_blocked, id=11300, stack(0x000000002bf90000,0x000000002c090000)]
  0x000000001fc4d000 JavaThread "jar transforms Thread 104" [_thread_blocked, id=10040, stack(0x000000002be90000,0x000000002bf90000)]
  0x000000001fc51800 JavaThread "jar transforms Thread 103" [_thread_blocked, id=10360, stack(0x000000002bd90000,0x000000002be90000)]
  0x000000001fc4a000 JavaThread "jar transforms Thread 102" [_thread_blocked, id=11012, stack(0x000000002bc90000,0x000000002bd90000)]
  0x000000001fc51000 JavaThread "jar transforms Thread 101" [_thread_blocked, id=3620, stack(0x000000002bb90000,0x000000002bc90000)]
  0x000000001fc49800 JavaThread "jar transforms Thread 100" [_thread_blocked, id=9464, stack(0x000000002ba90000,0x000000002bb90000)]
  0x000000001fc50000 JavaThread "jar transforms Thread 99" [_thread_blocked, id=9904, stack(0x000000002b990000,0x000000002ba90000)]
  0x000000001fc4c800 JavaThread "jar transforms Thread 98" [_thread_blocked, id=5020, stack(0x000000002b890000,0x000000002b990000)]
  0x000000001fc4e000 JavaThread "jar transforms Thread 97" [_thread_blocked, id=10320, stack(0x000000002b790000,0x000000002b890000)]
  0x000000001fc4f800 JavaThread "jar transforms Thread 96" [_thread_blocked, id=16284, stack(0x000000002b690000,0x000000002b790000)]
  0x000000001fc4e800 JavaThread "jar transforms Thread 95" [_thread_blocked, id=16060, stack(0x000000002b590000,0x000000002b690000)]
  0x000000001d150000 JavaThread "jar transforms Thread 94" [_thread_blocked, id=3804, stack(0x000000002b490000,0x000000002b590000)]
  0x000000001d155000 JavaThread "jar transforms Thread 93" [_thread_blocked, id=5132, stack(0x000000002b390000,0x000000002b490000)]
  0x000000001d154800 JavaThread "jar transforms Thread 92" [_thread_blocked, id=4888, stack(0x000000002b290000,0x000000002b390000)]
  0x000000001d153000 JavaThread "jar transforms Thread 91" [_thread_blocked, id=15592, stack(0x000000002b190000,0x000000002b290000)]
  0x000000001d152000 JavaThread "jar transforms Thread 90" [_thread_blocked, id=18672, stack(0x000000002b090000,0x000000002b190000)]
  0x000000001d156800 JavaThread "jar transforms Thread 89" [_thread_blocked, id=8432, stack(0x000000002af90000,0x000000002b090000)]
  0x000000001d14f000 JavaThread "jar transforms Thread 88" [_thread_blocked, id=9548, stack(0x000000002ae90000,0x000000002af90000)]
  0x000000001d153800 JavaThread "jar transforms Thread 87" [_thread_blocked, id=12964, stack(0x000000002ad90000,0x000000002ae90000)]
  0x000000001d151800 JavaThread "jar transforms Thread 86" [_thread_blocked, id=2604, stack(0x000000002ac90000,0x000000002ad90000)]
  0x000000001d156000 JavaThread "jar transforms Thread 85" [_thread_blocked, id=13176, stack(0x000000002ab90000,0x000000002ac90000)]
  0x000000001d150800 JavaThread "jar transforms Thread 84" [_thread_blocked, id=8168, stack(0x000000002aa90000,0x000000002ab90000)]
  0x000000001d147800 JavaThread "jar transforms Thread 83" [_thread_blocked, id=11052, stack(0x000000002a990000,0x000000002aa90000)]
  0x000000001d14e800 JavaThread "jar transforms Thread 82" [_thread_blocked, id=19056, stack(0x000000002a890000,0x000000002a990000)]
  0x000000001d14d800 JavaThread "jar transforms Thread 81" [_thread_blocked, id=88, stack(0x000000002a790000,0x000000002a890000)]
  0x000000001d14b800 JavaThread "jar transforms Thread 80" [_thread_blocked, id=11208, stack(0x000000002a690000,0x000000002a790000)]
  0x000000001d149000 JavaThread "jar transforms Thread 79" [_thread_blocked, id=13048, stack(0x000000002a590000,0x000000002a690000)]
  0x000000001d14a000 JavaThread "jar transforms Thread 78" [_thread_blocked, id=4552, stack(0x000000002a490000,0x000000002a590000)]
  0x000000001d14a800 JavaThread "jar transforms Thread 77" [_thread_blocked, id=11804, stack(0x000000002a390000,0x000000002a490000)]
  0x000000001d14d000 JavaThread "jar transforms Thread 76" [_thread_blocked, id=3752, stack(0x000000002a290000,0x000000002a390000)]
  0x000000001d148800 JavaThread "jar transforms Thread 75" [_thread_blocked, id=3412, stack(0x000000002a190000,0x000000002a290000)]
  0x000000001d14c000 JavaThread "jar transforms Thread 74" [_thread_blocked, id=21396, stack(0x000000002a090000,0x000000002a190000)]
  0x000000001d5d1000 JavaThread "jar transforms Thread 73" [_thread_blocked, id=5136, stack(0x0000000029f90000,0x000000002a090000)]
  0x000000001d5d3800 JavaThread "jar transforms Thread 72" [_thread_blocked, id=18812, stack(0x0000000029e90000,0x0000000029f90000)]
  0x000000001d5cf800 JavaThread "jar transforms Thread 71" [_thread_blocked, id=15460, stack(0x0000000029d90000,0x0000000029e90000)]
  0x000000001d5d2000 JavaThread "jar transforms Thread 70" [_thread_blocked, id=7620, stack(0x0000000029c90000,0x0000000029d90000)]
  0x000000001d5d2800 JavaThread "jar transforms Thread 69" [_thread_blocked, id=15488, stack(0x0000000029b90000,0x0000000029c90000)]
  0x000000001d5cf000 JavaThread "jar transforms Thread 68" [_thread_blocked, id=9948, stack(0x0000000029a90000,0x0000000029b90000)]
  0x000000001d5d0800 JavaThread "jar transforms Thread 67" [_thread_blocked, id=19772, stack(0x0000000029990000,0x0000000029a90000)]
  0x000000001d5c7800 JavaThread "jar transforms Thread 66" [_thread_blocked, id=20600, stack(0x0000000029890000,0x0000000029990000)]
  0x000000001d5cc000 JavaThread "jar transforms Thread 65" [_thread_blocked, id=14836, stack(0x0000000029790000,0x0000000029890000)]
  0x000000001d5c9800 JavaThread "jar transforms Thread 64" [_thread_blocked, id=1960, stack(0x0000000029690000,0x0000000029790000)]
  0x000000001d5c9000 JavaThread "jar transforms Thread 63" [_thread_blocked, id=2256, stack(0x0000000024d60000,0x0000000024e60000)]
  0x000000001d5ce000 JavaThread "jar transforms Thread 62" [_thread_blocked, id=392, stack(0x0000000024c60000,0x0000000024d60000)]
  0x000000001d5ca800 JavaThread "jar transforms Thread 61" [_thread_blocked, id=14712, stack(0x0000000029350000,0x0000000029450000)]
  0x000000001d5cc800 JavaThread "jar transforms Thread 60" [_thread_blocked, id=14024, stack(0x0000000029250000,0x0000000029350000)]
  0x000000001d5cd800 JavaThread "jar transforms Thread 59" [_thread_blocked, id=5844, stack(0x0000000029150000,0x0000000029250000)]
  0x000000001d5c5000 JavaThread "jar transforms Thread 58" [_thread_blocked, id=16420, stack(0x0000000029050000,0x0000000029150000)]
  0x000000001d5c6000 JavaThread "jar transforms Thread 57" [_thread_blocked, id=17948, stack(0x0000000028f50000,0x0000000029050000)]
  0x000000001d5c6800 JavaThread "jar transforms Thread 56" [_thread_blocked, id=12848, stack(0x0000000028e50000,0x0000000028f50000)]
  0x000000001d5c4800 JavaThread "jar transforms Thread 55" [_thread_blocked, id=16844, stack(0x0000000028d50000,0x0000000028e50000)]
  0x000000001d5cb000 JavaThread "jar transforms Thread 54" [_thread_blocked, id=16320, stack(0x0000000028c50000,0x0000000028d50000)]
  0x000000001d5c8000 JavaThread "jar transforms Thread 53" [_thread_blocked, id=17428, stack(0x0000000028b50000,0x0000000028c50000)]
  0x00000000225f7000 JavaThread "jar transforms Thread 52" [_thread_blocked, id=15776, stack(0x0000000028a50000,0x0000000028b50000)]
  0x00000000225f8000 JavaThread "jar transforms Thread 51" [_thread_blocked, id=18100, stack(0x0000000028950000,0x0000000028a50000)]
  0x00000000225f6800 JavaThread "jar transforms Thread 50" [_thread_blocked, id=5836, stack(0x0000000028850000,0x0000000028950000)]
  0x00000000225f5800 JavaThread "jar transforms Thread 49" [_thread_blocked, id=15812, stack(0x0000000028750000,0x0000000028850000)]
  0x00000000225fc800 JavaThread "jar transforms Thread 48" [_thread_blocked, id=8280, stack(0x0000000028650000,0x0000000028750000)]
  0x00000000225f5000 JavaThread "jar transforms Thread 47" [_thread_blocked, id=20664, stack(0x0000000028550000,0x0000000028650000)]
  0x00000000225fb800 JavaThread "jar transforms Thread 46" [_thread_blocked, id=13684, stack(0x0000000028450000,0x0000000028550000)]
  0x00000000225fb000 JavaThread "jar transforms Thread 45" [_thread_blocked, id=10044, stack(0x0000000028350000,0x0000000028450000)]
  0x00000000225fa000 JavaThread "jar transforms Thread 44" [_thread_blocked, id=1876, stack(0x0000000028250000,0x0000000028350000)]
  0x00000000225f8800 JavaThread "jar transforms Thread 43" [_thread_blocked, id=16508, stack(0x0000000028150000,0x0000000028250000)]
  0x00000000225f9800 JavaThread "jar transforms Thread 42" [_thread_blocked, id=5392, stack(0x0000000028050000,0x0000000028150000)]
  0x00000000225ed800 JavaThread "jar transforms Thread 41" [_thread_blocked, id=13492, stack(0x0000000027f50000,0x0000000028050000)]
  0x00000000225f2800 JavaThread "jar transforms Thread 40" [_thread_blocked, id=9332, stack(0x0000000027e50000,0x0000000027f50000)]
  0x00000000225ef800 JavaThread "jar transforms Thread 39" [_thread_blocked, id=3680, stack(0x0000000027d50000,0x0000000027e50000)]
  0x00000000225ef000 JavaThread "jar transforms Thread 38" [_thread_blocked, id=14488, stack(0x0000000027c50000,0x0000000027d50000)]
  0x00000000225f4000 JavaThread "jar transforms Thread 37" [_thread_blocked, id=15068, stack(0x0000000027b50000,0x0000000027c50000)]
  0x00000000225f2000 JavaThread "jar transforms Thread 36" [_thread_blocked, id=9156, stack(0x0000000027a50000,0x0000000027b50000)]
  0x00000000225f3800 JavaThread "jar transforms Thread 35" [_thread_blocked, id=21020, stack(0x0000000027950000,0x0000000027a50000)]
  0x00000000225f0800 JavaThread "jar transforms Thread 34" [_thread_blocked, id=5056, stack(0x0000000027850000,0x0000000027950000)]
  0x00000000225ee000 JavaThread "jar transforms Thread 33" [_thread_blocked, id=18400, stack(0x0000000027750000,0x0000000027850000)]
  0x00000000225f1000 JavaThread "jar transforms Thread 32" [_thread_blocked, id=20204, stack(0x0000000027650000,0x0000000027750000)]
  0x000000001fab4000 JavaThread "jar transforms Thread 31" [_thread_blocked, id=16220, stack(0x0000000027550000,0x0000000027650000)]
  0x000000001fab1800 JavaThread "jar transforms Thread 30" [_thread_blocked, id=7764, stack(0x0000000027450000,0x0000000027550000)]
  0x000000001faaf800 JavaThread "jar transforms Thread 29" [_thread_blocked, id=18960, stack(0x0000000027350000,0x0000000027450000)]
  0x000000001fab3000 JavaThread "jar transforms Thread 28" [_thread_blocked, id=17632, stack(0x0000000027250000,0x0000000027350000)]
  0x000000001fab1000 JavaThread "jar transforms Thread 27" [_thread_blocked, id=19840, stack(0x0000000027150000,0x0000000027250000)]
  0x000000001fab0000 JavaThread "jar transforms Thread 26" [_thread_blocked, id=9760, stack(0x0000000027050000,0x0000000027150000)]
  0x000000001fab2800 JavaThread "jar transforms Thread 25" [_thread_blocked, id=14108, stack(0x0000000026f50000,0x0000000027050000)]
  0x000000001faae800 JavaThread "jar transforms Thread 24" [_thread_blocked, id=19236, stack(0x0000000026e50000,0x0000000026f50000)]
  0x000000001faa7000 JavaThread "jar transforms Thread 23" [_thread_blocked, id=15576, stack(0x0000000026d50000,0x0000000026e50000)]
  0x000000001faa8800 JavaThread "jar transforms Thread 22" [_thread_blocked, id=12112, stack(0x0000000026c50000,0x0000000026d50000)]
  0x000000001faae000 JavaThread "jar transforms Thread 21" [_thread_blocked, id=19048, stack(0x0000000026b50000,0x0000000026c50000)]
  0x000000001faa8000 JavaThread "jar transforms Thread 20" [_thread_blocked, id=18576, stack(0x0000000026a50000,0x0000000026b50000)]
  0x000000001faad000 JavaThread "jar transforms Thread 19" [_thread_blocked, id=12808, stack(0x0000000026950000,0x0000000026a50000)]
  0x000000001faa5800 JavaThread "jar transforms Thread 18" [_thread_blocked, id=4284, stack(0x0000000026850000,0x0000000026950000)]
  0x000000001faa6800 JavaThread "jar transforms Thread 17" [_thread_blocked, id=15612, stack(0x0000000026750000,0x0000000026850000)]
  0x000000001faac800 JavaThread "jar transforms Thread 16" [_thread_blocked, id=16096, stack(0x0000000026650000,0x0000000026750000)]
  0x000000001faa5000 JavaThread "jar transforms Thread 15" [_thread_blocked, id=3364, stack(0x0000000026550000,0x0000000026650000)]
  0x000000001faab800 JavaThread "jar transforms Thread 14" [_thread_blocked, id=9184, stack(0x0000000026450000,0x0000000026550000)]
  0x000000001faab000 JavaThread "jar transforms Thread 13" [_thread_blocked, id=16108, stack(0x0000000026350000,0x0000000026450000)]
  0x000000001faaa000 JavaThread "jar transforms Thread 12" [_thread_blocked, id=852, stack(0x0000000026250000,0x0000000026350000)]
  0x000000001faa9800 JavaThread "jar transforms Thread 11" [_thread_blocked, id=17156, stack(0x0000000026150000,0x0000000026250000)]
  0x000000001d815000 JavaThread "jar transforms Thread 10" [_thread_blocked, id=9960, stack(0x0000000026050000,0x0000000026150000)]
  0x000000001d813000 JavaThread "jar transforms Thread 9" [_thread_blocked, id=3988, stack(0x0000000025f50000,0x0000000026050000)]
  0x000000001d814800 JavaThread "jar transforms Thread 8" [_thread_blocked, id=20728, stack(0x0000000025e50000,0x0000000025f50000)]
  0x000000001d812000 JavaThread "jar transforms Thread 7" [_thread_blocked, id=9700, stack(0x0000000025d50000,0x0000000025e50000)]
  0x000000001d811800 JavaThread "jar transforms Thread 6" [_thread_blocked, id=4732, stack(0x0000000025c50000,0x0000000025d50000)]
  0x000000001d810000 JavaThread "jar transforms Thread 5" [_thread_blocked, id=18012, stack(0x0000000025b50000,0x0000000025c50000)]
  0x000000001d813800 JavaThread "jar transforms Thread 4" [_thread_blocked, id=12324, stack(0x0000000025a50000,0x0000000025b50000)]
  0x000000001d810800 JavaThread "jar transforms Thread 3" [_thread_blocked, id=9740, stack(0x0000000025950000,0x0000000025a50000)]
  0x000000001d808800 JavaThread "jar transforms Thread 2" [_thread_blocked, id=12940, stack(0x0000000024e90000,0x0000000024f90000)]
  0x000000001d80f000 JavaThread "Build operations Thread 8" [_thread_blocked, id=12648, stack(0x00000000256c0000,0x00000000257c0000)]
  0x000000001d80d800 JavaThread "Build operations Thread 7" [_thread_in_Java, id=10576, stack(0x00000000255c0000,0x00000000256c0000)]
  0x000000001d80e800 JavaThread "Build operations Thread 6" [_thread_in_Java, id=17708, stack(0x00000000254c0000,0x00000000255c0000)]
  0x000000001d80a800 JavaThread "Build operations Thread 5" [_thread_blocked, id=10084, stack(0x00000000253c0000,0x00000000254c0000)]
  0x000000001d80b800 JavaThread "Build operations Thread 4" [_thread_blocked, id=1532, stack(0x00000000252c0000,0x00000000253c0000)]
  0x000000001d80a000 JavaThread "Build operations Thread 3" [_thread_blocked, id=10408, stack(0x00000000251c0000,0x00000000252c0000)]
  0x000000001d807000 JavaThread "Build operations Thread 2" [_thread_in_Java, id=17096, stack(0x00000000250c0000,0x00000000251c0000)]
  0x000000001d80d000 JavaThread "Build operations" [_thread_in_Java, id=5240, stack(0x0000000024fc0000,0x00000000250c0000)]
  0x000000001ccb9800 JavaThread "Cache worker for file content cache (C:\Users\Lenovo\.gradle\caches\6.5\fileContent)" [_thread_blocked, id=15400, stack(0x0000000023590000,0x0000000023690000)]
  0x000000001ccb3800 JavaThread "jar transforms" [_thread_blocked, id=16852, stack(0x0000000021aa0000,0x0000000021ba0000)]
  0x000000001ccba800 JavaThread "Cache worker for execution history cache (C:\Users\Lenovo\.gradle\caches\6.5\executionHistory)" [_thread_blocked, id=17552, stack(0x00000000219a0000,0x0000000021aa0000)]
  0x000000001ccb6000 JavaThread "Cache worker for cache directory md-rule (C:\Users\Lenovo\.gradle\caches\6.5\md-rule)" [_thread_blocked, id=14004, stack(0x00000000218a0000,0x00000000219a0000)]
  0x000000001ccb5000 JavaThread "Cache worker for cache directory md-supplier (C:\Users\Lenovo\.gradle\caches\6.5\md-supplier)" [_thread_blocked, id=8296, stack(0x00000000217a0000,0x00000000218a0000)]
  0x000000001ccb6800 JavaThread "Cache worker for checksums cache (D:\Code\Projects\Plasmahero-mobile\client\.gradle\checksums)" [_thread_blocked, id=872, stack(0x00000000216a0000,0x00000000217a0000)]
  0x000000001ccb4800 JavaThread "Cache worker for file hash cache (D:\Code\Projects\Plasmahero-mobile\client\.gradle\6.5\fileHashes)" [_thread_blocked, id=10216, stack(0x0000000021df0000,0x0000000021ef0000)]
  0x000000001ccb9000 JavaThread "Cache worker for file hash cache (C:\Users\Lenovo\.gradle\caches\6.5\fileHashes)" [_thread_blocked, id=13516, stack(0x000000001f200000,0x000000001f300000)]
  0x000000001ccb8000 JavaThread "File lock request listener" [_thread_in_native, id=17104, stack(0x000000001f100000,0x000000001f200000)]
  0x000000001cd2c000 JavaThread "Cache worker for journal cache (C:\Users\Lenovo\.gradle\caches\journal-1)" [_thread_blocked, id=16756, stack(0x000000001f000000,0x000000001f100000)]
  0x000000001b26f000 JavaThread "Thread-9" [_thread_blocked, id=8240, stack(0x000000001ed00000,0x000000001ee00000)]
  0x000000001b38b000 JavaThread "Stdin handler" [_thread_blocked, id=1236, stack(0x000000001ec00000,0x000000001ed00000)]
  0x000000001b388000 JavaThread "Asynchronous log dispatcher for DefaultDaemonConnection: socket connection from /127.0.0.1:56736 to /127.0.0.1:56737" [_thread_blocked, id=10088, stack(0x000000001eb00000,0x000000001ec00000)]
  0x000000001a341000 JavaThread "Daemon worker" [_thread_blocked, id=12924, stack(0x000000001ea00000,0x000000001eb00000)]
  0x000000001b194000 JavaThread "Cancel handler" [_thread_blocked, id=16872, stack(0x000000001e800000,0x000000001e900000)]
  0x000000001cb51000 JavaThread "Handler for socket connection from /127.0.0.1:56736 to /127.0.0.1:56737" [_thread_in_native, id=14920, stack(0x000000001e500000,0x000000001e600000)]
  0x000000001b1a8000 JavaThread "Daemon" [_thread_blocked, id=20116, stack(0x000000001e400000,0x000000001e500000)]
  0x000000001cb3d000 JavaThread "Daemon periodic checks" [_thread_blocked, id=18864, stack(0x000000001e300000,0x000000001e400000)]
  0x000000001cb2a000 JavaThread "Incoming local TCP Connector on port 56736" [_thread_in_native, id=3976, stack(0x000000001e0c0000,0x000000001e1c0000)]
  0x000000001ca91800 JavaThread "Daemon health stats" [_thread_blocked, id=18328, stack(0x000000001da80000,0x000000001db80000)]
  0x000000001a29a800 JavaThread "Service Thread" daemon [_thread_blocked, id=21112, stack(0x000000001aee0000,0x000000001afe0000)]
  0x000000001a20f800 JavaThread "C1 CompilerThread3" daemon [_thread_in_native, id=14756, stack(0x000000001ade0000,0x000000001aee0000)]
=>0x000000001a209800 JavaThread "C2 CompilerThread2" daemon [_thread_in_native, id=4128, stack(0x000000001ace0000,0x000000001ade0000)]
  0x000000001a206000 JavaThread "C2 CompilerThread1" daemon [_thread_in_native, id=4900, stack(0x000000001abe0000,0x000000001ace0000)]
  0x000000001a202000 JavaThread "C2 CompilerThread0" daemon [_thread_in_native, id=17664, stack(0x000000001aae0000,0x000000001abe0000)]
  0x000000001a200800 JavaThread "Attach Listener" daemon [_thread_blocked, id=8620, stack(0x000000001a9e0000,0x000000001aae0000)]
  0x00000000183fe800 JavaThread "Signal Dispatcher" daemon [_thread_blocked, id=15772, stack(0x000000001a8e0000,0x000000001a9e0000)]
  0x000000001a1f0800 JavaThread "Finalizer" daemon [_thread_blocked, id=13548, stack(0x000000001a6d0000,0x000000001a7d0000)]
  0x0000000003337000 JavaThread "Reference Handler" daemon [_thread_blocked, id=4932, stack(0x000000001a5d0000,0x000000001a6d0000)]
  0x0000000003242800 JavaThread "main" [_thread_blocked, id=7332, stack(0x0000000003130000,0x0000000003230000)]

Other Threads:
  0x00000000183e6800 VMThread [stack: 0x000000001a0d0000,0x000000001a1d0000] [id=14128]
  0x000000001a29b800 WatcherThread [stack: 0x000000001afe0000,0x000000001b0e0000] [id=8200]

VM state:not at safepoint (normal execution)

VM Mutex/Monitor currently owned by a thread: None

heap address: 0x0000000080000000, size: 2048 MB, Compressed Oops mode: 32-bit
Narrow klass base: 0x0000000000000000, Narrow klass shift: 3
Compressed class space size: 1073741824 Address: 0x0000000100000000

Heap:
 PSYoungGen      total 344064K, used 218433K [0x00000000d5580000, 0x00000000edf00000, 0x0000000100000000)
  eden space 317440K, 60% used [0x00000000d5580000,0x00000000e10d35d0,0x00000000e8b80000)
  from space 26624K, 99% used [0x00000000e8b80000,0x00000000ea57cf78,0x00000000ea580000)
  to   space 22016K, 0% used [0x00000000ea580000,0x00000000ea580000,0x00000000ebb00000)
 ParOldGen       total 182272K, used 76986K [0x0000000080000000, 0x000000008b200000, 0x00000000d5580000)
  object space 182272K, 42% used [0x0000000080000000,0x0000000084b2e990,0x000000008b200000)
 Metaspace       used 83648K, capacity 89154K, committed 89368K, reserved 1126400K
  class space    used 11720K, capacity 12709K, committed 12832K, reserved 1048576K

Card table byte_map: [0x0000000012710000,0x0000000012b20000] byte_map_base: 0x0000000012310000

Marking Bits: (ParMarkBitMap*) 0x000000005ceaf030
 Begin Bits: [0x00000000135d0000, 0x00000000155d0000)
 End Bits:   [0x00000000155d0000, 0x00000000175d0000)

Polling page: 0x0000000003100000

CodeCache: size=245760Kb used=32880Kb max_used=32880Kb free=212879Kb
 bounds [0x0000000003350000, 0x00000000053a0000, 0x0000000012350000]
 total_blobs=11370 nmethods=10539 adapters=742
 compilation: enabled

Compilation events (10 events):
Event: 10.528 Thread 0x000000001a20f800 nmethod 11760% 0x00000000053518d0 code [0x00000000053523a0, 0x000000000535a818]
Event: 10.528 Thread 0x000000001a20f800 11763 %     3       com.android.tools.r8.ir.optimize.a0::a @ 21 (406 bytes)
Event: 10.534 Thread 0x000000001a206000 nmethod 11689 0x000000000535fed0 code [0x0000000005360260, 0x0000000005362390]
Event: 10.534 Thread 0x000000001a206000 11764       4       com.android.tools.r8.ir.optimize.K::a (282 bytes)
Event: 10.538 Thread 0x000000001a20f800 nmethod 11763% 0x0000000005364e10 code [0x00000000053656e0, 0x000000000536bd38]
Event: 10.538 Thread 0x000000001a20f800 11751 %     3       com.android.tools.r8.ir.conversion.K::a @ 229 (1421 bytes)
Event: 10.547 Thread 0x000000001a209800 nmethod 11745 0x0000000005371110 code [0x00000000053713a0, 0x0000000005372820]
Event: 10.547 Thread 0x000000001a209800 11757       4       com.android.tools.r8.ir.conversion.o::a (270 bytes)
Event: 10.565 Thread 0x000000001a20f800 nmethod 11751% 0x0000000005373e50 code [0x0000000005375120, 0x00000000053843a8]
Event: 10.565 Thread 0x000000001a20f800 11769 %     3       com.android.tools.r8.ir.regalloc.a::a @ 2154 (3992 bytes)

GC Heap History (10 events):
Event: 4.420 GC heap before
{Heap before GC invocations=10 (full 2):
 PSYoungGen      total 206336K, used 193536K [0x00000000d5580000, 0x00000000e9800000, 0x0000000100000000)
  eden space 193536K, 100% used [0x00000000d5580000,0x00000000e1280000,0x00000000e1280000)
  from space 12800K, 0% used [0x00000000e1280000,0x00000000e1280000,0x00000000e1f00000)
  to   space 13312K, 0% used [0x00000000e8b00000,0x00000000e8b00000,0x00000000e9800000)
 ParOldGen       total 113664K, used 16442K [0x0000000080000000, 0x0000000086f00000, 0x00000000d5580000)
  object space 113664K, 14% used [0x0000000080000000,0x000000008100eab8,0x0000000086f00000)
 Metaspace       used 42835K, capacity 44678K, committed 44968K, reserved 1087488K
  class space    used 5833K, capacity 6225K, committed 6320K, reserved 1048576K
Event: 4.430 GC heap after
Heap after GC invocations=10 (full 2):
 PSYoungGen      total 279040K, used 13073K [0x00000000d5580000, 0x00000000e9800000, 0x0000000100000000)
  eden space 265728K, 0% used [0x00000000d5580000,0x00000000d5580000,0x00000000e5900000)
  from space 13312K, 98% used [0x00000000e8b00000,0x00000000e97c4700,0x00000000e9800000)
  to   space 14848K, 0% used [0x00000000e7b00000,0x00000000e7b00000,0x00000000e8980000)
 ParOldGen       total 113664K, used 16450K [0x0000000080000000, 0x0000000086f00000, 0x00000000d5580000)
  object space 113664K, 14% used [0x0000000080000000,0x0000000081010ab8,0x0000000086f00000)
 Metaspace       used 42835K, capacity 44678K, committed 44968K, reserved 1087488K
  class space    used 5833K, capacity 6225K, committed 6320K, reserved 1048576K
}
Event: 5.879 GC heap before
{Heap before GC invocations=11 (full 2):
 PSYoungGen      total 279040K, used 204040K [0x00000000d5580000, 0x00000000e9800000, 0x0000000100000000)
  eden space 265728K, 71% used [0x00000000d5580000,0x00000000e0ffd928,0x00000000e5900000)
  from space 13312K, 98% used [0x00000000e8b00000,0x00000000e97c4700,0x00000000e9800000)
  to   space 14848K, 0% used [0x00000000e7b00000,0x00000000e7b00000,0x00000000e8980000)
 ParOldGen       total 113664K, used 16450K [0x0000000080000000, 0x0000000086f00000, 0x00000000d5580000)
  object space 113664K, 14% used [0x0000000080000000,0x0000000081010ab8,0x0000000086f00000)
 Metaspace       used 56766K, capacity 59028K, committed 59160K, reserved 1099776K
  class space    used 7686K, capacity 8141K, committed 8224K, reserved 1048576K
Event: 5.904 GC heap after
Heap after GC invocations=11 (full 2):
 PSYoungGen      total 315392K, used 14816K [0x00000000d5580000, 0x00000000ebb00000, 0x0000000100000000)
  eden space 300544K, 0% used [0x00000000d5580000,0x00000000d5580000,0x00000000e7b00000)
  from space 14848K, 99% used [0x00000000e7b00000,0x00000000e8978030,0x00000000e8980000)
  to   space 22016K, 0% used [0x00000000ea580000,0x00000000ea580000,0x00000000ebb00000)
 ParOldGen       total 113664K, used 29673K [0x0000000080000000, 0x0000000086f00000, 0x00000000d5580000)
  object space 113664K, 26% used [0x0000000080000000,0x0000000081cfa4c8,0x0000000086f00000)
 Metaspace       used 56766K, capacity 59028K, committed 59160K, reserved 1099776K
  class space    used 7686K, capacity 8141K, committed 8224K, reserved 1048576K
}
Event: 5.904 GC heap before
{Heap before GC invocations=12 (full 3):
 PSYoungGen      total 315392K, used 14816K [0x00000000d5580000, 0x00000000ebb00000, 0x0000000100000000)
  eden space 300544K, 0% used [0x00000000d5580000,0x00000000d5580000,0x00000000e7b00000)
  from space 14848K, 99% used [0x00000000e7b00000,0x00000000e8978030,0x00000000e8980000)
  to   space 22016K, 0% used [0x00000000ea580000,0x00000000ea580000,0x00000000ebb00000)
 ParOldGen       total 113664K, used 29673K [0x0000000080000000, 0x0000000086f00000, 0x00000000d5580000)
  object space 113664K, 26% used [0x0000000080000000,0x0000000081cfa4c8,0x0000000086f00000)
 Metaspace       used 56766K, capacity 59028K, committed 59160K, reserved 1099776K
  class space    used 7686K, capacity 8141K, committed 8224K, reserved 1048576K
Event: 6.094 GC heap after
Heap after GC invocations=12 (full 3):
 PSYoungGen      total 315392K, used 0K [0x00000000d5580000, 0x00000000ebb00000, 0x0000000100000000)
  eden space 300544K, 0% used [0x00000000d5580000,0x00000000d5580000,0x00000000e7b00000)
  from space 14848K, 0% used [0x00000000e7b00000,0x00000000e7b00000,0x00000000e8980000)
  to   space 22016K, 0% used [0x00000000ea580000,0x00000000ea580000,0x00000000ebb00000)
 ParOldGen       total 182272K, used 40416K [0x0000000080000000, 0x000000008b200000, 0x00000000d5580000)
  object space 182272K, 22% used [0x0000000080000000,0x00000000827783f0,0x000000008b200000)
 Metaspace       used 56717K, capacity 58860K, committed 59160K, reserved 1099776K
  class space    used 7671K, capacity 8113K, committed 8224K, reserved 1048576K
}
Event: 8.252 GC heap before
{Heap before GC invocations=13 (full 3):
 PSYoungGen      total 315392K, used 300544K [0x00000000d5580000, 0x00000000ebb00000, 0x0000000100000000)
  eden space 300544K, 100% used [0x00000000d5580000,0x00000000e7b00000,0x00000000e7b00000)
  from space 14848K, 0% used [0x00000000e7b00000,0x00000000e7b00000,0x00000000e8980000)
  to   space 22016K, 0% used [0x00000000ea580000,0x00000000ea580000,0x00000000ebb00000)
 ParOldGen       total 182272K, used 40416K [0x0000000080000000, 0x000000008b200000, 0x00000000d5580000)
  object space 182272K, 22% used [0x0000000080000000,0x00000000827783f0,0x000000008b200000)
 Metaspace       used 67264K, capacity 70606K, committed 70808K, reserved 1110016K
  class space    used 9246K, capacity 9877K, committed 9888K, reserved 1048576K
Event: 8.271 GC heap after
Heap after GC invocations=13 (full 3):
 PSYoungGen      total 339456K, used 21997K [0x00000000d5580000, 0x00000000edf00000, 0x0000000100000000)
  eden space 317440K, 0% used [0x00000000d5580000,0x00000000d5580000,0x00000000e8b80000)
  from space 22016K, 99% used [0x00000000ea580000,0x00000000ebafb550,0x00000000ebb00000)
  to   space 26624K, 0% used [0x00000000e8b80000,0x00000000e8b80000,0x00000000ea580000)
 ParOldGen       total 182272K, used 45176K [0x0000000080000000, 0x000000008b200000, 0x00000000d5580000)
  object space 182272K, 24% used [0x0000000080000000,0x0000000082c1e2a0,0x000000008b200000)
 Metaspace       used 67264K, capacity 70606K, committed 70808K, reserved 1110016K
  class space    used 9246K, capacity 9877K, committed 9888K, reserved 1048576K
}
Event: 9.829 GC heap before
{Heap before GC invocations=14 (full 3):
 PSYoungGen      total 339456K, used 339437K [0x00000000d5580000, 0x00000000edf00000, 0x0000000100000000)
  eden space 317440K, 100% used [0x00000000d5580000,0x00000000e8b80000,0x00000000e8b80000)
  from space 22016K, 99% used [0x00000000ea580000,0x00000000ebafb550,0x00000000ebb00000)
  to   space 26624K, 0% used [0x00000000e8b80000,0x00000000e8b80000,0x00000000ea580000)
 ParOldGen       total 182272K, used 45176K [0x0000000080000000, 0x000000008b200000, 0x00000000d5580000)
  object space 182272K, 24% used [0x0000000080000000,0x0000000082c1e2a0,0x000000008b200000)
 Metaspace       used 81281K, capacity 86372K, committed 86680K, reserved 1124352K
  class space    used 11411K, capacity 12376K, committed 12448K, reserved 1048576K
Event: 9.877 GC heap after
Heap after GC invocations=14 (full 3):
 PSYoungGen      total 344064K, used 26611K [0x00000000d5580000, 0x00000000edf00000, 0x0000000100000000)
  eden space 317440K, 0% used [0x00000000d5580000,0x00000000d5580000,0x00000000e8b80000)
  from space 26624K, 99% used [0x00000000e8b80000,0x00000000ea57cf78,0x00000000ea580000)
  to   space 22016K, 0% used [0x00000000ea580000,0x00000000ea580000,0x00000000ebb00000)
 ParOldGen       total 182272K, used 76986K [0x0000000080000000, 0x000000008b200000, 0x00000000d5580000)
  object space 182272K, 42% used [0x0000000080000000,0x0000000084b2e990,0x000000008b200000)
 Metaspace       used 81281K, capacity 86372K, committed 86680K, reserved 1124352K
  class space    used 11411K, capacity 12376K, committed 12448K, reserved 1048576K
}

Deoptimization events (10 events):
Event: 10.315 Thread 0x000000001fa2f800 Uncommon trap: reason=class_check action=maybe_recompile pc=0x0000000004e2e650 method=com.android.tools.build.apkzlib.zip.CentralDirectoryHeader.getCompressionInfoWithWait()Lcom/android/tools/build/apkzlib/zip/CentralDirectoryHeaderCompressInfo; @ 4
Event: 10.322 Thread 0x000000001fa2f800 Uncommon trap: reason=class_check action=maybe_recompile pc=0x0000000004e2e650 method=com.android.tools.build.apkzlib.zip.CentralDirectoryHeader.getCompressionInfoWithWait()Lcom/android/tools/build/apkzlib/zip/CentralDirectoryHeaderCompressInfo; @ 4
Event: 10.349 Thread 0x000000001d80d800 Uncommon trap: reason=bimorphic action=maybe_recompile pc=0x000000000522abcc method=com.android.tools.r8.ir.regalloc.a.a(Lcom/android/tools/r8/s/b/q1;Ljava/util/Collection;)Z @ 1
Event: 10.349 Thread 0x000000001d80d800 Uncommon trap: reason=bimorphic action=maybe_recompile pc=0x000000000522abcc method=com.android.tools.r8.ir.regalloc.a.a(Lcom/android/tools/r8/s/b/q1;Ljava/util/Collection;)Z @ 1
Event: 10.349 Thread 0x000000001d80d800 Uncommon trap: reason=bimorphic action=maybe_recompile pc=0x000000000522abcc method=com.android.tools.r8.ir.regalloc.a.a(Lcom/android/tools/r8/s/b/q1;Ljava/util/Collection;)Z @ 1
Event: 10.349 Thread 0x000000001d80d800 Uncommon trap: reason=bimorphic action=maybe_recompile pc=0x000000000522abcc method=com.android.tools.r8.ir.regalloc.a.a(Lcom/android/tools/r8/s/b/q1;Ljava/util/Collection;)Z @ 1
Event: 10.469 Thread 0x000000001d80e800 Uncommon trap: reason=class_check action=maybe_recompile pc=0x0000000005289308 method=com.android.tools.r8.ir.optimize.K.a(Lcom/android/tools/r8/s/b/k0;)Z @ 93
Event: 10.469 Thread 0x000000001d80e800 Uncommon trap: reason=class_check action=maybe_recompile pc=0x0000000005289308 method=com.android.tools.r8.ir.optimize.K.a(Lcom/android/tools/r8/s/b/k0;)Z @ 93
Event: 10.471 Thread 0x000000001d80e800 Uncommon trap: reason=class_check action=maybe_recompile pc=0x0000000005289308 method=com.android.tools.r8.ir.optimize.K.a(Lcom/android/tools/r8/s/b/k0;)Z @ 93
Event: 10.471 Thread 0x000000001d80e800 Uncommon trap: reason=class_check action=maybe_recompile pc=0x0000000005289308 method=com.android.tools.r8.ir.optimize.K.a(Lcom/android/tools/r8/s/b/k0;)Z @ 93

Classes redefined (0 events):
No events

Internal exceptions (10 events):
Event: 9.684 Thread 0x000000001d80d800 Exception <a 'java/lang/NoSuchMethodError': java.lang.Object.lambda$comparingInt$7b0bb60$1(Ljava/util/function/ToIntFunction;Ljava/lang/Object;Ljava/lang/Object;)I> (0x00000000e780a5f0) thrown at [C:\src\AOSP-openjdk-git\hotspot\src\share\vm\interpreter\l
Event: 9.684 Thread 0x000000001d807000 Exception <a 'java/lang/NoSuchMethodError': java.lang.Object.lambda$comparingInt$7b0bb60$1(Ljava/util/function/ToIntFunction;Ljava/lang/Object;Ljava/lang/Object;)I> (0x00000000e79a8fc0) thrown at [C:\src\AOSP-openjdk-git\hotspot\src\share\vm\interpreter\l
Event: 9.684 Thread 0x000000001d80e800 Exception <a 'java/lang/NoSuchMethodError': java.lang.Object.lambda$comparingInt$7b0bb60$1(Ljava/util/function/ToIntFunction;Ljava/lang/Object;Ljava/lang/Object;)I> (0x00000000e7405ce8) thrown at [C:\src\AOSP-openjdk-git\hotspot\src\share\vm\interpreter\l
Event: 9.684 Thread 0x000000001d80b800 Exception <a 'java/lang/NoSuchMethodError': java.lang.Object.lambda$comparingInt$7b0bb60$1(Ljava/util/function/ToIntFunction;Ljava/lang/Object;Ljava/lang/Object;)I> (0x00000000e77021e0) thrown at [C:\src\AOSP-openjdk-git\hotspot\src\share\vm\interpreter\l
Event: 9.684 Thread 0x000000001d80d000 Exception <a 'java/lang/NoSuchMethodError': java.lang.Object.lambda$comparingInt$7b0bb60$1(Ljava/util/function/ToIntFunction;Ljava/lang/Object;Ljava/lang/Object;)I> (0x00000000e78e1868) thrown at [C:\src\AOSP-openjdk-git\hotspot\src\share\vm\interpreter\l
Event: 9.684 Thread 0x000000001d80d000 Exception <a 'java/lang/NoSuchMethodError': java.lang.Object.lambda$maxBy$1(Ljava/util/Comparator;Ljava/lang/Object;Ljava/lang/Object;)Ljava/lang/Object;> (0x00000000e78e55a0) thrown at [C:\src\AOSP-openjdk-git\hotspot\src\share\vm\interpreter\linkResolve
Event: 9.684 Thread 0x000000001d80d800 Exception <a 'java/lang/NoSuchMethodError': java.lang.Object.lambda$maxBy$1(Ljava/util/Comparator;Ljava/lang/Object;Ljava/lang/Object;)Ljava/lang/Object;> (0x00000000e780ef40) thrown at [C:\src\AOSP-openjdk-git\hotspot\src\share\vm\interpreter\linkResolve
Event: 9.684 Thread 0x000000001d807000 Exception <a 'java/lang/NoSuchMethodError': java.lang.Object.lambda$maxBy$1(Ljava/util/Comparator;Ljava/lang/Object;Ljava/lang/Object;)Ljava/lang/Object;> (0x00000000e79acb98) thrown at [C:\src\AOSP-openjdk-git\hotspot\src\share\vm\interpreter\linkResolve
Event: 10.121 Thread 0x000000001d80b800 Exception <a 'sun/nio/fs/WindowsException'> (0x00000000d7a2d810) thrown at [C:\src\AOSP-openjdk-git\hotspot\src\share\vm\prims\jni.cpp, line 710]
Event: 10.312 Thread 0x000000001fa2f800 Implicit null exception at 0x0000000004f736aa to 0x0000000004f736f9

Events (10 events):
Event: 10.471 Thread 0x000000001d80e800 DEOPT PACKING pc=0x0000000005289308 sp=0x00000000255b9f70
Event: 10.471 Thread 0x000000001d80e800 DEOPT UNPACKING pc=0x000000000339557b sp=0x00000000255b9f20 mode 2
Event: 10.493 loading class com/android/tools/build/apkzlib/zip/ZFile
Event: 10.493 loading class com/android/tools/build/apkzlib/zip/ZFile done
Event: 10.495 loading class com/android/tools/build/apkzlib/utils/CachedFileContents
Event: 10.495 loading class com/android/tools/build/apkzlib/utils/CachedFileContents done
Event: 10.496 loading class com/android/tools/build/apkzlib/zip/ZFileExtension
Event: 10.496 loading class com/android/tools/build/apkzlib/zip/ZFileExtension done
Event: 10.496 loading class com/android/tools/build/apkzlib/utils/IOExceptionFunction
Event: 10.496 loading class com/android/tools/build/apkzlib/utils/IOExceptionFunction done


Dynamic libraries:
0x00007ff7dc5f0000 - 0x00007ff7dc621000 	C:\Program Files\Android\Android Studio\jre\bin\java.exe
0x00007ffe94cf0000 - 0x00007ffe94ee5000 	C:\Windows\SYSTEM32\ntdll.dll
0x00007ffe948e0000 - 0x00007ffe9499e000 	C:\Windows\System32\KERNEL32.DLL
0x00007ffe92550000 - 0x00007ffe92818000 	C:\Windows\System32\KERNELBASE.dll
0x00007ffe94500000 - 0x00007ffe945ac000 	C:\Windows\System32\ADVAPI32.dll
0x00007ffe92d40000 - 0x00007ffe92dde000 	C:\Windows\System32\msvcrt.dll
0x00007ffe94840000 - 0x00007ffe948db000 	C:\Windows\System32\sechost.dll
0x00007ffe949a0000 - 0x00007ffe94aca000 	C:\Windows\System32\RPCRT4.dll
0x00007ffe94350000 - 0x00007ffe944f1000 	C:\Windows\System32\USER32.dll
0x00007ffe92a20000 - 0x00007ffe92a42000 	C:\Windows\System32\win32u.dll
0x00007ffe92df0000 - 0x00007ffe92e1b000 	C:\Windows\System32\GDI32.dll
0x00007ffe92ad0000 - 0x00007ffe92bdb000 	C:\Windows\System32\gdi32full.dll
0x00007ffe92880000 - 0x00007ffe9291d000 	C:\Windows\System32\msvcp_win.dll
0x00007ffe92920000 - 0x00007ffe92a20000 	C:\Windows\System32\ucrtbase.dll
0x00007ffe7c090000 - 0x00007ffe7c32a000 	C:\Windows\WinSxS\amd64_microsoft.windows.common-controls_6595b64144ccf1df_6.0.19041.1110_none_60b5254171f9507e\COMCTL32.dll
0x00007ffe94760000 - 0x00007ffe94790000 	C:\Windows\System32\IMM32.DLL
0x000000005d4a0000 - 0x000000005d572000 	C:\Program Files\Android\Android Studio\jre\jre\bin\msvcr100.dll
0x000000005c6e0000 - 0x000000005cf2b000 	C:\Program Files\Android\Android Studio\jre\jre\bin\server\jvm.dll
0x00007ffe92de0000 - 0x00007ffe92de8000 	C:\Windows\System32\PSAPI.DLL
0x00007ffe82090000 - 0x00007ffe820b7000 	C:\Windows\SYSTEM32\WINMM.dll
0x00007ffe8a3f0000 - 0x00007ffe8a3f9000 	C:\Windows\SYSTEM32\WSOCK32.dll
0x00007ffe87ce0000 - 0x00007ffe87cea000 	C:\Windows\SYSTEM32\VERSION.dll
0x00007ffe94bb0000 - 0x00007ffe94c1b000 	C:\Windows\System32\WS2_32.dll
0x00007ffe889e0000 - 0x00007ffe889ef000 	C:\Program Files\Android\Android Studio\jre\jre\bin\verify.dll
0x00007ffe65250000 - 0x00007ffe65279000 	C:\Program Files\Android\Android Studio\jre\jre\bin\java.dll
0x00007ffe86b50000 - 0x00007ffe86b66000 	C:\Program Files\Android\Android Studio\jre\jre\bin\zip.dll
0x00007ffe92e30000 - 0x00007ffe9356f000 	C:\Windows\System32\SHELL32.dll
0x00007ffe90510000 - 0x00007ffe90ca0000 	C:\Windows\SYSTEM32\windows.storage.dll
0x00007ffe93ec0000 - 0x00007ffe94215000 	C:\Windows\System32\combase.dll
0x00007ffe91e60000 - 0x00007ffe91e8e000 	C:\Windows\SYSTEM32\Wldp.dll
0x00007ffe93e10000 - 0x00007ffe93ebd000 	C:\Windows\System32\SHCORE.dll
0x00007ffe93b80000 - 0x00007ffe93bd5000 	C:\Windows\System32\shlwapi.dll
0x00007ffe92350000 - 0x00007ffe9236f000 	C:\Windows\SYSTEM32\profapi.dll
0x00007ffe7bcc0000 - 0x00007ffe7bcda000 	C:\Program Files\Android\Android Studio\jre\jre\bin\net.dll
0x00007ffe91bc0000 - 0x00007ffe91c2a000 	C:\Windows\system32\mswsock.dll
0x00007ffe79be0000 - 0x00007ffe79bf3000 	C:\Program Files\Android\Android Studio\jre\jre\bin\nio.dll
0x00007ffe80ea0000 - 0x00007ffe80ec7000 	C:\Users\Lenovo\.gradle\native\f6784746aeab05261644944871eae4fe03e0ef1612fff0a4a95f87b438bc6780\windows-amd64\native-platform.dll
0x00007ffe88470000 - 0x00007ffe8847d000 	C:\Program Files\Android\Android Studio\jre\jre\bin\management.dll
0x00007ffe91db0000 - 0x00007ffe91dc8000 	C:\Windows\SYSTEM32\CRYPTSP.dll
0x00007ffe914d0000 - 0x00007ffe91504000 	C:\Windows\system32\rsaenh.dll
0x00007ffe92aa0000 - 0x00007ffe92ac7000 	C:\Windows\System32\bcrypt.dll
0x00007ffe92310000 - 0x00007ffe9233e000 	C:\Windows\SYSTEM32\USERENV.dll
0x00007ffe92410000 - 0x00007ffe92493000 	C:\Windows\System32\bcryptprimitives.dll
0x00007ffe91dd0000 - 0x00007ffe91ddc000 	C:\Windows\SYSTEM32\CRYPTBASE.dll
0x00007ffe91860000 - 0x00007ffe9189b000 	C:\Windows\SYSTEM32\IPHLPAPI.DLL
0x00007ffe92e20000 - 0x00007ffe92e28000 	C:\Windows\System32\NSI.dll
0x00007ffe86960000 - 0x00007ffe86977000 	C:\Windows\SYSTEM32\dhcpcsvc6.DLL
0x00007ffe86780000 - 0x00007ffe8679d000 	C:\Windows\SYSTEM32\dhcpcsvc.DLL
0x00007ffe918a0000 - 0x00007ffe9196b000 	C:\Windows\SYSTEM32\DNSAPI.dll
0x00007ffe86bd0000 - 0x00007ffe86bdb000 	C:\Windows\SYSTEM32\WINNSI.DLL

VM Arguments:
jvm_args: -Xmx2048m -Dfile.encoding=UTF-8 -Duser.country=ID -Duser.language=en -Duser.variant 
java_command: org.gradle.launcher.daemon.bootstrap.GradleDaemon 6.5
java_class_path (initial): C:\Users\Lenovo\.gradle\wrapper\dists\gradle-6.5-bin\6nifqtx7604sqp1q6g8wikw7p\gradle-6.5\lib\gradle-launcher-6.5.jar
Launcher Type: SUN_STANDARD

Environment Variables:
JAVA_HOME=C:\Program Files\Java\jdk-17.0.1
PATH=C:\Program Files\ImageMagick-7.0.11-Q16-HDRI;C:\Program Files (x86)\VMware\VMware Player\bin\;C:\Windows\system32;C:\Windows;C:\Windows\System32\Wbem;C:\Windows\System32\WindowsPowerShell\v1.0\;C:\Windows\System32\OpenSSH\;C:\Program Files (x86)\NVIDIA Corporation\PhysX\Common;C:\Program Files\NVIDIA Corporation\NVIDIA NvDLISR;C:\src\flutter\bin;C:\Program Files\Git\cmd;C:\xampp\php;C:\ProgramData\ComposerSetup\bin;C:\Program Files\nodejs\;C:\Program Files\MongoDB\Server\4.4\bin;C:\MinGW\bin;C:\Program Files\dotnet\;C:\xampp\apache\bin;C:\Program Files\ImageMagick-7.0.11-Q16-HDRI;C:\Program Files\Docker\Docker\resources\bin;C:\ProgramData\DockerDesktop\version-bin;C:\Program Files\Java\jdk-17.0.1\bin;C:\Program Files\Microsoft SQL Server\150\Tools\Binn\;C:\Program Files\Microsoft SQL Server\Client SDK\ODBC\170\Tools\Binn\;C:\Program Files\PuTTY\;C:\Users\Lenovo\AppData\Local\Programs\Python\Python39\Scripts\;C:\Users\Lenovo\AppData\Local\Programs\Python\Python39\;C:\Users\Lenovo\AppData\Local\Microsoft\WindowsApps;;C:\Users\Lenovo\AppData\Local\Programs\Microsoft VS Code\bin;C:\Users\Lenovo\AppData\Roaming\Composer\vendor\bin;C:\Program Files\heroku\bin;C:\Users\Lenovo\AppData\Roaming\npm;C:\Users\Lenovo\.dotnet\tools
USERNAME=Lenovo
OS=Windows_NT
PROCESSOR_IDENTIFIER=Intel64 Family 6 Model 142 Stepping 11, GenuineIntel



---------------  S Y S T E M  ---------------

OS: Windows 10.0 , 64 bit Build 19041 (10.0.19041.1348)

CPU:total 8 (initial active 8) (4 cores per cpu, 2 threads per core) family 6 model 142 stepping 11, cmov, cx8, fxsr, mmx, sse, sse2, sse3, ssse3, sse4.1, sse4.2, popcnt, avx, avx2, aes, clmul, erms, 3dnowpref, lzcnt, ht, tsc, tscinvbit, bmi1, bmi2, adx

Memory: 4k page, physical 12392180k(2340076k free), swap 12392180k(4208k free)

vm_info: OpenJDK 64-Bit Server VM (25.242-b01) for windows-amd64 JRE (1.8.0_242-release-1644-b01), built by "builder" with MS VC++ 10.0 (VS2010)

time: Mon Nov 29 22:38:04 2021
timezone: SE Asia Standard Time
elapsed time: 10 seconds (0d 0h 0m 10s)

