#
# There is insufficient memory for the Java Runtime Environment to continue.
# Native memory allocation (malloc) failed to allocate 864496 bytes for Chunk::new
# Possible reasons:
#   The system is out of physical RAM or swap space
#   The process is running with CompressedOops enabled, and the Java Heap may be blocking the growth of the native heap
# Possible solutions:
#   Reduce memory load on the system
#   Increase physical memory or swap space
#   Check if swap backing store is full
#   Decrease Java heap size (-Xmx/-Xms)
#   Decrease number of Java threads
#   Decrease Java thread stack sizes (-Xss)
#   Set larger code cache with -XX:ReservedCodeCacheSize=
#   JVM is running with Unscaled Compressed Oops mode in which the Java heap is
#     placed in the first 4GB address space. The Java Heap base address is the
#     maximum limit for the native heap growth. Please use -XX:HeapBaseMinAddress
#     to set the Java Heap base and to place the Java Heap above 4GB virtual address.
# This output file may be truncated or incomplete.
#
#  Out of Memory Error (allocation.cpp:389), pid=18724, tid=0x0000000000002e94
#
# JRE version: OpenJDK Runtime Environment (8.0_242-b01) (build 1.8.0_242-release-1644-b01)
# Java VM: OpenJDK 64-Bit Server VM (25.242-b01 mixed mode windows-amd64 compressed oops)
# Failed to write core dump. Minidumps are not enabled by default on client versions of Windows
#

---------------  T H R E A D  ---------------

Current thread (0x0000000019b64800):  JavaThread "C2 CompilerThread2" daemon [_thread_in_native, id=11924, stack(0x000000001a620000,0x000000001a720000)]

Stack: [0x000000001a620000,0x000000001a720000]
[error occurred during error reporting (printing stack bounds), id 0xc0000005]

Native frames: (J=compiled Java code, j=interpreted, Vv=VM code, C=native code)


Current CompileTask:
C2:  94353 13076       4       org.gradle.api.internal.changedetection.state.CachingFileHasher::hash (12 bytes)


---------------  P R O C E S S  ---------------

Java Threads: ( => current thread )
  0x00000000206f9800 JavaThread "RMI TCP Connection(1)-127.0.0.1" daemon [_thread_in_native, id=20972, stack(0x0000000030bb0000,0x0000000030cb0000)]
  0x00000000206f8800 JavaThread "RMI Reaper" [_thread_blocked, id=19556, stack(0x0000000030ab0000,0x0000000030bb0000)]
  0x00000000206f8000 JavaThread "RMI TCP Accept-0" daemon [_thread_in_native, id=17352, stack(0x00000000309b0000,0x0000000030ab0000)]
  0x00000000206f7000 JavaThread "GC Daemon" daemon [_thread_blocked, id=19540, stack(0x00000000308b0000,0x00000000309b0000)]
  0x00000000206f6800 JavaThread "RMI RenewClean-[127.0.0.1:17275,org.jetbrains.kotlin.daemon.common.LoopbackNetworkInterface$ClientLoopbackSocketFactory@6245c614]" daemon [_thread_blocked, id=15448, stack(0x00000000307b0000,0x00000000308b0000)]
  0x00000000206ef000 JavaThread "RMI Scheduler(0)" daemon [_thread_blocked, id=1724, stack(0x00000000306b0000,0x00000000307b0000)]
  0x00000000206f4000 JavaThread "stdout" [_thread_in_native, id=12412, stack(0x000000002fef0000,0x000000002fff0000)]
  0x00000000206f2000 JavaThread "stderr" [_thread_in_native, id=20652, stack(0x000000002fdf0000,0x000000002fef0000)]
  0x00000000206f1000 JavaThread "pool-4-thread-1" [_thread_blocked, id=14840, stack(0x000000002fcf0000,0x000000002fdf0000)]
  0x00000000206f0800 JavaThread "WorkerExecutor Queue Thread 2" [_thread_blocked, id=11916, stack(0x000000002fbf0000,0x000000002fcf0000)]
  0x00000000206f5000 JavaThread "WorkerExecutor Queue" [_thread_blocked, id=6932, stack(0x000000002faf0000,0x000000002fbf0000)]
  0x00000000206ee000 JavaThread "Cache worker for execution history cache (D:\Code\Projects\Plasmahero-mobile\client\.gradle\6.5\executionHistory)" [_thread_blocked, id=12792, stack(0x000000002f9f0000,0x000000002faf0000)]
  0x00000000206ed800 JavaThread "Execution worker for ':' Thread 7" [_thread_in_Java, id=17132, stack(0x000000002e720000,0x000000002e820000)]
  0x00000000206ef800 JavaThread "Execution worker for ':' Thread 6" [_thread_blocked, id=9412, stack(0x000000002e620000,0x000000002e720000)]
  0x0000000021881000 JavaThread "Execution worker for ':' Thread 5" [_thread_blocked, id=6420, stack(0x000000002e520000,0x000000002e620000)]
  0x0000000021884800 JavaThread "Execution worker for ':' Thread 4" [_thread_blocked, id=2288, stack(0x000000002e420000,0x000000002e520000)]
  0x0000000021880000 JavaThread "Execution worker for ':' Thread 3" [_thread_blocked, id=15904, stack(0x000000002e320000,0x000000002e420000)]
  0x0000000021884000 JavaThread "Execution worker for ':' Thread 2" [_thread_blocked, id=21440, stack(0x000000002e020000,0x000000002e120000)]
  0x0000000021885800 JavaThread "Execution worker for ':'" [_thread_blocked, id=4832, stack(0x000000002bbb0000,0x000000002bcb0000)]
  0x0000000021886000 JavaThread "Cache worker for file content cache (D:\Code\Projects\Plasmahero-mobile\client\.gradle\6.5\fileContent)" [_thread_blocked, id=6480, stack(0x000000002b4b0000,0x000000002b5b0000)]
  0x0000000021882800 JavaThread "Cache worker for Build Output Cleanup Cache (D:\Code\Projects\Plasmahero-mobile\client\.gradle\buildOutputCleanup)" [_thread_blocked, id=8940, stack(0x000000002b020000,0x000000002b120000)]
  0x0000000021883000 JavaThread "jar transforms Thread 232" [_thread_blocked, id=4316, stack(0x000000002af20000,0x000000002b020000)]
  0x000000002187a000 JavaThread "jar transforms Thread 231" [_thread_blocked, id=3836, stack(0x000000002ae20000,0x000000002af20000)]
  0x0000000021878800 JavaThread "jar transforms Thread 230" [_thread_blocked, id=4908, stack(0x000000002ad20000,0x000000002ae20000)]
  0x000000002187f800 JavaThread "jar transforms Thread 229" [_thread_blocked, id=13260, stack(0x000000002ac20000,0x000000002ad20000)]
  0x0000000021879800 JavaThread "jar transforms Thread 228" [_thread_blocked, id=15120, stack(0x000000002ab20000,0x000000002ac20000)]
  0x000000002187b800 JavaThread "jar transforms Thread 227" [_thread_blocked, id=1932, stack(0x000000002aa20000,0x000000002ab20000)]
  0x000000002187d000 JavaThread "jar transforms Thread 226" [_thread_blocked, id=12464, stack(0x000000002a920000,0x000000002aa20000)]
  0x000000002187e000 JavaThread "jar transforms Thread 225" [_thread_blocked, id=11392, stack(0x000000002a820000,0x000000002a920000)]
  0x000000002187c800 JavaThread "jar transforms Thread 224" [_thread_blocked, id=20852, stack(0x000000002a720000,0x000000002a820000)]
  0x000000002187b000 JavaThread "jar transforms Thread 223" [_thread_blocked, id=17912, stack(0x000000002a620000,0x000000002a720000)]
  0x000000002187e800 JavaThread "jar transforms Thread 222" [_thread_blocked, id=1684, stack(0x000000002a520000,0x000000002a620000)]
  0x0000000021878000 JavaThread "jar transforms Thread 221" [_thread_blocked, id=15884, stack(0x000000002a420000,0x000000002a520000)]
  0x0000000021a9d800 JavaThread "jar transforms Thread 220" [_thread_blocked, id=15692, stack(0x000000002a320000,0x000000002a420000)]
  0x0000000021a9e000 JavaThread "jar transforms Thread 219" [_thread_blocked, id=12780, stack(0x000000002a220000,0x000000002a320000)]
  0x0000000021a9c800 JavaThread "jar transforms Thread 218" [_thread_blocked, id=19792, stack(0x000000002a120000,0x000000002a220000)]
  0x0000000021a9c000 JavaThread "jar transforms Thread 217" [_thread_blocked, id=20640, stack(0x000000002a020000,0x000000002a120000)]
  0x0000000021a9f000 JavaThread "jar transforms Thread 216" [_thread_blocked, id=12052, stack(0x0000000029f20000,0x000000002a020000)]
  0x0000000021a94800 JavaThread "jar transforms Thread 215" [_thread_blocked, id=2308, stack(0x0000000029e20000,0x0000000029f20000)]
  0x0000000021a9b000 JavaThread "jar transforms Thread 214" [_thread_blocked, id=21048, stack(0x0000000029d20000,0x0000000029e20000)]
  0x0000000021a9a800 JavaThread "jar transforms Thread 213" [_thread_blocked, id=16252, stack(0x0000000029c20000,0x0000000029d20000)]
  0x0000000021a99800 JavaThread "jar transforms Thread 212" [_thread_blocked, id=19328, stack(0x0000000029b20000,0x0000000029c20000)]
  0x0000000021a99000 JavaThread "jar transforms Thread 211" [_thread_blocked, id=16092, stack(0x0000000029a20000,0x0000000029b20000)]
  0x0000000021a98000 JavaThread "jar transforms Thread 210" [_thread_blocked, id=18668, stack(0x0000000029920000,0x0000000029a20000)]
  0x0000000021a95000 JavaThread "jar transforms Thread 209" [_thread_blocked, id=9204, stack(0x0000000029820000,0x0000000029920000)]
  0x0000000021a93800 JavaThread "jar transforms Thread 208" [_thread_blocked, id=1796, stack(0x0000000029720000,0x0000000029820000)]
  0x0000000021a97800 JavaThread "jar transforms Thread 207" [_thread_blocked, id=16484, stack(0x0000000029620000,0x0000000029720000)]
  0x0000000021a8f800 JavaThread "jar transforms Thread 206" [_thread_blocked, id=15424, stack(0x0000000029520000,0x0000000029620000)]
  0x0000000021a96800 JavaThread "jar transforms Thread 205" [_thread_blocked, id=5584, stack(0x0000000029420000,0x0000000029520000)]
  0x0000000021a93000 JavaThread "jar transforms Thread 204" [_thread_blocked, id=3468, stack(0x0000000029320000,0x0000000029420000)]
  0x0000000021a92000 JavaThread "jar transforms Thread 203" [_thread_blocked, id=2900, stack(0x0000000029220000,0x0000000029320000)]
  0x0000000021a90800 JavaThread "jar transforms Thread 202" [_thread_blocked, id=19564, stack(0x0000000029120000,0x0000000029220000)]
  0x0000000021a91800 JavaThread "jar transforms Thread 201" [_thread_blocked, id=10676, stack(0x0000000029020000,0x0000000029120000)]
  0x0000000021a96000 JavaThread "jar transforms Thread 200" [_thread_blocked, id=20784, stack(0x0000000028f20000,0x0000000029020000)]
  0x000000001b696800 JavaThread "jar transforms Thread 199" [_thread_blocked, id=16472, stack(0x0000000028e20000,0x0000000028f20000)]
  0x000000001b695800 JavaThread "jar transforms Thread 198" [_thread_blocked, id=9924, stack(0x0000000028d20000,0x0000000028e20000)]
  0x000000001b695000 JavaThread "jar transforms Thread 197" [_thread_blocked, id=14372, stack(0x0000000028c20000,0x0000000028d20000)]
  0x000000001b694000 JavaThread "jar transforms Thread 196" [_thread_blocked, id=5364, stack(0x0000000028b20000,0x0000000028c20000)]
  0x000000001b693800 JavaThread "jar transforms Thread 195" [_thread_blocked, id=3700, stack(0x0000000028a20000,0x0000000028b20000)]
  0x000000001b691000 JavaThread "jar transforms Thread 194" [_thread_blocked, id=9596, stack(0x0000000028920000,0x0000000028a20000)]
  0x000000001b697000 JavaThread "jar transforms Thread 193" [_thread_blocked, id=16164, stack(0x0000000028820000,0x0000000028920000)]
  0x000000001b692800 JavaThread "jar transforms Thread 192" [_thread_blocked, id=7256, stack(0x0000000028720000,0x0000000028820000)]
  0x000000001b698000 JavaThread "jar transforms Thread 191" [_thread_blocked, id=18188, stack(0x0000000028620000,0x0000000028720000)]
  0x000000001b692000 JavaThread "jar transforms Thread 190" [_thread_blocked, id=17760, stack(0x0000000028520000,0x0000000028620000)]
  0x000000001b68a800 JavaThread "jar transforms Thread 189" [_thread_blocked, id=13228, stack(0x0000000028420000,0x0000000028520000)]
  0x000000001b689800 JavaThread "jar transforms Thread 188" [_thread_blocked, id=17340, stack(0x0000000028320000,0x0000000028420000)]
  0x000000001b690800 JavaThread "jar transforms Thread 187" [_thread_blocked, id=2456, stack(0x0000000028220000,0x0000000028320000)]
  0x000000001b689000 JavaThread "jar transforms Thread 186" [_thread_blocked, id=6288, stack(0x0000000028120000,0x0000000028220000)]
  0x000000001b68b000 JavaThread "jar transforms Thread 185" [_thread_blocked, id=7536, stack(0x0000000028020000,0x0000000028120000)]
  0x000000001b68e000 JavaThread "jar transforms Thread 184" [_thread_blocked, id=3452, stack(0x0000000027f20000,0x0000000028020000)]
  0x000000001b68f000 JavaThread "jar transforms Thread 183" [_thread_blocked, id=13024, stack(0x0000000027e20000,0x0000000027f20000)]
  0x000000001b68c000 JavaThread "jar transforms Thread 182" [_thread_blocked, id=3104, stack(0x0000000027d20000,0x0000000027e20000)]
  0x000000001b68c800 JavaThread "jar transforms Thread 181" [_thread_blocked, id=15320, stack(0x0000000027c20000,0x0000000027d20000)]
  0x000000001b68f800 JavaThread "jar transforms Thread 180" [_thread_blocked, id=18148, stack(0x0000000027b20000,0x0000000027c20000)]
  0x000000001b68d800 JavaThread "jar transforms Thread 179" [_thread_blocked, id=3740, stack(0x0000000027a20000,0x0000000027b20000)]
  0x000000001b01e000 JavaThread "jar transforms Thread 178" [_thread_blocked, id=15284, stack(0x0000000027920000,0x0000000027a20000)]
  0x000000001b01d800 JavaThread "jar transforms Thread 177" [_thread_blocked, id=13020, stack(0x0000000027820000,0x0000000027920000)]
  0x000000001b01c000 JavaThread "jar transforms Thread 176" [_thread_blocked, id=13356, stack(0x0000000027720000,0x0000000027820000)]
  0x000000001b01c800 JavaThread "jar transforms Thread 175" [_thread_blocked, id=2988, stack(0x0000000027620000,0x0000000027720000)]
  0x000000001b021000 JavaThread "jar transforms Thread 174" [_thread_blocked, id=21296, stack(0x0000000027520000,0x0000000027620000)]
  0x000000001b020800 JavaThread "jar transforms Thread 173" [_thread_blocked, id=20248, stack(0x0000000027420000,0x0000000027520000)]
  0x000000001b01f800 JavaThread "jar transforms Thread 172" [_thread_blocked, id=11164, stack(0x0000000027320000,0x0000000027420000)]
  0x000000001b01f000 JavaThread "jar transforms Thread 171" [_thread_blocked, id=17448, stack(0x0000000027220000,0x0000000027320000)]
  0x000000001b014000 JavaThread "jar transforms Thread 170" [_thread_blocked, id=20944, stack(0x0000000027120000,0x0000000027220000)]
  0x000000001b015800 JavaThread "jar transforms Thread 169" [_thread_blocked, id=3180, stack(0x0000000027020000,0x0000000027120000)]
  0x000000001b01a800 JavaThread "jar transforms Thread 168" [_thread_blocked, id=8252, stack(0x0000000026f20000,0x0000000027020000)]
  0x000000001b018000 JavaThread "jar transforms Thread 167" [_thread_blocked, id=4772, stack(0x0000000026e20000,0x0000000026f20000)]
  0x000000001b01b000 JavaThread "jar transforms Thread 166" [_thread_blocked, id=19968, stack(0x0000000026d20000,0x0000000026e20000)]
  0x000000001b017000 JavaThread "jar transforms Thread 165" [_thread_blocked, id=21432, stack(0x0000000026c20000,0x0000000026d20000)]
  0x000000001b013800 JavaThread "jar transforms Thread 164" [_thread_blocked, id=9308, stack(0x0000000026b20000,0x0000000026c20000)]
  0x000000001b015000 JavaThread "jar transforms Thread 163" [_thread_blocked, id=20564, stack(0x0000000026a20000,0x0000000026b20000)]
  0x000000001b019800 JavaThread "jar transforms Thread 162" [_thread_blocked, id=14340, stack(0x0000000026920000,0x0000000026a20000)]
  0x000000001b012800 JavaThread "jar transforms Thread 161" [_thread_blocked, id=15132, stack(0x0000000026820000,0x0000000026920000)]
  0x000000001b012000 JavaThread "jar transforms Thread 160" [_thread_blocked, id=14136, stack(0x0000000026720000,0x0000000026820000)]
  0x000000001b018800 JavaThread "jar transforms Thread 159" [_thread_blocked, id=15584, stack(0x0000000026620000,0x0000000026720000)]
  0x000000001b016800 JavaThread "jar transforms Thread 158" [_thread_blocked, id=11660, stack(0x0000000026520000,0x0000000026620000)]
  0x000000001c840000 JavaThread "jar transforms Thread 157" [_thread_blocked, id=3744, stack(0x0000000026420000,0x0000000026520000)]
  0x000000001c83d800 JavaThread "jar transforms Thread 156" [_thread_blocked, id=15044, stack(0x0000000026320000,0x0000000026420000)]
  0x000000001c83d000 JavaThread "jar transforms Thread 155" [_thread_blocked, id=12976, stack(0x0000000026220000,0x0000000026320000)]
  0x000000001c83c000 JavaThread "jar transforms Thread 154" [_thread_blocked, id=15436, stack(0x0000000026120000,0x0000000026220000)]
  0x000000001c840800 JavaThread "jar transforms Thread 153" [_thread_blocked, id=17924, stack(0x0000000026020000,0x0000000026120000)]
  0x00000000212f4000 JavaThread "jar transforms Thread 152" [_thread_blocked, id=19396, stack(0x0000000025f20000,0x0000000026020000)]
  0x00000000212f1000 JavaThread "jar transforms Thread 151" [_thread_blocked, id=16344, stack(0x0000000025e20000,0x0000000025f20000)]
  0x00000000212f2800 JavaThread "jar transforms Thread 150" [_thread_blocked, id=15364, stack(0x0000000025d20000,0x0000000025e20000)]
  0x00000000212f8000 JavaThread "jar transforms Thread 149" [_thread_blocked, id=15328, stack(0x0000000025c20000,0x0000000025d20000)]
  0x00000000212f3800 JavaThread "jar transforms Thread 148" [_thread_blocked, id=1944, stack(0x0000000025b20000,0x0000000025c20000)]
  0x00000000212f0800 JavaThread "jar transforms Thread 147" [_thread_blocked, id=16992, stack(0x0000000025a20000,0x0000000025b20000)]
  0x00000000212f7000 JavaThread "jar transforms Thread 146" [_thread_blocked, id=9456, stack(0x0000000025920000,0x0000000025a20000)]
  0x00000000212f2000 JavaThread "jar transforms Thread 145" [_thread_blocked, id=19744, stack(0x0000000025820000,0x0000000025920000)]
  0x00000000212e9000 JavaThread "jar transforms Thread 144" [_thread_blocked, id=16712, stack(0x0000000025720000,0x0000000025820000)]
  0x00000000212ef800 JavaThread "jar transforms Thread 143" [_thread_blocked, id=17424, stack(0x0000000025620000,0x0000000025720000)]
  0x00000000212ed800 JavaThread "jar transforms Thread 142" [_thread_blocked, id=19064, stack(0x0000000025520000,0x0000000025620000)]
  0x00000000212eb000 JavaThread "jar transforms Thread 141" [_thread_blocked, id=19376, stack(0x0000000025420000,0x0000000025520000)]
  0x00000000212ef000 JavaThread "jar transforms Thread 140" [_thread_blocked, id=11508, stack(0x0000000025320000,0x0000000025420000)]
  0x00000000212ec800 JavaThread "jar transforms Thread 139" [_thread_blocked, id=3848, stack(0x0000000025220000,0x0000000025320000)]
  0x00000000212e9800 JavaThread "jar transforms Thread 138" [_thread_blocked, id=20240, stack(0x0000000025120000,0x0000000025220000)]
  0x00000000212ec000 JavaThread "jar transforms Thread 137" [_thread_blocked, id=15196, stack(0x0000000025020000,0x0000000025120000)]
  0x00000000212ee000 JavaThread "jar transforms Thread 136" [_thread_blocked, id=14820, stack(0x0000000024f20000,0x0000000025020000)]
  0x0000000020162000 JavaThread "jar transforms Thread 135" [_thread_blocked, id=17468, stack(0x0000000024e20000,0x0000000024f20000)]
  0x000000002015f000 JavaThread "jar transforms Thread 134" [_thread_blocked, id=13772, stack(0x0000000024d20000,0x0000000024e20000)]
  0x0000000020161000 JavaThread "jar transforms Thread 133" [_thread_blocked, id=7944, stack(0x0000000024c20000,0x0000000024d20000)]
  0x0000000020160800 JavaThread "jar transforms Thread 132" [_thread_blocked, id=20012, stack(0x0000000024b20000,0x0000000024c20000)]
  0x000000002015f800 JavaThread "jar transforms Thread 131" [_thread_blocked, id=6904, stack(0x0000000024a20000,0x0000000024b20000)]
  0x000000002015e000 JavaThread "jar transforms Thread 130" [_thread_blocked, id=3748, stack(0x0000000024920000,0x0000000024a20000)]
  0x0000000020157800 JavaThread "jar transforms Thread 129" [_thread_blocked, id=3736, stack(0x0000000024820000,0x0000000024920000)]
  0x000000002015d800 JavaThread "jar transforms Thread 128" [_thread_blocked, id=7044, stack(0x0000000024720000,0x0000000024820000)]
  0x000000002015c800 JavaThread "jar transforms Thread 127" [_thread_blocked, id=20176, stack(0x0000000024620000,0x0000000024720000)]
  0x000000002015c000 JavaThread "jar transforms Thread 126" [_thread_blocked, id=15548, stack(0x0000000024520000,0x0000000024620000)]
  0x0000000020156000 JavaThread "jar transforms Thread 125" [_thread_blocked, id=20092, stack(0x0000000024420000,0x0000000024520000)]
  0x0000000020154800 JavaThread "jar transforms Thread 124" [_thread_blocked, id=19108, stack(0x0000000024320000,0x0000000024420000)]
  0x000000002015b000 JavaThread "jar transforms Thread 123" [_thread_blocked, id=2876, stack(0x0000000024220000,0x0000000024320000)]
  0x0000000020153800 JavaThread "jar transforms Thread 122" [_thread_blocked, id=15308, stack(0x0000000024120000,0x0000000024220000)]
  0x000000002015a800 JavaThread "jar transforms Thread 121" [_thread_blocked, id=17308, stack(0x0000000024020000,0x0000000024120000)]
  0x0000000020158000 JavaThread "jar transforms Thread 120" [_thread_blocked, id=16512, stack(0x0000000023f20000,0x0000000024020000)]
  0x0000000020153000 JavaThread "jar transforms Thread 119" [_thread_blocked, id=17464, stack(0x0000000023e20000,0x0000000023f20000)]
  0x000000002dadb000 JavaThread "jar transforms Thread 118" [_thread_blocked, id=8500, stack(0x0000000023d20000,0x0000000023e20000)]
  0x000000002dad9800 JavaThread "jar transforms Thread 117" [_thread_blocked, id=17440, stack(0x0000000023c20000,0x0000000023d20000)]
  0x000000002dadc800 JavaThread "Build operations Thread 8" [_thread_blocked, id=16448, stack(0x0000000023b20000,0x0000000023c20000)]
  0x000000002dade800 JavaThread "Build operations Thread 7" [_thread_blocked, id=1424, stack(0x0000000023a20000,0x0000000023b20000)]
  0x000000002dadb800 JavaThread "Build operations Thread 6" [_thread_blocked, id=3696, stack(0x0000000023920000,0x0000000023a20000)]
  0x000000002dade000 JavaThread "Build operations Thread 5" [_thread_blocked, id=15444, stack(0x0000000023820000,0x0000000023920000)]
  0x000000002dad4000 JavaThread "Build operations Thread 4" [_thread_blocked, id=8756, stack(0x0000000023720000,0x0000000023820000)]
  0x000000002dad8800 JavaThread "Build operations Thread 3" [_thread_blocked, id=7956, stack(0x0000000023620000,0x0000000023720000)]
  0x000000002dada000 JavaThread "Build operations Thread 2" [_thread_blocked, id=20156, stack(0x0000000022e20000,0x0000000022f20000)]
  0x000000002dad8000 JavaThread "Build operations" [_thread_blocked, id=7440, stack(0x0000000022330000,0x0000000022430000)]
  0x000000002dad1000 JavaThread "Cache worker for cache directory md-rule (C:\Users\Lenovo\.gradle\caches\6.5\md-rule)" [_thread_blocked, id=13960, stack(0x0000000022230000,0x0000000022330000)]
  0x000000002dad7000 JavaThread "Cache worker for cache directory md-supplier (C:\Users\Lenovo\.gradle\caches\6.5\md-supplier)" [_thread_blocked, id=21012, stack(0x00000000210e0000,0x00000000211e0000)]
  0x000000002dad5000 JavaThread "Cache worker for checksums cache (D:\Code\Projects\Plasmahero-mobile\client\.gradle\checksums)" [_thread_blocked, id=19528, stack(0x0000000020fe0000,0x00000000210e0000)]
  0x000000002dad5800 JavaThread "Cache worker for file hash cache (D:\Code\Projects\Plasmahero-mobile\client\.gradle\6.5\fileHashes)" [_thread_blocked, id=2980, stack(0x000000001e640000,0x000000001e740000)]
  0x000000002dad6800 JavaThread "Thread-166" [_thread_blocked, id=3048, stack(0x000000001e140000,0x000000001e240000)]
  0x000000002dad3800 JavaThread "Stdin handler" [_thread_blocked, id=15176, stack(0x000000001e040000,0x000000001e140000)]
  0x000000002dad2800 JavaThread "Asynchronous log dispatcher for DefaultDaemonConnection: socket connection from /127.0.0.1:56677 to /127.0.0.1:56707" [_thread_blocked, id=3244, stack(0x0000000002950000,0x0000000002a50000)]
  0x000000002dad2000 JavaThread "Cancel handler" [_thread_blocked, id=14952, stack(0x0000000001070000,0x0000000001170000)]
  0x000000002dad0800 JavaThread "Handler for socket connection from /127.0.0.1:56677 to /127.0.0.1:56707" [_thread_in_native, id=21236, stack(0x0000000000f70000,0x0000000001070000)]
  0x00000000212ea800 JavaThread "Memory manager" [_thread_blocked, id=10204, stack(0x000000002c900000,0x000000002ca00000)]
  0x000000001c841800 JavaThread "Cache worker for file content cache (C:\Users\Lenovo\.gradle\caches\6.5\fileContent)" [_thread_blocked, id=13896, stack(0x0000000022f20000,0x0000000023020000)]
  0x000000001c83e800 JavaThread "Cache worker for execution history cache (C:\Users\Lenovo\.gradle\caches\6.5\executionHistory)" [_thread_blocked, id=10272, stack(0x0000000022430000,0x0000000022530000)]
  0x000000001c83b800 JavaThread "Cache worker for file hash cache (C:\Users\Lenovo\.gradle\caches\6.5\fileHashes)" [_thread_blocked, id=1052, stack(0x000000001eb40000,0x000000001ec40000)]
  0x000000001c842000 JavaThread "File lock request listener" [_thread_in_native, id=15440, stack(0x000000001ea40000,0x000000001eb40000)]
  0x000000001c7e7000 JavaThread "Cache worker for journal cache (C:\Users\Lenovo\.gradle\caches\journal-1)" [_thread_blocked, id=16640, stack(0x000000001e940000,0x000000001ea40000)]
  0x000000001ab55000 JavaThread "Daemon worker" [_thread_in_Java, id=13204, stack(0x000000001e340000,0x000000001e440000)]
  0x000000001aadb800 JavaThread "Daemon" [_thread_blocked, id=12228, stack(0x000000001df40000,0x000000001e040000)]
  0x000000001c6ee000 JavaThread "Daemon periodic checks" [_thread_blocked, id=1936, stack(0x000000001dc40000,0x000000001dd40000)]
  0x000000001c66e000 JavaThread "Incoming local TCP Connector on port 56677" [_thread_in_native, id=8068, stack(0x000000001da00000,0x000000001db00000)]
  0x000000001b820800 JavaThread "Daemon health stats" [_thread_blocked, id=9388, stack(0x000000001d3c0000,0x000000001d4c0000)]
  0x0000000019be5000 JavaThread "Service Thread" daemon [_thread_blocked, id=7992, stack(0x000000001a820000,0x000000001a920000)]
  0x0000000019b78000 JavaThread "C1 CompilerThread3" daemon [_thread_in_native, id=20332, stack(0x000000001a720000,0x000000001a820000)]
=>0x0000000019b64800 JavaThread "C2 CompilerThread2" daemon [_thread_in_native, id=11924, stack(0x000000001a620000,0x000000001a720000)]
  0x0000000019b54800 JavaThread "C2 CompilerThread1" daemon [_thread_in_native, id=10376, stack(0x000000001a520000,0x000000001a620000)]
  0x0000000019b51800 JavaThread "C2 CompilerThread0" daemon [_thread_in_native, id=17572, stack(0x000000001a420000,0x000000001a520000)]
  0x0000000019b50800 JavaThread "Attach Listener" daemon [_thread_blocked, id=12356, stack(0x000000001a320000,0x000000001a420000)]
  0x0000000019b4f800 JavaThread "Signal Dispatcher" daemon [_thread_blocked, id=15788, stack(0x000000001a220000,0x000000001a320000)]
  0x0000000019b40800 JavaThread "Finalizer" daemon [_thread_blocked, id=21480, stack(0x000000001a020000,0x000000001a120000)]
  0x0000000017d5c800 JavaThread "Reference Handler" daemon [_thread_blocked, id=16424, stack(0x0000000019f20000,0x000000001a020000)]
  0x0000000002bf2800 JavaThread "main" [_thread_blocked, id=6916, stack(0x0000000002af0000,0x0000000002bf0000)]

Other Threads:
  0x0000000017d56800 VMThread [stack: 0x0000000019a20000,0x0000000019b20000] [id=12764]
  0x0000000019be6000 WatcherThread [stack: 0x000000001a920000,0x000000001aa20000] [id=11372]

VM state:not at safepoint (normal execution)

VM Mutex/Monitor currently owned by a thread: None

OutOfMemory and StackOverflow Exception counts:
OutOfMemoryError java_heap_errors=1

heap address: 0x0000000080000000, size: 2048 MB, Compressed Oops mode: 32-bit
Narrow klass base: 0x0000000000000000, Narrow klass shift: 3
Compressed class space size: 1073741824 Address: 0x0000000100000000

Heap:
 PSYoungGen      total 300032K, used 122177K [0x00000000d5580000, 0x00000000ecc00000, 0x0000000100000000)
  eden space 265216K, 33% used [0x00000000d5580000,0x00000000dac8a268,0x00000000e5880000)
  from space 34816K, 94% used [0x00000000e5880000,0x00000000e78c6320,0x00000000e7a80000)
  to   space 39424K, 0% used [0x00000000ea580000,0x00000000ea580000,0x00000000ecc00000)
 ParOldGen       total 164864K, used 61941K [0x0000000080000000, 0x000000008a100000, 0x00000000d5580000)
  object space 164864K, 37% used [0x0000000080000000,0x0000000083c7d4a0,0x000000008a100000)
 Metaspace       used 82776K, capacity 86558K, committed 86680K, reserved 1124352K
  class space    used 10882K, capacity 11586K, committed 11696K, reserved 1048576K

Card table byte_map: [0x00000000120b0000,0x00000000124c0000] byte_map_base: 0x0000000011cb0000

Marking Bits: (ParMarkBitMap*) 0x000000005ceaf030
 Begin Bits: [0x0000000012f70000, 0x0000000014f70000)
 End Bits:   [0x0000000014f70000, 0x0000000016f70000)

Polling page: 0x0000000000d60000

CodeCache: size=245760Kb used=35826Kb max_used=35826Kb free=209933Kb
 bounds [0x0000000002cf0000, 0x0000000005030000, 0x0000000011cf0000]
 total_blobs=11938 nmethods=11088 adapters=762
 compilation: enabled

Compilation events (10 events):
Event: 94.335 Thread 0x0000000019b78000 nmethod 13166 0x0000000003df5f90 code [0x0000000003df6100, 0x0000000003df62d0]
Event: 94.335 Thread 0x0000000019b78000 13167       3       org.gradle.api.internal.file.archive.StreamZipInput$1$1::get (11 bytes)
Event: 94.335 Thread 0x0000000019b78000 nmethod 13167 0x0000000003787690 code [0x00000000037877e0, 0x0000000003787950]
Event: 94.335 Thread 0x0000000019b78000 13161       1       java.util.Collections$EmptySet::isEmpty (2 bytes)
Event: 94.335 Thread 0x0000000019b78000 nmethod 13161 0x000000000408ded0 code [0x000000000408e020, 0x000000000408e130]
Event: 94.335 Thread 0x0000000019b78000 13173       1       org.gradle.internal.normalization.java.impl.InnerClassMember::getOuterName (5 bytes)
Event: 94.335 Thread 0x0000000019b78000 nmethod 13173 0x000000000408dc10 code [0x000000000408dd60, 0x000000000408de70]
Event: 94.335 Thread 0x0000000019b78000 13174       1       org.gradle.internal.normalization.java.impl.InnerClassMember::getInnerName (5 bytes)
Event: 94.335 Thread 0x0000000019b78000 nmethod 13174 0x000000000408d950 code [0x000000000408daa0, 0x000000000408dbb0]
Event: 94.336 Thread 0x0000000019b78000 13176       3       org.objectweb.asm.ClassReader::readCode (5089 bytes)

GC Heap History (10 events):
Event: 11.229 GC heap before
{Heap before GC invocations=14 (full 3):
 PSYoungGen      total 202240K, used 17918K [0x00000000d5580000, 0x00000000e6080000, 0x0000000100000000)
  eden space 184320K, 0% used [0x00000000d5580000,0x00000000d5580000,0x00000000e0980000)
  from space 17920K, 99% used [0x00000000e0980000,0x00000000e1affaa0,0x00000000e1b00000)
  to   space 21504K, 0% used [0x00000000e4b80000,0x00000000e4b80000,0x00000000e6080000)
 ParOldGen       total 107520K, used 28776K [0x0000000080000000, 0x0000000086900000, 0x00000000d5580000)
  object space 107520K, 26% used [0x0000000080000000,0x0000000081c1a378,0x0000000086900000)
 Metaspace       used 56884K, capacity 59018K, committed 59160K, reserved 1099776K
  class space    used 7689K, capacity 8154K, committed 8240K, reserved 1048576K
Event: 11.519 GC heap after
Heap after GC invocations=14 (full 3):
 PSYoungGen      total 202240K, used 0K [0x00000000d5580000, 0x00000000e6080000, 0x0000000100000000)
  eden space 184320K, 0% used [0x00000000d5580000,0x00000000d5580000,0x00000000e0980000)
  from space 17920K, 0% used [0x00000000e0980000,0x00000000e0980000,0x00000000e1b00000)
  to   space 21504K, 0% used [0x00000000e4b80000,0x00000000e4b80000,0x00000000e6080000)
 ParOldGen       total 164864K, used 34422K [0x0000000080000000, 0x000000008a100000, 0x00000000d5580000)
  object space 164864K, 20% used [0x0000000080000000,0x000000008219da08,0x000000008a100000)
 Metaspace       used 56872K, capacity 58976K, committed 59160K, reserved 1099776K
  class space    used 7685K, capacity 8147K, committed 8240K, reserved 1048576K
}
Event: 14.581 GC heap before
{Heap before GC invocations=15 (full 3):
 PSYoungGen      total 202240K, used 184320K [0x00000000d5580000, 0x00000000e6080000, 0x0000000100000000)
  eden space 184320K, 100% used [0x00000000d5580000,0x00000000e0980000,0x00000000e0980000)
  from space 17920K, 0% used [0x00000000e0980000,0x00000000e0980000,0x00000000e1b00000)
  to   space 21504K, 0% used [0x00000000e4b80000,0x00000000e4b80000,0x00000000e6080000)
 ParOldGen       total 164864K, used 34422K [0x0000000080000000, 0x000000008a100000, 0x00000000d5580000)
  object space 164864K, 20% used [0x0000000080000000,0x000000008219da08,0x000000008a100000)
 Metaspace       used 65996K, capacity 68888K, committed 69144K, reserved 1107968K
  class space    used 9105K, capacity 9706K, committed 9776K, reserved 1048576K
Event: 14.643 GC heap after
Heap after GC invocations=15 (full 3):
 PSYoungGen      total 242688K, used 18160K [0x00000000d5580000, 0x00000000e5d80000, 0x0000000100000000)
  eden space 224256K, 0% used [0x00000000d5580000,0x00000000d5580000,0x00000000e3080000)
  from space 18432K, 98% used [0x00000000e4b80000,0x00000000e5d3c3d0,0x00000000e5d80000)
  to   space 23040K, 0% used [0x00000000e3080000,0x00000000e3080000,0x00000000e4700000)
 ParOldGen       total 164864K, used 34430K [0x0000000080000000, 0x000000008a100000, 0x00000000d5580000)
  object space 164864K, 20% used [0x0000000080000000,0x000000008219fa08,0x000000008a100000)
 Metaspace       used 65996K, capacity 68888K, committed 69144K, reserved 1107968K
  class space    used 9105K, capacity 9706K, committed 9776K, reserved 1048576K
}
Event: 17.813 GC heap before
{Heap before GC invocations=16 (full 3):
 PSYoungGen      total 242688K, used 242416K [0x00000000d5580000, 0x00000000e5d80000, 0x0000000100000000)
  eden space 224256K, 100% used [0x00000000d5580000,0x00000000e3080000,0x00000000e3080000)
  from space 18432K, 98% used [0x00000000e4b80000,0x00000000e5d3c3d0,0x00000000e5d80000)
  to   space 23040K, 0% used [0x00000000e3080000,0x00000000e3080000,0x00000000e4700000)
 ParOldGen       total 164864K, used 34430K [0x0000000080000000, 0x000000008a100000, 0x00000000d5580000)
  object space 164864K, 20% used [0x0000000080000000,0x000000008219fa08,0x000000008a100000)
 Metaspace       used 68644K, capacity 71700K, committed 71960K, reserved 1112064K
  class space    used 9361K, capacity 9956K, committed 10032K, reserved 1048576K
Event: 17.866 GC heap after
Heap after GC invocations=16 (full 3):
 PSYoungGen      total 247296K, used 23033K [0x00000000d5580000, 0x00000000e9b80000, 0x0000000100000000)
  eden space 224256K, 0% used [0x00000000d5580000,0x00000000d5580000,0x00000000e3080000)
  from space 23040K, 99% used [0x00000000e3080000,0x00000000e46fe5e8,0x00000000e4700000)
  to   space 32256K, 0% used [0x00000000e7c00000,0x00000000e7c00000,0x00000000e9b80000)
 ParOldGen       total 164864K, used 51068K [0x0000000080000000, 0x000000008a100000, 0x00000000d5580000)
  object space 164864K, 30% used [0x0000000080000000,0x00000000831df180,0x000000008a100000)
 Metaspace       used 68644K, capacity 71700K, committed 71960K, reserved 1112064K
  class space    used 9361K, capacity 9956K, committed 10032K, reserved 1048576K
}
Event: 21.344 GC heap before
{Heap before GC invocations=17 (full 3):
 PSYoungGen      total 247296K, used 247289K [0x00000000d5580000, 0x00000000e9b80000, 0x0000000100000000)
  eden space 224256K, 100% used [0x00000000d5580000,0x00000000e3080000,0x00000000e3080000)
  from space 23040K, 99% used [0x00000000e3080000,0x00000000e46fe5e8,0x00000000e4700000)
  to   space 32256K, 0% used [0x00000000e7c00000,0x00000000e7c00000,0x00000000e9b80000)
 ParOldGen       total 164864K, used 51068K [0x0000000080000000, 0x000000008a100000, 0x00000000d5580000)
  object space 164864K, 30% used [0x0000000080000000,0x00000000831df180,0x000000008a100000)
 Metaspace       used 73340K, capacity 76646K, committed 76952K, reserved 1116160K
  class space    used 9922K, capacity 10561K, committed 10672K, reserved 1048576K
Event: 21.382 GC heap after
Heap after GC invocations=17 (full 3):
 PSYoungGen      total 297472K, used 25374K [0x00000000d5580000, 0x00000000e9c80000, 0x0000000100000000)
  eden space 265216K, 0% used [0x00000000d5580000,0x00000000d5580000,0x00000000e5880000)
  from space 32256K, 78% used [0x00000000e7c00000,0x00000000e94c7838,0x00000000e9b80000)
  to   space 34816K, 0% used [0x00000000e5880000,0x00000000e5880000,0x00000000e7a80000)
 ParOldGen       total 164864K, used 61933K [0x0000000080000000, 0x000000008a100000, 0x00000000d5580000)
  object space 164864K, 37% used [0x0000000080000000,0x0000000083c7b4a0,0x000000008a100000)
 Metaspace       used 73340K, capacity 76646K, committed 76952K, reserved 1116160K
  class space    used 9922K, capacity 10561K, committed 10672K, reserved 1048576K
}
Event: 81.456 GC heap before
{Heap before GC invocations=18 (full 3):
 PSYoungGen      total 297472K, used 290590K [0x00000000d5580000, 0x00000000e9c80000, 0x0000000100000000)
  eden space 265216K, 100% used [0x00000000d5580000,0x00000000e5880000,0x00000000e5880000)
  from space 32256K, 78% used [0x00000000e7c00000,0x00000000e94c7838,0x00000000e9b80000)
  to   space 34816K, 0% used [0x00000000e5880000,0x00000000e5880000,0x00000000e7a80000)
 ParOldGen       total 164864K, used 61933K [0x0000000080000000, 0x000000008a100000, 0x00000000d5580000)
  object space 164864K, 37% used [0x0000000080000000,0x0000000083c7b4a0,0x000000008a100000)
 Metaspace       used 78947K, capacity 82498K, committed 82712K, reserved 1120256K
  class space    used 10356K, capacity 11013K, committed 11056K, reserved 1048576K
Event: 81.487 GC heap after
Heap after GC invocations=18 (full 3):
 PSYoungGen      total 300032K, used 33048K [0x00000000d5580000, 0x00000000ecc00000, 0x0000000100000000)
  eden space 265216K, 0% used [0x00000000d5580000,0x00000000d5580000,0x00000000e5880000)
  from space 34816K, 94% used [0x00000000e5880000,0x00000000e78c6320,0x00000000e7a80000)
  to   space 39424K, 0% used [0x00000000ea580000,0x00000000ea580000,0x00000000ecc00000)
 ParOldGen       total 164864K, used 61941K [0x0000000080000000, 0x000000008a100000, 0x00000000d5580000)
  object space 164864K, 37% used [0x0000000080000000,0x0000000083c7d4a0,0x000000008a100000)
 Metaspace       used 78947K, capacity 82498K, committed 82712K, reserved 1120256K
  class space    used 10356K, capacity 11013K, committed 11056K, reserved 1048576K
}

Deoptimization events (10 events):
Event: 83.884 Thread 0x00000000206f9800 Uncommon trap: reason=unstable_if action=reinterpret pc=0x000000000491a974 method=java.io.BufferedInputStream.fill()V @ 9
Event: 93.811 Thread 0x00000000206f9800 Uncommon trap: reason=unstable_if action=reinterpret pc=0x0000000003ab4c28 method=java.io.ObjectInputStream$BlockDataInputStream.readUTFSpan(Ljava/lang/StringBuilder;J)J @ 35
Event: 94.178 Thread 0x00000000206ed800 Uncommon trap: reason=class_check action=maybe_recompile pc=0x000000000308c124 method=org.gradle.internal.operations.logging.LoggingBuildOperationProgressBroadcaster.onOutput(Lorg/gradle/internal/logging/events/OutputEvent;)V @ 8
Event: 94.179 Thread 0x00000000206ed800 Uncommon trap: reason=class_check action=maybe_recompile pc=0x000000000308c124 method=org.gradle.internal.operations.logging.LoggingBuildOperationProgressBroadcaster.onOutput(Lorg/gradle/internal/logging/events/OutputEvent;)V @ 8
Event: 94.179 Thread 0x00000000206ed800 Uncommon trap: reason=class_check action=maybe_recompile pc=0x000000000308c124 method=org.gradle.internal.operations.logging.LoggingBuildOperationProgressBroadcaster.onOutput(Lorg/gradle/internal/logging/events/OutputEvent;)V @ 8
Event: 94.297 Thread 0x00000000206ed800 Uncommon trap: reason=unstable_if action=reinterpret pc=0x00000000039ed0f0 method=org.objectweb.asm.MethodWriter.visitLabel(Lorg/objectweb/asm/Label;)V @ 312
Event: 94.297 Thread 0x00000000206ed800 Uncommon trap: reason=unstable_if action=reinterpret pc=0x0000000003b7fa64 method=org.objectweb.asm.MethodWriter.visitInsn(I)V @ 32
Event: 94.297 Thread 0x00000000206ed800 Uncommon trap: reason=unstable_if action=reinterpret pc=0x00000000032d000c method=org.objectweb.asm.MethodWriter.visitMethodInsn(ILjava/lang/String;Ljava/lang/String;Ljava/lang/String;Z)V @ 89
Event: 94.297 Thread 0x00000000206ed800 Uncommon trap: reason=unstable_if action=reinterpret pc=0x0000000003104b9c method=org.objectweb.asm.MethodWriter.endCurrentBasicBlockWithNoSuccessor()V @ 5
Event: 94.297 Thread 0x00000000206ed800 Uncommon trap: reason=unstable_if action=reinterpret pc=0x0000000003f372f8 method=org.objectweb.asm.MethodWriter.visitMaxs(II)V @ 35

Classes redefined (0 events):
No events

Internal exceptions (10 events):
Event: 83.786 Thread 0x00000000206ed800 Exception <a 'java/lang/NoSuchMethodError': <clinit>> (0x00000000d9b2e280) thrown at [C:\src\AOSP-openjdk-git\hotspot\src\share\vm\prims\jni.cpp, line 1615]
Event: 83.793 Thread 0x00000000206ed800 Exception <a 'java/lang/NoSuchMethodError': <clinit>> (0x00000000d9b3cb98) thrown at [C:\src\AOSP-openjdk-git\hotspot\src\share\vm\prims\jni.cpp, line 1615]
Event: 83.795 Thread 0x00000000206ed800 Exception <a 'java/lang/NoSuchMethodError': <clinit>> (0x00000000d9b739f8) thrown at [C:\src\AOSP-openjdk-git\hotspot\src\share\vm\prims\jni.cpp, line 1615]
Event: 83.803 Thread 0x00000000206f6800 Exception <a 'java/lang/InterruptedException'> (0x00000000d9b8ee70) thrown at [C:\src\AOSP-openjdk-git\hotspot\src\share\vm\runtime\objectMonitor.cpp, line 1680]
Event: 83.819 Thread 0x00000000206ed800 Exception <a 'java/lang/NoSuchMethodError': <clinit>> (0x00000000d9bbc9f0) thrown at [C:\src\AOSP-openjdk-git\hotspot\src\share\vm\prims\jni.cpp, line 1615]
Event: 83.820 Thread 0x00000000206ed800 Exception <a 'java/lang/NoSuchMethodError': <clinit>> (0x00000000d9bca900) thrown at [C:\src\AOSP-openjdk-git\hotspot\src\share\vm\prims\jni.cpp, line 1615]
Event: 83.820 Thread 0x00000000206ed800 Exception <a 'java/lang/NoSuchMethodError': <clinit>> (0x00000000d9bda4b8) thrown at [C:\src\AOSP-openjdk-git\hotspot\src\share\vm\prims\jni.cpp, line 1615]
Event: 83.825 Thread 0x00000000206ed800 Exception <a 'java/lang/NoSuchMethodError': <clinit>> (0x00000000d9c02e30) thrown at [C:\src\AOSP-openjdk-git\hotspot\src\share\vm\prims\jni.cpp, line 1615]
Event: 83.840 Thread 0x00000000206ed800 Exception <a 'java/lang/NoSuchMethodError': <clinit>> (0x00000000d9d6c928) thrown at [C:\src\AOSP-openjdk-git\hotspot\src\share\vm\prims\jni.cpp, line 1615]
Event: 83.843 Thread 0x00000000206ed800 Exception <a 'java/lang/NoSuchMethodError': <clinit>> (0x00000000d9e33580) thrown at [C:\src\AOSP-openjdk-git\hotspot\src\share\vm\prims\jni.cpp, line 1615]

Events (10 events):
Event: 94.297 Thread 0x00000000206ed800 Uncommon trap: trap_request=0xffffff65 fr.pc=0x0000000003104b9c
Event: 94.297 Thread 0x00000000206ed800 DEOPT PACKING pc=0x0000000003104b9c sp=0x000000002e81c640
Event: 94.297 Thread 0x00000000206ed800 DEOPT UNPACKING pc=0x0000000002d3557b sp=0x000000002e81c5d8 mode 2
Event: 94.297 Thread 0x00000000206ed800 Uncommon trap: trap_request=0xffffff65 fr.pc=0x0000000003f372f8
Event: 94.297 Thread 0x00000000206ed800 DEOPT PACKING pc=0x0000000003f372f8 sp=0x000000002e81c6a0
Event: 94.297 Thread 0x00000000206ed800 DEOPT UNPACKING pc=0x0000000002d3557b sp=0x000000002e81c640 mode 2
Event: 94.297 loading class org/gradle/internal/hash/HashCode
Event: 94.297 loading class org/gradle/internal/hash/HashCode done
Event: 94.297 loading class org/gradle/internal/hash/HashCode
Event: 94.297 loading class org/gradle/internal/hash/HashCode done


Dynamic libraries:
0x00007ff7dc5f0000 - 0x00007ff7dc621000 	C:\Program Files\Android\Android Studio\jre\bin\java.exe
0x00007ffe94cf0000 - 0x00007ffe94ee5000 	C:\Windows\SYSTEM32\ntdll.dll
0x00007ffe948e0000 - 0x00007ffe9499e000 	C:\Windows\System32\KERNEL32.DLL
0x00007ffe92550000 - 0x00007ffe92818000 	C:\Windows\System32\KERNELBASE.dll
0x00007ffe94500000 - 0x00007ffe945ac000 	C:\Windows\System32\ADVAPI32.dll
0x00007ffe92d40000 - 0x00007ffe92dde000 	C:\Windows\System32\msvcrt.dll
0x00007ffe94840000 - 0x00007ffe948db000 	C:\Windows\System32\sechost.dll
0x00007ffe949a0000 - 0x00007ffe94aca000 	C:\Windows\System32\RPCRT4.dll
0x00007ffe94350000 - 0x00007ffe944f1000 	C:\Windows\System32\USER32.dll
0x00007ffe92a20000 - 0x00007ffe92a42000 	C:\Windows\System32\win32u.dll
0x00007ffe92df0000 - 0x00007ffe92e1b000 	C:\Windows\System32\GDI32.dll
0x00007ffe92ad0000 - 0x00007ffe92bdb000 	C:\Windows\System32\gdi32full.dll
0x00007ffe92880000 - 0x00007ffe9291d000 	C:\Windows\System32\msvcp_win.dll
0x00007ffe92920000 - 0x00007ffe92a20000 	C:\Windows\System32\ucrtbase.dll
0x00007ffe7c090000 - 0x00007ffe7c32a000 	C:\Windows\WinSxS\amd64_microsoft.windows.common-controls_6595b64144ccf1df_6.0.19041.1110_none_60b5254171f9507e\COMCTL32.dll
0x00007ffe94760000 - 0x00007ffe94790000 	C:\Windows\System32\IMM32.DLL
0x000000005d4a0000 - 0x000000005d572000 	C:\Program Files\Android\Android Studio\jre\jre\bin\msvcr100.dll
0x000000005c6e0000 - 0x000000005cf2b000 	C:\Program Files\Android\Android Studio\jre\jre\bin\server\jvm.dll
0x00007ffe92de0000 - 0x00007ffe92de8000 	C:\Windows\System32\PSAPI.DLL
0x00007ffe82090000 - 0x00007ffe820b7000 	C:\Windows\SYSTEM32\WINMM.dll
0x00007ffe8a3f0000 - 0x00007ffe8a3f9000 	C:\Windows\SYSTEM32\WSOCK32.dll
0x00007ffe94bb0000 - 0x00007ffe94c1b000 	C:\Windows\System32\WS2_32.dll
0x00007ffe87ce0000 - 0x00007ffe87cea000 	C:\Windows\SYSTEM32\VERSION.dll
0x00007ffe889e0000 - 0x00007ffe889ef000 	C:\Program Files\Android\Android Studio\jre\jre\bin\verify.dll
0x00007ffe65250000 - 0x00007ffe65279000 	C:\Program Files\Android\Android Studio\jre\jre\bin\java.dll
0x00007ffe86b50000 - 0x00007ffe86b66000 	C:\Program Files\Android\Android Studio\jre\jre\bin\zip.dll
0x00007ffe92e30000 - 0x00007ffe9356f000 	C:\Windows\System32\SHELL32.dll
0x00007ffe90510000 - 0x00007ffe90ca0000 	C:\Windows\SYSTEM32\windows.storage.dll
0x00007ffe93ec0000 - 0x00007ffe94215000 	C:\Windows\System32\combase.dll
0x00007ffe91e60000 - 0x00007ffe91e8e000 	C:\Windows\SYSTEM32\Wldp.dll
0x00007ffe93e10000 - 0x00007ffe93ebd000 	C:\Windows\System32\SHCORE.dll
0x00007ffe93b80000 - 0x00007ffe93bd5000 	C:\Windows\System32\shlwapi.dll
0x00007ffe92350000 - 0x00007ffe9236f000 	C:\Windows\SYSTEM32\profapi.dll
0x00007ffe7bcc0000 - 0x00007ffe7bcda000 	C:\Program Files\Android\Android Studio\jre\jre\bin\net.dll
0x00007ffe91bc0000 - 0x00007ffe91c2a000 	C:\Windows\system32\mswsock.dll
0x00007ffe79be0000 - 0x00007ffe79bf3000 	C:\Program Files\Android\Android Studio\jre\jre\bin\nio.dll
0x00007ffe80ea0000 - 0x00007ffe80ec7000 	C:\Users\Lenovo\.gradle\native\f6784746aeab05261644944871eae4fe03e0ef1612fff0a4a95f87b438bc6780\windows-amd64\native-platform.dll
0x00007ffe88470000 - 0x00007ffe8847d000 	C:\Program Files\Android\Android Studio\jre\jre\bin\management.dll
0x00007ffe91db0000 - 0x00007ffe91dc8000 	C:\Windows\SYSTEM32\CRYPTSP.dll
0x00007ffe914d0000 - 0x00007ffe91504000 	C:\Windows\system32\rsaenh.dll
0x00007ffe92aa0000 - 0x00007ffe92ac7000 	C:\Windows\System32\bcrypt.dll
0x00007ffe92310000 - 0x00007ffe9233e000 	C:\Windows\SYSTEM32\USERENV.dll
0x00007ffe92410000 - 0x00007ffe92493000 	C:\Windows\System32\bcryptprimitives.dll
0x00007ffe91dd0000 - 0x00007ffe91ddc000 	C:\Windows\SYSTEM32\CRYPTBASE.dll
0x00007ffe91860000 - 0x00007ffe9189b000 	C:\Windows\SYSTEM32\IPHLPAPI.DLL
0x00007ffe92e20000 - 0x00007ffe92e28000 	C:\Windows\System32\NSI.dll
0x00007ffe86960000 - 0x00007ffe86977000 	C:\Windows\SYSTEM32\dhcpcsvc6.DLL
0x00007ffe86780000 - 0x00007ffe8679d000 	C:\Windows\SYSTEM32\dhcpcsvc.DLL
0x00007ffe918a0000 - 0x00007ffe9196b000 	C:\Windows\SYSTEM32\DNSAPI.dll
0x00007ffe86bd0000 - 0x00007ffe86bdb000 	C:\Windows\SYSTEM32\WINNSI.DLL
0x00007ffe893b0000 - 0x00007ffe893ce000 	C:\Users\Lenovo\AppData\Local\Temp\native-platform905840654225650160dir\native-platform.dll

VM Arguments:
jvm_args: -Xmx2048m -Dfile.encoding=UTF-8 -Duser.country=ID -Duser.language=en -Duser.variant 
java_command: org.gradle.launcher.daemon.bootstrap.GradleDaemon 6.5
java_class_path (initial): C:\Users\Lenovo\.gradle\wrapper\dists\gradle-6.5-bin\6nifqtx7604sqp1q6g8wikw7p\gradle-6.5\lib\gradle-launcher-6.5.jar
Launcher Type: SUN_STANDARD

Environment Variables:
JAVA_HOME=C:\Program Files\Java\jdk-17.0.1
PATH=C:\Program Files\ImageMagick-7.0.11-Q16-HDRI;C:\Program Files (x86)\VMware\VMware Player\bin\;C:\Windows\system32;C:\Windows;C:\Windows\System32\Wbem;C:\Windows\System32\WindowsPowerShell\v1.0\;C:\Windows\System32\OpenSSH\;C:\Program Files (x86)\NVIDIA Corporation\PhysX\Common;C:\Program Files\NVIDIA Corporation\NVIDIA NvDLISR;C:\src\flutter\bin;C:\Program Files\Git\cmd;C:\xampp\php;C:\ProgramData\ComposerSetup\bin;C:\Program Files\nodejs\;C:\Program Files\MongoDB\Server\4.4\bin;C:\MinGW\bin;C:\Program Files\dotnet\;C:\xampp\apache\bin;C:\Program Files\ImageMagick-7.0.11-Q16-HDRI;C:\Program Files\Docker\Docker\resources\bin;C:\ProgramData\DockerDesktop\version-bin;C:\Program Files\Java\jdk-17.0.1\bin;C:\Program Files\Microsoft SQL Server\150\Tools\Binn\;C:\Program Files\Microsoft SQL Server\Client SDK\ODBC\170\Tools\Binn\;C:\Program Files\PuTTY\;C:\Users\Lenovo\AppData\Local\Programs\Python\Python39\Scripts\;C:\Users\Lenovo\AppData\Local\Programs\Python\Python39\;C:\Users\Lenovo\AppData\Local\Microsoft\WindowsApps;;C:\Users\Lenovo\AppData\Local\Programs\Microsoft VS Code\bin;C:\Users\Lenovo\AppData\Roaming\Composer\vendor\bin;C:\Program Files\heroku\bin;C:\Users\Lenovo\AppData\Roaming\npm;C:\Users\Lenovo\.dotnet\tools
USERNAME=Lenovo
OS=Windows_NT
PROCESSOR_IDENTIFIER=Intel64 Family 6 Model 142 Stepping 11, GenuineIntel



---------------  S Y S T E M  ---------------

OS: Windows 10.0 , 64 bit Build 19041 (10.0.19041.1348)

CPU:total 8 (initial active 8) (4 cores per cpu, 2 threads per core) family 6 model 142 stepping 11, cmov, cx8, fxsr, mmx, sse, sse2, sse3, ssse3, sse4.1, sse4.2, popcnt, avx, avx2, aes, clmul, erms, 3dnowpref, lzcnt, ht, tsc, tscinvbit, bmi1, bmi2, adx

Memory: 4k page, physical 12392180k(2427360k free), swap 12392180k(5120k free)

vm_info: OpenJDK 64-Bit Server VM (25.242-b01) for windows-amd64 JRE (1.8.0_242-release-1644-b01), built by "builder" with MS VC++ 10.0 (VS2010)

time: Mon Nov 29 22:36:51 2021
timezone: SE Asia Standard Time
elapsed time: 94 seconds (0d 0h 1m 34s)

