#
# There is insufficient memory for the Java Runtime Environment to continue.
# Native memory allocation (malloc) failed to allocate 774576 bytes for Chunk::new
# Possible reasons:
#   The system is out of physical RAM or swap space
#   The process is running with CompressedOops enabled, and the Java Heap may be blocking the growth of the native heap
# Possible solutions:
#   Reduce memory load on the system
#   Increase physical memory or swap space
#   Check if swap backing store is full
#   Decrease Java heap size (-Xmx/-Xms)
#   Decrease number of Java threads
#   Decrease Java thread stack sizes (-Xss)
#   Set larger code cache with -XX:ReservedCodeCacheSize=
#   JVM is running with Zero Based Compressed Oops mode in which the Java heap is
#     placed in the first 32GB address space. The Java Heap base address is the
#     maximum limit for the native heap growth. Please use -XX:HeapBaseMinAddress
#     to set the Java Heap base and to place the Java Heap above 32GB virtual address.
# This output file may be truncated or incomplete.
#
#  Out of Memory Error (allocation.cpp:389), pid=20552, tid=0x0000000000002af0
#
# JRE version: OpenJDK Runtime Environment (8.0_242-b01) (build 1.8.0_242-release-1644-b01)
# Java VM: OpenJDK 64-Bit Server VM (25.242-b01 mixed mode windows-amd64 compressed oops)
# Failed to write core dump. Minidumps are not enabled by default on client versions of Windows
#

---------------  T H R E A D  ---------------

Current thread (0x000000001bd35800):  JavaThread "C2 CompilerThread1" daemon [_thread_in_native, id=10992, stack(0x000000001c700000,0x000000001c800000)]

Stack: [0x000000001c700000,0x000000001c800000]
[error occurred during error reporting (printing stack bounds), id 0xc0000005]

Native frames: (J=compiled Java code, j=interpreted, Vv=VM code, C=native code)


Current CompileTask:
C2:   3062 3624       4       org.jetbrains.org.objectweb.asm.ClassReader::readMethod (1061 bytes)


---------------  P R O C E S S  ---------------

Java Threads: ( => current thread )
  0x000000001bddb800 JavaThread "Service Thread" daemon [_thread_blocked, id=13308, stack(0x000000001ca00000,0x000000001cb00000)]
  0x000000001bd40800 JavaThread "C1 CompilerThread3" daemon [_thread_in_vm, id=20684, stack(0x000000001c900000,0x000000001ca00000)]
  0x000000001bd37800 JavaThread "C2 CompilerThread2" daemon [_thread_in_native, id=18604, stack(0x000000001c800000,0x000000001c900000)]
=>0x000000001bd35800 JavaThread "C2 CompilerThread1" daemon [_thread_in_native, id=10992, stack(0x000000001c700000,0x000000001c800000)]
  0x000000001bd30800 JavaThread "C2 CompilerThread0" daemon [_thread_in_native, id=2008, stack(0x000000001c600000,0x000000001c700000)]
  0x000000001bd2f800 JavaThread "Attach Listener" daemon [_thread_blocked, id=20816, stack(0x000000001c500000,0x000000001c600000)]
  0x000000001bd2e000 JavaThread "Signal Dispatcher" daemon [_thread_blocked, id=21160, stack(0x000000001c400000,0x000000001c500000)]
  0x000000001bd20800 JavaThread "Finalizer" daemon [_thread_blocked, id=8536, stack(0x000000001c200000,0x000000001c300000)]
  0x0000000002ae8800 JavaThread "Reference Handler" daemon [_thread_blocked, id=16604, stack(0x000000001c100000,0x000000001c200000)]
  0x00000000029f2800 JavaThread "main" [_thread_in_vm, id=2040, stack(0x0000000002810000,0x0000000002910000)]

Other Threads:
  0x0000000019f06000 VMThread [stack: 0x000000001bc00000,0x000000001bd00000] [id=13920]
  0x000000001bddc800 WatcherThread [stack: 0x000000001cb00000,0x000000001cc00000] [id=3384]

VM state:not at safepoint (normal execution)

VM Mutex/Monitor currently owned by a thread: None

heap address: 0x0000000702e00000, size: 3026 MB, Compressed Oops mode: Zero based, Oop shift amount: 3
Narrow klass base: 0x0000000000000000, Narrow klass shift: 3
Compressed class space size: 1073741824 Address: 0x00000007c0000000

Heap:
 PSYoungGen      total 181248K, used 80391K [0x0000000780f80000, 0x000000078de80000, 0x00000007c0000000)
  eden space 173568K, 46% used [0x0000000780f80000,0x0000000785e01c80,0x000000078b900000)
  from space 7680K, 0% used [0x000000078cf80000,0x000000078cf80000,0x000000078d700000)
  to   space 7680K, 0% used [0x000000078d700000,0x000000078d700000,0x000000078de80000)
 ParOldGen       total 100352K, used 29463K [0x0000000702e00000, 0x0000000709000000, 0x0000000780f80000)
  object space 100352K, 29% used [0x0000000702e00000,0x0000000704ac5c80,0x0000000709000000)
 Metaspace       used 40782K, capacity 41510K, committed 41856K, reserved 1085440K
  class space    used 4991K, capacity 5197K, committed 5248K, reserved 1048576K

Card table byte_map: [0x0000000011eb0000,0x00000000124a0000] byte_map_base: 0x000000000e699000

Marking Bits: (ParMarkBitMap*) 0x000000005d97f030
 Begin Bits: [0x00000000130a0000, 0x0000000015fe8000)
 End Bits:   [0x0000000015fe8000, 0x0000000018f30000)

Polling page: 0x0000000000a70000

CodeCache: size=245760Kb used=13015Kb max_used=13015Kb free=232744Kb
 bounds [0x0000000002af0000, 0x00000000037b0000, 0x0000000011af0000]
 total_blobs=4347 nmethods=3862 adapters=398
 compilation: enabled

Compilation events (10 events):
Event: 3.031 Thread 0x000000001bd40800 nmethod 3846 0x00000000037861d0 code [0x0000000003786320, 0x0000000003786430]
Event: 3.032 Thread 0x000000001bd40800 3847       1       kotlin.sequences.FilteringSequence::access$getPredicate$p (5 bytes)
Event: 3.032 Thread 0x000000001bd40800 nmethod 3847 0x0000000003786490 code [0x00000000037865e0, 0x00000000037866d0]
Event: 3.032 Thread 0x000000001bd40800 3848       1       kotlin.sequences.FilteringSequence::access$getSendWhen$p (5 bytes)
Event: 3.032 Thread 0x000000001bd40800 nmethod 3848 0x0000000003786750 code [0x00000000037868a0, 0x0000000003786990]
Event: 3.033 Thread 0x000000001bd40800 3849       2       org.jetbrains.kotlin.name.FqNameUnsafe::topLevel (28 bytes)
Event: 3.033 Thread 0x000000001bd40800 nmethod 3849 0x0000000003786a10 code [0x0000000003786ba0, 0x0000000003786e78]
Event: 3.033 Thread 0x000000001bd40800 3850       2       org.jetbrains.kotlin.com.intellij.openapi.vfs.impl.jar.CoreJarFileSystem::splitPath (75 bytes)
Event: 3.033 Thread 0x000000001bd40800 nmethod 3850 0x0000000003787050 code [0x0000000003787220, 0x0000000003787798]
Event: 3.033 Thread 0x000000001bd40800 3852       2       org.jetbrains.org.objectweb.asm.ClassReader::accept (1380 bytes)

GC Heap History (10 events):
Event: 1.164 GC heap before
{Heap before GC invocations=3 (full 0):
 PSYoungGen      total 105984K, used 10286K [0x0000000780f80000, 0x0000000787e80000, 0x00000007c0000000)
  eden space 98304K, 2% used [0x0000000780f80000,0x000000078120d8d0,0x0000000786f80000)
  from space 7680K, 99% used [0x0000000787700000,0x0000000787e7e2d0,0x0000000787e80000)
  to   space 7680K, 0% used [0x0000000786f80000,0x0000000786f80000,0x0000000787700000)
 ParOldGen       total 130048K, used 21809K [0x0000000702e00000, 0x000000070ad00000, 0x0000000780f80000)
  object space 130048K, 16% used [0x0000000702e00000,0x000000070434c7d8,0x000000070ad00000)
 Metaspace       used 20715K, capacity 21100K, committed 21248K, reserved 1069056K
  class space    used 2372K, capacity 2504K, committed 2560K, reserved 1048576K
Event: 1.169 GC heap after
Heap after GC invocations=3 (full 0):
 PSYoungGen      total 105984K, used 7672K [0x0000000780f80000, 0x000000078de80000, 0x00000007c0000000)
  eden space 98304K, 0% used [0x0000000780f80000,0x0000000780f80000,0x0000000786f80000)
  from space 7680K, 99% used [0x0000000786f80000,0x00000007876fe2d0,0x0000000787700000)
  to   space 7680K, 0% used [0x000000078d700000,0x000000078d700000,0x000000078de80000)
 ParOldGen       total 130048K, used 21927K [0x0000000702e00000, 0x000000070ad00000, 0x0000000780f80000)
  object space 130048K, 16% used [0x0000000702e00000,0x0000000704369da8,0x000000070ad00000)
 Metaspace       used 20715K, capacity 21100K, committed 21248K, reserved 1069056K
  class space    used 2372K, capacity 2504K, committed 2560K, reserved 1048576K
}
Event: 1.169 GC heap before
{Heap before GC invocations=4 (full 1):
 PSYoungGen      total 105984K, used 7672K [0x0000000780f80000, 0x000000078de80000, 0x00000007c0000000)
  eden space 98304K, 0% used [0x0000000780f80000,0x0000000780f80000,0x0000000786f80000)
  from space 7680K, 99% used [0x0000000786f80000,0x00000007876fe2d0,0x0000000787700000)
  to   space 7680K, 0% used [0x000000078d700000,0x000000078d700000,0x000000078de80000)
 ParOldGen       total 130048K, used 21927K [0x0000000702e00000, 0x000000070ad00000, 0x0000000780f80000)
  object space 130048K, 16% used [0x0000000702e00000,0x0000000704369da8,0x000000070ad00000)
 Metaspace       used 20715K, capacity 21100K, committed 21248K, reserved 1069056K
  class space    used 2372K, capacity 2504K, committed 2560K, reserved 1048576K
Event: 1.213 GC heap after
Heap after GC invocations=4 (full 1):
 PSYoungGen      total 105984K, used 0K [0x0000000780f80000, 0x000000078de80000, 0x00000007c0000000)
  eden space 98304K, 0% used [0x0000000780f80000,0x0000000780f80000,0x0000000786f80000)
  from space 7680K, 0% used [0x0000000786f80000,0x0000000786f80000,0x0000000787700000)
  to   space 7680K, 0% used [0x000000078d700000,0x000000078d700000,0x000000078de80000)
 ParOldGen       total 100352K, used 19615K [0x0000000702e00000, 0x0000000709000000, 0x0000000780f80000)
  object space 100352K, 19% used [0x0000000702e00000,0x0000000704127e28,0x0000000709000000)
 Metaspace       used 20715K, capacity 21100K, committed 21248K, reserved 1069056K
  class space    used 2372K, capacity 2504K, committed 2560K, reserved 1048576K
}
Event: 2.259 GC heap before
{Heap before GC invocations=5 (full 1):
 PSYoungGen      total 105984K, used 98304K [0x0000000780f80000, 0x000000078de80000, 0x00000007c0000000)
  eden space 98304K, 100% used [0x0000000780f80000,0x0000000786f80000,0x0000000786f80000)
  from space 7680K, 0% used [0x0000000786f80000,0x0000000786f80000,0x0000000787700000)
  to   space 7680K, 0% used [0x000000078d700000,0x000000078d700000,0x000000078de80000)
 ParOldGen       total 100352K, used 19615K [0x0000000702e00000, 0x0000000709000000, 0x0000000780f80000)
  object space 100352K, 19% used [0x0000000702e00000,0x0000000704127e28,0x0000000709000000)
 Metaspace       used 34324K, capacity 34882K, committed 35200K, reserved 1079296K
  class space    used 4286K, capacity 4432K, committed 4480K, reserved 1048576K
Event: 2.272 GC heap after
Heap after GC invocations=5 (full 1):
 PSYoungGen      total 181248K, used 7674K [0x0000000780f80000, 0x000000078de80000, 0x00000007c0000000)
  eden space 173568K, 0% used [0x0000000780f80000,0x0000000780f80000,0x000000078b900000)
  from space 7680K, 99% used [0x000000078d700000,0x000000078de7e890,0x000000078de80000)
  to   space 7680K, 0% used [0x000000078cf80000,0x000000078cf80000,0x000000078d700000)
 ParOldGen       total 100352K, used 35283K [0x0000000702e00000, 0x0000000709000000, 0x0000000780f80000)
  object space 100352K, 35% used [0x0000000702e00000,0x0000000705074db8,0x0000000709000000)
 Metaspace       used 34324K, capacity 34882K, committed 35200K, reserved 1079296K
  class space    used 4286K, capacity 4432K, committed 4480K, reserved 1048576K
}
Event: 2.295 GC heap before
{Heap before GC invocations=6 (full 1):
 PSYoungGen      total 181248K, used 11844K [0x0000000780f80000, 0x000000078de80000, 0x00000007c0000000)
  eden space 173568K, 2% used [0x0000000780f80000,0x00000007813928d8,0x000000078b900000)
  from space 7680K, 99% used [0x000000078d700000,0x000000078de7e890,0x000000078de80000)
  to   space 7680K, 0% used [0x000000078cf80000,0x000000078cf80000,0x000000078d700000)
 ParOldGen       total 100352K, used 35283K [0x0000000702e00000, 0x0000000709000000, 0x0000000780f80000)
  object space 100352K, 35% used [0x0000000702e00000,0x0000000705074db8,0x0000000709000000)
 Metaspace       used 34639K, capacity 35146K, committed 35416K, reserved 1081344K
  class space    used 4356K, capacity 4498K, committed 4608K, reserved 1048576K
Event: 2.300 GC heap after
Heap after GC invocations=6 (full 1):
 PSYoungGen      total 181248K, used 7673K [0x0000000780f80000, 0x000000078de80000, 0x00000007c0000000)
  eden space 173568K, 0% used [0x0000000780f80000,0x0000000780f80000,0x000000078b900000)
  from space 7680K, 99% used [0x000000078cf80000,0x000000078d6fe6e0,0x000000078d700000)
  to   space 7680K, 0% used [0x000000078d700000,0x000000078d700000,0x000000078de80000)
 ParOldGen       total 100352K, used 35599K [0x0000000702e00000, 0x0000000709000000, 0x0000000780f80000)
  object space 100352K, 35% used [0x0000000702e00000,0x00000007050c3ca8,0x0000000709000000)
 Metaspace       used 34639K, capacity 35146K, committed 35416K, reserved 1081344K
  class space    used 4356K, capacity 4498K, committed 4608K, reserved 1048576K
}
Event: 2.300 GC heap before
{Heap before GC invocations=7 (full 2):
 PSYoungGen      total 181248K, used 7673K [0x0000000780f80000, 0x000000078de80000, 0x00000007c0000000)
  eden space 173568K, 0% used [0x0000000780f80000,0x0000000780f80000,0x000000078b900000)
  from space 7680K, 99% used [0x000000078cf80000,0x000000078d6fe6e0,0x000000078d700000)
  to   space 7680K, 0% used [0x000000078d700000,0x000000078d700000,0x000000078de80000)
 ParOldGen       total 100352K, used 35599K [0x0000000702e00000, 0x0000000709000000, 0x0000000780f80000)
  object space 100352K, 35% used [0x0000000702e00000,0x00000007050c3ca8,0x0000000709000000)
 Metaspace       used 34639K, capacity 35146K, committed 35416K, reserved 1081344K
  class space    used 4356K, capacity 4498K, committed 4608K, reserved 1048576K
Event: 2.339 GC heap after
Heap after GC invocations=7 (full 2):
 PSYoungGen      total 181248K, used 0K [0x0000000780f80000, 0x000000078de80000, 0x00000007c0000000)
  eden space 173568K, 0% used [0x0000000780f80000,0x0000000780f80000,0x000000078b900000)
  from space 7680K, 0% used [0x000000078cf80000,0x000000078cf80000,0x000000078d700000)
  to   space 7680K, 0% used [0x000000078d700000,0x000000078d700000,0x000000078de80000)
 ParOldGen       total 100352K, used 29463K [0x0000000702e00000, 0x0000000709000000, 0x0000000780f80000)
  object space 100352K, 29% used [0x0000000702e00000,0x0000000704ac5c80,0x0000000709000000)
 Metaspace       used 34639K, capacity 35146K, committed 35416K, reserved 1081344K
  class space    used 4356K, capacity 4498K, committed 4608K, reserved 1048576K
}

Deoptimization events (10 events):
Event: 2.688 Thread 0x00000000029f2800 Uncommon trap: reason=class_check action=maybe_recompile pc=0x000000000332c620 method=java.lang.Character.codePointAt(Ljava/lang/CharSequence;I)I @ 2
Event: 2.688 Thread 0x00000000029f2800 Uncommon trap: reason=class_check action=maybe_recompile pc=0x000000000332c620 method=java.lang.Character.codePointAt(Ljava/lang/CharSequence;I)I @ 2
Event: 2.690 Thread 0x00000000029f2800 Uncommon trap: reason=unstable_if action=reinterpret pc=0x0000000003383b10 method=org.jetbrains.kotlin.com.intellij.util.keyFMap.ArrayBackedFMap.indexOf(I)I @ 27
Event: 2.690 Thread 0x00000000029f2800 Uncommon trap: reason=unstable_if action=reinterpret pc=0x000000000337dab4 method=org.jetbrains.kotlin.com.intellij.util.keyFMap.ArrayBackedFMap.indexOf(I)I @ 27
Event: 2.811 Thread 0x00000000029f2800 Uncommon trap: reason=unstable_if action=reinterpret pc=0x00000000035feb28 method=java.text.StringCharacterIterator.current()C @ 19
Event: 2.818 Thread 0x00000000029f2800 Uncommon trap: reason=class_check action=maybe_recompile pc=0x00000000034ade54 method=org.jetbrains.kotlin.com.intellij.openapi.util.text.StringUtilRt.equal(Ljava/lang/CharSequence;Ljava/lang/CharSequence;Z)Z @ 42
Event: 2.859 Thread 0x00000000029f2800 Uncommon trap: reason=null_check action=make_not_entrant pc=0x00000000035c1fa0 method=org.jetbrains.kotlin.storage.LockBasedStorageManager$LockBasedLazyValue.invoke()Ljava/lang/Object; @ 6
Event: 2.859 Thread 0x00000000029f2800 Uncommon trap: reason=null_check action=make_not_entrant pc=0x0000000003578af8 method=org.jetbrains.kotlin.utils.WrappedValues.unescapeThrowable(Ljava/lang/Object;)Ljava/lang/Object; @ 1
Event: 2.980 Thread 0x00000000029f2800 Uncommon trap: reason=class_check action=maybe_recompile pc=0x000000000345b058 method=gnu.trove.TObjectHash.index(Ljava/lang/Object;)I @ 22
Event: 2.980 Thread 0x00000000029f2800 Uncommon trap: reason=class_check action=maybe_recompile pc=0x000000000345b058 method=gnu.trove.TObjectHash.index(Ljava/lang/Object;)I @ 22

Classes redefined (0 events):
No events

Internal exceptions (10 events):
Event: 1.251 Thread 0x00000000029f2800 Exception <a 'java/lang/NoSuchMethodError': java.lang.Object.lambda$static$0(I)[Lorg/jetbrains/kotlin/com/intellij/psi/PsiElement;> (0x000000078133ed80) thrown at [C:\src\AOSP-openjdk-git\hotspot\src\share\vm\interpreter\linkResolver.cpp, line 620]
Event: 1.286 Thread 0x00000000029f2800 Exception <a 'java/lang/NoSuchMethodError': java.lang.Object.lambda$comparing$77a9974f$1(Ljava/util/function/Function;Ljava/lang/Object;Ljava/lang/Object;)I> (0x0000000781547398) thrown at [C:\src\AOSP-openjdk-git\hotspot\src\share\vm\interpreter\linkReso
Event: 1.944 Thread 0x00000000029f2800 Exception <a 'java/lang/ArrayIndexOutOfBoundsException': 126> (0x0000000784f46908) thrown at [C:\src\AOSP-openjdk-git\hotspot\src\share\vm\interpreter\interpreterRuntime.cpp, line 368]
Event: 1.945 Thread 0x00000000029f2800 Exception <a 'java/lang/ArrayIndexOutOfBoundsException': 86> (0x0000000784f47d90) thrown at [C:\src\AOSP-openjdk-git\hotspot\src\share\vm\interpreter\interpreterRuntime.cpp, line 368]
Event: 2.374 Thread 0x00000000029f2800 Exception <a 'java/lang/NoSuchMethodError': java.lang.Object.lambda$static$0(I)[Lorg/jetbrains/kotlin/psi/KtExpression;> (0x00000007811a98b0) thrown at [C:\src\AOSP-openjdk-git\hotspot\src\share\vm\interpreter\linkResolver.cpp, line 620]
Event: 2.509 Thread 0x00000000029f2800 Exception <a 'java/lang/NoSuchMethodError': java.lang.Object.lambda$static$0(I)[Lorg/jetbrains/kotlin/psi/KtDeclaration;> (0x0000000781c35058) thrown at [C:\src\AOSP-openjdk-git\hotspot\src\share\vm\interpreter\linkResolver.cpp, line 620]
Event: 2.634 Thread 0x00000000029f2800 Exception <a 'java/lang/NoSuchMethodError': java.lang.Object.lambda$static$0(I)[Lorg/jetbrains/kotlin/psi/KtTypeElement;> (0x00000007825794f0) thrown at [C:\src\AOSP-openjdk-git\hotspot\src\share\vm\interpreter\linkResolver.cpp, line 620]
Event: 2.859 Thread 0x00000000029f2800 Implicit null exception at 0x00000000035c1b75 to 0x00000000035c1f91
Event: 2.859 Thread 0x00000000029f2800 Implicit null exception at 0x0000000003578aaf to 0x0000000003578aed
Event: 2.984 Thread 0x00000000029f2800 Exception <a 'java/lang/NoSuchMethodError': java.lang.Object.lambda$static$0(I)[Lorg/jetbrains/kotlin/com/intellij/psi/PsiClass;> (0x000000078507c340) thrown at [C:\src\AOSP-openjdk-git\hotspot\src\share\vm\interpreter\linkResolver.cpp, line 620]

Events (10 events):
Event: 3.013 loading class org/jetbrains/kotlin/resolve/SinceKotlinAccessibility$Accessible
Event: 3.013 loading class org/jetbrains/kotlin/resolve/SinceKotlinAccessibility$Accessible done
Event: 3.014 loading class org/jetbrains/kotlin/resolve/SinceKotlinAccessibility
Event: 3.014 loading class org/jetbrains/kotlin/resolve/SinceKotlinAccessibility done
Event: 3.014 loading class org/jetbrains/kotlin/resolve/SinceKotlinAccessibility$NotAccessible
Event: 3.014 loading class org/jetbrains/kotlin/resolve/SinceKotlinAccessibility$NotAccessible done
Event: 3.014 loading class org/jetbrains/kotlin/resolve/SinceKotlinAccessibility$NotAccessibleButWasExperimental
Event: 3.014 loading class org/jetbrains/kotlin/resolve/SinceKotlinAccessibility$NotAccessibleButWasExperimental done
Event: 3.014 loading class org/jetbrains/kotlin/resolve/deprecation/DeprecationResolver$deprecationsByConstituentTypes$1$1
Event: 3.014 loading class org/jetbrains/kotlin/resolve/deprecation/DeprecationResolver$deprecationsByConstituentTypes$1$1 done


Dynamic libraries:
0x00007ff73b950000 - 0x00007ff73b981000 	C:\Program Files\Android\Android Studio\jre\jre\bin\java.exe
0x00007ffda9a30000 - 0x00007ffda9c25000 	C:\Windows\SYSTEM32\ntdll.dll
0x00007ffda8d10000 - 0x00007ffda8dce000 	C:\Windows\System32\KERNEL32.DLL
0x00007ffda7310000 - 0x00007ffda75d8000 	C:\Windows\System32\KERNELBASE.dll
0x00007ffda85b0000 - 0x00007ffda865c000 	C:\Windows\System32\ADVAPI32.dll
0x00007ffda8a00000 - 0x00007ffda8a9e000 	C:\Windows\System32\msvcrt.dll
0x00007ffda9880000 - 0x00007ffda991b000 	C:\Windows\System32\sechost.dll
0x00007ffda8be0000 - 0x00007ffda8d0a000 	C:\Windows\System32\RPCRT4.dll
0x00007ffda87f0000 - 0x00007ffda8991000 	C:\Windows\System32\USER32.dll
0x00007ffda7740000 - 0x00007ffda7762000 	C:\Windows\System32\win32u.dll
0x00007ffda7f00000 - 0x00007ffda7f2b000 	C:\Windows\System32\GDI32.dll
0x00007ffda7200000 - 0x00007ffda730b000 	C:\Windows\System32\gdi32full.dll
0x00007ffda79b0000 - 0x00007ffda7a4d000 	C:\Windows\System32\msvcp_win.dll
0x00007ffda77c0000 - 0x00007ffda78c0000 	C:\Windows\System32\ucrtbase.dll
0x00007ffd90f10000 - 0x00007ffd911aa000 	C:\Windows\WinSxS\amd64_microsoft.windows.common-controls_6595b64144ccf1df_6.0.19041.1110_none_60b5254171f9507e\COMCTL32.dll
0x00007ffda8500000 - 0x00007ffda8530000 	C:\Windows\System32\IMM32.DLL
0x000000005df70000 - 0x000000005e042000 	C:\Program Files\Android\Android Studio\jre\jre\bin\msvcr100.dll
0x000000005d1b0000 - 0x000000005d9fb000 	C:\Program Files\Android\Android Studio\jre\jre\bin\server\jvm.dll
0x00007ffda9790000 - 0x00007ffda9798000 	C:\Windows\System32\PSAPI.DLL
0x00007ffd91360000 - 0x00007ffd91387000 	C:\Windows\SYSTEM32\WINMM.dll
0x00007ffd9c7f0000 - 0x00007ffd9c7fa000 	C:\Windows\SYSTEM32\VERSION.dll
0x00007ffda2a80000 - 0x00007ffda2a89000 	C:\Windows\SYSTEM32\WSOCK32.dll
0x00007ffda9920000 - 0x00007ffda998b000 	C:\Windows\System32\WS2_32.dll
0x00007ffd9c2e0000 - 0x00007ffd9c2ef000 	C:\Program Files\Android\Android Studio\jre\jre\bin\verify.dll
0x00007ffd84a80000 - 0x00007ffd84aa9000 	C:\Program Files\Android\Android Studio\jre\jre\bin\java.dll
0x00007ffd89150000 - 0x00007ffd89166000 	C:\Program Files\Android\Android Studio\jre\jre\bin\zip.dll
0x00007ffda9050000 - 0x00007ffda978f000 	C:\Windows\System32\SHELL32.dll
0x00007ffda5250000 - 0x00007ffda59e0000 	C:\Windows\SYSTEM32\windows.storage.dll
0x00007ffda80b0000 - 0x00007ffda8405000 	C:\Windows\System32\combase.dll
0x00007ffda6ba0000 - 0x00007ffda6bce000 	C:\Windows\SYSTEM32\Wldp.dll
0x00007ffda8df0000 - 0x00007ffda8e9d000 	C:\Windows\System32\SHCORE.dll
0x00007ffda8410000 - 0x00007ffda8465000 	C:\Windows\System32\shlwapi.dll
0x00007ffda7090000 - 0x00007ffda70af000 	C:\Windows\SYSTEM32\profapi.dll
0x00007ffd803e0000 - 0x00007ffd803fa000 	C:\Program Files\Android\Android Studio\jre\jre\bin\net.dll
0x00007ffda6900000 - 0x00007ffda696a000 	C:\Windows\system32\mswsock.dll
0x00007ffd803c0000 - 0x00007ffd803d3000 	C:\Program Files\Android\Android Studio\jre\jre\bin\nio.dll

VM Arguments:
java_command: org.jetbrains.kotlin.cli.jvm.K2JVMCompiler @D:\Code\Projects\Plasmahero-mobile\client\app\build\20211205_6397686827944901217.compiler.options
java_class_path (initial): C:\Users\Lenovo\.gradle\caches\modules-2\files-2.1\org.jetbrains.kotlin\kotlin-compiler-embeddable\1.4.32\b4fc9be460ca88eecea2303e142ce2920bd14775\kotlin-compiler-embeddable-1.4.32.jar;C:\Users\Lenovo\.gradle\caches\modules-2\files-2.1\org.jetbrains.kotlin\kotlin-reflect\1.4.32\ce852b166d97f0f1991b5130c2bb02e2ef6c554e\kotlin-reflect-1.4.32.jar;C:\Users\Lenovo\.gradle\caches\modules-2\files-2.1\org.jetbrains.kotlin\kotlin-stdlib\1.4.32\461367948840adbb0839c51d91ed74ef4a9ccb52\kotlin-stdlib-1.4.32.jar;C:\Users\Lenovo\.gradle\caches\modules-2\files-2.1\org.jetbrains.kotlin\kotlin-script-runtime\1.4.32\bac50b0748be017dbc13fc1cb7231b1c9da0e106\kotlin-script-runtime-1.4.32.jar;C:\Users\Lenovo\.gradle\caches\modules-2\files-2.1\org.jetbrains.kotlin\kotlin-daemon-embeddable\1.4.32\b40c5de5adea26ebb4e5fc36945c482ac20acee2\kotlin-daemon-embeddable-1.4.32.jar;C:\Users\Lenovo\.gradle\caches\modules-2\files-2.1\org.jetbrains.intellij.deps\trove4j\1.0.20181211\216c2e14b070f334479d800987affe4054cd563f\trove4j-1.0.20181211.jar;C:\Users\Lenovo\.gradle\caches\modules-2\files-2.1\org.jetbrains.kotlin\kotlin-stdlib-common\1.4.32\ef50bfa2c0491a11dcc35d9822edbfd6170e1ea2\kotlin-stdlib-common-1.4.32.jar;C:\Users\Lenovo\.gradle\caches\modules-2\files-2.1\org.jetbrains\annotations\13.0\919f0dfe192fb4e063e7dacadee7f8bb9a2672a9\annotations-13.0.jar;C:\Program Files\Android\Android Studio\jre\lib\tools.jar
Launcher Type: SUN_STANDARD

Environment Variables:
JAVA_HOME=C:\Program Files\Java\jdk-17.0.1
PATH=C:\Program Files\ImageMagick-7.0.11-Q16-HDRI;C:\Program Files (x86)\VMware\VMware Player\bin\;C:\Windows\system32;C:\Windows;C:\Windows\System32\Wbem;C:\Windows\System32\WindowsPowerShell\v1.0\;C:\Windows\System32\OpenSSH\;C:\Program Files (x86)\NVIDIA Corporation\PhysX\Common;C:\Program Files\NVIDIA Corporation\NVIDIA NvDLISR;C:\src\flutter\bin;C:\Program Files\Git\cmd;C:\xampp\php;C:\ProgramData\ComposerSetup\bin;C:\Program Files\nodejs\;C:\Program Files\MongoDB\Server\4.4\bin;C:\MinGW\bin;C:\Program Files\dotnet\;C:\xampp\apache\bin;C:\Program Files\ImageMagick-7.0.11-Q16-HDRI;C:\Program Files\Docker\Docker\resources\bin;C:\ProgramData\DockerDesktop\version-bin;C:\Program Files\Java\jdk-17.0.1\bin;C:\Program Files\Microsoft SQL Server\150\Tools\Binn\;C:\Program Files\Microsoft SQL Server\Client SDK\ODBC\170\Tools\Binn\;C:\Program Files\PuTTY\;C:\Users\Lenovo\AppData\Local\Programs\Python\Python39\Scripts\;C:\Users\Lenovo\AppData\Local\Programs\Python\Python39\;C:\Users\Lenovo\AppData\Local\Microsoft\WindowsApps;;C:\Users\Lenovo\AppData\Local\Programs\Microsoft VS Code\bin;C:\Users\Lenovo\AppData\Roaming\Composer\vendor\bin;C:\Program Files\heroku\bin;C:\Users\Lenovo\AppData\Roaming\npm;C:\Users\Lenovo\.dotnet\tools
USERNAME=Lenovo
OS=Windows_NT
PROCESSOR_IDENTIFIER=Intel64 Family 6 Model 142 Stepping 11, GenuineIntel



---------------  S Y S T E M  ---------------

OS: Windows 10.0 , 64 bit Build 19041 (10.0.19041.1348)

CPU:total 8 (initial active 8) (4 cores per cpu, 2 threads per core) family 6 model 142 stepping 11, cmov, cx8, fxsr, mmx, sse, sse2, sse3, ssse3, sse4.1, sse4.2, popcnt, avx, avx2, aes, clmul, erms, 3dnowpref, lzcnt, ht, tsc, tscinvbit, bmi1, bmi2, adx

Memory: 4k page, physical 12392180k(1694224k free), swap 12392180k(5496k free)

vm_info: OpenJDK 64-Bit Server VM (25.242-b01) for windows-amd64 JRE (1.8.0_242-release-1644-b01), built by "builder" with MS VC++ 10.0 (VS2010)

time: Sun Dec 05 09:11:53 2021
timezone: SE Asia Standard Time
elapsed time: 3 seconds (0d 0h 0m 3s)

