#
# There is insufficient memory for the Java Runtime Environment to continue.
# Native memory allocation (malloc) failed to allocate 833776 bytes for Chunk::new
# Possible reasons:
#   The system is out of physical RAM or swap space
#   The process is running with CompressedOops enabled, and the Java Heap may be blocking the growth of the native heap
# Possible solutions:
#   Reduce memory load on the system
#   Increase physical memory or swap space
#   Check if swap backing store is full
#   Decrease Java heap size (-Xmx/-Xms)
#   Decrease number of Java threads
#   Decrease Java thread stack sizes (-Xss)
#   Set larger code cache with -XX:ReservedCodeCacheSize=
#   JVM is running with Zero Based Compressed Oops mode in which the Java heap is
#     placed in the first 32GB address space. The Java Heap base address is the
#     maximum limit for the native heap growth. Please use -XX:HeapBaseMinAddress
#     to set the Java Heap base and to place the Java Heap above 32GB virtual address.
# This output file may be truncated or incomplete.
#
#  Out of Memory Error (allocation.cpp:389), pid=2924, tid=0x0000000000005058
#
# JRE version: OpenJDK Runtime Environment (8.0_242-b01) (build 1.8.0_242-release-1644-b01)
# Java VM: OpenJDK 64-Bit Server VM (25.242-b01 mixed mode windows-amd64 compressed oops)
# Failed to write core dump. Minidumps are not enabled by default on client versions of Windows
#

---------------  T H R E A D  ---------------

Current thread (0x000000001b8c7800):  JavaThread "C2 CompilerThread1" daemon [_thread_in_native, id=20568, stack(0x000000001c290000,0x000000001c390000)]

Stack: [0x000000001c290000,0x000000001c390000]
[error occurred during error reporting (printing stack bounds), id 0xc0000005]

Native frames: (J=compiled Java code, j=interpreted, Vv=VM code, C=native code)


Current CompileTask:
C2:   3260 4202   !   4       org.jetbrains.kotlin.com.intellij.psi.impl.source.CharTableImpl::doIntern (85 bytes)


---------------  P R O C E S S  ---------------

Java Threads: ( => current thread )
  0x000000001b8ee800 JavaThread "Service Thread" daemon [_thread_blocked, id=17880, stack(0x000000001c590000,0x000000001c690000)]
  0x000000001b8ce000 JavaThread "C1 CompilerThread3" daemon [_thread_blocked, id=15312, stack(0x000000001c490000,0x000000001c590000)]
  0x000000001b8c9000 JavaThread "C2 CompilerThread2" daemon [_thread_in_native, id=15704, stack(0x000000001c390000,0x000000001c490000)]
=>0x000000001b8c7800 JavaThread "C2 CompilerThread1" daemon [_thread_in_native, id=20568, stack(0x000000001c290000,0x000000001c390000)]
  0x000000001b8c4800 JavaThread "C2 CompilerThread0" daemon [_thread_in_native, id=4380, stack(0x000000001c190000,0x000000001c290000)]
  0x000000001b8bf800 JavaThread "Attach Listener" daemon [_thread_blocked, id=12828, stack(0x000000001c090000,0x000000001c190000)]
  0x0000000019ade800 JavaThread "Signal Dispatcher" daemon [_thread_blocked, id=20012, stack(0x000000001bf90000,0x000000001c090000)]
  0x0000000019ad2800 JavaThread "Finalizer" daemon [_thread_blocked, id=4952, stack(0x000000001bd90000,0x000000001be90000)]
  0x00000000026a9000 JavaThread "Reference Handler" daemon [_thread_blocked, id=17616, stack(0x000000001bc90000,0x000000001bd90000)]
  0x00000000025b2800 JavaThread "main" [_thread_in_vm, id=17540, stack(0x00000000024b0000,0x00000000025b0000)]

Other Threads:
  0x0000000019ac6000 VMThread [stack: 0x000000001b790000,0x000000001b890000] [id=14056]
  0x000000001b8ef800 WatcherThread [stack: 0x000000001c690000,0x000000001c790000] [id=16272]

VM state:not at safepoint (normal execution)

VM Mutex/Monitor currently owned by a thread: None

heap address: 0x0000000702e00000, size: 3026 MB, Compressed Oops mode: Zero based, Oop shift amount: 3
Narrow klass base: 0x0000000000000000, Narrow klass shift: 3
Compressed class space size: 1073741824 Address: 0x00000007c0000000

Heap:
 PSYoungGen      total 177664K, used 105409K [0x0000000780f80000, 0x000000078de80000, 0x00000007c0000000)
  eden space 169984K, 62% used [0x0000000780f80000,0x0000000787670448,0x000000078b580000)
  from space 7680K, 0% used [0x000000078cf80000,0x000000078cf80000,0x000000078d700000)
  to   space 7680K, 0% used [0x000000078d700000,0x000000078d700000,0x000000078de80000)
 ParOldGen       total 129024K, used 29390K [0x0000000702e00000, 0x000000070ac00000, 0x0000000780f80000)
  object space 129024K, 22% used [0x0000000702e00000,0x0000000704ab3aa8,0x000000070ac00000)
 Metaspace       used 43276K, capacity 44078K, committed 44288K, reserved 1087488K
  class space    used 5308K, capacity 5555K, committed 5632K, reserved 1048576K

Card table byte_map: [0x0000000011a70000,0x0000000012060000] byte_map_base: 0x000000000e259000

Marking Bits: (ParMarkBitMap*) 0x000000005d97f030
 Begin Bits: [0x0000000012c60000, 0x0000000015ba8000)
 End Bits:   [0x0000000015ba8000, 0x0000000018af0000)

Polling page: 0x0000000000ac0000

CodeCache: size=245760Kb used=14238Kb max_used=14256Kb free=231521Kb
 bounds [0x00000000026b0000, 0x00000000034b0000, 0x00000000116b0000]
 total_blobs=4748 nmethods=4254 adapters=407
 compilation: enabled

Compilation events (10 events):
Event: 3.225 Thread 0x000000001b8ce000 4255       1       java.lang.invoke.MethodHandleImpl$IntrinsicMethodHandle::getTarget (5 bytes)
Event: 3.225 Thread 0x000000001b8ce000 nmethod 4255 0x0000000003476bd0 code [0x0000000003476d20, 0x0000000003476e30]
Event: 3.225 Thread 0x000000001b8ce000 4257       1       java.lang.invoke.MethodHandle::internalForm (5 bytes)
Event: 3.225 Thread 0x000000001b8ce000 nmethod 4257 0x0000000003479790 code [0x00000000034798e0, 0x00000000034799f0]
Event: 3.225 Thread 0x000000001b8ce000 4258       1       java.lang.invoke.SimpleMethodHandle::fieldCount (2 bytes)
Event: 3.225 Thread 0x000000001b8ce000 nmethod 4258 0x00000000034794d0 code [0x0000000003479620, 0x0000000003479730]
Event: 3.226 Thread 0x000000001b8ce000 4260       3       java.util.Objects::equals (23 bytes)
Event: 3.226 Thread 0x000000001b8ce000 nmethod 4260 0x00000000034a03d0 code [0x00000000034a0540, 0x00000000034a0808]
Event: 3.226 Thread 0x000000001b8c9000 nmethod 4256 0x00000000034a08d0 code [0x00000000034a0a40, 0x00000000034a0f18]
Event: 3.228 Thread 0x000000001b8c9000 4261 %     4       sun.nio.fs.WindowsPathParser::normalize @ 18 (233 bytes)

GC Heap History (10 events):
Event: 1.114 GC heap before
{Heap before GC invocations=3 (full 0):
 PSYoungGen      total 105984K, used 10268K [0x0000000780f80000, 0x0000000787e80000, 0x00000007c0000000)
  eden space 98304K, 2% used [0x0000000780f80000,0x000000078120cdb8,0x0000000786f80000)
  from space 7680K, 99% used [0x0000000787700000,0x0000000787e7a2c0,0x0000000787e80000)
  to   space 7680K, 0% used [0x0000000786f80000,0x0000000786f80000,0x0000000787700000)
 ParOldGen       total 130048K, used 21854K [0x0000000702e00000, 0x000000070ad00000, 0x0000000780f80000)
  object space 130048K, 16% used [0x0000000702e00000,0x0000000704357ac8,0x000000070ad00000)
 Metaspace       used 20723K, capacity 21100K, committed 21248K, reserved 1069056K
  class space    used 2368K, capacity 2504K, committed 2560K, reserved 1048576K
Event: 1.118 GC heap after
Heap after GC invocations=3 (full 0):
 PSYoungGen      total 105984K, used 7656K [0x0000000780f80000, 0x000000078de80000, 0x00000007c0000000)
  eden space 98304K, 0% used [0x0000000780f80000,0x0000000780f80000,0x0000000786f80000)
  from space 7680K, 99% used [0x0000000786f80000,0x00000007876fa2c0,0x0000000787700000)
  to   space 7680K, 0% used [0x000000078d700000,0x000000078d700000,0x000000078de80000)
 ParOldGen       total 130048K, used 21927K [0x0000000702e00000, 0x000000070ad00000, 0x0000000780f80000)
  object space 130048K, 16% used [0x0000000702e00000,0x0000000704369f90,0x000000070ad00000)
 Metaspace       used 20723K, capacity 21100K, committed 21248K, reserved 1069056K
  class space    used 2368K, capacity 2504K, committed 2560K, reserved 1048576K
}
Event: 1.118 GC heap before
{Heap before GC invocations=4 (full 1):
 PSYoungGen      total 105984K, used 7656K [0x0000000780f80000, 0x000000078de80000, 0x00000007c0000000)
  eden space 98304K, 0% used [0x0000000780f80000,0x0000000780f80000,0x0000000786f80000)
  from space 7680K, 99% used [0x0000000786f80000,0x00000007876fa2c0,0x0000000787700000)
  to   space 7680K, 0% used [0x000000078d700000,0x000000078d700000,0x000000078de80000)
 ParOldGen       total 130048K, used 21927K [0x0000000702e00000, 0x000000070ad00000, 0x0000000780f80000)
  object space 130048K, 16% used [0x0000000702e00000,0x0000000704369f90,0x000000070ad00000)
 Metaspace       used 20723K, capacity 21100K, committed 21248K, reserved 1069056K
  class space    used 2368K, capacity 2504K, committed 2560K, reserved 1048576K
Event: 1.164 GC heap after
Heap after GC invocations=4 (full 1):
 PSYoungGen      total 105984K, used 0K [0x0000000780f80000, 0x000000078de80000, 0x00000007c0000000)
  eden space 98304K, 0% used [0x0000000780f80000,0x0000000780f80000,0x0000000786f80000)
  from space 7680K, 0% used [0x0000000786f80000,0x0000000786f80000,0x0000000787700000)
  to   space 7680K, 0% used [0x000000078d700000,0x000000078d700000,0x000000078de80000)
 ParOldGen       total 101888K, used 19548K [0x0000000702e00000, 0x0000000709180000, 0x0000000780f80000)
  object space 101888K, 19% used [0x0000000702e00000,0x0000000704117030,0x0000000709180000)
 Metaspace       used 20723K, capacity 21100K, committed 21248K, reserved 1069056K
  class space    used 2368K, capacity 2504K, committed 2560K, reserved 1048576K
}
Event: 2.191 GC heap before
{Heap before GC invocations=5 (full 1):
 PSYoungGen      total 105984K, used 98304K [0x0000000780f80000, 0x000000078de80000, 0x00000007c0000000)
  eden space 98304K, 100% used [0x0000000780f80000,0x0000000786f80000,0x0000000786f80000)
  from space 7680K, 0% used [0x0000000786f80000,0x0000000786f80000,0x0000000787700000)
  to   space 7680K, 0% used [0x000000078d700000,0x000000078d700000,0x000000078de80000)
 ParOldGen       total 101888K, used 19548K [0x0000000702e00000, 0x0000000709180000, 0x0000000780f80000)
  object space 101888K, 19% used [0x0000000702e00000,0x0000000704117030,0x0000000709180000)
 Metaspace       used 34300K, capacity 34878K, committed 35200K, reserved 1079296K
  class space    used 4276K, capacity 4432K, committed 4480K, reserved 1048576K
Event: 2.205 GC heap after
Heap after GC invocations=5 (full 1):
 PSYoungGen      total 177664K, used 7674K [0x0000000780f80000, 0x000000078de80000, 0x00000007c0000000)
  eden space 169984K, 0% used [0x0000000780f80000,0x0000000780f80000,0x000000078b580000)
  from space 7680K, 99% used [0x000000078d700000,0x000000078de7e890,0x000000078de80000)
  to   space 7680K, 0% used [0x000000078cf80000,0x000000078cf80000,0x000000078d700000)
 ParOldGen       total 101888K, used 35237K [0x0000000702e00000, 0x0000000709180000, 0x0000000780f80000)
  object space 101888K, 34% used [0x0000000702e00000,0x0000000705069560,0x0000000709180000)
 Metaspace       used 34300K, capacity 34878K, committed 35200K, reserved 1079296K
  class space    used 4276K, capacity 4432K, committed 4480K, reserved 1048576K
}
Event: 2.231 GC heap before
{Heap before GC invocations=6 (full 1):
 PSYoungGen      total 177664K, used 15165K [0x0000000780f80000, 0x000000078de80000, 0x00000007c0000000)
  eden space 169984K, 4% used [0x0000000780f80000,0x00000007816d0c40,0x000000078b580000)
  from space 7680K, 99% used [0x000000078d700000,0x000000078de7e890,0x000000078de80000)
  to   space 7680K, 0% used [0x000000078cf80000,0x000000078cf80000,0x000000078d700000)
 ParOldGen       total 101888K, used 35237K [0x0000000702e00000, 0x0000000709180000, 0x0000000780f80000)
  object space 101888K, 34% used [0x0000000702e00000,0x0000000705069560,0x0000000709180000)
 Metaspace       used 34635K, capacity 35136K, committed 35416K, reserved 1081344K
  class space    used 4355K, capacity 4497K, committed 4608K, reserved 1048576K
Event: 2.236 GC heap after
Heap after GC invocations=6 (full 1):
 PSYoungGen      total 177664K, used 7654K [0x0000000780f80000, 0x000000078de80000, 0x00000007c0000000)
  eden space 169984K, 0% used [0x0000000780f80000,0x0000000780f80000,0x000000078b580000)
  from space 7680K, 99% used [0x000000078cf80000,0x000000078d6f9880,0x000000078d700000)
  to   space 7680K, 0% used [0x000000078d700000,0x000000078d700000,0x000000078de80000)
 ParOldGen       total 101888K, used 35496K [0x0000000702e00000, 0x0000000709180000, 0x0000000780f80000)
  object space 101888K, 34% used [0x0000000702e00000,0x00000007050aa0c0,0x0000000709180000)
 Metaspace       used 34635K, capacity 35136K, committed 35416K, reserved 1081344K
  class space    used 4355K, capacity 4497K, committed 4608K, reserved 1048576K
}
Event: 2.236 GC heap before
{Heap before GC invocations=7 (full 2):
 PSYoungGen      total 177664K, used 7654K [0x0000000780f80000, 0x000000078de80000, 0x00000007c0000000)
  eden space 169984K, 0% used [0x0000000780f80000,0x0000000780f80000,0x000000078b580000)
  from space 7680K, 99% used [0x000000078cf80000,0x000000078d6f9880,0x000000078d700000)
  to   space 7680K, 0% used [0x000000078d700000,0x000000078d700000,0x000000078de80000)
 ParOldGen       total 101888K, used 35496K [0x0000000702e00000, 0x0000000709180000, 0x0000000780f80000)
  object space 101888K, 34% used [0x0000000702e00000,0x00000007050aa0c0,0x0000000709180000)
 Metaspace       used 34635K, capacity 35136K, committed 35416K, reserved 1081344K
  class space    used 4355K, capacity 4497K, committed 4608K, reserved 1048576K
Event: 2.274 GC heap after
Heap after GC invocations=7 (full 2):
 PSYoungGen      total 177664K, used 0K [0x0000000780f80000, 0x000000078de80000, 0x00000007c0000000)
  eden space 169984K, 0% used [0x0000000780f80000,0x0000000780f80000,0x000000078b580000)
  from space 7680K, 0% used [0x000000078cf80000,0x000000078cf80000,0x000000078d700000)
  to   space 7680K, 0% used [0x000000078d700000,0x000000078d700000,0x000000078de80000)
 ParOldGen       total 129024K, used 29390K [0x0000000702e00000, 0x000000070ac00000, 0x0000000780f80000)
  object space 129024K, 22% used [0x0000000702e00000,0x0000000704ab3aa8,0x000000070ac00000)
 Metaspace       used 34635K, capacity 35136K, committed 35416K, reserved 1081344K
  class space    used 4355K, capacity 4497K, committed 4608K, reserved 1048576K
}

Deoptimization events (10 events):
Event: 3.118 Thread 0x00000000025b2800 Uncommon trap: reason=class_check action=maybe_recompile pc=0x000000000317a920 method=org.jetbrains.kotlin.storage.LockBasedStorageManager$LockBasedLazyValue.invoke()Ljava/lang/Object; @ 24
Event: 3.118 Thread 0x00000000025b2800 Uncommon trap: reason=class_check action=maybe_recompile pc=0x000000000317a920 method=org.jetbrains.kotlin.storage.LockBasedStorageManager$LockBasedLazyValue.invoke()Ljava/lang/Object; @ 24
Event: 3.118 Thread 0x00000000025b2800 Uncommon trap: reason=class_check action=maybe_recompile pc=0x000000000317a920 method=org.jetbrains.kotlin.storage.LockBasedStorageManager$LockBasedLazyValue.invoke()Ljava/lang/Object; @ 24
Event: 3.151 Thread 0x00000000025b2800 Uncommon trap: reason=class_check action=maybe_recompile pc=0x0000000002f73d78 method=org.jetbrains.kotlin.com.intellij.psi.impl.source.tree.TreeElement.rawRemoveUpToWithoutNotifications(Lorg/jetbrains/kotlin/com/intellij/psi/impl/source/tree/TreeElement;
Event: 3.154 Thread 0x00000000025b2800 Uncommon trap: reason=class_check action=maybe_recompile pc=0x0000000002f73d78 method=org.jetbrains.kotlin.com.intellij.psi.impl.source.tree.TreeElement.rawRemoveUpToWithoutNotifications(Lorg/jetbrains/kotlin/com/intellij/psi/impl/source/tree/TreeElement;
Event: 3.156 Thread 0x00000000025b2800 Uncommon trap: reason=unstable_if action=reinterpret pc=0x00000000031b0f54 method=org.jetbrains.kotlin.parsing.AbstractKotlinParsing.tokenMatches(Lorg/jetbrains/kotlin/com/intellij/psi/tree/IElementType;Lorg/jetbrains/kotlin/com/intellij/psi/tree/IElement
Event: 3.156 Thread 0x00000000025b2800 Uncommon trap: reason=class_check action=maybe_recompile pc=0x0000000002f73d78 method=org.jetbrains.kotlin.com.intellij.psi.impl.source.tree.TreeElement.rawRemoveUpToWithoutNotifications(Lorg/jetbrains/kotlin/com/intellij/psi/impl/source/tree/TreeElement;
Event: 3.158 Thread 0x00000000025b2800 Uncommon trap: reason=unstable_if action=reinterpret pc=0x0000000002f9341c method=org.jetbrains.kotlin.parsing.AbstractKotlinParsing.tokenMatches(Lorg/jetbrains/kotlin/com/intellij/psi/tree/IElementType;Lorg/jetbrains/kotlin/com/intellij/psi/tree/IElement
Event: 3.160 Thread 0x00000000025b2800 Uncommon trap: reason=unstable_if action=reinterpret pc=0x0000000003216c3c method=gnu.trove.TObjectHash.insertionIndex(Ljava/lang/Object;)I @ 65
Event: 3.162 Thread 0x00000000025b2800 Uncommon trap: reason=unstable_if action=reinterpret pc=0x0000000002f04f70 method=org.jetbrains.kotlin.parsing.AbstractKotlinParsing.tokenMatches(Lorg/jetbrains/kotlin/com/intellij/psi/tree/IElementType;Lorg/jetbrains/kotlin/com/intellij/psi/tree/IElement

Classes redefined (0 events):
No events

Internal exceptions (10 events):
Event: 3.222 Thread 0x00000000025b2800 Exception <a 'java/lang/NoSuchMethodError': java.lang.Object.lambda$static$48()Lorg/jetbrains/kotlin/com/intellij/lang/ASTNode;> (0x00000007871a9df0) thrown at [C:\src\AOSP-openjdk-git\hotspot\src\share\vm\interpreter\linkResolver.cpp, line 620]
Event: 3.223 Thread 0x00000000025b2800 Exception <a 'java/lang/NoSuchMethodError': java.lang.Object.lambda$static$49()Lorg/jetbrains/kotlin/com/intellij/lang/ASTNode;> (0x00000007871acdd8) thrown at [C:\src\AOSP-openjdk-git\hotspot\src\share\vm\interpreter\linkResolver.cpp, line 620]
Event: 3.223 Thread 0x00000000025b2800 Exception <a 'java/lang/NoSuchMethodError': java.lang.Object.lambda$static$50()Lorg/jetbrains/kotlin/com/intellij/lang/ASTNode;> (0x00000007871afdb8) thrown at [C:\src\AOSP-openjdk-git\hotspot\src\share\vm\interpreter\linkResolver.cpp, line 620]
Event: 3.223 Thread 0x00000000025b2800 Exception <a 'java/lang/NoSuchMethodError': java.lang.Object.lambda$static$51()Lorg/jetbrains/kotlin/com/intellij/lang/ASTNode;> (0x00000007871b2da0) thrown at [C:\src\AOSP-openjdk-git\hotspot\src\share\vm\interpreter\linkResolver.cpp, line 620]
Event: 3.223 Thread 0x00000000025b2800 Exception <a 'java/lang/NoSuchMethodError': java.lang.Object.lambda$static$52()Lorg/jetbrains/kotlin/com/intellij/lang/ASTNode;> (0x00000007871b5d80) thrown at [C:\src\AOSP-openjdk-git\hotspot\src\share\vm\interpreter\linkResolver.cpp, line 620]
Event: 3.223 Thread 0x00000000025b2800 Exception <a 'java/lang/NoSuchMethodError': java.lang.Object.lambda$static$53()Lorg/jetbrains/kotlin/com/intellij/lang/ASTNode;> (0x00000007871b8d78) thrown at [C:\src\AOSP-openjdk-git\hotspot\src\share\vm\interpreter\linkResolver.cpp, line 620]
Event: 3.224 Thread 0x00000000025b2800 Exception <a 'java/lang/NoSuchMethodError': java.lang.Object.lambda$static$54()Lorg/jetbrains/kotlin/com/intellij/lang/ASTNode;> (0x00000007871bbd10) thrown at [C:\src\AOSP-openjdk-git\hotspot\src\share\vm\interpreter\linkResolver.cpp, line 620]
Event: 3.224 Thread 0x00000000025b2800 Exception <a 'java/lang/NoSuchMethodError': java.lang.Object.lambda$static$55()Lorg/jetbrains/kotlin/com/intellij/lang/ASTNode;> (0x00000007871becf0) thrown at [C:\src\AOSP-openjdk-git\hotspot\src\share\vm\interpreter\linkResolver.cpp, line 620]
Event: 3.224 Thread 0x00000000025b2800 Exception <a 'java/lang/NoSuchMethodError': java.lang.Object.lambda$static$56()Lorg/jetbrains/kotlin/com/intellij/lang/ASTNode;> (0x00000007871c1cd8) thrown at [C:\src\AOSP-openjdk-git\hotspot\src\share\vm\interpreter\linkResolver.cpp, line 620]
Event: 3.224 Thread 0x00000000025b2800 Exception <a 'java/lang/NoSuchMethodError': java.lang.Object.lambda$static$57()Lorg/jetbrains/kotlin/com/intellij/lang/ASTNode;> (0x00000007871c4cb8) thrown at [C:\src\AOSP-openjdk-git\hotspot\src\share\vm\interpreter\linkResolver.cpp, line 620]

Events (10 events):
Event: 3.257 Executing VM operation: Deoptimize
Event: 3.257 Executing VM operation: Deoptimize done
Event: 3.257 loading class gnu/trove/TIntIntProcedure
Event: 3.257 loading class gnu/trove/TIntIntProcedure done
Event: 3.258 loading class org/jetbrains/kotlin/com/intellij/psi/stubs/MaterialStubList$1
Event: 3.258 loading class org/jetbrains/kotlin/com/intellij/psi/stubs/MaterialStubList$1 done
Event: 3.258 loading class org/jetbrains/kotlin/com/intellij/psi/stubs/StubList$1
Event: 3.258 loading class org/jetbrains/kotlin/com/intellij/psi/stubs/StubList$1 done
Event: 3.259 loading class org/jetbrains/kotlin/com/intellij/psi/stubs/StubSpine
Event: 3.259 loading class org/jetbrains/kotlin/com/intellij/psi/stubs/StubSpine done


Dynamic libraries:
0x00007ff73b950000 - 0x00007ff73b981000 	C:\Program Files\Android\Android Studio\jre\jre\bin\java.exe
0x00007ffda9a30000 - 0x00007ffda9c25000 	C:\Windows\SYSTEM32\ntdll.dll
0x00007ffda8d10000 - 0x00007ffda8dce000 	C:\Windows\System32\KERNEL32.DLL
0x00007ffda7310000 - 0x00007ffda75d8000 	C:\Windows\System32\KERNELBASE.dll
0x00007ffda85b0000 - 0x00007ffda865c000 	C:\Windows\System32\ADVAPI32.dll
0x00007ffda8a00000 - 0x00007ffda8a9e000 	C:\Windows\System32\msvcrt.dll
0x00007ffda9880000 - 0x00007ffda991b000 	C:\Windows\System32\sechost.dll
0x00007ffda8be0000 - 0x00007ffda8d0a000 	C:\Windows\System32\RPCRT4.dll
0x00007ffda87f0000 - 0x00007ffda8991000 	C:\Windows\System32\USER32.dll
0x00007ffda7740000 - 0x00007ffda7762000 	C:\Windows\System32\win32u.dll
0x00007ffda7f00000 - 0x00007ffda7f2b000 	C:\Windows\System32\GDI32.dll
0x00007ffda7200000 - 0x00007ffda730b000 	C:\Windows\System32\gdi32full.dll
0x00007ffda79b0000 - 0x00007ffda7a4d000 	C:\Windows\System32\msvcp_win.dll
0x00007ffda77c0000 - 0x00007ffda78c0000 	C:\Windows\System32\ucrtbase.dll
0x00007ffd90f10000 - 0x00007ffd911aa000 	C:\Windows\WinSxS\amd64_microsoft.windows.common-controls_6595b64144ccf1df_6.0.19041.1110_none_60b5254171f9507e\COMCTL32.dll
0x00007ffda8500000 - 0x00007ffda8530000 	C:\Windows\System32\IMM32.DLL
0x000000005df70000 - 0x000000005e042000 	C:\Program Files\Android\Android Studio\jre\jre\bin\msvcr100.dll
0x000000005d1b0000 - 0x000000005d9fb000 	C:\Program Files\Android\Android Studio\jre\jre\bin\server\jvm.dll
0x00007ffda9790000 - 0x00007ffda9798000 	C:\Windows\System32\PSAPI.DLL
0x00007ffd9c7f0000 - 0x00007ffd9c7fa000 	C:\Windows\SYSTEM32\VERSION.dll
0x00007ffd91360000 - 0x00007ffd91387000 	C:\Windows\SYSTEM32\WINMM.dll
0x00007ffda2a80000 - 0x00007ffda2a89000 	C:\Windows\SYSTEM32\WSOCK32.dll
0x00007ffda9920000 - 0x00007ffda998b000 	C:\Windows\System32\WS2_32.dll
0x00007ffd9c2e0000 - 0x00007ffd9c2ef000 	C:\Program Files\Android\Android Studio\jre\jre\bin\verify.dll
0x00007ffd84a80000 - 0x00007ffd84aa9000 	C:\Program Files\Android\Android Studio\jre\jre\bin\java.dll
0x00007ffd89150000 - 0x00007ffd89166000 	C:\Program Files\Android\Android Studio\jre\jre\bin\zip.dll
0x00007ffda9050000 - 0x00007ffda978f000 	C:\Windows\System32\SHELL32.dll
0x00007ffda5250000 - 0x00007ffda59e0000 	C:\Windows\SYSTEM32\windows.storage.dll
0x00007ffda80b0000 - 0x00007ffda8405000 	C:\Windows\System32\combase.dll
0x00007ffda6ba0000 - 0x00007ffda6bce000 	C:\Windows\SYSTEM32\Wldp.dll
0x00007ffda8df0000 - 0x00007ffda8e9d000 	C:\Windows\System32\SHCORE.dll
0x00007ffda8410000 - 0x00007ffda8465000 	C:\Windows\System32\shlwapi.dll
0x00007ffda7090000 - 0x00007ffda70af000 	C:\Windows\SYSTEM32\profapi.dll
0x00007ffd803e0000 - 0x00007ffd803fa000 	C:\Program Files\Android\Android Studio\jre\jre\bin\net.dll
0x00007ffda6900000 - 0x00007ffda696a000 	C:\Windows\system32\mswsock.dll
0x00007ffd803c0000 - 0x00007ffd803d3000 	C:\Program Files\Android\Android Studio\jre\jre\bin\nio.dll

VM Arguments:
java_command: org.jetbrains.kotlin.cli.jvm.K2JVMCompiler @D:\Code\Projects\Plasmahero-mobile\client\app\build\20211205_3631814489090240605.compiler.options
java_class_path (initial): C:\Users\Lenovo\.gradle\caches\modules-2\files-2.1\org.jetbrains.kotlin\kotlin-compiler-embeddable\1.4.32\b4fc9be460ca88eecea2303e142ce2920bd14775\kotlin-compiler-embeddable-1.4.32.jar;C:\Users\Lenovo\.gradle\caches\modules-2\files-2.1\org.jetbrains.kotlin\kotlin-reflect\1.4.32\ce852b166d97f0f1991b5130c2bb02e2ef6c554e\kotlin-reflect-1.4.32.jar;C:\Users\Lenovo\.gradle\caches\modules-2\files-2.1\org.jetbrains.kotlin\kotlin-stdlib\1.4.32\461367948840adbb0839c51d91ed74ef4a9ccb52\kotlin-stdlib-1.4.32.jar;C:\Users\Lenovo\.gradle\caches\modules-2\files-2.1\org.jetbrains.kotlin\kotlin-script-runtime\1.4.32\bac50b0748be017dbc13fc1cb7231b1c9da0e106\kotlin-script-runtime-1.4.32.jar;C:\Users\Lenovo\.gradle\caches\modules-2\files-2.1\org.jetbrains.kotlin\kotlin-daemon-embeddable\1.4.32\b40c5de5adea26ebb4e5fc36945c482ac20acee2\kotlin-daemon-embeddable-1.4.32.jar;C:\Users\Lenovo\.gradle\caches\modules-2\files-2.1\org.jetbrains.intellij.deps\trove4j\1.0.20181211\216c2e14b070f334479d800987affe4054cd563f\trove4j-1.0.20181211.jar;C:\Users\Lenovo\.gradle\caches\modules-2\files-2.1\org.jetbrains.kotlin\kotlin-stdlib-common\1.4.32\ef50bfa2c0491a11dcc35d9822edbfd6170e1ea2\kotlin-stdlib-common-1.4.32.jar;C:\Users\Lenovo\.gradle\caches\modules-2\files-2.1\org.jetbrains\annotations\13.0\919f0dfe192fb4e063e7dacadee7f8bb9a2672a9\annotations-13.0.jar;C:\Program Files\Android\Android Studio\jre\lib\tools.jar
Launcher Type: SUN_STANDARD

Environment Variables:
JAVA_HOME=C:\Program Files\Java\jdk-17.0.1
PATH=C:\Program Files\ImageMagick-7.0.11-Q16-HDRI;C:\Program Files (x86)\VMware\VMware Player\bin\;C:\Windows\system32;C:\Windows;C:\Windows\System32\Wbem;C:\Windows\System32\WindowsPowerShell\v1.0\;C:\Windows\System32\OpenSSH\;C:\Program Files (x86)\NVIDIA Corporation\PhysX\Common;C:\Program Files\NVIDIA Corporation\NVIDIA NvDLISR;C:\src\flutter\bin;C:\Program Files\Git\cmd;C:\xampp\php;C:\ProgramData\ComposerSetup\bin;C:\Program Files\nodejs\;C:\Program Files\MongoDB\Server\4.4\bin;C:\MinGW\bin;C:\Program Files\dotnet\;C:\xampp\apache\bin;C:\Program Files\ImageMagick-7.0.11-Q16-HDRI;C:\Program Files\Docker\Docker\resources\bin;C:\ProgramData\DockerDesktop\version-bin;C:\Program Files\Java\jdk-17.0.1\bin;C:\Program Files\Microsoft SQL Server\150\Tools\Binn\;C:\Program Files\Microsoft SQL Server\Client SDK\ODBC\170\Tools\Binn\;C:\Program Files\PuTTY\;C:\Users\Lenovo\AppData\Local\Programs\Python\Python39\Scripts\;C:\Users\Lenovo\AppData\Local\Programs\Python\Python39\;C:\Users\Lenovo\AppData\Local\Microsoft\WindowsApps;;C:\Users\Lenovo\AppData\Local\Programs\Microsoft VS Code\bin;C:\Users\Lenovo\AppData\Roaming\Composer\vendor\bin;C:\Program Files\heroku\bin;C:\Users\Lenovo\AppData\Roaming\npm;C:\Users\Lenovo\.dotnet\tools
USERNAME=Lenovo
OS=Windows_NT
PROCESSOR_IDENTIFIER=Intel64 Family 6 Model 142 Stepping 11, GenuineIntel



---------------  S Y S T E M  ---------------

OS: Windows 10.0 , 64 bit Build 19041 (10.0.19041.1348)

CPU:total 8 (initial active 8) (4 cores per cpu, 2 threads per core) family 6 model 142 stepping 11, cmov, cx8, fxsr, mmx, sse, sse2, sse3, ssse3, sse4.1, sse4.2, popcnt, avx, avx2, aes, clmul, erms, 3dnowpref, lzcnt, ht, tsc, tscinvbit, bmi1, bmi2, adx

Memory: 4k page, physical 12392180k(1715832k free), swap 12392180k(5924k free)

vm_info: OpenJDK 64-Bit Server VM (25.242-b01) for windows-amd64 JRE (1.8.0_242-release-1644-b01), built by "builder" with MS VC++ 10.0 (VS2010)

time: Sun Dec 05 09:13:08 2021
timezone: SE Asia Standard Time
elapsed time: 3 seconds (0d 0h 0m 3s)

