#
# There is insufficient memory for the Java Runtime Environment to continue.
# Native memory allocation (malloc) failed to allocate 131088 bytes for Chunk::new
# Possible reasons:
#   The system is out of physical RAM or swap space
#   The process is running with CompressedOops enabled, and the Java Heap may be blocking the growth of the native heap
# Possible solutions:
#   Reduce memory load on the system
#   Increase physical memory or swap space
#   Check if swap backing store is full
#   Decrease Java heap size (-Xmx/-Xms)
#   Decrease number of Java threads
#   Decrease Java thread stack sizes (-Xss)
#   Set larger code cache with -XX:ReservedCodeCacheSize=
#   JVM is running with Unscaled Compressed Oops mode in which the Java heap is
#     placed in the first 4GB address space. The Java Heap base address is the
#     maximum limit for the native heap growth. Please use -XX:HeapBaseMinAddress
#     to set the Java Heap base and to place the Java Heap above 4GB virtual address.
# This output file may be truncated or incomplete.
#
#  Out of Memory Error (allocation.cpp:389), pid=13836, tid=0x0000000000003fcc
#
# JRE version: OpenJDK Runtime Environment (8.0_242-b01) (build 1.8.0_242-release-1644-b01)
# Java VM: OpenJDK 64-Bit Server VM (25.242-b01 mixed mode windows-amd64 compressed oops)
# Failed to write core dump. Minidumps are not enabled by default on client versions of Windows
#

---------------  T H R E A D  ---------------

Current thread (0x000000001a0c5000):  JavaThread "C2 CompilerThread0" daemon [_thread_in_native, id=16332, stack(0x000000001a990000,0x000000001aa90000)]

Stack: [0x000000001a990000,0x000000001aa90000]
[error occurred during error reporting (printing stack bounds), id 0xc0000005]

Native frames: (J=compiled Java code, j=interpreted, Vv=VM code, C=native code)


Current CompileTask:
C2: 990039 22686 %     4       com.android.tools.r8.ir.regalloc.a::a @ 1479 (1761 bytes)


---------------  P R O C E S S  ---------------

Java Threads: ( => current thread )
  0x000000002f475800 JavaThread "stdout" [_thread_in_native, id=13648, stack(0x00000000360a0000,0x00000000361a0000)]
  0x000000002f474000 JavaThread "stderr" [_thread_in_native, id=2212, stack(0x0000000035fa0000,0x00000000360a0000)]
  0x000000002f46e000 JavaThread "stdout" [_thread_in_native, id=19984, stack(0x0000000035ea0000,0x0000000035fa0000)]
  0x000000002f472800 JavaThread "stderr" [_thread_in_native, id=12460, stack(0x0000000035da0000,0x0000000035ea0000)]
  0x000000002f470800 JavaThread "stdout" [_thread_in_native, id=11440, stack(0x0000000035ca0000,0x0000000035da0000)]
  0x000000002f471000 JavaThread "stderr" [_thread_in_native, id=9048, stack(0x0000000035ba0000,0x0000000035ca0000)]
  0x000000002f472000 JavaThread "stdout" [_thread_in_native, id=14740, stack(0x0000000035aa0000,0x0000000035ba0000)]
  0x000000002f473800 JavaThread "stderr" [_thread_in_native, id=12484, stack(0x00000000359a0000,0x0000000035aa0000)]
  0x000000001cbf5000 JavaThread "stdout" [_thread_in_native, id=14600, stack(0x0000000035320000,0x0000000035420000)]
  0x000000001ce80000 JavaThread "stderr" [_thread_in_native, id=19248, stack(0x0000000034fa0000,0x00000000350a0000)]
  0x000000001ce7f000 JavaThread "stdout" [_thread_in_native, id=5132, stack(0x00000000358a0000,0x00000000359a0000)]
  0x000000001ce7e800 JavaThread "stderr" [_thread_in_native, id=14544, stack(0x00000000357a0000,0x00000000358a0000)]
  0x000000001ce81800 JavaThread "stdout" [_thread_in_native, id=13916, stack(0x00000000356a0000,0x00000000357a0000)]
  0x000000001b622000 JavaThread "stderr" [_thread_in_native, id=17012, stack(0x00000000355a0000,0x00000000356a0000)]
  0x000000001b621800 JavaThread "stdout" [_thread_in_native, id=8236, stack(0x00000000354a0000,0x00000000355a0000)]
  0x000000001b620800 JavaThread "stderr" [_thread_in_native, id=13204, stack(0x0000000035220000,0x0000000035320000)]
  0x000000001b620000 JavaThread "pool-20-thread-1" [_thread_blocked, id=15420, stack(0x0000000035120000,0x0000000035220000)]
  0x000000001b61d800 JavaThread "WorkerExecutor Queue Thread 8" [_thread_blocked, id=1456, stack(0x0000000034ea0000,0x0000000034fa0000)]
  0x000000001b61c000 JavaThread "WorkerExecutor Queue Thread 7" [_thread_blocked, id=12224, stack(0x0000000034da0000,0x0000000034ea0000)]
  0x000000001b61b800 JavaThread "WorkerExecutor Queue Thread 6" [_thread_blocked, id=8660, stack(0x0000000033c60000,0x0000000033d60000)]
  0x000000001fc35000 JavaThread "WorkerExecutor Queue Thread 5" [_thread_blocked, id=11312, stack(0x0000000033b60000,0x0000000033c60000)]
  0x000000001fc2f800 JavaThread "WorkerExecutor Queue Thread 4" [_thread_blocked, id=132, stack(0x0000000033a60000,0x0000000033b60000)]
  0x000000001fc2d800 JavaThread "WorkerExecutor Queue Thread 3" [_thread_blocked, id=13604, stack(0x0000000033960000,0x0000000033a60000)]
  0x000000001fc2f000 JavaThread "WorkerExecutor Queue Thread 2" [_thread_blocked, id=20420, stack(0x0000000033860000,0x0000000033960000)]
  0x000000001fc34000 JavaThread "WorkerExecutor Queue" [_thread_blocked, id=6232, stack(0x0000000033760000,0x0000000033860000)]
  0x000000001fc32800 JavaThread "Cache worker for execution history cache (D:\Code\Projects\Plasmahero-mobile\client\.gradle\6.5\executionHistory)" [_thread_blocked, id=12680, stack(0x0000000033460000,0x0000000033560000)]
  0x000000001fc2c000 JavaThread "Execution worker for ':' Thread 7" [_thread_blocked, id=16432, stack(0x0000000031f90000,0x0000000032090000)]
  0x000000001fc2b000 JavaThread "Execution worker for ':' Thread 6" [_thread_blocked, id=14688, stack(0x0000000031a50000,0x0000000031b50000)]
  0x0000000023b77800 JavaThread "Execution worker for ':' Thread 5" [_thread_blocked, id=18536, stack(0x0000000031480000,0x0000000031580000)]
  0x0000000023b76800 JavaThread "Execution worker for ':' Thread 4" [_thread_blocked, id=7400, stack(0x0000000031160000,0x0000000031260000)]
  0x0000000023b7d800 JavaThread "Execution worker for ':' Thread 3" [_thread_blocked, id=17612, stack(0x0000000030880000,0x0000000030980000)]
  0x0000000023b7c000 JavaThread "Execution worker for ':' Thread 2" [_thread_blocked, id=15596, stack(0x000000002f720000,0x000000002f820000)]
  0x0000000023b79800 JavaThread "Execution worker for ':'" [_thread_blocked, id=18112, stack(0x000000002e3f0000,0x000000002e4f0000)]
  0x0000000023b76000 JavaThread "Cache worker for file content cache (D:\Code\Projects\Plasmahero-mobile\client\.gradle\6.5\fileContent)" [_thread_blocked, id=18620, stack(0x000000002dee0000,0x000000002dfe0000)]
  0x0000000023b6e800 JavaThread "Cache worker for Build Output Cleanup Cache (D:\Code\Projects\Plasmahero-mobile\client\.gradle\buildOutputCleanup)" [_thread_blocked, id=20232, stack(0x0000000026120000,0x0000000026220000)]
  0x0000000023b71800 JavaThread "Build operations Thread 8" [_thread_blocked, id=11968, stack(0x0000000026020000,0x0000000026120000)]
  0x0000000023b70800 JavaThread "Build operations Thread 7" [_thread_blocked, id=9484, stack(0x0000000025d20000,0x0000000025e20000)]
  0x0000000023b73000 JavaThread "Build operations Thread 6" [_thread_in_Java, id=8456, stack(0x0000000025c20000,0x0000000025d20000)]
  0x0000000023b70000 JavaThread "Build operations Thread 5" [_thread_in_Java, id=13472, stack(0x0000000025b20000,0x0000000025c20000)]
  0x0000000023b75000 JavaThread "Build operations Thread 4" [_thread_in_Java, id=3868, stack(0x0000000025a20000,0x0000000025b20000)]
  0x0000000023b74800 JavaThread "Build operations Thread 3" [_thread_in_Java, id=13456, stack(0x0000000025920000,0x0000000025a20000)]
  0x000000002ec50800 JavaThread "Build operations Thread 2" [_thread_blocked, id=8580, stack(0x0000000025820000,0x0000000025920000)]
  0x000000002ec4c000 JavaThread "Build operations" [_thread_in_Java, id=20760, stack(0x0000000025720000,0x0000000025820000)]
  0x000000002ec52000 JavaThread "Cache worker for cache directory md-rule (C:\Users\Lenovo\.gradle\caches\6.5\md-rule)" [_thread_blocked, id=16752, stack(0x000000001ebb0000,0x000000001ecb0000)]
  0x000000002ec51800 JavaThread "Cache worker for cache directory md-supplier (C:\Users\Lenovo\.gradle\caches\6.5\md-supplier)" [_thread_blocked, id=17252, stack(0x000000001eab0000,0x000000001ebb0000)]
  0x000000002ec50000 JavaThread "Cache worker for checksums cache (D:\Code\Projects\Plasmahero-mobile\client\.gradle\checksums)" [_thread_blocked, id=9960, stack(0x000000001e9b0000,0x000000001eab0000)]
  0x000000002ec4d800 JavaThread "Cache worker for file hash cache (D:\Code\Projects\Plasmahero-mobile\client\.gradle\6.5\fileHashes)" [_thread_blocked, id=18732, stack(0x000000001e8b0000,0x000000001e9b0000)]
  0x000000002ec44800 JavaThread "Thread-887" [_thread_blocked, id=12256, stack(0x000000001e6b0000,0x000000001e7b0000)]
  0x000000002ec4b800 JavaThread "Stdin handler" [_thread_blocked, id=21156, stack(0x000000001e3b0000,0x000000001e4b0000)]
  0x000000002ec43800 JavaThread "Asynchronous log dispatcher for DefaultDaemonConnection: socket connection from /127.0.0.1:49203 to /127.0.0.1:49440" [_thread_blocked, id=3412, stack(0x000000001e2b0000,0x000000001e3b0000)]
  0x000000002ec4a800 JavaThread "Cancel handler" [_thread_blocked, id=17148, stack(0x000000001dd70000,0x000000001de70000)]
  0x000000002ec45000 JavaThread "Handler for socket connection from /127.0.0.1:49203 to /127.0.0.1:49440" [_thread_in_native, id=19364, stack(0x00000000015f0000,0x00000000016f0000)]
  0x000000001ce7d000 JavaThread "jar transforms Thread 580" [_thread_blocked, id=13360, stack(0x000000002c920000,0x000000002ca20000)]
  0x000000001ce80800 JavaThread "jar transforms Thread 579" [_thread_blocked, id=12648, stack(0x000000002c820000,0x000000002c920000)]
  0x000000001ce7a000 JavaThread "jar transforms Thread 578" [_thread_blocked, id=14984, stack(0x000000002c720000,0x000000002c820000)]
  0x000000001ce78000 JavaThread "jar transforms Thread 577" [_thread_blocked, id=10372, stack(0x000000002c620000,0x000000002c720000)]
  0x000000001ce7d800 JavaThread "jar transforms Thread 576" [_thread_blocked, id=20988, stack(0x000000002c520000,0x000000002c620000)]
  0x000000001ce73800 JavaThread "jar transforms Thread 575" [_thread_blocked, id=12324, stack(0x000000002c420000,0x000000002c520000)]
  0x000000001ce77800 JavaThread "jar transforms Thread 574" [_thread_blocked, id=316, stack(0x000000002c320000,0x000000002c420000)]
  0x000000001ce76800 JavaThread "jar transforms Thread 573" [_thread_blocked, id=3672, stack(0x000000002c220000,0x000000002c320000)]
  0x000000001ce76000 JavaThread "jar transforms Thread 572" [_thread_blocked, id=15180, stack(0x000000002c120000,0x000000002c220000)]
  0x000000001ce75000 JavaThread "jar transforms Thread 571" [_thread_blocked, id=13672, stack(0x000000002c020000,0x000000002c120000)]
  0x000000001bbec000 JavaThread "jar transforms Thread 570" [_thread_blocked, id=11016, stack(0x000000002bf20000,0x000000002c020000)]
  0x000000001bbf3000 JavaThread "jar transforms Thread 569" [_thread_blocked, id=15388, stack(0x000000002be20000,0x000000002bf20000)]
  0x000000001bbf2800 JavaThread "jar transforms Thread 568" [_thread_blocked, id=19676, stack(0x000000002bd20000,0x000000002be20000)]
  0x000000001bbed000 JavaThread "jar transforms Thread 567" [_thread_blocked, id=7816, stack(0x000000002bc20000,0x000000002bd20000)]
  0x000000001bbea800 JavaThread "jar transforms Thread 566" [_thread_blocked, id=15024, stack(0x000000002bb20000,0x000000002bc20000)]
  0x000000001bbf1800 JavaThread "jar transforms Thread 565" [_thread_blocked, id=10340, stack(0x000000002ba20000,0x000000002bb20000)]
  0x000000001bbea000 JavaThread "jar transforms Thread 564" [_thread_blocked, id=11796, stack(0x000000002b920000,0x000000002ba20000)]
  0x000000001bbf1000 JavaThread "jar transforms Thread 563" [_thread_blocked, id=6896, stack(0x000000002b820000,0x000000002b920000)]
  0x000000001bbeb800 JavaThread "jar transforms Thread 562" [_thread_blocked, id=3448, stack(0x000000002b720000,0x000000002b820000)]
  0x000000001bbed800 JavaThread "jar transforms Thread 561" [_thread_blocked, id=4508, stack(0x000000002b620000,0x000000002b720000)]
  0x000000001bbef000 JavaThread "jar transforms Thread 560" [_thread_blocked, id=20204, stack(0x000000002b520000,0x000000002b620000)]
  0x000000001bbf0000 JavaThread "jar transforms Thread 559" [_thread_blocked, id=2864, stack(0x000000002b420000,0x000000002b520000)]
  0x000000001bbe7800 JavaThread "jar transforms Thread 558" [_thread_blocked, id=9744, stack(0x000000002b320000,0x000000002b420000)]
  0x000000001bbe6000 JavaThread "jar transforms Thread 557" [_thread_blocked, id=19992, stack(0x000000002b220000,0x000000002b320000)]
  0x000000001bbe7000 JavaThread "jar transforms Thread 556" [_thread_blocked, id=9752, stack(0x000000002b120000,0x000000002b220000)]
  0x000000001bbe4000 JavaThread "jar transforms Thread 555" [_thread_blocked, id=1332, stack(0x000000002b020000,0x000000002b120000)]
  0x000000001bbe8800 JavaThread "jar transforms Thread 554" [_thread_blocked, id=3296, stack(0x000000002af20000,0x000000002b020000)]
  0x000000001bbe4800 JavaThread "jar transforms Thread 553" [_thread_blocked, id=10032, stack(0x000000002ae20000,0x000000002af20000)]
  0x000000001bbe9000 JavaThread "jar transforms Thread 552" [_thread_blocked, id=7448, stack(0x000000002ad20000,0x000000002ae20000)]
  0x000000001bbe5800 JavaThread "jar transforms Thread 551" [_thread_blocked, id=20316, stack(0x000000002ac20000,0x000000002ad20000)]
  0x000000001d372800 JavaThread "jar transforms Thread 550" [_thread_blocked, id=15312, stack(0x000000002ab20000,0x000000002ac20000)]
  0x000000001d371800 JavaThread "jar transforms Thread 549" [_thread_blocked, id=12728, stack(0x000000002aa20000,0x000000002ab20000)]
  0x000000001d36a000 JavaThread "jar transforms Thread 548" [_thread_blocked, id=15044, stack(0x000000002a920000,0x000000002aa20000)]
  0x000000001d370000 JavaThread "jar transforms Thread 547" [_thread_blocked, id=11240, stack(0x000000002a820000,0x000000002a920000)]
  0x000000001d36e800 JavaThread "jar transforms Thread 546" [_thread_blocked, id=17644, stack(0x000000002a720000,0x000000002a820000)]
  0x000000001d36d000 JavaThread "jar transforms Thread 545" [_thread_blocked, id=20948, stack(0x000000002a620000,0x000000002a720000)]
  0x000000001d36f800 JavaThread "jar transforms Thread 544" [_thread_blocked, id=17352, stack(0x000000002a520000,0x000000002a620000)]
  0x000000001d36c800 JavaThread "jar transforms Thread 543" [_thread_blocked, id=11700, stack(0x000000002a420000,0x000000002a520000)]
  0x000000001d36b800 JavaThread "jar transforms Thread 542" [_thread_blocked, id=19036, stack(0x000000002a320000,0x000000002a420000)]
  0x000000001d369800 JavaThread "jar transforms Thread 541" [_thread_blocked, id=17276, stack(0x000000002a220000,0x000000002a320000)]
  0x000000001d368800 JavaThread "jar transforms Thread 540" [_thread_blocked, id=5836, stack(0x000000002a120000,0x000000002a220000)]
  0x000000001d36e000 JavaThread "jar transforms Thread 539" [_thread_blocked, id=4772, stack(0x000000002a020000,0x000000002a120000)]
  0x000000001d365000 JavaThread "jar transforms Thread 538" [_thread_blocked, id=15436, stack(0x0000000029f20000,0x000000002a020000)]
  0x000000001d368000 JavaThread "jar transforms Thread 537" [_thread_blocked, id=20200, stack(0x0000000029e20000,0x0000000029f20000)]
  0x000000001d367000 JavaThread "jar transforms Thread 536" [_thread_blocked, id=4960, stack(0x0000000029d20000,0x0000000029e20000)]
  0x000000001d364000 JavaThread "jar transforms Thread 535" [_thread_blocked, id=11244, stack(0x0000000029c20000,0x0000000029d20000)]
  0x000000001d36b000 JavaThread "jar transforms Thread 534" [_thread_blocked, id=19896, stack(0x0000000029b20000,0x0000000029c20000)]
  0x000000001d366800 JavaThread "jar transforms Thread 533" [_thread_blocked, id=9824, stack(0x0000000029a20000,0x0000000029b20000)]
  0x000000001d363800 JavaThread "jar transforms Thread 532" [_thread_blocked, id=1496, stack(0x0000000029920000,0x0000000029a20000)]
  0x000000001d365800 JavaThread "jar transforms Thread 531" [_thread_blocked, id=8792, stack(0x0000000029820000,0x0000000029920000)]
  0x000000001d51a800 JavaThread "jar transforms Thread 530" [_thread_blocked, id=13728, stack(0x0000000029720000,0x0000000029820000)]
  0x000000001d519800 JavaThread "jar transforms Thread 529" [_thread_blocked, id=20144, stack(0x0000000029620000,0x0000000029720000)]
  0x000000001d51c000 JavaThread "jar transforms Thread 528" [_thread_blocked, id=7744, stack(0x0000000029520000,0x0000000029620000)]
  0x000000001d519000 JavaThread "jar transforms Thread 527" [_thread_blocked, id=9812, stack(0x0000000029420000,0x0000000029520000)]
  0x000000001d518000 JavaThread "jar transforms Thread 526" [_thread_blocked, id=19700, stack(0x0000000029320000,0x0000000029420000)]
  0x000000001d517800 JavaThread "jar transforms Thread 525" [_thread_blocked, id=12788, stack(0x0000000029220000,0x0000000029320000)]
  0x000000001d515000 JavaThread "jar transforms Thread 524" [_thread_blocked, id=9476, stack(0x0000000029120000,0x0000000029220000)]
  0x000000001d514800 JavaThread "jar transforms Thread 523" [_thread_blocked, id=17596, stack(0x0000000029020000,0x0000000029120000)]
  0x000000001d516000 JavaThread "jar transforms Thread 522" [_thread_blocked, id=14004, stack(0x0000000028f20000,0x0000000029020000)]
  0x000000001d510000 JavaThread "jar transforms Thread 521" [_thread_blocked, id=5416, stack(0x0000000028e20000,0x0000000028f20000)]
  0x000000001d512000 JavaThread "jar transforms Thread 520" [_thread_blocked, id=20912, stack(0x0000000028d20000,0x0000000028e20000)]
  0x000000001d511800 JavaThread "jar transforms Thread 519" [_thread_blocked, id=17448, stack(0x0000000028c20000,0x0000000028d20000)]
  0x000000001d513000 JavaThread "jar transforms Thread 518" [_thread_blocked, id=20676, stack(0x0000000028b20000,0x0000000028c20000)]
  0x000000001d508800 JavaThread "jar transforms Thread 517" [_thread_blocked, id=13280, stack(0x0000000028a20000,0x0000000028b20000)]
  0x000000001d50f000 JavaThread "jar transforms Thread 516" [_thread_blocked, id=15780, stack(0x0000000028920000,0x0000000028a20000)]
  0x000000001d50e800 JavaThread "jar transforms Thread 515" [_thread_blocked, id=10284, stack(0x0000000028820000,0x0000000028920000)]
  0x000000001d507800 JavaThread "jar transforms Thread 514" [_thread_blocked, id=9436, stack(0x0000000028720000,0x0000000028820000)]
  0x000000001d506000 JavaThread "jar transforms Thread 513" [_thread_blocked, id=17768, stack(0x0000000028620000,0x0000000028720000)]
  0x000000001d50a000 JavaThread "jar transforms Thread 512" [_thread_blocked, id=12684, stack(0x0000000028520000,0x0000000028620000)]
  0x000000001d509000 JavaThread "jar transforms Thread 511" [_thread_blocked, id=4256, stack(0x0000000028420000,0x0000000028520000)]
  0x000000001d50b800 JavaThread "jar transforms Thread 510" [_thread_blocked, id=7940, stack(0x0000000028320000,0x0000000028420000)]
  0x000000001d50d000 JavaThread "jar transforms Thread 509" [_thread_blocked, id=12148, stack(0x0000000028120000,0x0000000028220000)]
  0x000000001d505800 JavaThread "jar transforms Thread 508" [_thread_blocked, id=7640, stack(0x0000000028020000,0x0000000028120000)]
  0x000000001d50c000 JavaThread "jar transforms Thread 507" [_thread_blocked, id=2724, stack(0x0000000027f20000,0x0000000028020000)]
  0x000000001d50a800 JavaThread "jar transforms Thread 506" [_thread_blocked, id=20688, stack(0x0000000027e20000,0x0000000027f20000)]
  0x000000001d501000 JavaThread "jar transforms Thread 505" [_thread_blocked, id=9660, stack(0x0000000027d20000,0x0000000027e20000)]
  0x000000001d504800 JavaThread "jar transforms Thread 504" [_thread_blocked, id=5584, stack(0x0000000027c20000,0x0000000027d20000)]
  0x000000001d507000 JavaThread "jar transforms Thread 503" [_thread_blocked, id=3928, stack(0x0000000027b20000,0x0000000027c20000)]
  0x000000001d4fd000 JavaThread "jar transforms Thread 502" [_thread_blocked, id=6968, stack(0x0000000027a20000,0x0000000027b20000)]
  0x000000001d500000 JavaThread "jar transforms Thread 501" [_thread_blocked, id=9520, stack(0x0000000027920000,0x0000000027a20000)]
  0x000000001d504000 JavaThread "jar transforms Thread 500" [_thread_blocked, id=15280, stack(0x0000000027820000,0x0000000027920000)]
  0x000000001d501800 JavaThread "jar transforms Thread 499" [_thread_blocked, id=20412, stack(0x0000000027720000,0x0000000027820000)]
  0x000000001d503000 JavaThread "jar transforms Thread 498" [_thread_blocked, id=10652, stack(0x0000000027620000,0x0000000027720000)]
  0x000000001d4fe800 JavaThread "jar transforms Thread 497" [_thread_blocked, id=20764, stack(0x0000000027520000,0x0000000027620000)]
  0x000000001d502800 JavaThread "jar transforms Thread 496" [_thread_blocked, id=12184, stack(0x0000000027420000,0x0000000027520000)]
  0x000000001d4ff800 JavaThread "jar transforms Thread 495" [_thread_blocked, id=17464, stack(0x0000000027320000,0x0000000027420000)]
  0x000000001d4fe000 JavaThread "jar transforms Thread 494" [_thread_blocked, id=10404, stack(0x0000000027220000,0x0000000027320000)]
  0x000000001fc40000 JavaThread "jar transforms Thread 493" [_thread_blocked, id=6488, stack(0x0000000027120000,0x0000000027220000)]
  0x000000001fc3f800 JavaThread "jar transforms Thread 492" [_thread_blocked, id=13136, stack(0x0000000027020000,0x0000000027120000)]
  0x000000001fc3e800 JavaThread "jar transforms Thread 491" [_thread_blocked, id=12104, stack(0x0000000026f20000,0x0000000027020000)]
  0x000000001fc3e000 JavaThread "jar transforms Thread 490" [_thread_blocked, id=17416, stack(0x0000000026e20000,0x0000000026f20000)]
  0x000000001fc37000 JavaThread "jar transforms Thread 489" [_thread_blocked, id=2972, stack(0x0000000026d20000,0x0000000026e20000)]
  0x000000001fc36800 JavaThread "jar transforms Thread 488" [_thread_blocked, id=19432, stack(0x0000000026c20000,0x0000000026d20000)]
  0x000000001fc3d000 JavaThread "jar transforms Thread 487" [_thread_blocked, id=1080, stack(0x0000000026b20000,0x0000000026c20000)]
  0x000000001fc3c800 JavaThread "jar transforms Thread 486" [_thread_blocked, id=18640, stack(0x0000000026a20000,0x0000000026b20000)]
  0x000000001fc3a000 JavaThread "jar transforms Thread 485" [_thread_blocked, id=20984, stack(0x0000000026920000,0x0000000026a20000)]
  0x000000001fc3b800 JavaThread "jar transforms Thread 484" [_thread_blocked, id=20992, stack(0x0000000026820000,0x0000000026920000)]
  0x000000001fc3b000 JavaThread "jar transforms Thread 483" [_thread_blocked, id=21268, stack(0x0000000026720000,0x0000000026820000)]
  0x000000001fc38000 JavaThread "jar transforms Thread 482" [_thread_blocked, id=5280, stack(0x0000000026620000,0x0000000026720000)]
  0x000000001fc35800 JavaThread "jar transforms Thread 481" [_thread_blocked, id=4580, stack(0x0000000026520000,0x0000000026620000)]
  0x000000001fc39800 JavaThread "jar transforms Thread 480" [_thread_blocked, id=18376, stack(0x0000000026420000,0x0000000026520000)]
  0x000000001fc38800 JavaThread "jar transforms Thread 479" [_thread_blocked, id=2636, stack(0x0000000026320000,0x0000000026420000)]
  0x000000001fc2e000 JavaThread "jar transforms Thread 478" [_thread_blocked, id=20804, stack(0x0000000026220000,0x0000000026320000)]
  0x000000001fc32000 JavaThread "jar transforms Thread 477" [_thread_blocked, id=11180, stack(0x0000000025620000,0x0000000025720000)]
  0x000000001fc2c800 JavaThread "jar transforms Thread 476" [_thread_blocked, id=8320, stack(0x0000000025520000,0x0000000025620000)]
  0x000000001fc31000 JavaThread "jar transforms Thread 475" [_thread_blocked, id=3364, stack(0x0000000025420000,0x0000000025520000)]
  0x000000001fc30800 JavaThread "jar transforms Thread 474" [_thread_blocked, id=5336, stack(0x0000000025320000,0x0000000025420000)]
  0x000000001fc23000 JavaThread "jar transforms Thread 473" [_thread_blocked, id=9172, stack(0x0000000025220000,0x0000000025320000)]
  0x000000001fc27800 JavaThread "jar transforms Thread 472" [_thread_blocked, id=7996, stack(0x0000000025120000,0x0000000025220000)]
  0x000000001fc29000 JavaThread "jar transforms Thread 471" [_thread_blocked, id=18440, stack(0x0000000025020000,0x0000000025120000)]
  0x000000001fc26000 JavaThread "jar transforms Thread 470" [_thread_blocked, id=13612, stack(0x0000000024f20000,0x0000000025020000)]
  0x000000001fc28000 JavaThread "jar transforms Thread 469" [_thread_blocked, id=14904, stack(0x0000000024e20000,0x0000000024f20000)]
  0x000000001fc26800 JavaThread "jar transforms Thread 468" [_thread_blocked, id=368, stack(0x0000000024d20000,0x0000000024e20000)]
  0x000000001fc21800 JavaThread "jar transforms Thread 467" [_thread_blocked, id=14316, stack(0x0000000022cb0000,0x0000000022db0000)]
  0x000000001fc25000 JavaThread "jar transforms Thread 466" [_thread_blocked, id=14700, stack(0x0000000022bb0000,0x0000000022cb0000)]
  0x000000001fc23800 JavaThread "jar transforms Thread 465" [_thread_blocked, id=20904, stack(0x00000000229b0000,0x0000000022ab0000)]
  0x000000001b616000 JavaThread "Daemon worker Thread 5" [_thread_blocked, id=17460, stack(0x000000001de70000,0x000000001df70000)]
  0x000000001b61a800 JavaThread "Daemon Thread 5" [_thread_blocked, id=2172, stack(0x00000000014f0000,0x00000000015f0000)]
  0x000000001b615800 JavaThread "RMI TCP Connection(idle)" daemon [_thread_blocked, id=8260, stack(0x00000000013f0000,0x00000000014f0000)]
  0x000000001cbf4800 JavaThread "RMI Reaper" [_thread_blocked, id=4360, stack(0x0000000030b80000,0x0000000030c80000)]
  0x000000001cbf3800 JavaThread "RMI TCP Accept-0" daemon [_thread_in_native, id=15132, stack(0x0000000030a80000,0x0000000030b80000)]
  0x000000001cbf0800 JavaThread "GC Daemon" daemon [_thread_blocked, id=6308, stack(0x0000000030980000,0x0000000030a80000)]
  0x000000001ce7c000 JavaThread "RMI Scheduler(0)" daemon [_thread_blocked, id=14888, stack(0x0000000030780000,0x0000000030880000)]
  0x0000000023b7a800 JavaThread "Memory manager" [_thread_blocked, id=15652, stack(0x0000000028220000,0x0000000028320000)]
  0x000000001cbf1800 JavaThread "Cache worker for file content cache (C:\Users\Lenovo\.gradle\caches\6.5\fileContent)" [_thread_blocked, id=11728, stack(0x0000000023450000,0x0000000023550000)]
  0x000000001cbef000 JavaThread "Cache worker for execution history cache (C:\Users\Lenovo\.gradle\caches\6.5\executionHistory)" [_thread_blocked, id=15620, stack(0x0000000022ab0000,0x0000000022bb0000)]
  0x000000001cbf3000 JavaThread "Cache worker for file hash cache (C:\Users\Lenovo\.gradle\caches\6.5\fileHashes)" [_thread_blocked, id=15548, stack(0x000000001f0b0000,0x000000001f1b0000)]
  0x000000001cbf2000 JavaThread "File lock request listener" [_thread_in_native, id=11156, stack(0x000000001efb0000,0x000000001f0b0000)]
  0x000000001cbf6800 JavaThread "Cache worker for journal cache (C:\Users\Lenovo\.gradle\caches\journal-1)" [_thread_blocked, id=13876, stack(0x000000001eeb0000,0x000000001efb0000)]
  0x000000001cb04800 JavaThread "Daemon periodic checks" [_thread_blocked, id=16732, stack(0x000000001e1b0000,0x000000001e2b0000)]
  0x000000001cabe000 JavaThread "Incoming local TCP Connector on port 49203" [_thread_in_native, id=18912, stack(0x000000001df70000,0x000000001e070000)]
  0x000000001ca76000 JavaThread "Daemon health stats" [_thread_blocked, id=2988, stack(0x000000001d930000,0x000000001da30000)]
  0x000000001a157800 JavaThread "Service Thread" daemon [_thread_blocked, id=17016, stack(0x000000001ad90000,0x000000001ae90000)]
  0x000000001a0cb000 JavaThread "C1 CompilerThread3" daemon [_thread_in_native, id=8220, stack(0x000000001ac90000,0x000000001ad90000)]
  0x000000001a0c7000 JavaThread "C2 CompilerThread2" daemon [_thread_in_native, id=11832, stack(0x000000001ab90000,0x000000001ac90000)]
  0x00000000182ab800 JavaThread "C2 CompilerThread1" daemon [_thread_in_native, id=18088, stack(0x000000001aa90000,0x000000001ab90000)]
=>0x000000001a0c5000 JavaThread "C2 CompilerThread0" daemon [_thread_in_native, id=16332, stack(0x000000001a990000,0x000000001aa90000)]
  0x000000001a0c4000 JavaThread "Attach Listener" daemon [_thread_blocked, id=14628, stack(0x000000001a890000,0x000000001a990000)]
  0x000000001a0c2800 JavaThread "Signal Dispatcher" daemon [_thread_blocked, id=10680, stack(0x000000001a790000,0x000000001a890000)]
  0x00000000031fe800 JavaThread "Finalizer" daemon [_thread_blocked, id=3440, stack(0x000000001a590000,0x000000001a690000)]
  0x000000001829c800 JavaThread "Reference Handler" daemon [_thread_blocked, id=10728, stack(0x000000001a490000,0x000000001a590000)]
  0x0000000003102800 JavaThread "main" [_thread_blocked, id=21460, stack(0x0000000002f90000,0x0000000003090000)]

Other Threads:
  0x0000000018295800 VMThread [stack: 0x0000000019f90000,0x000000001a090000] [id=14116]
  0x000000001a158800 WatcherThread [stack: 0x000000001ae90000,0x000000001af90000] [id=16520]

VM state:not at safepoint (normal execution)

VM Mutex/Monitor currently owned by a thread: None

OutOfMemory and StackOverflow Exception counts:
OutOfMemoryError java_heap_errors=3

heap address: 0x0000000080000000, size: 2048 MB, Compressed Oops mode: 32-bit
Narrow klass base: 0x0000000000000000, Narrow klass shift: 3
Compressed class space size: 1073741824 Address: 0x0000000100000000

Heap:
 PSYoungGen      total 329216K, used 110068K [0x00000000d5580000, 0x00000000f0780000, 0x0000000100000000)
  eden space 278016K, 21% used [0x00000000d5580000,0x00000000d8efdea8,0x00000000e6500000)
  from space 51200K, 99% used [0x00000000e6500000,0x00000000e96ff3f0,0x00000000e9700000)
  to   space 62976K, 0% used [0x00000000eca00000,0x00000000eca00000,0x00000000f0780000)
 ParOldGen       total 286208K, used 149441K [0x0000000080000000, 0x0000000091780000, 0x00000000d5580000)
  object space 286208K, 52% used [0x0000000080000000,0x00000000891f0760,0x0000000091780000)
 Metaspace       used 112620K, capacity 120072K, committed 120088K, reserved 1153024K
  class space    used 14799K, capacity 16173K, committed 16176K, reserved 1048576K

Card table byte_map: [0x00000000125c0000,0x00000000129d0000] byte_map_base: 0x00000000121c0000

Marking Bits: (ParMarkBitMap*) 0x000000005ceaf030
 Begin Bits: [0x0000000013480000, 0x0000000015480000)
 End Bits:   [0x0000000015480000, 0x0000000017480000)

Polling page: 0x0000000003090000

CodeCache: size=245760Kb used=62425Kb max_used=62425Kb free=183334Kb
 bounds [0x0000000003200000, 0x0000000006f50000, 0x0000000012200000]
 total_blobs=19260 nmethods=18336 adapters=835
 compilation: enabled

Compilation events (10 events):
Event: 990.018 Thread 0x000000001a0cb000 nmethod 22753 0x0000000006f463d0 code [0x0000000006f46540, 0x0000000006f466e8]
Event: 990.018 Thread 0x000000001a0cb000 22872       2       com.android.tools.r8.utils.n0::k (39 bytes)
Event: 990.019 Thread 0x000000001a0cb000 nmethod 22872 0x0000000006f4b350 code [0x0000000006f4b4e0, 0x0000000006f4b748]
Event: 990.019 Thread 0x000000001a0cb000 22873       2       com.android.tools.r8.utils.n0::hasNext (13 bytes)
Event: 990.019 Thread 0x000000001a0cb000 nmethod 22873 0x0000000006f4b010 code [0x0000000006f4b160, 0x0000000006f4b2d0]
Event: 990.019 Thread 0x000000001a0cb000 22876       1       com.android.tools.r8.graph.P0::asLazyCfCode (2 bytes)
Event: 990.019 Thread 0x000000001a0cb000 nmethod 22876 0x0000000006f4ad50 code [0x0000000006f4aea0, 0x0000000006f4afb0]
Event: 990.019 Thread 0x000000001a0cb000 22874       2       com.android.tools.r8.utils.n0::next (27 bytes)
Event: 990.019 Thread 0x000000001a0cb000 nmethod 22874 0x0000000006f4c410 code [0x0000000006f4c580, 0x0000000006f4c7d8]
Event: 990.019 Thread 0x000000001a0cb000 22878 %     3       com.android.tools.r8.ir.optimize.a0::a @ 140 (1308 bytes)

GC Heap History (10 events):
Event: 986.735 GC heap before
{Heap before GC invocations=29 (full 4):
 PSYoungGen      total 298496K, used 287163K [0x00000000d5580000, 0x00000000e9c80000, 0x0000000100000000)
  eden space 264704K, 100% used [0x00000000d5580000,0x00000000e5800000,0x00000000e5800000)
  from space 33792K, 66% used [0x00000000e7980000,0x00000000e8f6efc0,0x00000000e9a80000)
  to   space 34304K, 0% used [0x00000000e5800000,0x00000000e5800000,0x00000000e7980000)
 ParOldGen       total 286208K, used 60454K [0x0000000080000000, 0x0000000091780000, 0x00000000d5580000)
  object space 286208K, 21% used [0x0000000080000000,0x0000000083b09b98,0x0000000091780000)
 Metaspace       used 108900K, capacity 115970K, committed 116248K, reserved 1148928K
  class space    used 14492K, capacity 15802K, committed 15920K, reserved 1048576K
Event: 986.780 GC heap after
Heap after GC invocations=29 (full 4):
 PSYoungGen      total 299008K, used 34300K [0x00000000d5580000, 0x00000000ec600000, 0x0000000100000000)
  eden space 264704K, 0% used [0x00000000d5580000,0x00000000d5580000,0x00000000e5800000)
  from space 34304K, 99% used [0x00000000e5800000,0x00000000e797f330,0x00000000e7980000)
  to   space 48128K, 0% used [0x00000000e9700000,0x00000000e9700000,0x00000000ec600000)
 ParOldGen       total 286208K, used 85962K [0x0000000080000000, 0x0000000091780000, 0x00000000d5580000)
  object space 286208K, 30% used [0x0000000080000000,0x00000000853f28f8,0x0000000091780000)
 Metaspace       used 108900K, capacity 115970K, committed 116248K, reserved 1148928K
  class space    used 14492K, capacity 15802K, committed 15920K, reserved 1048576K
}
Event: 987.825 GC heap before
{Heap before GC invocations=30 (full 4):
 PSYoungGen      total 299008K, used 299004K [0x00000000d5580000, 0x00000000ec600000, 0x0000000100000000)
  eden space 264704K, 100% used [0x00000000d5580000,0x00000000e5800000,0x00000000e5800000)
  from space 34304K, 99% used [0x00000000e5800000,0x00000000e797f330,0x00000000e7980000)
  to   space 48128K, 0% used [0x00000000e9700000,0x00000000e9700000,0x00000000ec600000)
 ParOldGen       total 286208K, used 85962K [0x0000000080000000, 0x0000000091780000, 0x00000000d5580000)
  object space 286208K, 30% used [0x0000000080000000,0x00000000853f28f8,0x0000000091780000)
 Metaspace       used 110079K, capacity 117254K, committed 117400K, reserved 1150976K
  class space    used 14627K, capacity 15956K, committed 16048K, reserved 1048576K
Event: 987.863 GC heap after
Heap after GC invocations=30 (full 4):
 PSYoungGen      total 326144K, used 37342K [0x00000000d5580000, 0x00000000ed380000, 0x0000000100000000)
  eden space 278016K, 0% used [0x00000000d5580000,0x00000000d5580000,0x00000000e6500000)
  from space 48128K, 77% used [0x00000000e9700000,0x00000000ebb77880,0x00000000ec600000)
  to   space 51200K, 0% used [0x00000000e6500000,0x00000000e6500000,0x00000000e9700000)
 ParOldGen       total 286208K, used 85970K [0x0000000080000000, 0x0000000091780000, 0x00000000d5580000)
  object space 286208K, 30% used [0x0000000080000000,0x00000000853f48f8,0x0000000091780000)
 Metaspace       used 110079K, capacity 117254K, committed 117400K, reserved 1150976K
  class space    used 14627K, capacity 15956K, committed 16048K, reserved 1048576K
}
Event: 988.542 GC heap before
{Heap before GC invocations=31 (full 4):
 PSYoungGen      total 326144K, used 315358K [0x00000000d5580000, 0x00000000ed380000, 0x0000000100000000)
  eden space 278016K, 100% used [0x00000000d5580000,0x00000000e6500000,0x00000000e6500000)
  from space 48128K, 77% used [0x00000000e9700000,0x00000000ebb77880,0x00000000ec600000)
  to   space 51200K, 0% used [0x00000000e6500000,0x00000000e6500000,0x00000000e9700000)
 ParOldGen       total 286208K, used 85970K [0x0000000080000000, 0x0000000091780000, 0x00000000d5580000)
  object space 286208K, 30% used [0x0000000080000000,0x00000000853f48f8,0x0000000091780000)
 Metaspace       used 111173K, capacity 118496K, committed 118808K, reserved 1153024K
  class space    used 14744K, capacity 16073K, committed 16176K, reserved 1048576K
Event: 988.611 GC heap after
Heap after GC invocations=31 (full 4):
 PSYoungGen      total 329216K, used 51196K [0x00000000d5580000, 0x00000000f0780000, 0x0000000100000000)
  eden space 278016K, 0% used [0x00000000d5580000,0x00000000d5580000,0x00000000e6500000)
  from space 51200K, 99% used [0x00000000e6500000,0x00000000e96ff1d0,0x00000000e9700000)
  to   space 62976K, 0% used [0x00000000eca00000,0x00000000eca00000,0x00000000f0780000)
 ParOldGen       total 286208K, used 96553K [0x0000000080000000, 0x0000000091780000, 0x00000000d5580000)
  object space 286208K, 33% used [0x0000000080000000,0x0000000085e4a4e0,0x0000000091780000)
 Metaspace       used 111173K, capacity 118496K, committed 118808K, reserved 1153024K
  class space    used 14744K, capacity 16073K, committed 16176K, reserved 1048576K
}
Event: 989.312 GC heap before
{Heap before GC invocations=32 (full 4):
 PSYoungGen      total 329216K, used 329212K [0x00000000d5580000, 0x00000000f0780000, 0x0000000100000000)
  eden space 278016K, 100% used [0x00000000d5580000,0x00000000e6500000,0x00000000e6500000)
  from space 51200K, 99% used [0x00000000e6500000,0x00000000e96ff1d0,0x00000000e9700000)
  to   space 62976K, 0% used [0x00000000eca00000,0x00000000eca00000,0x00000000f0780000)
 ParOldGen       total 286208K, used 96553K [0x0000000080000000, 0x0000000091780000, 0x00000000d5580000)
  object space 286208K, 33% used [0x0000000080000000,0x0000000085e4a4e0,0x0000000091780000)
 Metaspace       used 111749K, capacity 119076K, committed 119320K, reserved 1153024K
  class space    used 14780K, capacity 16127K, committed 16176K, reserved 1048576K
Event: 989.378 GC heap after
Heap after GC invocations=32 (full 4):
 PSYoungGen      total 340992K, used 62954K [0x00000000d5580000, 0x00000000f0780000, 0x0000000100000000)
  eden space 278016K, 0% used [0x00000000d5580000,0x00000000d5580000,0x00000000e6500000)
  from space 62976K, 99% used [0x00000000eca00000,0x00000000f077a930,0x00000000f0780000)
  to   space 51200K, 0% used [0x00000000e6500000,0x00000000e6500000,0x00000000e9700000)
 ParOldGen       total 286208K, used 114250K [0x0000000080000000, 0x0000000091780000, 0x00000000d5580000)
  object space 286208K, 39% used [0x0000000080000000,0x0000000086f92ae8,0x0000000091780000)
 Metaspace       used 111749K, capacity 119076K, committed 119320K, reserved 1153024K
  class space    used 14780K, capacity 16127K, committed 16176K, reserved 1048576K
}
Event: 989.888 GC heap before
{Heap before GC invocations=33 (full 4):
 PSYoungGen      total 340992K, used 340970K [0x00000000d5580000, 0x00000000f0780000, 0x0000000100000000)
  eden space 278016K, 100% used [0x00000000d5580000,0x00000000e6500000,0x00000000e6500000)
  from space 62976K, 99% used [0x00000000eca00000,0x00000000f077a930,0x00000000f0780000)
  to   space 51200K, 0% used [0x00000000e6500000,0x00000000e6500000,0x00000000e9700000)
 ParOldGen       total 286208K, used 114250K [0x0000000080000000, 0x0000000091780000, 0x00000000d5580000)
  object space 286208K, 39% used [0x0000000080000000,0x0000000086f92ae8,0x0000000091780000)
 Metaspace       used 112595K, capacity 120072K, committed 120088K, reserved 1153024K
  class space    used 14799K, capacity 16173K, committed 16176K, reserved 1048576K
Event: 989.952 GC heap after
Heap after GC invocations=33 (full 4):
 PSYoungGen      total 329216K, used 51196K [0x00000000d5580000, 0x00000000f0780000, 0x0000000100000000)
  eden space 278016K, 0% used [0x00000000d5580000,0x00000000d5580000,0x00000000e6500000)
  from space 51200K, 99% used [0x00000000e6500000,0x00000000e96ff3f0,0x00000000e9700000)
  to   space 62976K, 0% used [0x00000000eca00000,0x00000000eca00000,0x00000000f0780000)
 ParOldGen       total 286208K, used 149441K [0x0000000080000000, 0x0000000091780000, 0x00000000d5580000)
  object space 286208K, 52% used [0x0000000080000000,0x00000000891f0760,0x0000000091780000)
 Metaspace       used 112595K, capacity 120072K, committed 120088K, reserved 1153024K
  class space    used 14799K, capacity 16173K, committed 16176K, reserved 1048576K
}

Deoptimization events (10 events):
Event: 989.408 Thread 0x0000000023b74800 Uncommon trap: reason=unstable_if action=reinterpret pc=0x0000000006af890c method=com.android.tools.r8.graph.i0.a([C)I @ 29
Event: 989.444 Thread 0x000000001cbef000 Uncommon trap: reason=unstable_if action=reinterpret pc=0x00000000046812f4 method=java.io.BufferedOutputStream.write(I)V @ 9
Event: 989.460 Thread 0x0000000023b73000 Uncommon trap: reason=uninitialized action=reinterpret pc=0x00000000049090a0 method=com.android.tools.r8.graph.l0.a(Lcom/android/tools/r8/graph/j0;)Lcom/android/tools/r8/graph/l0; @ 127
Event: 989.466 Thread 0x0000000023b75000 Uncommon trap: reason=class_check action=maybe_recompile pc=0x0000000006306d38 method=com.google.common.base.Joiner.toString(Ljava/lang/Object;)Ljava/lang/CharSequence; @ 6
Event: 989.603 Thread 0x0000000023b75000 Uncommon trap: reason=unstable_if action=reinterpret pc=0x0000000006a30afc method=com.android.tools.r8.utils.T.d(Ljava/lang/String;)[Ljava/lang/String; @ 149
Event: 989.774 Thread 0x0000000023b73000 Uncommon trap: reason=unstable_if action=reinterpret pc=0x00000000048abdd8 method=com.android.tools.r8.graph.I0$d.c()V @ 786
Event: 989.814 Thread 0x0000000023b75000 Uncommon trap: reason=bimorphic action=maybe_recompile pc=0x00000000036f4cf0 method=org.gradle.internal.fingerprint.impl.DefaultCurrentFileCollectionFingerprint.from(Ljava/lang/Iterable;Lorg/gradle/internal/fingerprint/FingerprintingStrategy;)Lorg/gradle/
Event: 989.814 Thread 0x000000002ec4c000 Uncommon trap: reason=bimorphic action=maybe_recompile pc=0x00000000036f4cf0 method=org.gradle.internal.fingerprint.impl.DefaultCurrentFileCollectionFingerprint.from(Ljava/lang/Iterable;Lorg/gradle/internal/fingerprint/FingerprintingStrategy;)Lorg/gradle/
Event: 989.823 Thread 0x000000002ec50800 Uncommon trap: reason=bimorphic action=maybe_recompile pc=0x00000000036f4cf0 method=org.gradle.internal.fingerprint.impl.DefaultCurrentFileCollectionFingerprint.from(Ljava/lang/Iterable;Lorg/gradle/internal/fingerprint/FingerprintingStrategy;)Lorg/gradle/
Event: 990.015 Thread 0x0000000023b70000 Uncommon trap: reason=null_check action=make_not_entrant pc=0x0000000006f49bfc method=com.android.tools.r8.s.b.t.b(Lcom/android/tools/r8/s/b/W0;)Lcom/android/tools/r8/s/b/W0; @ 11

Classes redefined (0 events):
No events

Internal exceptions (10 events):
Event: 989.577 Thread 0x0000000023b75000 Exception <a 'sun/nio/fs/WindowsException'> (0x00000000daea6c08) thrown at [C:\src\AOSP-openjdk-git\hotspot\src\share\vm\prims\jni.cpp, line 710]
Event: 989.665 Thread 0x000000002ec50800 Exception <a 'sun/nio/fs/WindowsException'> (0x00000000dd5d6a78) thrown at [C:\src\AOSP-openjdk-git\hotspot\src\share\vm\prims\jni.cpp, line 710]
Event: 989.718 Thread 0x0000000023b73000 Exception <a 'sun/nio/fs/WindowsException'> (0x00000000df5a9230) thrown at [C:\src\AOSP-openjdk-git\hotspot\src\share\vm\prims\jni.cpp, line 710]
Event: 989.721 Thread 0x0000000023b75000 Exception <a 'sun/nio/fs/WindowsException'> (0x00000000df650d80) thrown at [C:\src\AOSP-openjdk-git\hotspot\src\share\vm\prims\jni.cpp, line 710]
Event: 989.811 Thread 0x0000000023b75000 Exception <a 'java/lang/OutOfMemoryError'> (0x00000000e2fdc490) thrown at [C:\src\AOSP-openjdk-git\hotspot\src\share\vm\prims\jni.cpp, line 737]
Event: 989.811 Thread 0x000000002ec4c000 Exception <a 'java/lang/OutOfMemoryError'> (0x00000000e306ca78) thrown at [C:\src\AOSP-openjdk-git\hotspot\src\share\vm\prims\jni.cpp, line 737]
Event: 989.811 Thread 0x000000002ec50800 Exception <a 'java/lang/OutOfMemoryError'> (0x00000000e2e7d280) thrown at [C:\src\AOSP-openjdk-git\hotspot\src\share\vm\prims\jni.cpp, line 737]
Event: 989.873 Thread 0x000000002ec4c000 Exception <a 'sun/nio/fs/WindowsException'> (0x00000000e59c9c70) thrown at [C:\src\AOSP-openjdk-git\hotspot\src\share\vm\prims\jni.cpp, line 710]
Event: 989.876 Thread 0x0000000023b75000 Exception <a 'sun/nio/fs/WindowsException'> (0x00000000e5be94c8) thrown at [C:\src\AOSP-openjdk-git\hotspot\src\share\vm\prims\jni.cpp, line 710]
Event: 990.015 Thread 0x0000000023b70000 Implicit null exception at 0x0000000006f49640 to 0x0000000006f49bf1

Events (10 events):
Event: 989.952 Executing VM operation: ParallelGCFailedAllocation done
Event: 989.952 Executing VM operation: RevokeBias
Event: 989.952 Executing VM operation: RevokeBias done
Event: 989.954 Executing VM operation: RevokeBias
Event: 989.954 Executing VM operation: RevokeBias done
Event: 989.983 Thread 0x0000000023b75000 DEOPT PACKING pc=0x00000000039ab3a0 sp=0x0000000025b1a510
Event: 989.983 Thread 0x0000000023b75000 DEOPT UNPACKING pc=0x00000000032475d0 sp=0x0000000025b1a250 mode 0
Event: 990.015 Thread 0x0000000023b70000 Uncommon trap: trap_request=0xfffffff4 fr.pc=0x0000000006f49bfc
Event: 990.015 Thread 0x0000000023b70000 DEOPT PACKING pc=0x0000000006f49bfc sp=0x0000000025c1a030
Event: 990.015 Thread 0x0000000023b70000 DEOPT UNPACKING pc=0x000000000324557b sp=0x0000000025c19f00 mode 2


Dynamic libraries:
0x00007ff799c10000 - 0x00007ff799c41000 	C:\Program Files\Android\Android Studio\jre\bin\java.exe
0x00007ffe94cf0000 - 0x00007ffe94ee5000 	C:\Windows\SYSTEM32\ntdll.dll
0x00007ffe948e0000 - 0x00007ffe9499e000 	C:\Windows\System32\KERNEL32.DLL
0x00007ffe92550000 - 0x00007ffe92818000 	C:\Windows\System32\KERNELBASE.dll
0x00007ffe94500000 - 0x00007ffe945ac000 	C:\Windows\System32\ADVAPI32.dll
0x00007ffe92d40000 - 0x00007ffe92dde000 	C:\Windows\System32\msvcrt.dll
0x00007ffe94840000 - 0x00007ffe948db000 	C:\Windows\System32\sechost.dll
0x00007ffe949a0000 - 0x00007ffe94aca000 	C:\Windows\System32\RPCRT4.dll
0x00007ffe94350000 - 0x00007ffe944f1000 	C:\Windows\System32\USER32.dll
0x00007ffe92a20000 - 0x00007ffe92a42000 	C:\Windows\System32\win32u.dll
0x00007ffe92df0000 - 0x00007ffe92e1b000 	C:\Windows\System32\GDI32.dll
0x00007ffe92ad0000 - 0x00007ffe92bdb000 	C:\Windows\System32\gdi32full.dll
0x00007ffe92880000 - 0x00007ffe9291d000 	C:\Windows\System32\msvcp_win.dll
0x00007ffe92920000 - 0x00007ffe92a20000 	C:\Windows\System32\ucrtbase.dll
0x00007ffe7c090000 - 0x00007ffe7c32a000 	C:\Windows\WinSxS\amd64_microsoft.windows.common-controls_6595b64144ccf1df_6.0.19041.1110_none_60b5254171f9507e\COMCTL32.dll
0x00007ffe94760000 - 0x00007ffe94790000 	C:\Windows\System32\IMM32.DLL
0x000000005d400000 - 0x000000005d4d2000 	C:\Program Files\Android\Android Studio\jre\jre\bin\msvcr100.dll
0x000000005c6e0000 - 0x000000005cf2b000 	C:\Program Files\Android\Android Studio\jre\jre\bin\server\jvm.dll
0x00007ffe92de0000 - 0x00007ffe92de8000 	C:\Windows\System32\PSAPI.DLL
0x00007ffe8a3f0000 - 0x00007ffe8a3f9000 	C:\Windows\SYSTEM32\WSOCK32.dll
0x00007ffe87ce0000 - 0x00007ffe87cea000 	C:\Windows\SYSTEM32\VERSION.dll
0x00007ffe82090000 - 0x00007ffe820b7000 	C:\Windows\SYSTEM32\WINMM.dll
0x00007ffe94bb0000 - 0x00007ffe94c1b000 	C:\Windows\System32\WS2_32.dll
0x00007ffe8a460000 - 0x00007ffe8a46f000 	C:\Program Files\Android\Android Studio\jre\jre\bin\verify.dll
0x00007ffe61f30000 - 0x00007ffe61f59000 	C:\Program Files\Android\Android Studio\jre\jre\bin\java.dll
0x00007ffe6b950000 - 0x00007ffe6b966000 	C:\Program Files\Android\Android Studio\jre\jre\bin\zip.dll
0x00007ffe92e30000 - 0x00007ffe9356f000 	C:\Windows\System32\SHELL32.dll
0x00007ffe90510000 - 0x00007ffe90ca0000 	C:\Windows\SYSTEM32\windows.storage.dll
0x00007ffe93ec0000 - 0x00007ffe94215000 	C:\Windows\System32\combase.dll
0x00007ffe91e60000 - 0x00007ffe91e8e000 	C:\Windows\SYSTEM32\Wldp.dll
0x00007ffe93e10000 - 0x00007ffe93ebd000 	C:\Windows\System32\SHCORE.dll
0x00007ffe93b80000 - 0x00007ffe93bd5000 	C:\Windows\System32\shlwapi.dll
0x00007ffe92350000 - 0x00007ffe9236f000 	C:\Windows\SYSTEM32\profapi.dll
0x00007ffe60360000 - 0x00007ffe6037a000 	C:\Program Files\Android\Android Studio\jre\jre\bin\net.dll
0x00007ffe91bc0000 - 0x00007ffe91c2a000 	C:\Windows\system32\mswsock.dll
0x00007ffe5eb20000 - 0x00007ffe5eb33000 	C:\Program Files\Android\Android Studio\jre\jre\bin\nio.dll
0x00007ffe88ca0000 - 0x00007ffe88cc7000 	C:\Users\Lenovo\.gradle\native\f6784746aeab05261644944871eae4fe03e0ef1612fff0a4a95f87b438bc6780\windows-amd64\native-platform.dll
0x00007ffe88c40000 - 0x00007ffe88c4d000 	C:\Program Files\Android\Android Studio\jre\jre\bin\management.dll
0x00007ffe91db0000 - 0x00007ffe91dc8000 	C:\Windows\SYSTEM32\CRYPTSP.dll
0x00007ffe914d0000 - 0x00007ffe91504000 	C:\Windows\system32\rsaenh.dll
0x00007ffe92aa0000 - 0x00007ffe92ac7000 	C:\Windows\System32\bcrypt.dll
0x00007ffe92310000 - 0x00007ffe9233e000 	C:\Windows\SYSTEM32\USERENV.dll
0x00007ffe92410000 - 0x00007ffe92493000 	C:\Windows\System32\bcryptprimitives.dll
0x00007ffe91dd0000 - 0x00007ffe91ddc000 	C:\Windows\SYSTEM32\CRYPTBASE.dll
0x00007ffe91860000 - 0x00007ffe9189b000 	C:\Windows\SYSTEM32\IPHLPAPI.DLL
0x00007ffe92e20000 - 0x00007ffe92e28000 	C:\Windows\System32\NSI.dll
0x00007ffe86960000 - 0x00007ffe86977000 	C:\Windows\SYSTEM32\dhcpcsvc6.DLL
0x00007ffe86780000 - 0x00007ffe8679d000 	C:\Windows\SYSTEM32\dhcpcsvc.DLL
0x00007ffe918a0000 - 0x00007ffe9196b000 	C:\Windows\SYSTEM32\DNSAPI.dll
0x00007ffe86bd0000 - 0x00007ffe86bdb000 	C:\Windows\SYSTEM32\WINNSI.DLL

VM Arguments:
jvm_args: -Xmx2048m -Dfile.encoding=UTF-8 -Duser.country=ID -Duser.language=en -Duser.variant 
java_command: org.gradle.launcher.daemon.bootstrap.GradleDaemon 6.5
java_class_path (initial): C:\Users\Lenovo\.gradle\wrapper\dists\gradle-6.5-bin\6nifqtx7604sqp1q6g8wikw7p\gradle-6.5\lib\gradle-launcher-6.5.jar
Launcher Type: SUN_STANDARD

Environment Variables:
JAVA_HOME=C:\Program Files\Java\jdk-17.0.1
PATH=C:\Program Files\ImageMagick-7.0.11-Q16-HDRI;C:\Program Files (x86)\VMware\VMware Player\bin\;C:\Windows\system32;C:\Windows;C:\Windows\System32\Wbem;C:\Windows\System32\WindowsPowerShell\v1.0\;C:\Windows\System32\OpenSSH\;C:\Program Files (x86)\NVIDIA Corporation\PhysX\Common;C:\Program Files\NVIDIA Corporation\NVIDIA NvDLISR;C:\src\flutter\bin;C:\Program Files\Git\cmd;C:\xampp\php;C:\ProgramData\ComposerSetup\bin;C:\Program Files\nodejs\;C:\Program Files\MongoDB\Server\4.4\bin;C:\MinGW\bin;C:\Program Files\dotnet\;C:\xampp\apache\bin;C:\Program Files\ImageMagick-7.0.11-Q16-HDRI;C:\Program Files\Docker\Docker\resources\bin;C:\ProgramData\DockerDesktop\version-bin;C:\Program Files\Java\jdk-17.0.1\bin;C:\Program Files\Microsoft SQL Server\150\Tools\Binn\;C:\Program Files\Microsoft SQL Server\Client SDK\ODBC\170\Tools\Binn\;C:\Program Files\PuTTY\;C:\Users\Lenovo\AppData\Local\Programs\Python\Python39\Scripts\;C:\Users\Lenovo\AppData\Local\Programs\Python\Python39\;C:\Users\Lenovo\AppData\Local\Microsoft\WindowsApps;;C:\Users\Lenovo\AppData\Local\Programs\Microsoft VS Code\bin;C:\Users\Lenovo\AppData\Roaming\Composer\vendor\bin;C:\Program Files\heroku\bin;C:\Users\Lenovo\AppData\Roaming\npm;C:\Users\Lenovo\.dotnet\tools
USERNAME=Lenovo
OS=Windows_NT
PROCESSOR_IDENTIFIER=Intel64 Family 6 Model 142 Stepping 11, GenuineIntel



---------------  S Y S T E M  ---------------

OS: Windows 10.0 , 64 bit Build 19041 (10.0.19041.1348)

CPU:total 8 (initial active 8) (4 cores per cpu, 2 threads per core) family 6 model 142 stepping 11, cmov, cx8, fxsr, mmx, sse, sse2, sse3, ssse3, sse4.1, sse4.2, popcnt, avx, avx2, aes, clmul, erms, 3dnowpref, lzcnt, ht, tsc, tscinvbit, bmi1, bmi2, adx

Memory: 4k page, physical 12392180k(1846260k free), swap 12392180k(5144k free)

vm_info: OpenJDK 64-Bit Server VM (25.242-b01) for windows-amd64 JRE (1.8.0_242-release-1644-b01), built by "builder" with MS VC++ 10.0 (VS2010)

time: Mon Nov 29 15:25:54 2021
timezone: SE Asia Standard Time
elapsed time: 990 seconds (0d 0h 16m 30s)

