#
# There is insufficient memory for the Java Runtime Environment to continue.
# Native memory allocation (malloc) failed to allocate 32744 bytes for ChunkPool::allocate
# Possible reasons:
#   The system is out of physical RAM or swap space
#   The process is running with CompressedOops enabled, and the Java Heap may be blocking the growth of the native heap
# Possible solutions:
#   Reduce memory load on the system
#   Increase physical memory or swap space
#   Check if swap backing store is full
#   Decrease Java heap size (-Xmx/-Xms)
#   Decrease number of Java threads
#   Decrease Java thread stack sizes (-Xss)
#   Set larger code cache with -XX:ReservedCodeCacheSize=
#   JVM is running with Unscaled Compressed Oops mode in which the Java heap is
#     placed in the first 4GB address space. The Java Heap base address is the
#     maximum limit for the native heap growth. Please use -XX:HeapBaseMinAddress
#     to set the Java Heap base and to place the Java Heap above 4GB virtual address.
# This output file may be truncated or incomplete.
#
#  Out of Memory Error (allocation.cpp:272), pid=16296, tid=0x0000000000002fac
#
# JRE version: OpenJDK Runtime Environment (8.0_242-b01) (build 1.8.0_242-release-1644-b01)
# Java VM: OpenJDK 64-Bit Server VM (25.242-b01 mixed mode windows-amd64 compressed oops)
# Failed to write core dump. Minidumps are not enabled by default on client versions of Windows
#

---------------  T H R E A D  ---------------

Current thread (0x0000000019739000):  JavaThread "Daemon worker" [_thread_in_vm, id=12204, stack(0x000000001ddf0000,0x000000001def0000)]

Stack: [0x000000001ddf0000,0x000000001def0000]
[error occurred during error reporting (printing stack bounds), id 0xc0000005]

Native frames: (J=compiled Java code, j=interpreted, Vv=VM code, C=native code)

Java frames: (J=compiled Java code, j=interpreted, Vv=VM code)
J 959  java.lang.ClassLoader.defineClass1(Ljava/lang/String;[BIILjava/security/ProtectionDomain;Ljava/lang/String;)Ljava/lang/Class; (0 bytes) @ 0x0000000002b38ddf [0x0000000002b38d40+0x9f]
J 922 C1 java.lang.ClassLoader.defineClass(Ljava/lang/String;[BIILjava/security/ProtectionDomain;)Ljava/lang/Class; (43 bytes) @ 0x0000000002b20224 [0x0000000002b1fc40+0x5e4]
J 636 C1 java.net.URLClassLoader.defineClass(Ljava/lang/String;Lsun/misc/Resource;)Ljava/lang/Class; (142 bytes) @ 0x0000000002a022e4 [0x0000000002a00780+0x1b64]
J 493 C1 java.net.URLClassLoader$1.run()Ljava/lang/Class; (63 bytes) @ 0x000000000298d06c [0x000000000298cda0+0x2cc]
J 492 C1 java.net.URLClassLoader$1.run()Ljava/lang/Object; (5 bytes) @ 0x000000000298ca0c [0x000000000298c980+0x8c]
v  ~StubRoutines::call_stub
J 415  java.security.AccessController.doPrivileged(Ljava/security/PrivilegedExceptionAction;Ljava/security/AccessControlContext;)Ljava/lang/Object; (0 bytes) @ 0x00000000029660a6 [0x0000000002966040+0x66]
J 1448 C2 java.net.URLClassLoader.findClass(Ljava/lang/String;)Ljava/lang/Class; (47 bytes) @ 0x0000000002c83270 [0x0000000002c831e0+0x90]
J 1410 C2 java.lang.ClassLoader.loadClass(Ljava/lang/String;Z)Ljava/lang/Class; (122 bytes) @ 0x0000000002c7d3a0 [0x0000000002c7c380+0x1020]
J 443 C1 java.lang.ClassLoader.loadClass(Ljava/lang/String;)Ljava/lang/Class; (7 bytes) @ 0x000000000296c9cc [0x000000000296c8c0+0x10c]
v  ~StubRoutines::call_stub
J 959  java.lang.ClassLoader.defineClass1(Ljava/lang/String;[BIILjava/security/ProtectionDomain;Ljava/lang/String;)Ljava/lang/Class; (0 bytes) @ 0x0000000002b38ddf [0x0000000002b38d40+0x9f]
J 922 C1 java.lang.ClassLoader.defineClass(Ljava/lang/String;[BIILjava/security/ProtectionDomain;)Ljava/lang/Class; (43 bytes) @ 0x0000000002b20224 [0x0000000002b1fc40+0x5e4]
J 636 C1 java.net.URLClassLoader.defineClass(Ljava/lang/String;Lsun/misc/Resource;)Ljava/lang/Class; (142 bytes) @ 0x0000000002a022e4 [0x0000000002a00780+0x1b64]
J 493 C1 java.net.URLClassLoader$1.run()Ljava/lang/Class; (63 bytes) @ 0x000000000298d06c [0x000000000298cda0+0x2cc]
J 492 C1 java.net.URLClassLoader$1.run()Ljava/lang/Object; (5 bytes) @ 0x000000000298ca0c [0x000000000298c980+0x8c]
v  ~StubRoutines::call_stub
J 415  java.security.AccessController.doPrivileged(Ljava/security/PrivilegedExceptionAction;Ljava/security/AccessControlContext;)Ljava/lang/Object; (0 bytes) @ 0x00000000029660a6 [0x0000000002966040+0x66]
J 1448 C2 java.net.URLClassLoader.findClass(Ljava/lang/String;)Ljava/lang/Class; (47 bytes) @ 0x0000000002c83270 [0x0000000002c831e0+0x90]
J 1410 C2 java.lang.ClassLoader.loadClass(Ljava/lang/String;Z)Ljava/lang/Class; (122 bytes) @ 0x0000000002c7d3a0 [0x0000000002c7c380+0x1020]
J 443 C1 java.lang.ClassLoader.loadClass(Ljava/lang/String;)Ljava/lang/Class; (7 bytes) @ 0x000000000296c9cc [0x000000000296c8c0+0x10c]
v  ~StubRoutines::call_stub
J 1333  java.lang.Class.forName0(Ljava/lang/String;ZLjava/lang/ClassLoader;Ljava/lang/Class;)Ljava/lang/Class; (0 bytes) @ 0x0000000002c21fc7 [0x0000000002c21f40+0x87]
j  java.lang.Class.forName(Ljava/lang/String;ZLjava/lang/ClassLoader;)Ljava/lang/Class;+49
J 1633 C1 sun.reflect.generics.factory.CoreReflectionFactory.makeNamedType(Ljava/lang/String;)Ljava/lang/reflect/Type; (21 bytes) @ 0x0000000002d02ecc [0x0000000002d02e20+0xac]
j  sun.reflect.generics.visitor.Reifier.visitClassTypeSignature(Lsun/reflect/generics/tree/ClassTypeSignature;)V+173
J 1635 C1 sun.reflect.generics.tree.ClassTypeSignature.accept(Lsun/reflect/generics/visitor/TypeTreeVisitor;)V (8 bytes) @ 0x0000000002d0dec4 [0x0000000002d0de00+0xc4]
j  sun.reflect.generics.visitor.Reifier.reifyTypeArguments([Lsun/reflect/generics/tree/TypeArgument;)[Ljava/lang/reflect/Type;+18
j  sun.reflect.generics.visitor.Reifier.visitClassTypeSignature(Lsun/reflect/generics/tree/ClassTypeSignature;)V+250
J 1635 C1 sun.reflect.generics.tree.ClassTypeSignature.accept(Lsun/reflect/generics/visitor/TypeTreeVisitor;)V (8 bytes) @ 0x0000000002d0dec4 [0x0000000002d0de00+0xc4]
j  sun.reflect.generics.repository.MethodRepository.getReturnType()Ljava/lang/reflect/Type;+23
J 1536 C1 org.gradle.internal.service.AbstractServiceMethod.<init>(Ljava/lang/reflect/Method;)V (42 bytes) @ 0x0000000002ccd8cc [0x0000000002ccca00+0xecc]
J 1532 C1 org.gradle.internal.service.MethodHandleBasedServiceMethodFactory.toServiceMethod(Ljava/lang/reflect/Method;)Lorg/gradle/internal/service/ServiceMethod; (51 bytes) @ 0x0000000002cc8b94 [0x0000000002cc8260+0x934]
J 1531 C1 org.gradle.internal.service.DefaultServiceMethodFactory.toServiceMethod(Ljava/lang/reflect/Method;)Lorg/gradle/internal/service/ServiceMethod; (11 bytes) @ 0x0000000002cc04c4 [0x0000000002cc03c0+0x104]
j  org.gradle.internal.service.RelevantMethods.toServiceMethodList(Ljava/util/List;)Ljava/util/List;+45
j  org.gradle.internal.service.RelevantMethods.<init>(Ljava/util/List;Ljava/util/List;Ljava/util/List;)V+14
j  org.gradle.internal.service.RelevantMethodsBuilder.build()Lorg/gradle/internal/service/RelevantMethods;+16
j  org.gradle.internal.service.RelevantMethods.buildRelevantMethods(Ljava/lang/Class;)Lorg/gradle/internal/service/RelevantMethods;+22
j  org.gradle.internal.service.RelevantMethods.getMethods(Ljava/lang/Class;)Lorg/gradle/internal/service/RelevantMethods;+18
j  org.gradle.internal.service.DefaultServiceRegistry.findProviderMethods(Ljava/lang/Object;)V+6
j  org.gradle.internal.service.DefaultServiceRegistry.addProvider(Ljava/lang/Object;)Lorg/gradle/internal/service/DefaultServiceRegistry;+6
j  org.gradle.internal.service.DefaultServiceRegistry$1.addProvider(Ljava/lang/Object;)V+5
j  org.gradle.internal.service.scopes.ExecutionServices.registerGradleServices(Lorg/gradle/internal/service/ServiceRegistration;)V+8
j  org.gradle.internal.service.scopes.GradleScopeServices.lambda$new$0(Lorg/gradle/internal/service/ServiceRegistry;Lorg/gradle/internal/service/ServiceRegistration;)V+35
j  org.gradle.internal.service.scopes.GradleScopeServices$$Lambda$48.execute(Ljava/lang/Object;)V+8
j  org.gradle.internal.service.DefaultServiceRegistry.register(Lorg/gradle/api/Action;)V+9
j  org.gradle.internal.service.scopes.GradleScopeServices.<init>(Lorg/gradle/internal/service/ServiceRegistry;Lorg/gradle/api/internal/GradleInternal;)V+38
j  org.gradle.internal.service.scopes.BuildScopeServiceRegistryFactory.createFor(Ljava/lang/Object;)Lorg/gradle/internal/service/ServiceRegistry;+19
j  org.gradle.invocation.DefaultGradle.<init>(Lorg/gradle/api/internal/GradleInternal;Lorg/gradle/StartParameter;Lorg/gradle/internal/service/scopes/ServiceRegistryFactory;)V+35
j  org.gradle.invocation.DefaultGradle_Decorated.<init>(Lorg/gradle/api/internal/GradleInternal;Lorg/gradle/StartParameter;Lorg/gradle/internal/service/scopes/ServiceRegistryFactory;)V+4
v  ~StubRoutines::call_stub
j  sun.reflect.NativeConstructorAccessorImpl.newInstance0(Ljava/lang/reflect/Constructor;[Ljava/lang/Object;)Ljava/lang/Object;+0
j  sun.reflect.NativeConstructorAccessorImpl.newInstance([Ljava/lang/Object;)Ljava/lang/Object;+85
j  sun.reflect.DelegatingConstructorAccessorImpl.newInstance([Ljava/lang/Object;)Ljava/lang/Object;+5
j  java.lang.reflect.Constructor.newInstance([Ljava/lang/Object;)Ljava/lang/Object;+79
j  org.gradle.internal.instantiation.generator.AsmBackedClassGenerator$InvokeConstructorStrategy.newInstance(Lorg/gradle/internal/service/ServiceLookup;Lorg/gradle/internal/instantiation/InstanceGenerator;Lorg/gradle/api/Describable;[Ljava/lang/Object;)Ljava/lang/Object;+37
j  org.gradle.internal.instantiation.generator.AbstractClassGenerator$GeneratedClassImpl$GeneratedConstructorImpl.newInstance(Lorg/gradle/internal/service/ServiceLookup;Lorg/gradle/internal/instantiation/InstanceGenerator;Lorg/gradle/api/Describable;[Ljava/lang/Object;)Ljava/lang/Object;+9
j  org.gradle.internal.instantiation.generator.DependencyInjectingInstantiator.doCreate(Ljava/lang/Class;Lorg/gradle/api/Describable;[Ljava/lang/Object;)Ljava/lang/Object;+37
j  org.gradle.internal.instantiation.generator.DependencyInjectingInstantiator.newInstance(Ljava/lang/Class;[Ljava/lang/Object;)Ljava/lang/Object;+4
j  org.gradle.initialization.DefaultGradleLauncherFactory.doNewInstance(Lorg/gradle/api/internal/BuildDefinition;Lorg/gradle/internal/build/BuildState;Lorg/gradle/initialization/GradleLauncher;Lorg/gradle/internal/service/scopes/BuildTreeScopeServices;Ljava/util/List;)Lorg/gradle/initialization/DefaultGradleLauncher;+275
j  org.gradle.initialization.DefaultGradleLauncherFactory.newInstance(Lorg/gradle/api/internal/BuildDefinition;Lorg/gradle/internal/build/RootBuildState;Lorg/gradle/internal/service/scopes/BuildTreeScopeServices;)Lorg/gradle/initialization/GradleLauncher;+33
j  org.gradle.composite.internal.DefaultRootBuildState.<init>(Lorg/gradle/api/internal/BuildDefinition;Lorg/gradle/initialization/GradleLauncherFactory;Lorg/gradle/internal/event/ListenerManager;Lorg/gradle/internal/service/scopes/BuildTreeScopeServices;)V+15
j  org.gradle.composite.internal.DefaultIncludedBuildRegistry.createRootBuild(Lorg/gradle/api/internal/BuildDefinition;)Lorg/gradle/internal/build/RootBuildState;+35
j  org.gradle.launcher.exec.InProcessBuildActionExecuter.execute(Lorg/gradle/internal/invocation/BuildAction;Lorg/gradle/initialization/BuildRequestContext;Lorg/gradle/launcher/exec/BuildActionParameters;Lorg/gradle/internal/service/ServiceRegistry;)Lorg/gradle/launcher/exec/BuildActionResult;+61
j  org.gradle.launcher.exec.InProcessBuildActionExecuter.execute(Lorg/gradle/internal/invocation/BuildAction;Lorg/gradle/initialization/BuildRequestContext;Ljava/lang/Object;Lorg/gradle/internal/service/ServiceRegistry;)Lorg/gradle/launcher/exec/BuildActionResult;+9
j  org.gradle.launcher.exec.BuildTreeScopeBuildActionExecuter.execute(Lorg/gradle/internal/invocation/BuildAction;Lorg/gradle/initialization/BuildRequestContext;Lorg/gradle/launcher/exec/BuildActionParameters;Lorg/gradle/internal/service/ServiceRegistry;)Lorg/gradle/launcher/exec/BuildActionResult;+38
j  org.gradle.launcher.exec.BuildTreeScopeBuildActionExecuter.execute(Lorg/gradle/internal/invocation/BuildAction;Lorg/gradle/initialization/BuildRequestContext;Ljava/lang/Object;Lorg/gradle/internal/service/ServiceRegistry;)Lorg/gradle/launcher/exec/BuildActionResult;+9
j  org.gradle.tooling.internal.provider.ContinuousBuildActionExecuter.execute(Lorg/gradle/internal/invocation/BuildAction;Lorg/gradle/initialization/BuildRequestContext;Lorg/gradle/launcher/exec/BuildActionParameters;Lorg/gradle/internal/service/ServiceRegistry;)Lorg/gradle/launcher/exec/BuildActionResult;+58
j  org.gradle.tooling.internal.provider.ContinuousBuildActionExecuter.execute(Lorg/gradle/internal/invocation/BuildAction;Lorg/gradle/initialization/BuildRequestContext;Ljava/lang/Object;Lorg/gradle/internal/service/ServiceRegistry;)Lorg/gradle/launcher/exec/BuildActionResult;+9
j  org.gradle.tooling.internal.provider.SubscribableBuildActionExecuter.execute(Lorg/gradle/internal/invocation/BuildAction;Lorg/gradle/initialization/BuildRequestContext;Lorg/gradle/launcher/exec/BuildActionParameters;Lorg/gradle/internal/service/ServiceRegistry;)Lorg/gradle/launcher/exec/BuildActionResult;+41
j  org.gradle.tooling.internal.provider.SubscribableBuildActionExecuter.execute(Lorg/gradle/internal/invocation/BuildAction;Lorg/gradle/initialization/BuildRequestContext;Ljava/lang/Object;Lorg/gradle/internal/service/ServiceRegistry;)Lorg/gradle/launcher/exec/BuildActionResult;+9
j  org.gradle.tooling.internal.provider.SessionScopeBuildActionExecuter.execute(Lorg/gradle/internal/invocation/BuildAction;Lorg/gradle/initialization/BuildRequestContext;Lorg/gradle/launcher/exec/BuildActionParameters;Lorg/gradle/internal/service/ServiceRegistry;)Lorg/gradle/launcher/exec/BuildActionResult;+117
j  org.gradle.tooling.internal.provider.SessionScopeBuildActionExecuter.execute(Lorg/gradle/internal/invocation/BuildAction;Lorg/gradle/initialization/BuildRequestContext;Ljava/lang/Object;Lorg/gradle/internal/service/ServiceRegistry;)Lorg/gradle/launcher/exec/BuildActionResult;+9
j  org.gradle.tooling.internal.provider.GradleThreadBuildActionExecuter.execute(Lorg/gradle/internal/invocation/BuildAction;Lorg/gradle/initialization/BuildRequestContext;Lorg/gradle/launcher/exec/BuildActionParameters;Lorg/gradle/internal/service/ServiceRegistry;)Lorg/gradle/launcher/exec/BuildActionResult;+12
j  org.gradle.tooling.internal.provider.GradleThreadBuildActionExecuter.execute(Lorg/gradle/internal/invocation/BuildAction;Lorg/gradle/initialization/BuildRequestContext;Ljava/lang/Object;Lorg/gradle/internal/service/ServiceRegistry;)Lorg/gradle/launcher/exec/BuildActionResult;+9
j  org.gradle.tooling.internal.provider.StartParamsValidatingActionExecuter.execute(Lorg/gradle/internal/invocation/BuildAction;Lorg/gradle/initialization/BuildRequestContext;Lorg/gradle/launcher/exec/BuildActionParameters;Lorg/gradle/internal/service/ServiceRegistry;)Lorg/gradle/launcher/exec/BuildActionResult;+177
j  org.gradle.tooling.internal.provider.StartParamsValidatingActionExecuter.execute(Lorg/gradle/internal/invocation/BuildAction;Lorg/gradle/initialization/BuildRequestContext;Ljava/lang/Object;Lorg/gradle/internal/service/ServiceRegistry;)Lorg/gradle/launcher/exec/BuildActionResult;+9
j  org.gradle.tooling.internal.provider.SessionFailureReportingActionExecuter.execute(Lorg/gradle/internal/invocation/BuildAction;Lorg/gradle/initialization/BuildRequestContext;Lorg/gradle/launcher/exec/BuildActionParameters;Lorg/gradle/internal/service/ServiceRegistry;)Lorg/gradle/launcher/exec/BuildActionResult;+9
j  org.gradle.tooling.internal.provider.SessionFailureReportingActionExecuter.execute(Lorg/gradle/internal/invocation/BuildAction;Lorg/gradle/initialization/BuildRequestContext;Ljava/lang/Object;Lorg/gradle/internal/service/ServiceRegistry;)Lorg/gradle/launcher/exec/BuildActionResult;+9
j  org.gradle.tooling.internal.provider.SetupLoggingActionExecuter.execute(Lorg/gradle/internal/invocation/BuildAction;Lorg/gradle/initialization/BuildRequestContext;Lorg/gradle/launcher/exec/BuildActionParameters;Lorg/gradle/internal/service/ServiceRegistry;)Lorg/gradle/launcher/exec/BuildActionResult;+52
j  org.gradle.tooling.internal.provider.SetupLoggingActionExecuter.execute(Lorg/gradle/internal/invocation/BuildAction;Lorg/gradle/initialization/BuildRequestContext;Ljava/lang/Object;Lorg/gradle/internal/service/ServiceRegistry;)Lorg/gradle/launcher/exec/BuildActionResult;+9
j  org.gradle.launcher.daemon.server.exec.ExecuteBuild.doBuild(Lorg/gradle/launcher/daemon/server/api/DaemonCommandExecution;Lorg/gradle/launcher/daemon/protocol/Build;)V+118
j  org.gradle.launcher.daemon.server.exec.BuildCommandOnly.execute(Lorg/gradle/launcher/daemon/server/api/DaemonCommandExecution;)V+49
j  org.gradle.launcher.daemon.server.api.DaemonCommandExecution.proceed()Z+23
j  org.gradle.launcher.daemon.server.exec.WatchForDisconnection.execute(Lorg/gradle/launcher/daemon/server/api/DaemonCommandExecution;)V+19
j  org.gradle.launcher.daemon.server.api.DaemonCommandExecution.proceed()Z+23
j  org.gradle.launcher.daemon.server.exec.ResetDeprecationLogger.execute(Lorg/gradle/launcher/daemon/server/api/DaemonCommandExecution;)V+7
j  org.gradle.launcher.daemon.server.api.DaemonCommandExecution.proceed()Z+23
j  org.gradle.launcher.daemon.server.exec.RequestStopIfSingleUsedDaemon.execute(Lorg/gradle/launcher/daemon/server/api/DaemonCommandExecution;)V+33
j  org.gradle.launcher.daemon.server.api.DaemonCommandExecution.proceed()Z+23
j  org.gradle.launcher.daemon.server.exec.ForwardClientInput$2.create()Ljava/lang/Void;+4
j  org.gradle.launcher.daemon.server.exec.ForwardClientInput$2.create()Ljava/lang/Object;+1
j  org.gradle.util.Swapper.swap(Ljava/lang/Object;Lorg/gradle/internal/Factory;)Ljava/lang/Object;+21
j  org.gradle.launcher.daemon.server.exec.ForwardClientInput.execute(Lorg/gradle/launcher/daemon/server/api/DaemonCommandExecution;)V+63
j  org.gradle.launcher.daemon.server.api.DaemonCommandExecution.proceed()Z+23
j  org.gradle.launcher.daemon.server.exec.LogAndCheckHealth.execute(Lorg/gradle/launcher/daemon/server/api/DaemonCommandExecution;)V+28
j  org.gradle.launcher.daemon.server.api.DaemonCommandExecution.proceed()Z+23
j  org.gradle.launcher.daemon.server.exec.LogToClient.doBuild(Lorg/gradle/launcher/daemon/server/api/DaemonCommandExecution;Lorg/gradle/launcher/daemon/protocol/Build;)V+87
j  org.gradle.launcher.daemon.server.exec.BuildCommandOnly.execute(Lorg/gradle/launcher/daemon/server/api/DaemonCommandExecution;)V+49
j  org.gradle.launcher.daemon.server.api.DaemonCommandExecution.proceed()Z+23
j  org.gradle.launcher.daemon.server.exec.EstablishBuildEnvironment.doBuild(Lorg/gradle/launcher/daemon/server/api/DaemonCommandExecution;Lorg/gradle/launcher/daemon/protocol/Build;)V+351
j  org.gradle.launcher.daemon.server.exec.BuildCommandOnly.execute(Lorg/gradle/launcher/daemon/server/api/DaemonCommandExecution;)V+49
j  org.gradle.launcher.daemon.server.api.DaemonCommandExecution.proceed()Z+23
j  org.gradle.launcher.daemon.server.exec.StartBuildOrRespondWithBusy$1.run()V+44
j  org.gradle.launcher.daemon.server.DaemonStateCoordinator$1.run()V+4
j  org.gradle.internal.concurrent.ExecutorPolicy$CatchAndRecordFailures.onExecute(Ljava/lang/Runnable;)V+1
j  org.gradle.internal.concurrent.ManagedExecutorImpl$1.run()V+25
j  java.util.concurrent.ThreadPoolExecutor.runWorker(Ljava/util/concurrent/ThreadPoolExecutor$Worker;)V+95
j  java.util.concurrent.ThreadPoolExecutor$Worker.run()V+5
j  org.gradle.internal.concurrent.ThreadFactoryImpl$ManagedThreadRunnable.run()V+7
j  java.lang.Thread.run()V+11
v  ~StubRoutines::call_stub

---------------  P R O C E S S  ---------------

Java Threads: ( => current thread )
  0x000000001a5af800 JavaThread "Cache worker for file hash cache (C:\Users\Lenovo\.gradle\caches\6.5\fileHashes)" [_thread_blocked, id=15912, stack(0x000000001e5f0000,0x000000001e6f0000)]
  0x000000001a5af000 JavaThread "File lock request listener" [_thread_in_native, id=17860, stack(0x000000001e4f0000,0x000000001e5f0000)]
  0x000000001a7f9000 JavaThread "Cache worker for journal cache (C:\Users\Lenovo\.gradle\caches\journal-1)" [_thread_blocked, id=20812, stack(0x000000001e3f0000,0x000000001e4f0000)]
  0x000000001a622000 JavaThread "Thread-9" [_thread_blocked, id=17648, stack(0x000000001e0f0000,0x000000001e1f0000)]
  0x000000001a5cf800 JavaThread "Stdin handler" [_thread_blocked, id=9888, stack(0x000000001dff0000,0x000000001e0f0000)]
  0x000000001a89a000 JavaThread "Asynchronous log dispatcher for DefaultDaemonConnection: socket connection from /127.0.0.1:49294 to /127.0.0.1:49295" [_thread_blocked, id=12864, stack(0x000000001def0000,0x000000001dff0000)]
=>0x0000000019739000 JavaThread "Daemon worker" [_thread_in_vm, id=12204, stack(0x000000001ddf0000,0x000000001def0000)]
  0x000000001974b000 JavaThread "Cancel handler" [_thread_blocked, id=2368, stack(0x000000001dbf0000,0x000000001dcf0000)]
  0x000000001a5b9000 JavaThread "Handler for socket connection from /127.0.0.1:49294 to /127.0.0.1:49295" [_thread_in_native, id=16048, stack(0x000000001daf0000,0x000000001dbf0000)]
  0x000000001978b000 JavaThread "Daemon" [_thread_blocked, id=9404, stack(0x000000001d7f0000,0x000000001d8f0000)]
  0x000000001c100800 JavaThread "Daemon periodic checks" [_thread_blocked, id=19892, stack(0x000000001d6f0000,0x000000001d7f0000)]
  0x000000001c064000 JavaThread "Incoming local TCP Connector on port 49294" [_thread_in_native, id=12172, stack(0x000000001d4b0000,0x000000001d5b0000)]
  0x000000001bc9a000 JavaThread "Daemon health stats" [_thread_blocked, id=15344, stack(0x000000001ce70000,0x000000001cf70000)]
  0x000000001969e800 JavaThread "Service Thread" daemon [_thread_blocked, id=4296, stack(0x000000001a2d0000,0x000000001a3d0000)]
  0x000000001960d800 JavaThread "C1 CompilerThread3" daemon [_thread_blocked, id=3864, stack(0x000000001a1d0000,0x000000001a2d0000)]
  0x0000000019609800 JavaThread "C2 CompilerThread2" daemon [_thread_in_native, id=4560, stack(0x000000001a0d0000,0x000000001a1d0000)]
  0x0000000019606000 JavaThread "C2 CompilerThread1" daemon [_thread_in_native, id=14388, stack(0x0000000019fd0000,0x000000001a0d0000)]
  0x0000000019602000 JavaThread "C2 CompilerThread0" daemon [_thread_in_native, id=15320, stack(0x0000000019ed0000,0x0000000019fd0000)]
  0x0000000019600800 JavaThread "Attach Listener" daemon [_thread_blocked, id=20084, stack(0x0000000019dd0000,0x0000000019ed0000)]
  0x00000000177fe800 JavaThread "Signal Dispatcher" daemon [_thread_blocked, id=21428, stack(0x0000000019cd0000,0x0000000019dd0000)]
  0x00000000195f0800 JavaThread "Finalizer" daemon [_thread_blocked, id=10128, stack(0x0000000019ad0000,0x0000000019bd0000)]
  0x0000000002777000 JavaThread "Reference Handler" daemon [_thread_blocked, id=18868, stack(0x00000000199d0000,0x0000000019ad0000)]
  0x0000000002682800 JavaThread "main" [_thread_blocked, id=20984, stack(0x0000000002580000,0x0000000002680000)]

Other Threads:
  0x00000000177e6800 VMThread [stack: 0x00000000194d0000,0x00000000195d0000] [id=19448]
  0x000000001969f000 WatcherThread [stack: 0x000000001a3d0000,0x000000001a4d0000] [id=16412]

VM state:not at safepoint (normal execution)

VM Mutex/Monitor currently owned by a thread: None

heap address: 0x0000000080000000, size: 2048 MB, Compressed Oops mode: 32-bit
Narrow klass base: 0x0000000000000000, Narrow klass shift: 3
Compressed class space size: 1073741824 Address: 0x0000000100000000

Heap:
 PSYoungGen      total 56832K, used 40635K [0x00000000d5580000, 0x00000000d9480000, 0x0000000100000000)
  eden space 49152K, 67% used [0x00000000d5580000,0x00000000d75b4040,0x00000000d8580000)
  from space 7680K, 99% used [0x00000000d8580000,0x00000000d8cfaeb8,0x00000000d8d00000)
  to   space 7680K, 0% used [0x00000000d8d00000,0x00000000d8d00000,0x00000000d9480000)
 ParOldGen       total 130048K, used 1416K [0x0000000080000000, 0x0000000087f00000, 0x00000000d5580000)
  object space 130048K, 1% used [0x0000000080000000,0x0000000080162270,0x0000000087f00000)
 Metaspace       used 18855K, capacity 19484K, committed 19712K, reserved 1067008K
  class space    used 2592K, capacity 2776K, committed 2816K, reserved 1048576K

Card table byte_map: [0x0000000011b40000,0x0000000011f50000] byte_map_base: 0x0000000011740000

Marking Bits: (ParMarkBitMap*) 0x0000000075a3f030
 Begin Bits: [0x0000000012a00000, 0x0000000014a00000)
 End Bits:   [0x0000000014a00000, 0x0000000016a00000)

Polling page: 0x0000000002450000

CodeCache: size=245760Kb used=5829Kb max_used=5829Kb free=239930Kb
 bounds [0x0000000002780000, 0x0000000002d40000, 0x0000000011780000]
 total_blobs=2101 nmethods=1690 adapters=324
 compilation: enabled

Compilation events (10 events):
Event: 2.153 Thread 0x000000001960d800 1688       3       org.objectweb.asm.SymbolTable$Entry::<init> (17 bytes)
Event: 2.154 Thread 0x000000001960d800 nmethod 1688 0x0000000002d32590 code [0x0000000002d32700, 0x0000000002d328c8]
Event: 2.158 Thread 0x000000001960d800 1696       3       java.lang.invoke.MemberName::access$200 (6 bytes)
Event: 2.158 Thread 0x000000001960d800 nmethod 1696 0x0000000002d32d50 code [0x0000000002d32ec0, 0x0000000002d33028]
Event: 2.159 Thread 0x000000001960d800 1697       1       java.io.ExpiringCache::access$000 (5 bytes)
Event: 2.160 Thread 0x000000001960d800 nmethod 1697 0x0000000002d330d0 code [0x0000000002d33220, 0x0000000002d33310]
Event: 2.161 Thread 0x000000001960d800 1698       3       java.util.Arrays::asList (9 bytes)
Event: 2.162 Thread 0x000000001960d800 nmethod 1698 0x0000000002d33390 code [0x0000000002d33520, 0x0000000002d33988]
Event: 2.162 Thread 0x000000001960d800 1699       3       java.util.Arrays$ArrayList::<init> (16 bytes)
Event: 2.162 Thread 0x000000001960d800 nmethod 1699 0x0000000002d33c10 code [0x0000000002d33da0, 0x0000000002d34188]

GC Heap History (6 events):
Event: 0.650 GC heap before
{Heap before GC invocations=1 (full 0):
 PSYoungGen      total 56832K, used 49152K [0x00000000d5580000, 0x00000000d9480000, 0x0000000100000000)
  eden space 49152K, 100% used [0x00000000d5580000,0x00000000d8580000,0x00000000d8580000)
  from space 7680K, 0% used [0x00000000d8d00000,0x00000000d8d00000,0x00000000d9480000)
  to   space 7680K, 0% used [0x00000000d8580000,0x00000000d8580000,0x00000000d8d00000)
 ParOldGen       total 130048K, used 0K [0x0000000080000000, 0x0000000087f00000, 0x00000000d5580000)
  object space 130048K, 0% used [0x0000000080000000,0x0000000080000000,0x0000000087f00000)
 Metaspace       used 7552K, capacity 7838K, committed 8064K, reserved 1056768K
  class space    used 929K, capacity 1037K, committed 1152K, reserved 1048576K
Event: 0.654 GC heap after
Heap after GC invocations=1 (full 0):
 PSYoungGen      total 56832K, used 4797K [0x00000000d5580000, 0x00000000d9480000, 0x0000000100000000)
  eden space 49152K, 0% used [0x00000000d5580000,0x00000000d5580000,0x00000000d8580000)
  from space 7680K, 62% used [0x00000000d8580000,0x00000000d8a2f5b8,0x00000000d8d00000)
  to   space 7680K, 0% used [0x00000000d8d00000,0x00000000d8d00000,0x00000000d9480000)
 ParOldGen       total 130048K, used 16K [0x0000000080000000, 0x0000000087f00000, 0x00000000d5580000)
  object space 130048K, 0% used [0x0000000080000000,0x0000000080004000,0x0000000087f00000)
 Metaspace       used 7552K, capacity 7838K, committed 8064K, reserved 1056768K
  class space    used 929K, capacity 1037K, committed 1152K, reserved 1048576K
}
Event: 1.581 GC heap before
{Heap before GC invocations=2 (full 0):
 PSYoungGen      total 56832K, used 53949K [0x00000000d5580000, 0x00000000d9480000, 0x0000000100000000)
  eden space 49152K, 100% used [0x00000000d5580000,0x00000000d8580000,0x00000000d8580000)
  from space 7680K, 62% used [0x00000000d8580000,0x00000000d8a2f5b8,0x00000000d8d00000)
  to   space 7680K, 0% used [0x00000000d8d00000,0x00000000d8d00000,0x00000000d9480000)
 ParOldGen       total 130048K, used 16K [0x0000000080000000, 0x0000000087f00000, 0x00000000d5580000)
  object space 130048K, 0% used [0x0000000080000000,0x0000000080004000,0x0000000087f00000)
 Metaspace       used 11340K, capacity 11658K, committed 11904K, reserved 1058816K
  class space    used 1499K, capacity 1607K, committed 1664K, reserved 1048576K
Event: 1.586 GC heap after
Heap after GC invocations=2 (full 0):
 PSYoungGen      total 56832K, used 6349K [0x00000000d5580000, 0x00000000d9480000, 0x0000000100000000)
  eden space 49152K, 0% used [0x00000000d5580000,0x00000000d5580000,0x00000000d8580000)
  from space 7680K, 82% used [0x00000000d8d00000,0x00000000d93337e0,0x00000000d9480000)
  to   space 7680K, 0% used [0x00000000d8580000,0x00000000d8580000,0x00000000d8d00000)
 ParOldGen       total 130048K, used 24K [0x0000000080000000, 0x0000000087f00000, 0x00000000d5580000)
  object space 130048K, 0% used [0x0000000080000000,0x0000000080006000,0x0000000087f00000)
 Metaspace       used 11340K, capacity 11658K, committed 11904K, reserved 1058816K
  class space    used 1499K, capacity 1607K, committed 1664K, reserved 1048576K
}
Event: 1.946 GC heap before
{Heap before GC invocations=3 (full 0):
 PSYoungGen      total 56832K, used 55501K [0x00000000d5580000, 0x00000000d9480000, 0x0000000100000000)
  eden space 49152K, 100% used [0x00000000d5580000,0x00000000d8580000,0x00000000d8580000)
  from space 7680K, 82% used [0x00000000d8d00000,0x00000000d93337e0,0x00000000d9480000)
  to   space 7680K, 0% used [0x00000000d8580000,0x00000000d8580000,0x00000000d8d00000)
 ParOldGen       total 130048K, used 24K [0x0000000080000000, 0x0000000087f00000, 0x00000000d5580000)
  object space 130048K, 0% used [0x0000000080000000,0x0000000080006000,0x0000000087f00000)
 Metaspace       used 16525K, capacity 17180K, committed 17280K, reserved 1064960K
  class space    used 2207K, capacity 2400K, committed 2432K, reserved 1048576K
Event: 1.952 GC heap after
Heap after GC invocations=3 (full 0):
 PSYoungGen      total 56832K, used 7659K [0x00000000d5580000, 0x00000000d9480000, 0x0000000100000000)
  eden space 49152K, 0% used [0x00000000d5580000,0x00000000d5580000,0x00000000d8580000)
  from space 7680K, 99% used [0x00000000d8580000,0x00000000d8cfaeb8,0x00000000d8d00000)
  to   space 7680K, 0% used [0x00000000d8d00000,0x00000000d8d00000,0x00000000d9480000)
 ParOldGen       total 130048K, used 1416K [0x0000000080000000, 0x0000000087f00000, 0x00000000d5580000)
  object space 130048K, 1% used [0x0000000080000000,0x0000000080162270,0x0000000087f00000)
 Metaspace       used 16525K, capacity 17180K, committed 17280K, reserved 1064960K
  class space    used 2207K, capacity 2400K, committed 2432K, reserved 1048576K
}

Deoptimization events (10 events):
Event: 1.773 Thread 0x0000000019739000 Uncommon trap: reason=class_check action=maybe_recompile pc=0x0000000002a93658 method=java.util.regex.Matcher.match(II)Z @ 86
Event: 1.773 Thread 0x0000000019739000 Uncommon trap: reason=class_check action=maybe_recompile pc=0x000000000292fe4c method=java.util.regex.Matcher.match(II)Z @ 86
Event: 1.877 Thread 0x0000000019739000 Uncommon trap: reason=unstable_if action=reinterpret pc=0x0000000002a9620c method=java.io.File.getName()Ljava/lang/String; @ 16
Event: 1.877 Thread 0x0000000019739000 Uncommon trap: reason=unstable_if action=reinterpret pc=0x0000000002a8d8dc method=java.lang.String.substring(I)Ljava/lang/String; @ 35
Event: 2.002 Thread 0x0000000019739000 Uncommon trap: reason=unstable_if action=reinterpret pc=0x0000000002a969f0 method=java.util.LinkedHashMap.afterNodeInsertion(Z)V @ 1
Event: 2.003 Thread 0x0000000019739000 Uncommon trap: reason=unstable_if action=reinterpret pc=0x00000000029dd27c method=java.util.HashMap.getNode(ILjava/lang/Object;)Ljava/util/HashMap$Node; @ 129
Event: 2.003 Thread 0x0000000019739000 Uncommon trap: reason=bimorphic action=maybe_recompile pc=0x0000000002c3fa7c method=java.util.HashMap.putVal(ILjava/lang/Object;Ljava/lang/Object;ZZ)Ljava/lang/Object; @ 203
Event: 2.004 Thread 0x0000000019739000 Uncommon trap: reason=unstable_if action=reinterpret pc=0x00000000029df910 method=java.util.HashMap.getNode(ILjava/lang/Object;)Ljava/util/HashMap$Node; @ 129
Event: 2.005 Thread 0x0000000019739000 Uncommon trap: reason=bimorphic action=maybe_recompile pc=0x0000000002c3fa7c method=java.util.HashMap.putVal(ILjava/lang/Object;Ljava/lang/Object;ZZ)Ljava/lang/Object; @ 203
Event: 2.074 Thread 0x0000000019739000 Uncommon trap: reason=unstable_if action=reinterpret pc=0x0000000002cb4acc method=java.util.jar.Attributes$Name.isDigit(C)Z @ 3

Classes redefined (0 events):
No events

Internal exceptions (10 events):
Event: 1.613 Thread 0x000000001a5b9000 Exception <a 'java/lang/NoSuchMethodError': <clinit>> (0x00000000d56788a0) thrown at [C:\src\AOSP-openjdk-git\hotspot\src\share\vm\prims\jni.cpp, line 1615]
Event: 1.614 Thread 0x000000001a5b9000 Exception <a 'java/lang/NoSuchMethodError': <clinit>> (0x00000000d568cea0) thrown at [C:\src\AOSP-openjdk-git\hotspot\src\share\vm\prims\jni.cpp, line 1615]
Event: 1.622 Thread 0x000000001a5b9000 Exception <a 'java/lang/NoSuchMethodError': <clinit>> (0x00000000d5749df8) thrown at [C:\src\AOSP-openjdk-git\hotspot\src\share\vm\prims\jni.cpp, line 1615]
Event: 1.627 Thread 0x000000001a5b9000 Exception <a 'java/lang/NoSuchMethodError': <clinit>> (0x00000000d5784340) thrown at [C:\src\AOSP-openjdk-git\hotspot\src\share\vm\prims\jni.cpp, line 1615]
Event: 1.630 Thread 0x000000001a5b9000 Exception <a 'java/lang/NoSuchMethodError': <clinit>> (0x00000000d57b9fe0) thrown at [C:\src\AOSP-openjdk-git\hotspot\src\share\vm\prims\jni.cpp, line 1615]
Event: 1.631 Thread 0x000000001a5b9000 Exception <a 'java/lang/NoSuchMethodError': <clinit>> (0x00000000d57c6510) thrown at [C:\src\AOSP-openjdk-git\hotspot\src\share\vm\prims\jni.cpp, line 1615]
Event: 1.899 Thread 0x0000000019739000 Exception <a 'java/lang/NoSuchMethodError': java.lang.Object.lambda$and$0(Ljava/util/function/Predicate;Ljava/lang/Object;)Z> (0x00000000d7d36b40) thrown at [C:\src\AOSP-openjdk-git\hotspot\src\share\vm\interpreter\linkResolver.cpp, line 620]
Event: 1.901 Thread 0x0000000019739000 Exception <a 'java/lang/IncompatibleClassChangeError': Found class java.lang.Object, but interface was expected> (0x00000000d7d46e38) thrown at [C:\src\AOSP-openjdk-git\hotspot\src\share\vm\interpreter\linkResolver.cpp, line 653]
Event: 1.902 Thread 0x0000000019739000 Exception <a 'java/lang/NoSuchMethodError': java.lang.Object.lambda$or$2(Ljava/util/function/Predicate;Ljava/lang/Object;)Z> (0x00000000d7d4b988) thrown at [C:\src\AOSP-openjdk-git\hotspot\src\share\vm\interpreter\linkResolver.cpp, line 620]
Event: 2.027 Thread 0x0000000019739000 Exception <a 'java/lang/NoSuchMethodError': java.lang.Object.lambda$static$0(Lorg/gradle/internal/state/ModelObject;)Ljava/lang/String;> (0x00000000d6573290) thrown at [C:\src\AOSP-openjdk-git\hotspot\src\share\vm\interpreter\linkResolver.cpp, line 620]

Events (10 events):
Event: 2.161 loading class org/gradle/internal/scan/config/BuildScanPluginApplied
Event: 2.161 loading class org/gradle/internal/scan/config/BuildScanPluginApplied done
Event: 2.161 loading class org/gradle/internal/execution/ExecutionRequestContext
Event: 2.161 loading class org/gradle/internal/execution/ExecutionRequestContext done
Event: 2.162 loading class org/gradle/internal/execution/Context
Event: 2.162 loading class org/gradle/internal/execution/Context done
Event: 2.162 loading class org/gradle/internal/execution/CachingResult
Event: 2.162 loading class org/gradle/internal/execution/CachingResult done
Event: 2.162 loading class org/gradle/internal/execution/UpToDateResult
Event: 2.162 loading class org/gradle/internal/execution/UpToDateResult done


Dynamic libraries:
0x00007ff6a24b0000 - 0x00007ff6a24e1000 	C:\Program Files\Android\Android Studio\jre\bin\java.exe
0x00007ff983e30000 - 0x00007ff984025000 	C:\Windows\SYSTEM32\ntdll.dll
0x00007ff982f30000 - 0x00007ff982fee000 	C:\Windows\System32\KERNEL32.DLL
0x00007ff981a00000 - 0x00007ff981cc8000 	C:\Windows\System32\KERNELBASE.dll
0x00007ff983d40000 - 0x00007ff983dec000 	C:\Windows\System32\ADVAPI32.dll
0x00007ff982840000 - 0x00007ff9828de000 	C:\Windows\System32\msvcrt.dll
0x00007ff9828e0000 - 0x00007ff98297b000 	C:\Windows\System32\sechost.dll
0x00007ff9825f0000 - 0x00007ff98271a000 	C:\Windows\System32\RPCRT4.dll
0x00007ff9823b0000 - 0x00007ff982551000 	C:\Windows\System32\USER32.dll
0x00007ff981550000 - 0x00007ff981572000 	C:\Windows\System32\win32u.dll
0x00007ff982b70000 - 0x00007ff982b9b000 	C:\Windows\System32\GDI32.dll
0x00007ff9817c0000 - 0x00007ff9818cb000 	C:\Windows\System32\gdi32full.dll
0x00007ff981690000 - 0x00007ff98172d000 	C:\Windows\System32\msvcp_win.dll
0x00007ff981900000 - 0x00007ff981a00000 	C:\Windows\System32\ucrtbase.dll
0x00007ff96b050000 - 0x00007ff96b2ea000 	C:\Windows\WinSxS\amd64_microsoft.windows.common-controls_6595b64144ccf1df_6.0.19041.1110_none_60b5254171f9507e\COMCTL32.dll
0x00007ff982ba0000 - 0x00007ff982bd0000 	C:\Windows\System32\IMM32.DLL
0x0000000076910000 - 0x00000000769e2000 	C:\Program Files\Android\Android Studio\jre\jre\bin\msvcr100.dll
0x0000000075270000 - 0x0000000075abb000 	C:\Program Files\Android\Android Studio\jre\jre\bin\server\jvm.dll
0x00007ff9834d0000 - 0x00007ff9834d8000 	C:\Windows\System32\PSAPI.DLL
0x00007ff976920000 - 0x00007ff97692a000 	C:\Windows\SYSTEM32\VERSION.dll
0x00007ff96b4a0000 - 0x00007ff96b4c7000 	C:\Windows\SYSTEM32\WINMM.dll
0x00007ff9798c0000 - 0x00007ff9798c9000 	C:\Windows\SYSTEM32\WSOCK32.dll
0x00007ff982ff0000 - 0x00007ff98305b000 	C:\Windows\System32\WS2_32.dll
0x00007ff977ef0000 - 0x00007ff977eff000 	C:\Program Files\Android\Android Studio\jre\jre\bin\verify.dll
0x00007ff9763b0000 - 0x00007ff9763d9000 	C:\Program Files\Android\Android Studio\jre\jre\bin\java.dll
0x00007ff976a50000 - 0x00007ff976a66000 	C:\Program Files\Android\Android Studio\jre\jre\bin\zip.dll
0x00007ff9834e0000 - 0x00007ff983c1f000 	C:\Windows\System32\SHELL32.dll
0x00007ff97f630000 - 0x00007ff97fdc0000 	C:\Windows\SYSTEM32\windows.storage.dll
0x00007ff982bd0000 - 0x00007ff982f25000 	C:\Windows\System32\combase.dll
0x00007ff980fa0000 - 0x00007ff980fce000 	C:\Windows\SYSTEM32\Wldp.dll
0x00007ff983c80000 - 0x00007ff983d2d000 	C:\Windows\System32\SHCORE.dll
0x00007ff983c20000 - 0x00007ff983c75000 	C:\Windows\System32\shlwapi.dll
0x00007ff981490000 - 0x00007ff9814af000 	C:\Windows\SYSTEM32\profapi.dll
0x00007ff976730000 - 0x00007ff97674a000 	C:\Program Files\Android\Android Studio\jre\jre\bin\net.dll
0x00007ff980d00000 - 0x00007ff980d6a000 	C:\Windows\system32\mswsock.dll
0x00007ff976390000 - 0x00007ff9763a3000 	C:\Program Files\Android\Android Studio\jre\jre\bin\nio.dll
0x00007ff96cd90000 - 0x00007ff96cdb7000 	C:\Users\Lenovo\.gradle\native\f6784746aeab05261644944871eae4fe03e0ef1612fff0a4a95f87b438bc6780\windows-amd64\native-platform.dll
0x00007ff977e30000 - 0x00007ff977e3d000 	C:\Program Files\Android\Android Studio\jre\jre\bin\management.dll
0x00007ff980f00000 - 0x00007ff980f18000 	C:\Windows\SYSTEM32\CRYPTSP.dll
0x00007ff9805b0000 - 0x00007ff9805e4000 	C:\Windows\system32\rsaenh.dll
0x00007ff9818d0000 - 0x00007ff9818f7000 	C:\Windows\System32\bcrypt.dll
0x00007ff981450000 - 0x00007ff98147e000 	C:\Windows\SYSTEM32\USERENV.dll
0x00007ff981730000 - 0x00007ff9817b3000 	C:\Windows\System32\bcryptprimitives.dll
0x00007ff980ef0000 - 0x00007ff980efc000 	C:\Windows\SYSTEM32\CRYPTBASE.dll
0x00007ff9809a0000 - 0x00007ff9809db000 	C:\Windows\SYSTEM32\IPHLPAPI.DLL
0x00007ff983d30000 - 0x00007ff983d38000 	C:\Windows\System32\NSI.dll
0x00007ff9755a0000 - 0x00007ff9755b7000 	C:\Windows\SYSTEM32\dhcpcsvc6.DLL
0x00007ff975500000 - 0x00007ff97551d000 	C:\Windows\SYSTEM32\dhcpcsvc.DLL
0x00007ff9809e0000 - 0x00007ff980aab000 	C:\Windows\SYSTEM32\DNSAPI.dll
0x00007ff976680000 - 0x00007ff97668b000 	C:\Windows\SYSTEM32\WINNSI.DLL

VM Arguments:
jvm_args: -Xmx2048m -Dfile.encoding=UTF-8 -Duser.country=ID -Duser.language=en -Duser.variant 
java_command: org.gradle.launcher.daemon.bootstrap.GradleDaemon 6.5
java_class_path (initial): C:\Users\Lenovo\.gradle\wrapper\dists\gradle-6.5-bin\6nifqtx7604sqp1q6g8wikw7p\gradle-6.5\lib\gradle-launcher-6.5.jar
Launcher Type: SUN_STANDARD

Environment Variables:
JAVA_HOME=C:\Program Files\Java\jdk-17.0.1
PATH=C:\Program Files\ImageMagick-7.0.11-Q16-HDRI;C:\Program Files (x86)\VMware\VMware Player\bin\;C:\Windows\system32;C:\Windows;C:\Windows\System32\Wbem;C:\Windows\System32\WindowsPowerShell\v1.0\;C:\Windows\System32\OpenSSH\;C:\Program Files (x86)\NVIDIA Corporation\PhysX\Common;C:\Program Files\NVIDIA Corporation\NVIDIA NvDLISR;C:\src\flutter\bin;C:\Program Files\Git\cmd;C:\xampp\php;C:\ProgramData\ComposerSetup\bin;C:\Program Files\nodejs\;C:\Program Files\MongoDB\Server\4.4\bin;C:\MinGW\bin;C:\Program Files\dotnet\;C:\xampp\apache\bin;C:\Program Files\ImageMagick-7.0.11-Q16-HDRI;C:\Program Files\Docker\Docker\resources\bin;C:\ProgramData\DockerDesktop\version-bin;C:\Program Files\Java\jdk-17.0.1\bin;C:\Program Files\Microsoft SQL Server\150\Tools\Binn\;C:\Program Files\Microsoft SQL Server\Client SDK\ODBC\170\Tools\Binn\;C:\Program Files\PuTTY\;C:\Users\Lenovo\AppData\Local\Programs\Python\Python39\Scripts\;C:\Users\Lenovo\AppData\Local\Programs\Python\Python39\;C:\Users\Lenovo\AppData\Local\Microsoft\WindowsApps;;C:\Users\Lenovo\AppData\Local\Programs\Microsoft VS Code\bin;C:\Users\Lenovo\AppData\Roaming\Composer\vendor\bin;C:\Program Files\heroku\bin;C:\Users\Lenovo\AppData\Roaming\npm;C:\Users\Lenovo\.dotnet\tools
USERNAME=Lenovo
OS=Windows_NT
PROCESSOR_IDENTIFIER=Intel64 Family 6 Model 142 Stepping 11, GenuineIntel



---------------  S Y S T E M  ---------------

OS: Windows 10.0 , 64 bit Build 19041 (10.0.19041.1348)

CPU:total 8 (initial active 8) (4 cores per cpu, 2 threads per core) family 6 model 142 stepping 11, cmov, cx8, fxsr, mmx, sse, sse2, sse3, ssse3, sse4.1, sse4.2, popcnt, avx, avx2, aes, clmul, erms, 3dnowpref, lzcnt, ht, tsc, tscinvbit, bmi1, bmi2, adx

Memory: 4k page, physical 12392180k(1739964k free), swap 12392180k(4084k free)

vm_info: OpenJDK 64-Bit Server VM (25.242-b01) for windows-amd64 JRE (1.8.0_242-release-1644-b01), built by "builder" with MS VC++ 10.0 (VS2010)

time: Tue Dec 07 10:08:32 2021
timezone: SE Asia Standard Time
elapsed time: 2 seconds (0d 0h 0m 2s)

