#
# There is insufficient memory for the Java Runtime Environment to continue.
# Native memory allocation (malloc) failed to allocate 2133936 bytes for Chunk::new
# Possible reasons:
#   The system is out of physical RAM or swap space
#   The process is running with CompressedOops enabled, and the Java Heap may be blocking the growth of the native heap
# Possible solutions:
#   Reduce memory load on the system
#   Increase physical memory or swap space
#   Check if swap backing store is full
#   Decrease Java heap size (-Xmx/-Xms)
#   Decrease number of Java threads
#   Decrease Java thread stack sizes (-Xss)
#   Set larger code cache with -XX:ReservedCodeCacheSize=
#   JVM is running with Unscaled Compressed Oops mode in which the Java heap is
#     placed in the first 4GB address space. The Java Heap base address is the
#     maximum limit for the native heap growth. Please use -XX:HeapBaseMinAddress
#     to set the Java Heap base and to place the Java Heap above 4GB virtual address.
# This output file may be truncated or incomplete.
#
#  Out of Memory Error (allocation.cpp:389), pid=21268, tid=0x00000000000043c0
#
# JRE version: OpenJDK Runtime Environment (8.0_242-b01) (build 1.8.0_242-release-1644-b01)
# Java VM: OpenJDK 64-Bit Server VM (25.242-b01 mixed mode windows-amd64 compressed oops)
# Failed to write core dump. Minidumps are not enabled by default on client versions of Windows
#

---------------  T H R E A D  ---------------

Current thread (0x0000000019879000):  JavaThread "C2 CompilerThread2" daemon [_thread_in_native, id=17344, stack(0x000000001a340000,0x000000001a440000)]

Stack: [0x000000001a340000,0x000000001a440000]
[error occurred during error reporting (printing stack bounds), id 0xc0000005]

Native frames: (J=compiled Java code, j=interpreted, Vv=VM code, C=native code)


Current CompileTask:
C2:   2218 1509   !   4       java.net.URLClassLoader$1::run (63 bytes)


---------------  P R O C E S S  ---------------

Java Threads: ( => current thread )
  0x000000001c4fb800 JavaThread "Cache worker for file hash cache (D:\Code\Projects\Plasmahero-mobile\client\.gradle\6.5\fileHashes)" [_thread_blocked, id=20944, stack(0x0000000020b00000,0x0000000020c00000)]
  0x000000001c4fd800 JavaThread "Cache worker for file hash cache (C:\Users\Lenovo\.gradle\caches\6.5\fileHashes)" [_thread_blocked, id=15804, stack(0x000000001e860000,0x000000001e960000)]
  0x000000001c4fa000 JavaThread "File lock request listener" [_thread_in_native, id=19520, stack(0x000000001e760000,0x000000001e860000)]
  0x000000001c50d000 JavaThread "Cache worker for journal cache (C:\Users\Lenovo\.gradle\caches\journal-1)" [_thread_blocked, id=15392, stack(0x000000001e660000,0x000000001e760000)]
  0x000000001a8f3000 JavaThread "Thread-9" [_thread_blocked, id=18708, stack(0x000000001e360000,0x000000001e460000)]
  0x000000001a8de000 JavaThread "Stdin handler" [_thread_blocked, id=14344, stack(0x000000001e260000,0x000000001e360000)]
  0x00000000199b9000 JavaThread "Asynchronous log dispatcher for DefaultDaemonConnection: socket connection from /127.0.0.1:51855 to /127.0.0.1:51856" [_thread_blocked, id=13456, stack(0x000000001e160000,0x000000001e260000)]
  0x000000001a9f4000 JavaThread "Daemon worker" [_thread_in_vm, id=20192, stack(0x000000001e060000,0x000000001e160000)]
  0x000000001a83b800 JavaThread "Cancel handler" [_thread_blocked, id=14996, stack(0x000000001de60000,0x000000001df60000)]
  0x000000001a851800 JavaThread "Handler for socket connection from /127.0.0.1:51855 to /127.0.0.1:51856" [_thread_in_native, id=7060, stack(0x000000001dd60000,0x000000001de60000)]
  0x000000001a7ed000 JavaThread "Daemon" [_thread_blocked, id=3148, stack(0x000000001da60000,0x000000001db60000)]
  0x000000001c2e0000 JavaThread "Daemon periodic checks" [_thread_blocked, id=14184, stack(0x000000001d960000,0x000000001da60000)]
  0x000000001c300000 JavaThread "Incoming local TCP Connector on port 51855" [_thread_in_native, id=12672, stack(0x000000001d720000,0x000000001d820000)]
  0x000000001c23b800 JavaThread "Daemon health stats" [_thread_blocked, id=1644, stack(0x000000001d0e0000,0x000000001d1e0000)]
  0x0000000019918800 JavaThread "Service Thread" daemon [_thread_blocked, id=16632, stack(0x000000001a540000,0x000000001a640000)]
  0x000000001987e000 JavaThread "C1 CompilerThread3" daemon [_thread_blocked, id=1376, stack(0x000000001a440000,0x000000001a540000)]
=>0x0000000019879000 JavaThread "C2 CompilerThread2" daemon [_thread_in_native, id=17344, stack(0x000000001a340000,0x000000001a440000)]
  0x0000000019873800 JavaThread "C2 CompilerThread1" daemon [_thread_in_native, id=11724, stack(0x000000001a240000,0x000000001a340000)]
  0x0000000019870800 JavaThread "C2 CompilerThread0" daemon [_thread_in_native, id=14768, stack(0x000000001a140000,0x000000001a240000)]
  0x000000001986f800 JavaThread "Attach Listener" daemon [_thread_blocked, id=15760, stack(0x000000001a040000,0x000000001a140000)]
  0x0000000017a7e800 JavaThread "Signal Dispatcher" daemon [_thread_blocked, id=10232, stack(0x0000000019f40000,0x000000001a040000)]
  0x0000000017a72800 JavaThread "Finalizer" daemon [_thread_blocked, id=11016, stack(0x0000000019d40000,0x0000000019e40000)]
  0x0000000017a6b800 JavaThread "Reference Handler" daemon [_thread_blocked, id=21272, stack(0x0000000019c40000,0x0000000019d40000)]
  0x0000000002902800 JavaThread "main" [_thread_blocked, id=21288, stack(0x00000000027a0000,0x00000000028a0000)]

Other Threads:
  0x0000000017a67800 VMThread [stack: 0x0000000019740000,0x0000000019840000] [id=4440]
  0x0000000019899000 WatcherThread [stack: 0x000000001a640000,0x000000001a740000] [id=3112]

VM state:not at safepoint (normal execution)

VM Mutex/Monitor currently owned by a thread: None

heap address: 0x0000000080000000, size: 2048 MB, Compressed Oops mode: 32-bit
Narrow klass base: 0x0000000000000000, Narrow klass shift: 3
Compressed class space size: 1073741824 Address: 0x0000000100000000

Heap:
 PSYoungGen      total 56832K, used 50340K [0x00000000d5580000, 0x00000000dc480000, 0x0000000100000000)
  eden space 49152K, 86% used [0x00000000d5580000,0x00000000d7f2cb90,0x00000000d8580000)
  from space 7680K, 99% used [0x00000000d8580000,0x00000000d8cfc5e0,0x00000000d8d00000)
  to   space 7680K, 0% used [0x00000000dbd00000,0x00000000dbd00000,0x00000000dc480000)
 ParOldGen       total 130048K, used 1518K [0x0000000080000000, 0x0000000087f00000, 0x00000000d5580000)
  object space 130048K, 1% used [0x0000000080000000,0x000000008017bb38,0x0000000087f00000)
 Metaspace       used 19562K, capacity 20174K, committed 20352K, reserved 1067008K
  class space    used 2712K, capacity 2877K, committed 2944K, reserved 1048576K

Card table byte_map: [0x0000000011dc0000,0x00000000121d0000] byte_map_base: 0x00000000119c0000

Marking Bits: (ParMarkBitMap*) 0x000000005d34f030
 Begin Bits: [0x0000000012c80000, 0x0000000014c80000)
 End Bits:   [0x0000000014c80000, 0x0000000016c80000)

Polling page: 0x0000000000f00000

CodeCache: size=245760Kb used=5969Kb max_used=5969Kb free=239790Kb
 bounds [0x0000000002a00000, 0x0000000002fe0000, 0x0000000011a00000]
 total_blobs=2134 nmethods=1721 adapters=326
 compilation: enabled

Compilation events (10 events):
Event: 2.191 Thread 0x000000001987e000 1714       3       java.util.Collections::emptyList (4 bytes)
Event: 2.191 Thread 0x000000001987e000 nmethod 1714 0x0000000002fc3710 code [0x0000000002fc3860, 0x0000000002fc3990]
Event: 2.191 Thread 0x000000001987e000 1715       1       java.lang.reflect.Proxy$Key1::hashCode (5 bytes)
Event: 2.191 Thread 0x000000001987e000 nmethod 1715 0x0000000002fc3450 code [0x0000000002fc35a0, 0x0000000002fc36b0]
Event: 2.191 Thread 0x000000001987e000 1716       3       sun.misc.ProxyGenerator::getParameterDescriptors (47 bytes)
Event: 2.192 Thread 0x000000001987e000 nmethod 1716 0x0000000002fc1c10 code [0x0000000002fc1e60, 0x0000000002fc2c38]
Event: 2.192 Thread 0x000000001987e000 1718       3       sun.misc.ProxyGenerator$ExceptionTableEntry::<init> (26 bytes)
Event: 2.192 Thread 0x000000001987e000 nmethod 1718 0x0000000002fc1850 code [0x0000000002fc19a0, 0x0000000002fc1b50]
Event: 2.193 Thread 0x0000000019870800 nmethod 1701 0x0000000002fc52d0 code [0x0000000002fc5420, 0x0000000002fc5698]
Event: 2.193 Thread 0x0000000019870800 1717       4       java.io.DataOutputStream::writeByte (14 bytes)

GC Heap History (6 events):
Event: 0.657 GC heap before
{Heap before GC invocations=1 (full 0):
 PSYoungGen      total 56832K, used 49152K [0x00000000d5580000, 0x00000000d9480000, 0x0000000100000000)
  eden space 49152K, 100% used [0x00000000d5580000,0x00000000d8580000,0x00000000d8580000)
  from space 7680K, 0% used [0x00000000d8d00000,0x00000000d8d00000,0x00000000d9480000)
  to   space 7680K, 0% used [0x00000000d8580000,0x00000000d8580000,0x00000000d8d00000)
 ParOldGen       total 130048K, used 0K [0x0000000080000000, 0x0000000087f00000, 0x00000000d5580000)
  object space 130048K, 0% used [0x0000000080000000,0x0000000080000000,0x0000000087f00000)
 Metaspace       used 7556K, capacity 7838K, committed 8064K, reserved 1056768K
  class space    used 928K, capacity 1037K, committed 1152K, reserved 1048576K
Event: 0.661 GC heap after
Heap after GC invocations=1 (full 0):
 PSYoungGen      total 56832K, used 4770K [0x00000000d5580000, 0x00000000d9480000, 0x0000000100000000)
  eden space 49152K, 0% used [0x00000000d5580000,0x00000000d5580000,0x00000000d8580000)
  from space 7680K, 62% used [0x00000000d8580000,0x00000000d8a28a78,0x00000000d8d00000)
  to   space 7680K, 0% used [0x00000000d8d00000,0x00000000d8d00000,0x00000000d9480000)
 ParOldGen       total 130048K, used 16K [0x0000000080000000, 0x0000000087f00000, 0x00000000d5580000)
  object space 130048K, 0% used [0x0000000080000000,0x0000000080004000,0x0000000087f00000)
 Metaspace       used 7556K, capacity 7838K, committed 8064K, reserved 1056768K
  class space    used 928K, capacity 1037K, committed 1152K, reserved 1048576K
}
Event: 1.598 GC heap before
{Heap before GC invocations=2 (full 0):
 PSYoungGen      total 56832K, used 53922K [0x00000000d5580000, 0x00000000d9480000, 0x0000000100000000)
  eden space 49152K, 100% used [0x00000000d5580000,0x00000000d8580000,0x00000000d8580000)
  from space 7680K, 62% used [0x00000000d8580000,0x00000000d8a28a78,0x00000000d8d00000)
  to   space 7680K, 0% used [0x00000000d8d00000,0x00000000d8d00000,0x00000000d9480000)
 ParOldGen       total 130048K, used 16K [0x0000000080000000, 0x0000000087f00000, 0x00000000d5580000)
  object space 130048K, 0% used [0x0000000080000000,0x0000000080004000,0x0000000087f00000)
 Metaspace       used 11339K, capacity 11594K, committed 11904K, reserved 1058816K
  class space    used 1499K, capacity 1607K, committed 1664K, reserved 1048576K
Event: 1.603 GC heap after
Heap after GC invocations=2 (full 0):
 PSYoungGen      total 56832K, used 6301K [0x00000000d5580000, 0x00000000d9480000, 0x0000000100000000)
  eden space 49152K, 0% used [0x00000000d5580000,0x00000000d5580000,0x00000000d8580000)
  from space 7680K, 82% used [0x00000000d8d00000,0x00000000d93277d0,0x00000000d9480000)
  to   space 7680K, 0% used [0x00000000d8580000,0x00000000d8580000,0x00000000d8d00000)
 ParOldGen       total 130048K, used 24K [0x0000000080000000, 0x0000000087f00000, 0x00000000d5580000)
  object space 130048K, 0% used [0x0000000080000000,0x0000000080006000,0x0000000087f00000)
 Metaspace       used 11339K, capacity 11594K, committed 11904K, reserved 1058816K
  class space    used 1499K, capacity 1607K, committed 1664K, reserved 1048576K
}
Event: 1.924 GC heap before
{Heap before GC invocations=3 (full 0):
 PSYoungGen      total 56832K, used 55453K [0x00000000d5580000, 0x00000000d9480000, 0x0000000100000000)
  eden space 49152K, 100% used [0x00000000d5580000,0x00000000d8580000,0x00000000d8580000)
  from space 7680K, 82% used [0x00000000d8d00000,0x00000000d93277d0,0x00000000d9480000)
  to   space 7680K, 0% used [0x00000000d8580000,0x00000000d8580000,0x00000000d8d00000)
 ParOldGen       total 130048K, used 24K [0x0000000080000000, 0x0000000087f00000, 0x00000000d5580000)
  object space 130048K, 0% used [0x0000000080000000,0x0000000080006000,0x0000000087f00000)
 Metaspace       used 16519K, capacity 17212K, committed 17280K, reserved 1064960K
  class space    used 2209K, capacity 2432K, committed 2432K, reserved 1048576K
Event: 1.931 GC heap after
Heap after GC invocations=3 (full 0):
 PSYoungGen      total 56832K, used 7665K [0x00000000d5580000, 0x00000000dc480000, 0x0000000100000000)
  eden space 49152K, 0% used [0x00000000d5580000,0x00000000d5580000,0x00000000d8580000)
  from space 7680K, 99% used [0x00000000d8580000,0x00000000d8cfc5e0,0x00000000d8d00000)
  to   space 7680K, 0% used [0x00000000dbd00000,0x00000000dbd00000,0x00000000dc480000)
 ParOldGen       total 130048K, used 1518K [0x0000000080000000, 0x0000000087f00000, 0x00000000d5580000)
  object space 130048K, 1% used [0x0000000080000000,0x000000008017bb38,0x0000000087f00000)
 Metaspace       used 16519K, capacity 17212K, committed 17280K, reserved 1064960K
  class space    used 2209K, capacity 2432K, committed 2432K, reserved 1048576K
}

Deoptimization events (10 events):
Event: 1.853 Thread 0x000000001a9f4000 Uncommon trap: reason=unstable_if action=reinterpret pc=0x0000000002d0f88c method=java.io.File.getName()Ljava/lang/String; @ 16
Event: 1.853 Thread 0x000000001a9f4000 Uncommon trap: reason=unstable_if action=reinterpret pc=0x0000000002d10f54 method=java.lang.String.substring(I)Ljava/lang/String; @ 35
Event: 1.976 Thread 0x000000001a9f4000 Uncommon trap: reason=unstable_if action=reinterpret pc=0x0000000002d18230 method=java.util.LinkedHashMap.afterNodeInsertion(Z)V @ 1
Event: 1.977 Thread 0x000000001a9f4000 Uncommon trap: reason=unstable_if action=reinterpret pc=0x0000000002c5d044 method=java.util.HashMap.getNode(ILjava/lang/Object;)Ljava/util/HashMap$Node; @ 129
Event: 1.977 Thread 0x000000001a9f4000 Uncommon trap: reason=bimorphic action=maybe_recompile pc=0x0000000002ebf93c method=java.util.HashMap.putVal(ILjava/lang/Object;Ljava/lang/Object;ZZ)Ljava/lang/Object; @ 203
Event: 1.978 Thread 0x000000001a9f4000 Uncommon trap: reason=unstable_if action=reinterpret pc=0x0000000002c5ff88 method=java.util.HashMap.getNode(ILjava/lang/Object;)Ljava/util/HashMap$Node; @ 129
Event: 1.978 Thread 0x000000001a9f4000 Uncommon trap: reason=bimorphic action=maybe_recompile pc=0x0000000002ebf93c method=java.util.HashMap.putVal(ILjava/lang/Object;Ljava/lang/Object;ZZ)Ljava/lang/Object; @ 203
Event: 2.050 Thread 0x000000001a9f4000 Uncommon trap: reason=unstable_if action=reinterpret pc=0x0000000002ef1a8c method=java.util.jar.Attributes$Name.isDigit(C)Z @ 3
Event: 2.147 Thread 0x000000001a9f4000 Uncommon trap: reason=unstable_if action=reinterpret pc=0x0000000002bbed48 method=java.net.URI.match(CJJ)Z @ 19
Event: 2.147 Thread 0x000000001a9f4000 Uncommon trap: reason=unstable_if action=reinterpret pc=0x0000000002ca4a80 method=java.net.URI.match(CJJ)Z @ 19

Classes redefined (0 events):
No events

Internal exceptions (10 events):
Event: 1.621 Thread 0x000000001a851800 Exception <a 'java/lang/NoSuchMethodError': <clinit>> (0x00000000d5765f98) thrown at [C:\src\AOSP-openjdk-git\hotspot\src\share\vm\prims\jni.cpp, line 1615]
Event: 1.622 Thread 0x000000001a851800 Exception <a 'java/lang/NoSuchMethodError': <clinit>> (0x00000000d577a598) thrown at [C:\src\AOSP-openjdk-git\hotspot\src\share\vm\prims\jni.cpp, line 1615]
Event: 1.627 Thread 0x000000001a851800 Exception <a 'java/lang/NoSuchMethodError': <clinit>> (0x00000000d5837540) thrown at [C:\src\AOSP-openjdk-git\hotspot\src\share\vm\prims\jni.cpp, line 1615]
Event: 1.631 Thread 0x000000001a851800 Exception <a 'java/lang/NoSuchMethodError': <clinit>> (0x00000000d5871a48) thrown at [C:\src\AOSP-openjdk-git\hotspot\src\share\vm\prims\jni.cpp, line 1615]
Event: 1.634 Thread 0x000000001a851800 Exception <a 'java/lang/NoSuchMethodError': <clinit>> (0x00000000d58a77c8) thrown at [C:\src\AOSP-openjdk-git\hotspot\src\share\vm\prims\jni.cpp, line 1615]
Event: 1.635 Thread 0x000000001a851800 Exception <a 'java/lang/NoSuchMethodError': <clinit>> (0x00000000d58b3cf8) thrown at [C:\src\AOSP-openjdk-git\hotspot\src\share\vm\prims\jni.cpp, line 1615]
Event: 1.874 Thread 0x000000001a9f4000 Exception <a 'java/lang/NoSuchMethodError': java.lang.Object.lambda$and$0(Ljava/util/function/Predicate;Ljava/lang/Object;)Z> (0x00000000d7d387e0) thrown at [C:\src\AOSP-openjdk-git\hotspot\src\share\vm\interpreter\linkResolver.cpp, line 620]
Event: 1.877 Thread 0x000000001a9f4000 Exception <a 'java/lang/IncompatibleClassChangeError': Found class java.lang.Object, but interface was expected> (0x00000000d7d48ad8) thrown at [C:\src\AOSP-openjdk-git\hotspot\src\share\vm\interpreter\linkResolver.cpp, line 653]
Event: 1.878 Thread 0x000000001a9f4000 Exception <a 'java/lang/NoSuchMethodError': java.lang.Object.lambda$or$2(Ljava/util/function/Predicate;Ljava/lang/Object;)Z> (0x00000000d7d4d628) thrown at [C:\src\AOSP-openjdk-git\hotspot\src\share\vm\interpreter\linkResolver.cpp, line 620]
Event: 2.002 Thread 0x000000001a9f4000 Exception <a 'java/lang/NoSuchMethodError': java.lang.Object.lambda$static$0(Lorg/gradle/internal/state/ModelObject;)Ljava/lang/String;> (0x00000000d6575640) thrown at [C:\src\AOSP-openjdk-git\hotspot\src\share\vm\interpreter\linkResolver.cpp, line 620]

Events (10 events):
Event: 2.192 loading class org/gradle/api/file/RegularFile
Event: 2.192 loading class org/gradle/api/file/RegularFile done
Event: 2.192 loading class org/gradle/api/file/FileSystemLocation
Event: 2.192 loading class org/gradle/api/file/FileSystemLocation done
Event: 2.192 loading class org/gradle/api/file/Directory
Event: 2.192 loading class org/gradle/api/file/Directory done
Event: 2.193 loading class org/gradle/internal/state/DefaultManagedFactoryRegistry
Event: 2.193 loading class org/gradle/internal/state/DefaultManagedFactoryRegistry done
Event: 2.193 loading class org/gradle/api/internal/file/collections/ManagedFactories$ConfigurableFileCollectionManagedFactory
Event: 2.193 loading class org/gradle/api/internal/file/collections/ManagedFactories$ConfigurableFileCollectionManagedFactory done


Dynamic libraries:
0x00007ff7bf8d0000 - 0x00007ff7bf901000 	C:\Program Files\Android\Android Studio\jre\bin\java.exe
0x00007ffe94cf0000 - 0x00007ffe94ee5000 	C:\Windows\SYSTEM32\ntdll.dll
0x00007ffe948e0000 - 0x00007ffe9499e000 	C:\Windows\System32\KERNEL32.DLL
0x00007ffe92550000 - 0x00007ffe92818000 	C:\Windows\System32\KERNELBASE.dll
0x00007ffe94500000 - 0x00007ffe945ac000 	C:\Windows\System32\ADVAPI32.dll
0x00007ffe92d40000 - 0x00007ffe92dde000 	C:\Windows\System32\msvcrt.dll
0x00007ffe94840000 - 0x00007ffe948db000 	C:\Windows\System32\sechost.dll
0x00007ffe949a0000 - 0x00007ffe94aca000 	C:\Windows\System32\RPCRT4.dll
0x00007ffe94350000 - 0x00007ffe944f1000 	C:\Windows\System32\USER32.dll
0x00007ffe92a20000 - 0x00007ffe92a42000 	C:\Windows\System32\win32u.dll
0x00007ffe92df0000 - 0x00007ffe92e1b000 	C:\Windows\System32\GDI32.dll
0x00007ffe92ad0000 - 0x00007ffe92bdb000 	C:\Windows\System32\gdi32full.dll
0x00007ffe92880000 - 0x00007ffe9291d000 	C:\Windows\System32\msvcp_win.dll
0x00007ffe92920000 - 0x00007ffe92a20000 	C:\Windows\System32\ucrtbase.dll
0x00007ffe7c090000 - 0x00007ffe7c32a000 	C:\Windows\WinSxS\amd64_microsoft.windows.common-controls_6595b64144ccf1df_6.0.19041.1110_none_60b5254171f9507e\COMCTL32.dll
0x00007ffe94760000 - 0x00007ffe94790000 	C:\Windows\System32\IMM32.DLL
0x000000005c910000 - 0x000000005c9e2000 	C:\Program Files\Android\Android Studio\jre\jre\bin\msvcr100.dll
0x000000005cb80000 - 0x000000005d3cb000 	C:\Program Files\Android\Android Studio\jre\jre\bin\server\jvm.dll
0x00007ffe92de0000 - 0x00007ffe92de8000 	C:\Windows\System32\PSAPI.DLL
0x00007ffe8a3f0000 - 0x00007ffe8a3f9000 	C:\Windows\SYSTEM32\WSOCK32.dll
0x00007ffe87ce0000 - 0x00007ffe87cea000 	C:\Windows\SYSTEM32\VERSION.dll
0x00007ffe82090000 - 0x00007ffe820b7000 	C:\Windows\SYSTEM32\WINMM.dll
0x00007ffe94bb0000 - 0x00007ffe94c1b000 	C:\Windows\System32\WS2_32.dll
0x00007ffe81080000 - 0x00007ffe8108f000 	C:\Program Files\Android\Android Studio\jre\jre\bin\verify.dll
0x00007ffe81050000 - 0x00007ffe81079000 	C:\Program Files\Android\Android Studio\jre\jre\bin\java.dll
0x00007ffe6a5d0000 - 0x00007ffe6a5e6000 	C:\Program Files\Android\Android Studio\jre\jre\bin\zip.dll
0x00007ffe92e30000 - 0x00007ffe9356f000 	C:\Windows\System32\SHELL32.dll
0x00007ffe90510000 - 0x00007ffe90ca0000 	C:\Windows\SYSTEM32\windows.storage.dll
0x00007ffe93ec0000 - 0x00007ffe94215000 	C:\Windows\System32\combase.dll
0x00007ffe91e60000 - 0x00007ffe91e8e000 	C:\Windows\SYSTEM32\Wldp.dll
0x00007ffe93e10000 - 0x00007ffe93ebd000 	C:\Windows\System32\SHCORE.dll
0x00007ffe93b80000 - 0x00007ffe93bd5000 	C:\Windows\System32\shlwapi.dll
0x00007ffe92350000 - 0x00007ffe9236f000 	C:\Windows\SYSTEM32\profapi.dll
0x00007ffe6a5b0000 - 0x00007ffe6a5ca000 	C:\Program Files\Android\Android Studio\jre\jre\bin\net.dll
0x00007ffe91bc0000 - 0x00007ffe91c2a000 	C:\Windows\system32\mswsock.dll
0x00007ffe6a590000 - 0x00007ffe6a5a3000 	C:\Program Files\Android\Android Studio\jre\jre\bin\nio.dll
0x00007ffe810a0000 - 0x00007ffe810c7000 	C:\Users\Lenovo\.gradle\native\f6784746aeab05261644944871eae4fe03e0ef1612fff0a4a95f87b438bc6780\windows-amd64\native-platform.dll
0x00007ffe7c410000 - 0x00007ffe7c41d000 	C:\Program Files\Android\Android Studio\jre\jre\bin\management.dll
0x00007ffe91db0000 - 0x00007ffe91dc8000 	C:\Windows\SYSTEM32\CRYPTSP.dll
0x00007ffe914d0000 - 0x00007ffe91504000 	C:\Windows\system32\rsaenh.dll
0x00007ffe92aa0000 - 0x00007ffe92ac7000 	C:\Windows\System32\bcrypt.dll
0x00007ffe92310000 - 0x00007ffe9233e000 	C:\Windows\SYSTEM32\USERENV.dll
0x00007ffe92410000 - 0x00007ffe92493000 	C:\Windows\System32\bcryptprimitives.dll
0x00007ffe91dd0000 - 0x00007ffe91ddc000 	C:\Windows\SYSTEM32\CRYPTBASE.dll
0x00007ffe91860000 - 0x00007ffe9189b000 	C:\Windows\SYSTEM32\IPHLPAPI.DLL
0x00007ffe92e20000 - 0x00007ffe92e28000 	C:\Windows\System32\NSI.dll
0x00007ffe86960000 - 0x00007ffe86977000 	C:\Windows\SYSTEM32\dhcpcsvc6.DLL
0x00007ffe86780000 - 0x00007ffe8679d000 	C:\Windows\SYSTEM32\dhcpcsvc.DLL
0x00007ffe918a0000 - 0x00007ffe9196b000 	C:\Windows\SYSTEM32\DNSAPI.dll
0x00007ffe86bd0000 - 0x00007ffe86bdb000 	C:\Windows\SYSTEM32\WINNSI.DLL

VM Arguments:
jvm_args: -Xmx2048m -Dfile.encoding=UTF-8 -Duser.country=ID -Duser.language=en -Duser.variant 
java_command: org.gradle.launcher.daemon.bootstrap.GradleDaemon 6.5
java_class_path (initial): C:\Users\Lenovo\.gradle\wrapper\dists\gradle-6.5-bin\6nifqtx7604sqp1q6g8wikw7p\gradle-6.5\lib\gradle-launcher-6.5.jar
Launcher Type: SUN_STANDARD

Environment Variables:
JAVA_HOME=C:\Program Files\Java\jdk-17.0.1
PATH=C:\Program Files\ImageMagick-7.0.11-Q16-HDRI;C:\Program Files (x86)\VMware\VMware Player\bin\;C:\Windows\system32;C:\Windows;C:\Windows\System32\Wbem;C:\Windows\System32\WindowsPowerShell\v1.0\;C:\Windows\System32\OpenSSH\;C:\Program Files (x86)\NVIDIA Corporation\PhysX\Common;C:\Program Files\NVIDIA Corporation\NVIDIA NvDLISR;C:\src\flutter\bin;C:\Program Files\Git\cmd;C:\xampp\php;C:\ProgramData\ComposerSetup\bin;C:\Program Files\nodejs\;C:\Program Files\MongoDB\Server\4.4\bin;C:\MinGW\bin;C:\Program Files\dotnet\;C:\xampp\apache\bin;C:\Program Files\ImageMagick-7.0.11-Q16-HDRI;C:\Program Files\Docker\Docker\resources\bin;C:\ProgramData\DockerDesktop\version-bin;C:\Program Files\Java\jdk-17.0.1\bin;C:\Program Files\Microsoft SQL Server\150\Tools\Binn\;C:\Program Files\Microsoft SQL Server\Client SDK\ODBC\170\Tools\Binn\;C:\Program Files\PuTTY\;C:\Users\Lenovo\AppData\Local\Programs\Python\Python39\Scripts\;C:\Users\Lenovo\AppData\Local\Programs\Python\Python39\;C:\Users\Lenovo\AppData\Local\Microsoft\WindowsApps;;C:\Users\Lenovo\AppData\Local\Programs\Microsoft VS Code\bin;C:\Users\Lenovo\AppData\Roaming\Composer\vendor\bin;C:\Program Files\heroku\bin;C:\Users\Lenovo\AppData\Roaming\npm;C:\Users\Lenovo\.dotnet\tools
USERNAME=Lenovo
OS=Windows_NT
PROCESSOR_IDENTIFIER=Intel64 Family 6 Model 142 Stepping 11, GenuineIntel



---------------  S Y S T E M  ---------------

OS: Windows 10.0 , 64 bit Build 19041 (10.0.19041.1348)

CPU:total 8 (initial active 8) (4 cores per cpu, 2 threads per core) family 6 model 142 stepping 11, cmov, cx8, fxsr, mmx, sse, sse2, sse3, ssse3, sse4.1, sse4.2, popcnt, avx, avx2, aes, clmul, erms, 3dnowpref, lzcnt, ht, tsc, tscinvbit, bmi1, bmi2, adx

Memory: 4k page, physical 12392180k(2067308k free), swap 12392180k(6196k free)

vm_info: OpenJDK 64-Bit Server VM (25.242-b01) for windows-amd64 JRE (1.8.0_242-release-1644-b01), built by "builder" with MS VC++ 10.0 (VS2010)

time: Wed Dec 01 21:15:33 2021
timezone: SE Asia Standard Time
elapsed time: 2 seconds (0d 0h 0m 2s)

