#
# There is insufficient memory for the Java Runtime Environment to continue.
# Native memory allocation (malloc) failed to allocate 1820496 bytes for Chunk::new
# Possible reasons:
#   The system is out of physical RAM or swap space
#   The process is running with CompressedOops enabled, and the Java Heap may be blocking the growth of the native heap
# Possible solutions:
#   Reduce memory load on the system
#   Increase physical memory or swap space
#   Check if swap backing store is full
#   Decrease Java heap size (-Xmx/-Xms)
#   Decrease number of Java threads
#   Decrease Java thread stack sizes (-Xss)
#   Set larger code cache with -XX:ReservedCodeCacheSize=
#   JVM is running with Unscaled Compressed Oops mode in which the Java heap is
#     placed in the first 4GB address space. The Java Heap base address is the
#     maximum limit for the native heap growth. Please use -XX:HeapBaseMinAddress
#     to set the Java Heap base and to place the Java Heap above 4GB virtual address.
# This output file may be truncated or incomplete.
#
#  Out of Memory Error (allocation.cpp:389), pid=5640, tid=0x0000000000000cd4
#
# JRE version: OpenJDK Runtime Environment (8.0_242-b01) (build 1.8.0_242-release-1644-b01)
# Java VM: OpenJDK 64-Bit Server VM (25.242-b01 mixed mode windows-amd64 compressed oops)
# Failed to write core dump. Minidumps are not enabled by default on client versions of Windows
#

---------------  T H R E A D  ---------------

Current thread (0x0000000019729800):  JavaThread "C2 CompilerThread2" daemon [_thread_in_native, id=3284, stack(0x000000001a1f0000,0x000000001a2f0000)]

Stack: [0x000000001a1f0000,0x000000001a2f0000]
[error occurred during error reporting (printing stack bounds), id 0xc0000005]

Native frames: (J=compiled Java code, j=interpreted, Vv=VM code, C=native code)


Current CompileTask:
C2:   9461 6134       4       groovy.lang.MetaClassImpl::inheritInterfaceNewMetaMethods (199 bytes)


---------------  P R O C E S S  ---------------

Java Threads: ( => current thread )
  0x000000002329c800 JavaThread "Cache worker for execution history cache (D:\Code\Projects\Plasmahero-mobile\client\.gradle\6.5\executionHistory)" [_thread_blocked, id=15116, stack(0x000000002e1f0000,0x000000002e2f0000)]
  0x00000000232a0800 JavaThread "Execution worker for ':' Thread 7" [_thread_in_Java, id=6852, stack(0x000000002e0f0000,0x000000002e1f0000)]
  0x0000000023295000 JavaThread "Execution worker for ':' Thread 6" [_thread_blocked, id=11920, stack(0x000000002dff0000,0x000000002e0f0000)]
  0x000000002329c000 JavaThread "Execution worker for ':' Thread 5" [_thread_blocked, id=11752, stack(0x000000002def0000,0x000000002dff0000)]
  0x000000002329b000 JavaThread "Execution worker for ':' Thread 4" [_thread_blocked, id=9708, stack(0x000000002ddf0000,0x000000002def0000)]
  0x000000002329a800 JavaThread "Execution worker for ':' Thread 3" [_thread_blocked, id=18072, stack(0x000000002dcf0000,0x000000002ddf0000)]
  0x0000000023299800 JavaThread "Execution worker for ':' Thread 2" [_thread_blocked, id=18592, stack(0x000000002dbf0000,0x000000002dcf0000)]
  0x0000000023297800 JavaThread "Execution worker for ':'" [_thread_blocked, id=10228, stack(0x000000002daf0000,0x000000002dbf0000)]
  0x0000000023293000 JavaThread "Cache worker for file content cache (D:\Code\Projects\Plasmahero-mobile\client\.gradle\6.5\fileContent)" [_thread_blocked, id=12932, stack(0x0000000029060000,0x0000000029160000)]
  0x0000000023292000 JavaThread "Memory manager" [_thread_blocked, id=7380, stack(0x0000000024a00000,0x0000000024b00000)]
  0x0000000023293800 JavaThread "Cache worker for Build Output Cleanup Cache (D:\Code\Projects\Plasmahero-mobile\client\.gradle\buildOutputCleanup)" [_thread_blocked, id=14604, stack(0x0000000024900000,0x0000000024a00000)]
  0x0000000023296800 JavaThread "jar transforms Thread 116" [_thread_blocked, id=10544, stack(0x000000002bff0000,0x000000002c0f0000)]
  0x0000000023296000 JavaThread "jar transforms Thread 115" [_thread_blocked, id=10160, stack(0x000000002bef0000,0x000000002bff0000)]
  0x0000000023298000 JavaThread "jar transforms Thread 114" [_thread_blocked, id=12384, stack(0x000000002bdf0000,0x000000002bef0000)]
  0x0000000023294800 JavaThread "jar transforms Thread 113" [_thread_blocked, id=3344, stack(0x000000002bcf0000,0x000000002bdf0000)]
  0x0000000021b35800 JavaThread "jar transforms Thread 112" [_thread_blocked, id=4124, stack(0x000000002bbf0000,0x000000002bcf0000)]
  0x0000000021b34000 JavaThread "jar transforms Thread 111" [_thread_blocked, id=13736, stack(0x000000002baf0000,0x000000002bbf0000)]
  0x0000000021b33000 JavaThread "jar transforms Thread 110" [_thread_blocked, id=7748, stack(0x000000002b9f0000,0x000000002baf0000)]
  0x0000000021b34800 JavaThread "jar transforms Thread 109" [_thread_blocked, id=9220, stack(0x000000002b8f0000,0x000000002b9f0000)]
  0x0000000021b32800 JavaThread "jar transforms Thread 108" [_thread_blocked, id=6268, stack(0x000000002b7f0000,0x000000002b8f0000)]
  0x0000000021b2b000 JavaThread "jar transforms Thread 107" [_thread_blocked, id=10284, stack(0x000000002b6f0000,0x000000002b7f0000)]
  0x0000000021b31800 JavaThread "jar transforms Thread 106" [_thread_blocked, id=1332, stack(0x000000002b5f0000,0x000000002b6f0000)]
  0x0000000021b31000 JavaThread "jar transforms Thread 105" [_thread_blocked, id=10560, stack(0x000000002b4f0000,0x000000002b5f0000)]
  0x0000000021b30000 JavaThread "jar transforms Thread 104" [_thread_blocked, id=12772, stack(0x000000002b2f0000,0x000000002b3f0000)]
  0x0000000021b2f800 JavaThread "jar transforms Thread 103" [_thread_blocked, id=16920, stack(0x000000002b1f0000,0x000000002b2f0000)]
  0x0000000021b28000 JavaThread "jar transforms Thread 102" [_thread_blocked, id=17820, stack(0x000000002b0f0000,0x000000002b1f0000)]
  0x0000000021b2e800 JavaThread "jar transforms Thread 101" [_thread_blocked, id=10984, stack(0x000000002aff0000,0x000000002b0f0000)]
  0x0000000021b2e000 JavaThread "jar transforms Thread 100" [_thread_blocked, id=10116, stack(0x000000002aef0000,0x000000002aff0000)]
  0x0000000021b2a000 JavaThread "jar transforms Thread 99" [_thread_blocked, id=16168, stack(0x000000002adf0000,0x000000002aef0000)]
  0x0000000021b26800 JavaThread "jar transforms Thread 98" [_thread_blocked, id=13840, stack(0x000000002acf0000,0x000000002adf0000)]
  0x0000000021b2c800 JavaThread "jar transforms Thread 97" [_thread_blocked, id=17844, stack(0x000000002abf0000,0x000000002acf0000)]
  0x0000000021b29800 JavaThread "jar transforms Thread 96" [_thread_blocked, id=18740, stack(0x000000002aaf0000,0x000000002abf0000)]
  0x0000000021b28800 JavaThread "jar transforms Thread 95" [_thread_blocked, id=9804, stack(0x000000002a9f0000,0x000000002aaf0000)]
  0x0000000021b2b800 JavaThread "jar transforms Thread 94" [_thread_blocked, id=12420, stack(0x000000002a8f0000,0x000000002a9f0000)]
  0x0000000021b2d000 JavaThread "jar transforms Thread 93" [_thread_blocked, id=17204, stack(0x000000002a7f0000,0x000000002a8f0000)]
  0x0000000021b27000 JavaThread "jar transforms Thread 92" [_thread_blocked, id=10760, stack(0x000000002a6f0000,0x000000002a7f0000)]
  0x0000000021bd4800 JavaThread "jar transforms Thread 91" [_thread_blocked, id=8952, stack(0x000000002a5f0000,0x000000002a6f0000)]
  0x0000000021bd4000 JavaThread "jar transforms Thread 90" [_thread_blocked, id=17520, stack(0x000000002a4f0000,0x000000002a5f0000)]
  0x0000000021bd3000 JavaThread "jar transforms Thread 89" [_thread_blocked, id=10872, stack(0x000000002a3f0000,0x000000002a4f0000)]
  0x0000000021bd2800 JavaThread "jar transforms Thread 88" [_thread_blocked, id=15992, stack(0x000000002a2f0000,0x000000002a3f0000)]
  0x0000000021bd1800 JavaThread "jar transforms Thread 87" [_thread_blocked, id=10224, stack(0x000000002a1f0000,0x000000002a2f0000)]
  0x0000000021bd1000 JavaThread "jar transforms Thread 86" [_thread_blocked, id=8268, stack(0x000000002a0f0000,0x000000002a1f0000)]
  0x0000000021bd5800 JavaThread "jar transforms Thread 85" [_thread_blocked, id=19628, stack(0x0000000029ff0000,0x000000002a0f0000)]
  0x0000000021bd0000 JavaThread "jar transforms Thread 84" [_thread_blocked, id=17184, stack(0x0000000029ef0000,0x0000000029ff0000)]
  0x0000000021bc8800 JavaThread "jar transforms Thread 83" [_thread_blocked, id=15060, stack(0x0000000029df0000,0x0000000029ef0000)]
  0x0000000021bcf000 JavaThread "jar transforms Thread 82" [_thread_blocked, id=6940, stack(0x0000000029cf0000,0x0000000029df0000)]
  0x0000000021bc7800 JavaThread "jar transforms Thread 81" [_thread_blocked, id=4436, stack(0x0000000029bf0000,0x0000000029cf0000)]
  0x0000000021bce800 JavaThread "jar transforms Thread 80" [_thread_blocked, id=20612, stack(0x0000000029af0000,0x0000000029bf0000)]
  0x0000000021bc7000 JavaThread "jar transforms Thread 79" [_thread_blocked, id=20472, stack(0x00000000299f0000,0x0000000029af0000)]
  0x0000000021bcd800 JavaThread "jar transforms Thread 78" [_thread_blocked, id=4140, stack(0x00000000298f0000,0x00000000299f0000)]
  0x0000000021bc6000 JavaThread "jar transforms Thread 77" [_thread_blocked, id=7496, stack(0x00000000297f0000,0x00000000298f0000)]
  0x0000000021bcd000 JavaThread "jar transforms Thread 76" [_thread_blocked, id=1092, stack(0x00000000296f0000,0x00000000297f0000)]
  0x0000000021bcc000 JavaThread "jar transforms Thread 75" [_thread_blocked, id=14240, stack(0x00000000295f0000,0x00000000296f0000)]
  0x0000000021bca000 JavaThread "jar transforms Thread 74" [_thread_blocked, id=1864, stack(0x00000000294f0000,0x00000000295f0000)]
  0x0000000021bc9000 JavaThread "jar transforms Thread 73" [_thread_blocked, id=17592, stack(0x00000000293f0000,0x00000000294f0000)]
  0x0000000021bcb800 JavaThread "jar transforms Thread 72" [_thread_blocked, id=16008, stack(0x00000000292f0000,0x00000000293f0000)]
  0x0000000021bca800 JavaThread "jar transforms Thread 71" [_thread_blocked, id=11688, stack(0x00000000291f0000,0x00000000292f0000)]
  0x0000000021bde800 JavaThread "jar transforms Thread 70" [_thread_blocked, id=18588, stack(0x0000000024b40000,0x0000000024c40000)]
  0x0000000021be5800 JavaThread "jar transforms Thread 69" [_thread_blocked, id=10184, stack(0x0000000028f60000,0x0000000029060000)]
  0x0000000021be4800 JavaThread "jar transforms Thread 68" [_thread_blocked, id=7776, stack(0x0000000028e60000,0x0000000028f60000)]
  0x0000000021bdd800 JavaThread "jar transforms Thread 67" [_thread_blocked, id=7416, stack(0x0000000028d60000,0x0000000028e60000)]
  0x0000000021be4000 JavaThread "jar transforms Thread 66" [_thread_blocked, id=9324, stack(0x0000000028c60000,0x0000000028d60000)]
  0x0000000021be3000 JavaThread "jar transforms Thread 65" [_thread_blocked, id=13292, stack(0x0000000028b60000,0x0000000028c60000)]
  0x0000000021bdf800 JavaThread "jar transforms Thread 64" [_thread_blocked, id=21120, stack(0x0000000028a60000,0x0000000028b60000)]
  0x0000000021be2800 JavaThread "jar transforms Thread 63" [_thread_blocked, id=15040, stack(0x0000000028960000,0x0000000028a60000)]
  0x0000000021be1800 JavaThread "jar transforms Thread 62" [_thread_blocked, id=420, stack(0x0000000028860000,0x0000000028960000)]
  0x0000000021be1000 JavaThread "jar transforms Thread 61" [_thread_blocked, id=12580, stack(0x0000000028760000,0x0000000028860000)]
  0x0000000021be0000 JavaThread "jar transforms Thread 60" [_thread_blocked, id=12520, stack(0x0000000028660000,0x0000000028760000)]
  0x0000000021bda000 JavaThread "jar transforms Thread 59" [_thread_blocked, id=5488, stack(0x0000000028560000,0x0000000028660000)]
  0x0000000021bd6000 JavaThread "jar transforms Thread 58" [_thread_blocked, id=10112, stack(0x0000000028460000,0x0000000028560000)]
  0x0000000021bdb800 JavaThread "jar transforms Thread 57" [_thread_blocked, id=2644, stack(0x0000000028360000,0x0000000028460000)]
  0x0000000021bda800 JavaThread "jar transforms Thread 56" [_thread_blocked, id=15408, stack(0x0000000028260000,0x0000000028360000)]
  0x0000000021bd9000 JavaThread "jar transforms Thread 55" [_thread_blocked, id=13576, stack(0x0000000028160000,0x0000000028260000)]
  0x0000000021bd7800 JavaThread "jar transforms Thread 54" [_thread_blocked, id=8004, stack(0x0000000028060000,0x0000000028160000)]
  0x0000000021bd8800 JavaThread "jar transforms Thread 53" [_thread_blocked, id=14980, stack(0x0000000027f60000,0x0000000028060000)]
  0x0000000021bdc000 JavaThread "jar transforms Thread 52" [_thread_blocked, id=10220, stack(0x0000000027e60000,0x0000000027f60000)]
  0x0000000021bd7000 JavaThread "jar transforms Thread 51" [_thread_blocked, id=10336, stack(0x0000000027d60000,0x0000000027e60000)]
  0x0000000021bdd000 JavaThread "jar transforms Thread 50" [_thread_blocked, id=1580, stack(0x0000000027c60000,0x0000000027d60000)]
  0x000000001fbc9000 JavaThread "jar transforms Thread 49" [_thread_blocked, id=8000, stack(0x0000000027b60000,0x0000000027c60000)]
  0x000000001fbc8800 JavaThread "jar transforms Thread 48" [_thread_blocked, id=10704, stack(0x0000000027a60000,0x0000000027b60000)]
  0x000000001fbc7800 JavaThread "jar transforms Thread 47" [_thread_blocked, id=2696, stack(0x0000000027960000,0x0000000027a60000)]
  0x000000001fbce800 JavaThread "jar transforms Thread 46" [_thread_blocked, id=5624, stack(0x0000000027860000,0x0000000027960000)]
  0x000000001fbcd800 JavaThread "jar transforms Thread 45" [_thread_blocked, id=11184, stack(0x0000000027760000,0x0000000027860000)]
  0x000000001fbcd000 JavaThread "jar transforms Thread 44" [_thread_blocked, id=19568, stack(0x0000000027660000,0x0000000027760000)]
  0x000000001fbcb800 JavaThread "jar transforms Thread 43" [_thread_blocked, id=6956, stack(0x0000000027560000,0x0000000027660000)]
  0x000000001fbca800 JavaThread "jar transforms Thread 42" [_thread_blocked, id=7408, stack(0x0000000027460000,0x0000000027560000)]
  0x000000001fbcc000 JavaThread "jar transforms Thread 41" [_thread_blocked, id=2784, stack(0x0000000027360000,0x0000000027460000)]
  0x000000001fbc7000 JavaThread "jar transforms Thread 40" [_thread_blocked, id=19648, stack(0x0000000027260000,0x0000000027360000)]
  0x000000001fbca000 JavaThread "jar transforms Thread 39" [_thread_blocked, id=5368, stack(0x0000000027160000,0x0000000027260000)]
  0x000000001fbbf800 JavaThread "jar transforms Thread 38" [_thread_blocked, id=3440, stack(0x0000000027060000,0x0000000027160000)]
  0x000000001fbc4800 JavaThread "jar transforms Thread 37" [_thread_blocked, id=9448, stack(0x0000000026f60000,0x0000000027060000)]
  0x000000001fbc3000 JavaThread "jar transforms Thread 36" [_thread_blocked, id=9360, stack(0x0000000026e60000,0x0000000026f60000)]
  0x000000001fbc5800 JavaThread "jar transforms Thread 35" [_thread_blocked, id=8052, stack(0x0000000026d60000,0x0000000026e60000)]
  0x000000001fbc4000 JavaThread "jar transforms Thread 34" [_thread_blocked, id=18532, stack(0x0000000026c60000,0x0000000026d60000)]
  0x000000001fbc6000 JavaThread "jar transforms Thread 33" [_thread_blocked, id=7800, stack(0x0000000026b60000,0x0000000026c60000)]
  0x000000001fbc2800 JavaThread "jar transforms Thread 32" [_thread_blocked, id=16632, stack(0x0000000026a60000,0x0000000026b60000)]
  0x000000001fbc1800 JavaThread "jar transforms Thread 31" [_thread_blocked, id=2716, stack(0x0000000026960000,0x0000000026a60000)]
  0x000000001fbc1000 JavaThread "jar transforms Thread 30" [_thread_blocked, id=12416, stack(0x0000000026860000,0x0000000026960000)]
  0x000000001fbc0000 JavaThread "jar transforms Thread 29" [_thread_blocked, id=6868, stack(0x0000000026760000,0x0000000026860000)]
  0x0000000021d64000 JavaThread "jar transforms Thread 28" [_thread_blocked, id=2684, stack(0x0000000026660000,0x0000000026760000)]
  0x0000000021d63000 JavaThread "jar transforms Thread 27" [_thread_blocked, id=8924, stack(0x0000000026560000,0x0000000026660000)]
  0x0000000021d62800 JavaThread "jar transforms Thread 26" [_thread_blocked, id=13160, stack(0x0000000026460000,0x0000000026560000)]
  0x0000000021d61800 JavaThread "jar transforms Thread 25" [_thread_blocked, id=4960, stack(0x0000000026360000,0x0000000026460000)]
  0x0000000021d61000 JavaThread "jar transforms Thread 24" [_thread_blocked, id=11544, stack(0x0000000026260000,0x0000000026360000)]
  0x0000000021d60000 JavaThread "jar transforms Thread 23" [_thread_blocked, id=14068, stack(0x0000000026160000,0x0000000026260000)]
  0x0000000021d5f800 JavaThread "jar transforms Thread 22" [_thread_blocked, id=19096, stack(0x0000000026060000,0x0000000026160000)]
  0x0000000021d5e800 JavaThread "jar transforms Thread 21" [_thread_blocked, id=19976, stack(0x0000000025f60000,0x0000000026060000)]
  0x0000000021d57000 JavaThread "jar transforms Thread 20" [_thread_blocked, id=4068, stack(0x0000000025e60000,0x0000000025f60000)]
  0x0000000021d5e000 JavaThread "jar transforms Thread 19" [_thread_blocked, id=10976, stack(0x0000000025d60000,0x0000000025e60000)]
  0x0000000021d5d000 JavaThread "jar transforms Thread 18" [_thread_blocked, id=3164, stack(0x0000000025c60000,0x0000000025d60000)]
  0x0000000021d5c800 JavaThread "jar transforms Thread 17" [_thread_blocked, id=16156, stack(0x0000000025b60000,0x0000000025c60000)]
  0x0000000021d58800 JavaThread "jar transforms Thread 16" [_thread_blocked, id=17700, stack(0x0000000025a60000,0x0000000025b60000)]
  0x0000000021d55000 JavaThread "jar transforms Thread 15" [_thread_blocked, id=18984, stack(0x0000000025960000,0x0000000025a60000)]
  0x0000000021d59800 JavaThread "jar transforms Thread 14" [_thread_blocked, id=16324, stack(0x0000000025860000,0x0000000025960000)]
  0x0000000021d56800 JavaThread "jar transforms Thread 13" [_thread_blocked, id=11800, stack(0x0000000025760000,0x0000000025860000)]
  0x0000000021d5b000 JavaThread "jar transforms Thread 12" [_thread_blocked, id=16432, stack(0x0000000025660000,0x0000000025760000)]
  0x0000000021d58000 JavaThread "jar transforms Thread 11" [_thread_blocked, id=9724, stack(0x0000000025560000,0x0000000025660000)]
  0x0000000021d55800 JavaThread "jar transforms Thread 10" [_thread_blocked, id=15720, stack(0x0000000025460000,0x0000000025560000)]
  0x0000000021d5a000 JavaThread "jar transforms Thread 9" [_thread_blocked, id=17512, stack(0x0000000025360000,0x0000000025460000)]
  0x0000000021d5b800 JavaThread "jar transforms Thread 8" [_thread_blocked, id=1324, stack(0x0000000025260000,0x0000000025360000)]
  0x0000000021a25800 JavaThread "jar transforms Thread 7" [_thread_blocked, id=1188, stack(0x0000000025160000,0x0000000025260000)]
  0x0000000021a24000 JavaThread "jar transforms Thread 6" [_thread_blocked, id=14244, stack(0x0000000025060000,0x0000000025160000)]
  0x0000000021a23000 JavaThread "jar transforms Thread 5" [_thread_blocked, id=15432, stack(0x0000000024f60000,0x0000000025060000)]
  0x0000000021a27000 JavaThread "jar transforms Thread 4" [_thread_blocked, id=6232, stack(0x0000000024e60000,0x0000000024f60000)]
  0x0000000021a26000 JavaThread "jar transforms Thread 3" [_thread_blocked, id=8152, stack(0x0000000024d60000,0x0000000024e60000)]
  0x0000000021a22800 JavaThread "jar transforms Thread 2" [_thread_blocked, id=16172, stack(0x0000000024c60000,0x0000000024d60000)]
  0x0000000021a24800 JavaThread "Build operations Thread 8" [_thread_blocked, id=14360, stack(0x0000000024800000,0x0000000024900000)]
  0x0000000021a27800 JavaThread "Build operations Thread 7" [_thread_blocked, id=17360, stack(0x0000000024700000,0x0000000024800000)]
  0x0000000021a1b000 JavaThread "Build operations Thread 6" [_thread_blocked, id=8880, stack(0x0000000024600000,0x0000000024700000)]
  0x0000000021a21800 JavaThread "Build operations Thread 5" [_thread_blocked, id=14468, stack(0x0000000024500000,0x0000000024600000)]
  0x0000000021a20000 JavaThread "Build operations Thread 4" [_thread_blocked, id=2584, stack(0x0000000024400000,0x0000000024500000)]
  0x0000000021a21000 JavaThread "Build operations Thread 3" [_thread_blocked, id=10332, stack(0x0000000024300000,0x0000000024400000)]
  0x0000000021a18800 JavaThread "Build operations Thread 2" [_thread_in_Java, id=11292, stack(0x0000000024200000,0x0000000024300000)]
  0x0000000021a1f800 JavaThread "Build operations" [_thread_blocked, id=8272, stack(0x0000000024100000,0x0000000024200000)]
  0x000000001972d800 JavaThread "Cache worker for file content cache (C:\Users\Lenovo\.gradle\caches\6.5\fileContent)" [_thread_blocked, id=7812, stack(0x0000000022a30000,0x0000000022b30000)]
  0x0000000019733000 JavaThread "jar transforms" [_thread_blocked, id=13944, stack(0x0000000022930000,0x0000000022a30000)]
  0x0000000019731800 JavaThread "Cache worker for execution history cache (C:\Users\Lenovo\.gradle\caches\6.5\executionHistory)" [_thread_blocked, id=9568, stack(0x0000000022230000,0x0000000022330000)]
  0x000000001972f000 JavaThread "Cache worker for cache directory md-rule (C:\Users\Lenovo\.gradle\caches\6.5\md-rule)" [_thread_blocked, id=20372, stack(0x0000000022130000,0x0000000022230000)]
  0x000000001972e800 JavaThread "Cache worker for cache directory md-supplier (C:\Users\Lenovo\.gradle\caches\6.5\md-supplier)" [_thread_blocked, id=7780, stack(0x0000000022030000,0x0000000022130000)]
  0x0000000019730800 JavaThread "Cache worker for checksums cache (D:\Code\Projects\Plasmahero-mobile\client\.gradle\checksums)" [_thread_blocked, id=18836, stack(0x0000000021f30000,0x0000000022030000)]
  0x0000000019730000 JavaThread "Cache worker for file hash cache (D:\Code\Projects\Plasmahero-mobile\client\.gradle\6.5\fileHashes)" [_thread_blocked, id=15084, stack(0x0000000020c60000,0x0000000020d60000)]
  0x0000000019733800 JavaThread "Cache worker for file hash cache (C:\Users\Lenovo\.gradle\caches\6.5\fileHashes)" [_thread_blocked, id=7260, stack(0x000000001e710000,0x000000001e810000)]
  0x0000000019732000 JavaThread "File lock request listener" [_thread_in_native, id=8212, stack(0x000000001e610000,0x000000001e710000)]
  0x000000001c2e0800 JavaThread "Cache worker for journal cache (C:\Users\Lenovo\.gradle\caches\journal-1)" [_thread_blocked, id=16456, stack(0x000000001e510000,0x000000001e610000)]
  0x000000001a9d6000 JavaThread "Thread-9" [_thread_blocked, id=21456, stack(0x000000001e210000,0x000000001e310000)]
  0x000000001a9d5000 JavaThread "Stdin handler" [_thread_blocked, id=1228, stack(0x000000001e110000,0x000000001e210000)]
  0x000000001a9d2000 JavaThread "Asynchronous log dispatcher for DefaultDaemonConnection: socket connection from /127.0.0.1:56748 to /127.0.0.1:56749" [_thread_blocked, id=14300, stack(0x000000001e010000,0x000000001e110000)]
  0x000000001a8e7800 JavaThread "Daemon worker" [_thread_blocked, id=16664, stack(0x000000001df10000,0x000000001e010000)]
  0x000000001a77e000 JavaThread "Cancel handler" [_thread_blocked, id=11388, stack(0x000000001dd10000,0x000000001de10000)]
  0x000000001a744800 JavaThread "Handler for socket connection from /127.0.0.1:56748 to /127.0.0.1:56749" [_thread_in_native, id=17628, stack(0x000000001da10000,0x000000001db10000)]
  0x000000001a6b6800 JavaThread "Daemon" [_thread_blocked, id=8960, stack(0x000000001d910000,0x000000001da10000)]
  0x000000001c274800 JavaThread "Daemon periodic checks" [_thread_blocked, id=12080, stack(0x000000001d810000,0x000000001d910000)]
  0x000000001c1b9000 JavaThread "Incoming local TCP Connector on port 56748" [_thread_in_native, id=14736, stack(0x000000001d5d0000,0x000000001d6d0000)]
  0x000000001c164000 JavaThread "Daemon health stats" [_thread_blocked, id=21124, stack(0x000000001cf90000,0x000000001d090000)]
  0x00000000197c0800 JavaThread "Service Thread" daemon [_thread_blocked, id=9576, stack(0x000000001a3f0000,0x000000001a4f0000)]
  0x0000000019734800 JavaThread "C1 CompilerThread3" daemon [_thread_in_native, id=14528, stack(0x000000001a2f0000,0x000000001a3f0000)]
=>0x0000000019729800 JavaThread "C2 CompilerThread2" daemon [_thread_in_native, id=3284, stack(0x000000001a1f0000,0x000000001a2f0000)]
  0x0000000019726000 JavaThread "C2 CompilerThread1" daemon [_thread_in_native, id=12584, stack(0x000000001a0f0000,0x000000001a1f0000)]
  0x0000000019722000 JavaThread "C2 CompilerThread0" daemon [_thread_in_native, id=20996, stack(0x0000000019ff0000,0x000000001a0f0000)]
  0x0000000019720800 JavaThread "Attach Listener" daemon [_thread_blocked, id=21284, stack(0x0000000019ef0000,0x0000000019ff0000)]
  0x000000001791e800 JavaThread "Signal Dispatcher" daemon [_thread_blocked, id=16764, stack(0x0000000019df0000,0x0000000019ef0000)]
  0x0000000019710800 JavaThread "Finalizer" daemon [_thread_blocked, id=18232, stack(0x0000000019bf0000,0x0000000019cf0000)]
  0x0000000002897000 JavaThread "Reference Handler" daemon [_thread_blocked, id=10356, stack(0x0000000019af0000,0x0000000019bf0000)]
  0x00000000027a2800 JavaThread "main" [_thread_blocked, id=7284, stack(0x0000000002650000,0x0000000002750000)]

Other Threads:
  0x0000000017906800 VMThread [stack: 0x00000000195f0000,0x00000000196f0000] [id=3596]
  0x00000000197c1000 WatcherThread [stack: 0x000000001a4f0000,0x000000001a5f0000] [id=7576]

VM state:not at safepoint (normal execution)

VM Mutex/Monitor currently owned by a thread:  ([mutex/lock_event])
[0x00000000027a0150] Compile_lock - owner thread: 0x0000000019734800
[0x00000000027a17d0] MethodCompileQueue_lock - owner thread: 0x0000000019734800

heap address: 0x0000000080000000, size: 2048 MB, Compressed Oops mode: 32-bit
Narrow klass base: 0x0000000000000000, Narrow klass shift: 3
Compressed class space size: 1073741824 Address: 0x0000000100000000

Heap:
 PSYoungGen      total 307712K, used 242828K [0x00000000d5580000, 0x00000000ec880000, 0x0000000100000000)
  eden space 292864K, 82% used [0x00000000d5580000,0x00000000e42a31e8,0x00000000e7380000)
  from space 14848K, 0% used [0x00000000e7380000,0x00000000e7380000,0x00000000e8200000)
  to   space 22016K, 0% used [0x00000000eb300000,0x00000000eb300000,0x00000000ec880000)
 ParOldGen       total 181248K, used 40371K [0x0000000080000000, 0x000000008b100000, 0x00000000d5580000)
  object space 181248K, 22% used [0x0000000080000000,0x000000008276cce0,0x000000008b100000)
 Metaspace       used 66457K, capacity 69652K, committed 69784K, reserved 1110016K
  class space    used 9170K, capacity 9814K, committed 9888K, reserved 1048576K

Card table byte_map: [0x0000000011c60000,0x0000000012070000] byte_map_base: 0x0000000011860000

Marking Bits: (ParMarkBitMap*) 0x000000005ceaf030
 Begin Bits: [0x0000000012b20000, 0x0000000014b20000)
 End Bits:   [0x0000000014b20000, 0x0000000016b20000)

Polling page: 0x0000000000940000

CodeCache: size=245760Kb used=20455Kb max_used=20455Kb free=225304Kb
 bounds [0x00000000028a0000, 0x0000000003cc0000, 0x00000000118a0000]
 total_blobs=7221 nmethods=6434 adapters=697
 compilation: enabled

Compilation events (10 events):
Event: 9.445 Thread 0x0000000019734800 nmethod 7391 0x0000000003c99fd0 code [0x0000000003c9a120, 0x0000000003c9a250]
Event: 9.452 Thread 0x0000000019726000 nmethod 7376 0x0000000003ca1a50 code [0x0000000003ca1c20, 0x0000000003ca2af0]
Event: 9.453 Thread 0x0000000019726000 7390       4       org.gradle.internal.file.DefaultFileHierarchySet$Node::isChildOfOrThis (110 bytes)
Event: 9.458 Thread 0x0000000019726000 nmethod 7390 0x0000000003c96610 code [0x0000000003c96760, 0x0000000003c96bb8]
Event: 9.458 Thread 0x0000000019726000 7375   !   4       com.google.common.collect.MapMakerInternalMap$Segment::put (298 bytes)
Event: 9.458 Thread 0x0000000019734800 7392       1       org.gradle.internal.fingerprint.impl.DefaultFileSystemLocationFingerprint::getNormalizedContentHash (5 bytes)
Event: 9.459 Thread 0x0000000019734800 nmethod 7392 0x0000000003c96350 code [0x0000000003c964a0, 0x0000000003c965b0]
Event: 9.459 Thread 0x0000000019734800 7393       3       org.gradle.internal.fingerprint.overlap.impl.DefaultOverlappingOutputDetector$OverlappingOutputsDetectingVisitor::detectOverlappingPath (115 bytes)
Event: 9.460 Thread 0x0000000019734800 nmethod 7393 0x0000000003c98b10 code [0x0000000003c98d60, 0x0000000003c99b38]
Event: 9.460 Thread 0x0000000019734800 7397       3       org.gradle.internal.fingerprint.overlap.impl.DefaultOverlappingOutputDetector::createdSincePreviousExecution (10 bytes)

GC Heap History (10 events):
Event: 3.683 GC heap before
{Heap before GC invocations=8 (full 1):
 PSYoungGen      total 182784K, used 80951K [0x00000000d5580000, 0x00000000e2b80000, 0x0000000100000000)
  eden space 171520K, 40% used [0x00000000d5580000,0x00000000d9991478,0x00000000dfd00000)
  from space 11264K, 99% used [0x00000000e2080000,0x00000000e2b7caa8,0x00000000e2b80000)
  to   space 12800K, 0% used [0x00000000e1280000,0x00000000e1280000,0x00000000e1f00000)
 ParOldGen       total 71168K, used 7696K [0x0000000080000000, 0x0000000084580000, 0x00000000d5580000)
  object space 71168K, 10% used [0x0000000080000000,0x0000000080784298,0x0000000084580000)
 Metaspace       used 34257K, capacity 35412K, committed 35496K, reserved 1079296K
  class space    used 4719K, capacity 5001K, committed 5040K, reserved 1048576K
Event: 3.693 GC heap after
Heap after GC invocations=8 (full 1):
 PSYoungGen      total 206336K, used 10192K [0x00000000d5580000, 0x00000000e9080000, 0x0000000100000000)
  eden space 193536K, 0% used [0x00000000d5580000,0x00000000d5580000,0x00000000e1280000)
  from space 12800K, 79% used [0x00000000e1280000,0x00000000e1c74020,0x00000000e1f00000)
  to   space 13312K, 0% used [0x00000000e8380000,0x00000000e8380000,0x00000000e9080000)
 ParOldGen       total 71168K, used 7704K [0x0000000080000000, 0x0000000084580000, 0x00000000d5580000)
  object space 71168K, 10% used [0x0000000080000000,0x0000000080786298,0x0000000084580000)
 Metaspace       used 34257K, capacity 35412K, committed 35496K, reserved 1079296K
  class space    used 4719K, capacity 5001K, committed 5040K, reserved 1048576K
}
Event: 3.693 GC heap before
{Heap before GC invocations=9 (full 2):
 PSYoungGen      total 206336K, used 10192K [0x00000000d5580000, 0x00000000e9080000, 0x0000000100000000)
  eden space 193536K, 0% used [0x00000000d5580000,0x00000000d5580000,0x00000000e1280000)
  from space 12800K, 79% used [0x00000000e1280000,0x00000000e1c74020,0x00000000e1f00000)
  to   space 13312K, 0% used [0x00000000e8380000,0x00000000e8380000,0x00000000e9080000)
 ParOldGen       total 71168K, used 7704K [0x0000000080000000, 0x0000000084580000, 0x00000000d5580000)
  object space 71168K, 10% used [0x0000000080000000,0x0000000080786298,0x0000000084580000)
 Metaspace       used 34257K, capacity 35412K, committed 35496K, reserved 1079296K
  class space    used 4719K, capacity 5001K, committed 5040K, reserved 1048576K
Event: 3.772 GC heap after
Heap after GC invocations=9 (full 2):
 PSYoungGen      total 206336K, used 0K [0x00000000d5580000, 0x00000000e9080000, 0x0000000100000000)
  eden space 193536K, 0% used [0x00000000d5580000,0x00000000d5580000,0x00000000e1280000)
  from space 12800K, 0% used [0x00000000e1280000,0x00000000e1280000,0x00000000e1f00000)
  to   space 13312K, 0% used [0x00000000e8380000,0x00000000e8380000,0x00000000e9080000)
 ParOldGen       total 112128K, used 16447K [0x0000000080000000, 0x0000000086d80000, 0x00000000d5580000)
  object space 112128K, 14% used [0x0000000080000000,0x000000008100fd78,0x0000000086d80000)
 Metaspace       used 34257K, capacity 35412K, committed 35496K, reserved 1079296K
  class space    used 4719K, capacity 5001K, committed 5040K, reserved 1048576K
}
Event: 4.736 GC heap before
{Heap before GC invocations=10 (full 2):
 PSYoungGen      total 206336K, used 193536K [0x00000000d5580000, 0x00000000e9080000, 0x0000000100000000)
  eden space 193536K, 100% used [0x00000000d5580000,0x00000000e1280000,0x00000000e1280000)
  from space 12800K, 0% used [0x00000000e1280000,0x00000000e1280000,0x00000000e1f00000)
  to   space 13312K, 0% used [0x00000000e8380000,0x00000000e8380000,0x00000000e9080000)
 ParOldGen       total 112128K, used 16447K [0x0000000080000000, 0x0000000086d80000, 0x00000000d5580000)
  object space 112128K, 14% used [0x0000000080000000,0x000000008100fd78,0x0000000086d80000)
 Metaspace       used 42938K, capacity 44810K, committed 44968K, reserved 1087488K
  class space    used 5844K, capacity 6225K, committed 6320K, reserved 1048576K
Event: 4.746 GC heap after
Heap after GC invocations=10 (full 2):
 PSYoungGen      total 286720K, used 13169K [0x00000000d5580000, 0x00000000e9080000, 0x0000000100000000)
  eden space 273408K, 0% used [0x00000000d5580000,0x00000000d5580000,0x00000000e6080000)
  from space 13312K, 98% used [0x00000000e8380000,0x00000000e905c700,0x00000000e9080000)
  to   space 14848K, 0% used [0x00000000e7380000,0x00000000e7380000,0x00000000e8200000)
 ParOldGen       total 112128K, used 16455K [0x0000000080000000, 0x0000000086d80000, 0x00000000d5580000)
  object space 112128K, 14% used [0x0000000080000000,0x0000000081011d78,0x0000000086d80000)
 Metaspace       used 42938K, capacity 44810K, committed 44968K, reserved 1087488K
  class space    used 5844K, capacity 6225K, committed 6320K, reserved 1048576K
}
Event: 6.406 GC heap before
{Heap before GC invocations=11 (full 2):
 PSYoungGen      total 286720K, used 195825K [0x00000000d5580000, 0x00000000e9080000, 0x0000000100000000)
  eden space 273408K, 66% used [0x00000000d5580000,0x00000000e07e0080,0x00000000e6080000)
  from space 13312K, 98% used [0x00000000e8380000,0x00000000e905c700,0x00000000e9080000)
  to   space 14848K, 0% used [0x00000000e7380000,0x00000000e7380000,0x00000000e8200000)
 ParOldGen       total 112128K, used 16455K [0x0000000080000000, 0x0000000086d80000, 0x00000000d5580000)
  object space 112128K, 14% used [0x0000000080000000,0x0000000081011d78,0x0000000086d80000)
 Metaspace       used 56763K, capacity 59032K, committed 59160K, reserved 1099776K
  class space    used 7687K, capacity 8141K, committed 8224K, reserved 1048576K
Event: 6.427 GC heap after
Heap after GC invocations=11 (full 2):
 PSYoungGen      total 307712K, used 14836K [0x00000000d5580000, 0x00000000ec880000, 0x0000000100000000)
  eden space 292864K, 0% used [0x00000000d5580000,0x00000000d5580000,0x00000000e7380000)
  from space 14848K, 99% used [0x00000000e7380000,0x00000000e81fd320,0x00000000e8200000)
  to   space 22016K, 0% used [0x00000000eb300000,0x00000000eb300000,0x00000000ec880000)
 ParOldGen       total 112128K, used 29626K [0x0000000080000000, 0x0000000086d80000, 0x00000000d5580000)
  object space 112128K, 26% used [0x0000000080000000,0x0000000081ceea20,0x0000000086d80000)
 Metaspace       used 56763K, capacity 59032K, committed 59160K, reserved 1099776K
  class space    used 7687K, capacity 8141K, committed 8224K, reserved 1048576K
}
Event: 6.427 GC heap before
{Heap before GC invocations=12 (full 3):
 PSYoungGen      total 307712K, used 14836K [0x00000000d5580000, 0x00000000ec880000, 0x0000000100000000)
  eden space 292864K, 0% used [0x00000000d5580000,0x00000000d5580000,0x00000000e7380000)
  from space 14848K, 99% used [0x00000000e7380000,0x00000000e81fd320,0x00000000e8200000)
  to   space 22016K, 0% used [0x00000000eb300000,0x00000000eb300000,0x00000000ec880000)
 ParOldGen       total 112128K, used 29626K [0x0000000080000000, 0x0000000086d80000, 0x00000000d5580000)
  object space 112128K, 26% used [0x0000000080000000,0x0000000081ceea20,0x0000000086d80000)
 Metaspace       used 56763K, capacity 59032K, committed 59160K, reserved 1099776K
  class space    used 7687K, capacity 8141K, committed 8224K, reserved 1048576K
Event: 6.675 GC heap after
Heap after GC invocations=12 (full 3):
 PSYoungGen      total 307712K, used 0K [0x00000000d5580000, 0x00000000ec880000, 0x0000000100000000)
  eden space 292864K, 0% used [0x00000000d5580000,0x00000000d5580000,0x00000000e7380000)
  from space 14848K, 0% used [0x00000000e7380000,0x00000000e7380000,0x00000000e8200000)
  to   space 22016K, 0% used [0x00000000eb300000,0x00000000eb300000,0x00000000ec880000)
 ParOldGen       total 181248K, used 40371K [0x0000000080000000, 0x000000008b100000, 0x00000000d5580000)
  object space 181248K, 22% used [0x0000000080000000,0x000000008276cce0,0x000000008b100000)
 Metaspace       used 56714K, capacity 58864K, committed 59160K, reserved 1099776K
  class space    used 7672K, capacity 8113K, committed 8224K, reserved 1048576K
}

Deoptimization events (10 events):
Event: 8.936 Thread 0x0000000023297800 Uncommon trap: reason=unstable_if action=reinterpret pc=0x0000000002ad7560 method=java.util.HashMap$HashIterator.<init>(Ljava/util/HashMap;)V @ 45
Event: 8.950 Thread 0x0000000021a18800 Uncommon trap: reason=bimorphic action=maybe_recompile pc=0x000000000382a7b4 method=java.util.concurrent.ConcurrentHashMap.putVal(Ljava/lang/Object;Ljava/lang/Object;Z)Ljava/lang/Object; @ 192
Event: 8.951 Thread 0x0000000021a1f800 Uncommon trap: reason=bimorphic action=maybe_recompile pc=0x000000000382a7b4 method=java.util.concurrent.ConcurrentHashMap.putVal(Ljava/lang/Object;Ljava/lang/Object;Z)Ljava/lang/Object; @ 192
Event: 8.951 Thread 0x0000000021a24800 Uncommon trap: reason=bimorphic action=maybe_recompile pc=0x000000000382a7b4 method=java.util.concurrent.ConcurrentHashMap.putVal(Ljava/lang/Object;Ljava/lang/Object;Z)Ljava/lang/Object; @ 192
Event: 8.962 Thread 0x0000000021a18800 Uncommon trap: reason=unstable_if action=reinterpret pc=0x000000000379970c method=java.util.concurrent.ConcurrentHashMap.addCount(JI)V @ 97
Event: 8.987 Thread 0x0000000021a1f800 Uncommon trap: reason=unstable_if action=reinterpret pc=0x00000000034e276c method=org.gradle.internal.snapshot.VfsRelativePath.hasPrefix(Ljava/lang/String;Lorg/gradle/internal/snapshot/CaseSensitivity;)Z @ 105
Event: 9.009 Thread 0x0000000021a27800 Uncommon trap: reason=unstable_if action=reinterpret pc=0x0000000002b5933c method=java.lang.String$CaseInsensitiveComparator.compare(Ljava/lang/String;Ljava/lang/String;)I @ 70
Event: 9.013 Thread 0x0000000021a1b000 Uncommon trap: reason=unstable_if action=reinterpret pc=0x0000000003749d50 method=java.util.concurrent.ConcurrentHashMap.addCount(JI)V @ 97
Event: 9.096 Thread 0x0000000019731800 Uncommon trap: reason=unstable_if action=reinterpret pc=0x000000000352877c method=com.esotericsoftware.kryo.io.Input.readVarInt(Z)I @ 42
Event: 9.189 Thread 0x0000000019731800 Uncommon trap: reason=unstable_if action=reinterpret pc=0x0000000002f59328 method=com.esotericsoftware.kryo.io.Input.readVarInt(Z)I @ 42

Classes redefined (0 events):
No events

Internal exceptions (10 events):
Event: 8.938 Thread 0x0000000021a21000 Exception <a 'java/lang/NoSuchMethodError': java.lang.Object.lambda$flatMap$3(Ljava/util/function/Function;)Lorg/gradle/internal/Try;> (0x00000000e056cef0) thrown at [C:\src\AOSP-openjdk-git\hotspot\src\share\vm\interpreter\linkResolver.cpp, line 620]
Event: 8.938 Thread 0x0000000021a1f800 Exception <a 'java/lang/NoSuchMethodError': java.lang.Object.lambda$flatMap$3(Ljava/util/function/Function;)Lorg/gradle/internal/Try;> (0x00000000e03ce800) thrown at [C:\src\AOSP-openjdk-git\hotspot\src\share\vm\interpreter\linkResolver.cpp, line 620]
Event: 9.000 Thread 0x0000000021a20000 Exception <a 'java/lang/NoSuchMethodError': java.lang.Object.lambda$flatMap$2(Ljava/util/function/Function;Ljava/lang/Object;)Lorg/gradle/internal/Try;> (0x00000000e0dfb810) thrown at [C:\src\AOSP-openjdk-git\hotspot\src\share\vm\interpreter\linkResolver.
Event: 9.000 Thread 0x0000000021a24800 Exception <a 'java/lang/NoSuchMethodError': java.lang.Object.lambda$flatMap$2(Ljava/util/function/Function;Ljava/lang/Object;)Lorg/gradle/internal/Try;> (0x00000000e08eeae0) thrown at [C:\src\AOSP-openjdk-git\hotspot\src\share\vm\interpreter\linkResolver.
Event: 9.000 Thread 0x0000000021a18800 Exception <a 'java/lang/NoSuchMethodError': java.lang.Object.lambda$flatMap$2(Ljava/util/function/Function;Ljava/lang/Object;)Lorg/gradle/internal/Try;> (0x00000000e107d818) thrown at [C:\src\AOSP-openjdk-git\hotspot\src\share\vm\interpreter\linkResolver.
Event: 9.000 Thread 0x0000000021a27800 Exception <a 'java/lang/NoSuchMethodError': java.lang.Object.lambda$flatMap$2(Ljava/util/function/Function;Ljava/lang/Object;)Lorg/gradle/internal/Try;> (0x00000000e0d4ffd8) thrown at [C:\src\AOSP-openjdk-git\hotspot\src\share\vm\interpreter\linkResolver.
Event: 9.000 Thread 0x00000000232a0800 Exception <a 'java/lang/NoSuchMethodError': java.lang.Object.lambda$flatMap$2(Ljava/util/function/Function;Ljava/lang/Object;)Lorg/gradle/internal/Try;> (0x00000000e105f888) thrown at [C:\src\AOSP-openjdk-git\hotspot\src\share\vm\interpreter\linkResolver.
Event: 9.000 Thread 0x0000000021a1f800 Exception <a 'java/lang/NoSuchMethodError': java.lang.Object.lambda$flatMap$2(Ljava/util/function/Function;Ljava/lang/Object;)Lorg/gradle/internal/Try;> (0x00000000e0ff8848) thrown at [C:\src\AOSP-openjdk-git\hotspot\src\share\vm\interpreter\linkResolver.
Event: 9.000 Thread 0x0000000021a21000 Exception <a 'java/lang/NoSuchMethodError': java.lang.Object.lambda$flatMap$2(Ljava/util/function/Function;Ljava/lang/Object;)Lorg/gradle/internal/Try;> (0x00000000e0c2f300) thrown at [C:\src\AOSP-openjdk-git\hotspot\src\share\vm\interpreter\linkResolver.
Event: 9.340 Thread 0x0000000021a21800 Exception <a 'java/lang/NoSuchMethodError': java.lang.Object.lambda$flatMap$0(Ljava/lang/Throwable;)Lorg/gradle/api/internal/artifacts/transform/CacheableInvocation;> (0x00000000e06ba2b0) thrown at [C:\src\AOSP-openjdk-git\hotspot\src\share\vm\interpreter

Events (10 events):
Event: 9.389 loading class org/gradle/internal/snapshot/impl/SetValueSnapshot
Event: 9.389 loading class org/gradle/internal/snapshot/impl/SetValueSnapshot done
Event: 9.398 loading class com/android/build/gradle/tasks/MergeResources$Flag
Event: 9.398 loading class com/android/build/gradle/tasks/MergeResources$Flag done
Event: 9.398 loading class java/util/Comparators$NaturalOrderComparator
Event: 9.399 loading class java/util/Comparators$NaturalOrderComparator done
Event: 9.399 loading class java/util/stream/SortedOps$SizedRefSortingSink
Event: 9.399 loading class java/util/stream/SortedOps$SizedRefSortingSink done
Event: 9.441 Thread 0x00000000232a0800 DEOPT PACKING pc=0x0000000002e14ad1 sp=0x000000002e1ec800
Event: 9.441 Thread 0x00000000232a0800 DEOPT UNPACKING pc=0x00000000028e75d0 sp=0x000000002e1ec548 mode 0


Dynamic libraries:
0x00007ff7dc5f0000 - 0x00007ff7dc621000 	C:\Program Files\Android\Android Studio\jre\bin\java.exe
0x00007ffe94cf0000 - 0x00007ffe94ee5000 	C:\Windows\SYSTEM32\ntdll.dll
0x00007ffe948e0000 - 0x00007ffe9499e000 	C:\Windows\System32\KERNEL32.DLL
0x00007ffe92550000 - 0x00007ffe92818000 	C:\Windows\System32\KERNELBASE.dll
0x00007ffe94500000 - 0x00007ffe945ac000 	C:\Windows\System32\ADVAPI32.dll
0x00007ffe92d40000 - 0x00007ffe92dde000 	C:\Windows\System32\msvcrt.dll
0x00007ffe94840000 - 0x00007ffe948db000 	C:\Windows\System32\sechost.dll
0x00007ffe949a0000 - 0x00007ffe94aca000 	C:\Windows\System32\RPCRT4.dll
0x00007ffe94350000 - 0x00007ffe944f1000 	C:\Windows\System32\USER32.dll
0x00007ffe92a20000 - 0x00007ffe92a42000 	C:\Windows\System32\win32u.dll
0x00007ffe92df0000 - 0x00007ffe92e1b000 	C:\Windows\System32\GDI32.dll
0x00007ffe92ad0000 - 0x00007ffe92bdb000 	C:\Windows\System32\gdi32full.dll
0x00007ffe92880000 - 0x00007ffe9291d000 	C:\Windows\System32\msvcp_win.dll
0x00007ffe92920000 - 0x00007ffe92a20000 	C:\Windows\System32\ucrtbase.dll
0x00007ffe7c090000 - 0x00007ffe7c32a000 	C:\Windows\WinSxS\amd64_microsoft.windows.common-controls_6595b64144ccf1df_6.0.19041.1110_none_60b5254171f9507e\COMCTL32.dll
0x00007ffe94760000 - 0x00007ffe94790000 	C:\Windows\System32\IMM32.DLL
0x000000005d4a0000 - 0x000000005d572000 	C:\Program Files\Android\Android Studio\jre\jre\bin\msvcr100.dll
0x000000005c6e0000 - 0x000000005cf2b000 	C:\Program Files\Android\Android Studio\jre\jre\bin\server\jvm.dll
0x00007ffe92de0000 - 0x00007ffe92de8000 	C:\Windows\System32\PSAPI.DLL
0x00007ffe87ce0000 - 0x00007ffe87cea000 	C:\Windows\SYSTEM32\VERSION.dll
0x00007ffe8a3f0000 - 0x00007ffe8a3f9000 	C:\Windows\SYSTEM32\WSOCK32.dll
0x00007ffe82090000 - 0x00007ffe820b7000 	C:\Windows\SYSTEM32\WINMM.dll
0x00007ffe94bb0000 - 0x00007ffe94c1b000 	C:\Windows\System32\WS2_32.dll
0x00007ffe889e0000 - 0x00007ffe889ef000 	C:\Program Files\Android\Android Studio\jre\jre\bin\verify.dll
0x00007ffe65250000 - 0x00007ffe65279000 	C:\Program Files\Android\Android Studio\jre\jre\bin\java.dll
0x00007ffe86b50000 - 0x00007ffe86b66000 	C:\Program Files\Android\Android Studio\jre\jre\bin\zip.dll
0x00007ffe92e30000 - 0x00007ffe9356f000 	C:\Windows\System32\SHELL32.dll
0x00007ffe90510000 - 0x00007ffe90ca0000 	C:\Windows\SYSTEM32\windows.storage.dll
0x00007ffe93ec0000 - 0x00007ffe94215000 	C:\Windows\System32\combase.dll
0x00007ffe91e60000 - 0x00007ffe91e8e000 	C:\Windows\SYSTEM32\Wldp.dll
0x00007ffe93e10000 - 0x00007ffe93ebd000 	C:\Windows\System32\SHCORE.dll
0x00007ffe93b80000 - 0x00007ffe93bd5000 	C:\Windows\System32\shlwapi.dll
0x00007ffe92350000 - 0x00007ffe9236f000 	C:\Windows\SYSTEM32\profapi.dll
0x00007ffe7bcc0000 - 0x00007ffe7bcda000 	C:\Program Files\Android\Android Studio\jre\jre\bin\net.dll
0x00007ffe91bc0000 - 0x00007ffe91c2a000 	C:\Windows\system32\mswsock.dll
0x00007ffe79be0000 - 0x00007ffe79bf3000 	C:\Program Files\Android\Android Studio\jre\jre\bin\nio.dll
0x00007ffe80ea0000 - 0x00007ffe80ec7000 	C:\Users\Lenovo\.gradle\native\f6784746aeab05261644944871eae4fe03e0ef1612fff0a4a95f87b438bc6780\windows-amd64\native-platform.dll
0x00007ffe88470000 - 0x00007ffe8847d000 	C:\Program Files\Android\Android Studio\jre\jre\bin\management.dll
0x00007ffe91db0000 - 0x00007ffe91dc8000 	C:\Windows\SYSTEM32\CRYPTSP.dll
0x00007ffe914d0000 - 0x00007ffe91504000 	C:\Windows\system32\rsaenh.dll
0x00007ffe92aa0000 - 0x00007ffe92ac7000 	C:\Windows\System32\bcrypt.dll
0x00007ffe92310000 - 0x00007ffe9233e000 	C:\Windows\SYSTEM32\USERENV.dll
0x00007ffe92410000 - 0x00007ffe92493000 	C:\Windows\System32\bcryptprimitives.dll
0x00007ffe91dd0000 - 0x00007ffe91ddc000 	C:\Windows\SYSTEM32\CRYPTBASE.dll
0x00007ffe91860000 - 0x00007ffe9189b000 	C:\Windows\SYSTEM32\IPHLPAPI.DLL
0x00007ffe92e20000 - 0x00007ffe92e28000 	C:\Windows\System32\NSI.dll
0x00007ffe86960000 - 0x00007ffe86977000 	C:\Windows\SYSTEM32\dhcpcsvc6.DLL
0x00007ffe86780000 - 0x00007ffe8679d000 	C:\Windows\SYSTEM32\dhcpcsvc.DLL
0x00007ffe918a0000 - 0x00007ffe9196b000 	C:\Windows\SYSTEM32\DNSAPI.dll
0x00007ffe86bd0000 - 0x00007ffe86bdb000 	C:\Windows\SYSTEM32\WINNSI.DLL

VM Arguments:
jvm_args: -Xmx2048m -Dfile.encoding=UTF-8 -Duser.country=ID -Duser.language=en -Duser.variant 
java_command: org.gradle.launcher.daemon.bootstrap.GradleDaemon 6.5
java_class_path (initial): C:\Users\Lenovo\.gradle\wrapper\dists\gradle-6.5-bin\6nifqtx7604sqp1q6g8wikw7p\gradle-6.5\lib\gradle-launcher-6.5.jar
Launcher Type: SUN_STANDARD

Environment Variables:
JAVA_HOME=C:\Program Files\Java\jdk-17.0.1
PATH=C:\Program Files\ImageMagick-7.0.11-Q16-HDRI;C:\Program Files (x86)\VMware\VMware Player\bin\;C:\Windows\system32;C:\Windows;C:\Windows\System32\Wbem;C:\Windows\System32\WindowsPowerShell\v1.0\;C:\Windows\System32\OpenSSH\;C:\Program Files (x86)\NVIDIA Corporation\PhysX\Common;C:\Program Files\NVIDIA Corporation\NVIDIA NvDLISR;C:\src\flutter\bin;C:\Program Files\Git\cmd;C:\xampp\php;C:\ProgramData\ComposerSetup\bin;C:\Program Files\nodejs\;C:\Program Files\MongoDB\Server\4.4\bin;C:\MinGW\bin;C:\Program Files\dotnet\;C:\xampp\apache\bin;C:\Program Files\ImageMagick-7.0.11-Q16-HDRI;C:\Program Files\Docker\Docker\resources\bin;C:\ProgramData\DockerDesktop\version-bin;C:\Program Files\Java\jdk-17.0.1\bin;C:\Program Files\Microsoft SQL Server\150\Tools\Binn\;C:\Program Files\Microsoft SQL Server\Client SDK\ODBC\170\Tools\Binn\;C:\Program Files\PuTTY\;C:\Users\Lenovo\AppData\Local\Programs\Python\Python39\Scripts\;C:\Users\Lenovo\AppData\Local\Programs\Python\Python39\;C:\Users\Lenovo\AppData\Local\Microsoft\WindowsApps;;C:\Users\Lenovo\AppData\Local\Programs\Microsoft VS Code\bin;C:\Users\Lenovo\AppData\Roaming\Composer\vendor\bin;C:\Program Files\heroku\bin;C:\Users\Lenovo\AppData\Roaming\npm;C:\Users\Lenovo\.dotnet\tools
USERNAME=Lenovo
OS=Windows_NT
PROCESSOR_IDENTIFIER=Intel64 Family 6 Model 142 Stepping 11, GenuineIntel



---------------  S Y S T E M  ---------------

OS: Windows 10.0 , 64 bit Build 19041 (10.0.19041.1348)

CPU:total 8 (initial active 8) (4 cores per cpu, 2 threads per core) family 6 model 142 stepping 11, cmov, cx8, fxsr, mmx, sse, sse2, sse3, ssse3, sse4.1, sse4.2, popcnt, avx, avx2, aes, clmul, erms, 3dnowpref, lzcnt, ht, tsc, tscinvbit, bmi1, bmi2, adx

Memory: 4k page, physical 12392180k(2423120k free), swap 12392180k(5324k free)

vm_info: OpenJDK 64-Bit Server VM (25.242-b01) for windows-amd64 JRE (1.8.0_242-release-1644-b01), built by "builder" with MS VC++ 10.0 (VS2010)

time: Mon Nov 29 22:38:37 2021
timezone: SE Asia Standard Time
elapsed time: 9 seconds (0d 0h 0m 9s)

