#
# There is insufficient memory for the Java Runtime Environment to continue.
# Native memory allocation (malloc) failed to allocate 157136 bytes for Chunk::new
# Possible reasons:
#   The system is out of physical RAM or swap space
#   The process is running with CompressedOops enabled, and the Java Heap may be blocking the growth of the native heap
# Possible solutions:
#   Reduce memory load on the system
#   Increase physical memory or swap space
#   Check if swap backing store is full
#   Decrease Java heap size (-Xmx/-Xms)
#   Decrease number of Java threads
#   Decrease Java thread stack sizes (-Xss)
#   Set larger code cache with -XX:ReservedCodeCacheSize=
#   JVM is running with Unscaled Compressed Oops mode in which the Java heap is
#     placed in the first 4GB address space. The Java Heap base address is the
#     maximum limit for the native heap growth. Please use -XX:HeapBaseMinAddress
#     to set the Java Heap base and to place the Java Heap above 4GB virtual address.
# This output file may be truncated or incomplete.
#
#  Out of Memory Error (allocation.cpp:389), pid=10468, tid=0x00000000000023ac
#
# JRE version: OpenJDK Runtime Environment (8.0_242-b01) (build 1.8.0_242-release-1644-b01)
# Java VM: OpenJDK 64-Bit Server VM (25.242-b01 mixed mode windows-amd64 compressed oops)
# Failed to write core dump. Minidumps are not enabled by default on client versions of Windows
#

---------------  T H R E A D  ---------------

Current thread (0x000000001a0e9800):  JavaThread "C2 CompilerThread1" daemon [_thread_in_native, id=9132, stack(0x000000001aab0000,0x000000001abb0000)]

Stack: [0x000000001aab0000,0x000000001abb0000]
[error occurred during error reporting (printing stack bounds), id 0xc0000005]

Native frames: (J=compiled Java code, j=interpreted, Vv=VM code, C=native code)


Current CompileTask:
C2:  11598 9799       4       org.gradle.api.internal.artifacts.transform.ConsumerProvidedVariantFinder::matchAttributes (68 bytes)


---------------  P R O C E S S  ---------------

Java Threads: ( => current thread )
  0x000000001cff3800 JavaThread "WorkerExecutor Queue" [_thread_in_native, id=8096, stack(0x0000000030de0000,0x0000000030ee0000)]
  0x000000001cff9800 JavaThread "Cache worker for Java compile cache (D:\Code\Projects\Plasmahero-mobile\client\.gradle\6.5\javaCompile)" [_thread_blocked, id=16132, stack(0x0000000030430000,0x0000000030530000)]
  0x000000001cff2000 JavaThread "Cache worker for Java compile cache (C:\Users\Lenovo\.gradle\caches\6.5\javaCompile)" [_thread_blocked, id=19908, stack(0x0000000030330000,0x0000000030430000)]
  0x000000001cff8000 JavaThread "Cache worker for execution history cache (D:\Code\Projects\Plasmahero-mobile\client\.gradle\6.5\executionHistory)" [_thread_blocked, id=16880, stack(0x000000002fc30000,0x000000002fd30000)]
  0x000000001cff1000 JavaThread "Execution worker for ':' Thread 7" [_thread_blocked, id=10440, stack(0x000000002fb30000,0x000000002fc30000)]
  0x000000001cff5000 JavaThread "Execution worker for ':' Thread 6" [_thread_blocked, id=10716, stack(0x000000002fa30000,0x000000002fb30000)]
  0x000000001cff4000 JavaThread "Execution worker for ':' Thread 5" [_thread_blocked, id=9584, stack(0x000000002f930000,0x000000002fa30000)]
  0x000000001cff6800 JavaThread "Execution worker for ':' Thread 4" [_thread_blocked, id=14368, stack(0x000000002f830000,0x000000002f930000)]
  0x000000001cff7800 JavaThread "Execution worker for ':' Thread 3" [_thread_blocked, id=18472, stack(0x000000002f730000,0x000000002f830000)]
  0x0000000020824000 JavaThread "Execution worker for ':' Thread 2" [_thread_blocked, id=11176, stack(0x000000002f630000,0x000000002f730000)]
  0x0000000020823800 JavaThread "Execution worker for ':'" [_thread_blocked, id=9444, stack(0x000000002e110000,0x000000002e210000)]
  0x0000000020827000 JavaThread "Cache worker for file content cache (D:\Code\Projects\Plasmahero-mobile\client\.gradle\6.5\fileContent)" [_thread_blocked, id=20124, stack(0x000000002dce0000,0x000000002dde0000)]
  0x0000000020826800 JavaThread "Memory manager" [_thread_blocked, id=11152, stack(0x000000002c960000,0x000000002ca60000)]
  0x0000000020822800 JavaThread "Cache worker for Build Output Cleanup Cache (D:\Code\Projects\Plasmahero-mobile\client\.gradle\buildOutputCleanup)" [_thread_blocked, id=18392, stack(0x0000000028120000,0x0000000028220000)]
  0x0000000020825000 JavaThread "jar transforms Thread 116" [_thread_blocked, id=19664, stack(0x000000002c860000,0x000000002c960000)]
  0x0000000020828800 JavaThread "jar transforms Thread 115" [_thread_blocked, id=8644, stack(0x000000002c760000,0x000000002c860000)]
  0x0000000020828000 JavaThread "jar transforms Thread 114" [_thread_blocked, id=18268, stack(0x000000002c660000,0x000000002c760000)]
  0x0000000020825800 JavaThread "jar transforms Thread 113" [_thread_blocked, id=4060, stack(0x000000002c560000,0x000000002c660000)]
  0x000000002081b000 JavaThread "jar transforms Thread 112" [_thread_blocked, id=20444, stack(0x000000002c460000,0x000000002c560000)]
  0x0000000020822000 JavaThread "jar transforms Thread 111" [_thread_blocked, id=16660, stack(0x000000002c360000,0x000000002c460000)]
  0x0000000020821000 JavaThread "jar transforms Thread 110" [_thread_blocked, id=4528, stack(0x000000002c260000,0x000000002c360000)]
  0x0000000020819800 JavaThread "jar transforms Thread 109" [_thread_blocked, id=15392, stack(0x000000002c160000,0x000000002c260000)]
  0x000000002081c000 JavaThread "jar transforms Thread 108" [_thread_blocked, id=15304, stack(0x000000002c060000,0x000000002c160000)]
  0x000000002081f000 JavaThread "jar transforms Thread 107" [_thread_blocked, id=2780, stack(0x000000002bf60000,0x000000002c060000)]
  0x0000000020820800 JavaThread "jar transforms Thread 106" [_thread_blocked, id=18932, stack(0x000000002be60000,0x000000002bf60000)]
  0x000000002081e000 JavaThread "jar transforms Thread 105" [_thread_blocked, id=7012, stack(0x000000002bd60000,0x000000002be60000)]
  0x000000002081a800 JavaThread "jar transforms Thread 104" [_thread_blocked, id=7544, stack(0x000000002bc60000,0x000000002bd60000)]
  0x000000002081f800 JavaThread "jar transforms Thread 103" [_thread_blocked, id=3404, stack(0x000000002bb60000,0x000000002bc60000)]
  0x000000002081d800 JavaThread "jar transforms Thread 102" [_thread_blocked, id=7732, stack(0x000000002ba60000,0x000000002bb60000)]
  0x000000002081c800 JavaThread "jar transforms Thread 101" [_thread_blocked, id=18608, stack(0x000000002b960000,0x000000002ba60000)]
  0x000000002088c000 JavaThread "jar transforms Thread 100" [_thread_blocked, id=21064, stack(0x000000002b860000,0x000000002b960000)]
  0x000000002088b000 JavaThread "jar transforms Thread 99" [_thread_blocked, id=9888, stack(0x000000002b760000,0x000000002b860000)]
  0x0000000020890800 JavaThread "jar transforms Thread 98" [_thread_blocked, id=4132, stack(0x000000002b660000,0x000000002b760000)]
  0x000000002088c800 JavaThread "jar transforms Thread 97" [_thread_blocked, id=12352, stack(0x000000002b560000,0x000000002b660000)]
  0x000000002088d800 JavaThread "jar transforms Thread 96" [_thread_blocked, id=2992, stack(0x000000002b460000,0x000000002b560000)]
  0x000000002088f800 JavaThread "jar transforms Thread 95" [_thread_blocked, id=15532, stack(0x000000002b360000,0x000000002b460000)]
  0x000000002088f000 JavaThread "jar transforms Thread 94" [_thread_blocked, id=17804, stack(0x000000002b260000,0x000000002b360000)]
  0x000000002088e000 JavaThread "jar transforms Thread 93" [_thread_blocked, id=13092, stack(0x000000002b160000,0x000000002b260000)]
  0x0000000020891000 JavaThread "jar transforms Thread 92" [_thread_blocked, id=15096, stack(0x000000002b060000,0x000000002b160000)]
  0x0000000020883800 JavaThread "jar transforms Thread 91" [_thread_blocked, id=10604, stack(0x000000002af60000,0x000000002b060000)]
  0x000000002088a800 JavaThread "jar transforms Thread 90" [_thread_blocked, id=3376, stack(0x000000002ae60000,0x000000002af60000)]
  0x0000000020887800 JavaThread "jar transforms Thread 89" [_thread_blocked, id=5076, stack(0x000000002ad60000,0x000000002ae60000)]
  0x0000000020883000 JavaThread "jar transforms Thread 88" [_thread_blocked, id=13380, stack(0x000000002ac60000,0x000000002ad60000)]
  0x0000000020886800 JavaThread "jar transforms Thread 87" [_thread_blocked, id=11936, stack(0x000000002ab60000,0x000000002ac60000)]
  0x0000000020889800 JavaThread "jar transforms Thread 86" [_thread_blocked, id=13064, stack(0x000000002aa60000,0x000000002ab60000)]
  0x0000000020886000 JavaThread "jar transforms Thread 85" [_thread_blocked, id=21356, stack(0x000000002a960000,0x000000002aa60000)]
  0x0000000020888000 JavaThread "jar transforms Thread 84" [_thread_blocked, id=7224, stack(0x000000002a860000,0x000000002a960000)]
  0x0000000020882000 JavaThread "jar transforms Thread 83" [_thread_blocked, id=18732, stack(0x000000002a760000,0x000000002a860000)]
  0x0000000020885000 JavaThread "jar transforms Thread 82" [_thread_blocked, id=3324, stack(0x000000002a660000,0x000000002a760000)]
  0x0000000020889000 JavaThread "jar transforms Thread 81" [_thread_blocked, id=13552, stack(0x000000002a560000,0x000000002a660000)]
  0x0000000020884800 JavaThread "jar transforms Thread 80" [_thread_blocked, id=21300, stack(0x000000002a460000,0x000000002a560000)]
  0x000000001faeb800 JavaThread "jar transforms Thread 79" [_thread_blocked, id=18988, stack(0x000000002a360000,0x000000002a460000)]
  0x000000001faec000 JavaThread "jar transforms Thread 78" [_thread_blocked, id=4948, stack(0x000000002a260000,0x000000002a360000)]
  0x000000001faed000 JavaThread "jar transforms Thread 77" [_thread_blocked, id=19136, stack(0x000000002a160000,0x000000002a260000)]
  0x000000001faea800 JavaThread "jar transforms Thread 76" [_thread_blocked, id=7064, stack(0x000000002a060000,0x000000002a160000)]
  0x000000001fae9000 JavaThread "jar transforms Thread 75" [_thread_blocked, id=3780, stack(0x0000000029f60000,0x000000002a060000)]
  0x000000001faea000 JavaThread "jar transforms Thread 74" [_thread_blocked, id=14544, stack(0x0000000029e60000,0x0000000029f60000)]
  0x000000001fae8800 JavaThread "jar transforms Thread 73" [_thread_blocked, id=10304, stack(0x0000000029d60000,0x0000000029e60000)]
  0x000000001fae7800 JavaThread "jar transforms Thread 72" [_thread_blocked, id=8224, stack(0x0000000029c60000,0x0000000029d60000)]
  0x000000001fae0000 JavaThread "jar transforms Thread 71" [_thread_blocked, id=10820, stack(0x0000000029b60000,0x0000000029c60000)]
  0x000000001fae0800 JavaThread "jar transforms Thread 70" [_thread_blocked, id=3564, stack(0x0000000029a60000,0x0000000029b60000)]
  0x000000001fae7000 JavaThread "jar transforms Thread 69" [_thread_blocked, id=13332, stack(0x0000000029960000,0x0000000029a60000)]
  0x000000001fadf000 JavaThread "jar transforms Thread 68" [_thread_blocked, id=18720, stack(0x0000000029860000,0x0000000029960000)]
  0x000000001fae6000 JavaThread "jar transforms Thread 67" [_thread_blocked, id=3888, stack(0x0000000029760000,0x0000000029860000)]
  0x000000001fae4800 JavaThread "jar transforms Thread 66" [_thread_blocked, id=7084, stack(0x0000000029660000,0x0000000029760000)]
  0x000000001fade800 JavaThread "jar transforms Thread 65" [_thread_blocked, id=6456, stack(0x0000000029560000,0x0000000029660000)]
  0x000000001fae1800 JavaThread "jar transforms Thread 64" [_thread_blocked, id=2436, stack(0x0000000029460000,0x0000000029560000)]
  0x000000001fae5800 JavaThread "jar transforms Thread 63" [_thread_blocked, id=19512, stack(0x0000000029360000,0x0000000029460000)]
  0x000000001fae4000 JavaThread "jar transforms Thread 62" [_thread_blocked, id=19348, stack(0x0000000029260000,0x0000000029360000)]
  0x000000001fadd800 JavaThread "jar transforms Thread 61" [_thread_blocked, id=8264, stack(0x0000000029160000,0x0000000029260000)]
  0x000000001fae3000 JavaThread "jar transforms Thread 60" [_thread_blocked, id=7032, stack(0x0000000029060000,0x0000000029160000)]
  0x000000001fae2800 JavaThread "jar transforms Thread 59" [_thread_blocked, id=21464, stack(0x0000000028f60000,0x0000000029060000)]
  0x000000001d23e000 JavaThread "jar transforms Thread 58" [_thread_blocked, id=16380, stack(0x0000000028e60000,0x0000000028f60000)]
  0x000000001d23b800 JavaThread "jar transforms Thread 57" [_thread_blocked, id=8036, stack(0x0000000028d60000,0x0000000028e60000)]
  0x000000001d23b000 JavaThread "jar transforms Thread 56" [_thread_blocked, id=11616, stack(0x0000000028c60000,0x0000000028d60000)]
  0x000000001d241000 JavaThread "jar transforms Thread 55" [_thread_blocked, id=5996, stack(0x0000000028b60000,0x0000000028c60000)]
  0x000000001d241800 JavaThread "jar transforms Thread 54" [_thread_blocked, id=15908, stack(0x0000000028a60000,0x0000000028b60000)]
  0x000000001d23e800 JavaThread "jar transforms Thread 53" [_thread_blocked, id=10824, stack(0x0000000028960000,0x0000000028a60000)]
  0x000000001d240000 JavaThread "jar transforms Thread 52" [_thread_blocked, id=12972, stack(0x0000000028860000,0x0000000028960000)]
  0x000000001d23f800 JavaThread "jar transforms Thread 51" [_thread_blocked, id=9508, stack(0x0000000028760000,0x0000000028860000)]
  0x000000001d23d000 JavaThread "jar transforms Thread 50" [_thread_blocked, id=3472, stack(0x0000000028660000,0x0000000028760000)]
  0x000000001d23c800 JavaThread "jar transforms Thread 49" [_thread_blocked, id=7240, stack(0x0000000028560000,0x0000000028660000)]
  0x000000001d233800 JavaThread "jar transforms Thread 48" [_thread_blocked, id=14696, stack(0x0000000028460000,0x0000000028560000)]
  0x000000001d236800 JavaThread "jar transforms Thread 47" [_thread_blocked, id=10724, stack(0x0000000028020000,0x0000000028120000)]
  0x000000001d23a000 JavaThread "jar transforms Thread 46" [_thread_blocked, id=12836, stack(0x0000000027f20000,0x0000000028020000)]
  0x000000001d234000 JavaThread "jar transforms Thread 45" [_thread_blocked, id=10452, stack(0x0000000027e20000,0x0000000027f20000)]
  0x000000001d239800 JavaThread "jar transforms Thread 44" [_thread_blocked, id=20320, stack(0x0000000027d20000,0x0000000027e20000)]
  0x000000001d238800 JavaThread "jar transforms Thread 43" [_thread_blocked, id=18676, stack(0x0000000027c20000,0x0000000027d20000)]
  0x000000001d237000 JavaThread "jar transforms Thread 42" [_thread_blocked, id=7024, stack(0x0000000027b20000,0x0000000027c20000)]
  0x000000001d232800 JavaThread "jar transforms Thread 41" [_thread_blocked, id=10688, stack(0x0000000027a20000,0x0000000027b20000)]
  0x000000001d235800 JavaThread "jar transforms Thread 40" [_thread_blocked, id=7304, stack(0x0000000027920000,0x0000000027a20000)]
  0x000000001d238000 JavaThread "jar transforms Thread 39" [_thread_blocked, id=8864, stack(0x0000000027820000,0x0000000027920000)]
  0x000000001d235000 JavaThread "jar transforms Thread 38" [_thread_blocked, id=8748, stack(0x0000000027720000,0x0000000027820000)]
  0x000000001ce8a800 JavaThread "jar transforms Thread 37" [_thread_blocked, id=15416, stack(0x0000000027620000,0x0000000027720000)]
  0x000000001ce89800 JavaThread "jar transforms Thread 36" [_thread_blocked, id=13800, stack(0x0000000027520000,0x0000000027620000)]
  0x000000001ce89000 JavaThread "jar transforms Thread 35" [_thread_blocked, id=12072, stack(0x0000000027420000,0x0000000027520000)]
  0x000000001ce86800 JavaThread "jar transforms Thread 34" [_thread_blocked, id=11540, stack(0x0000000027320000,0x0000000027420000)]
  0x000000001ce86000 JavaThread "jar transforms Thread 33" [_thread_blocked, id=2252, stack(0x0000000027220000,0x0000000027320000)]
  0x000000001ce85000 JavaThread "jar transforms Thread 32" [_thread_blocked, id=17800, stack(0x0000000027120000,0x0000000027220000)]
  0x000000001ce87800 JavaThread "jar transforms Thread 31" [_thread_blocked, id=10880, stack(0x0000000027020000,0x0000000027120000)]
  0x000000001ce88000 JavaThread "jar transforms Thread 30" [_thread_blocked, id=18548, stack(0x0000000026f20000,0x0000000027020000)]
  0x000000001ce83800 JavaThread "jar transforms Thread 29" [_thread_blocked, id=11100, stack(0x0000000026e20000,0x0000000026f20000)]
  0x000000001ce84800 JavaThread "jar transforms Thread 28" [_thread_blocked, id=20816, stack(0x0000000026d20000,0x0000000026e20000)]
  0x000000001ce7c000 JavaThread "jar transforms Thread 27" [_thread_blocked, id=20684, stack(0x0000000026c20000,0x0000000026d20000)]
  0x000000001ce7e800 JavaThread "jar transforms Thread 26" [_thread_blocked, id=5304, stack(0x0000000026b20000,0x0000000026c20000)]
  0x000000001ce7d000 JavaThread "jar transforms Thread 25" [_thread_blocked, id=18844, stack(0x0000000026a20000,0x0000000026b20000)]
  0x000000001ce7f000 JavaThread "jar transforms Thread 24" [_thread_blocked, id=15144, stack(0x0000000026920000,0x0000000026a20000)]
  0x000000001ce7d800 JavaThread "jar transforms Thread 23" [_thread_blocked, id=3044, stack(0x0000000026820000,0x0000000026920000)]
  0x000000001ce83000 JavaThread "jar transforms Thread 22" [_thread_blocked, id=19496, stack(0x0000000026720000,0x0000000026820000)]
  0x000000001ce7b800 JavaThread "jar transforms Thread 21" [_thread_blocked, id=5224, stack(0x0000000026620000,0x0000000026720000)]
  0x000000001ce82000 JavaThread "jar transforms Thread 20" [_thread_blocked, id=4724, stack(0x0000000026520000,0x0000000026620000)]
  0x000000001ce80800 JavaThread "jar transforms Thread 19" [_thread_blocked, id=1348, stack(0x0000000026420000,0x0000000026520000)]
  0x000000001ce80000 JavaThread "jar transforms Thread 18" [_thread_blocked, id=19712, stack(0x0000000026320000,0x0000000026420000)]
  0x000000001ce81800 JavaThread "jar transforms Thread 17" [_thread_blocked, id=5164, stack(0x0000000026220000,0x0000000026320000)]
  0x000000001d098800 JavaThread "jar transforms Thread 16" [_thread_blocked, id=20008, stack(0x0000000026120000,0x0000000026220000)]
  0x000000001d09c000 JavaThread "jar transforms Thread 15" [_thread_blocked, id=12680, stack(0x0000000026020000,0x0000000026120000)]
  0x000000001d097800 JavaThread "jar transforms Thread 14" [_thread_blocked, id=14304, stack(0x0000000025f20000,0x0000000026020000)]
  0x000000001d09b800 JavaThread "jar transforms Thread 13" [_thread_blocked, id=9868, stack(0x0000000025e20000,0x0000000025f20000)]
  0x000000001d095800 JavaThread "jar transforms Thread 12" [_thread_blocked, id=14380, stack(0x0000000025d20000,0x0000000025e20000)]
  0x000000001d09a000 JavaThread "jar transforms Thread 11" [_thread_blocked, id=5252, stack(0x0000000025c20000,0x0000000025d20000)]
  0x000000001d097000 JavaThread "jar transforms Thread 10" [_thread_blocked, id=19300, stack(0x0000000025b20000,0x0000000025c20000)]
  0x000000001d099000 JavaThread "jar transforms Thread 9" [_thread_blocked, id=7656, stack(0x0000000025a20000,0x0000000025b20000)]
  0x000000001d09a800 JavaThread "jar transforms Thread 8" [_thread_blocked, id=10916, stack(0x0000000025920000,0x0000000025a20000)]
  0x000000001d096000 JavaThread "jar transforms Thread 7" [_thread_blocked, id=12880, stack(0x0000000025820000,0x0000000025920000)]
  0x00000000222cc000 JavaThread "jar transforms Thread 6" [_thread_blocked, id=13620, stack(0x0000000025720000,0x0000000025820000)]
  0x00000000222cb000 JavaThread "jar transforms Thread 5" [_thread_blocked, id=16968, stack(0x0000000025620000,0x0000000025720000)]
  0x00000000222ca800 JavaThread "jar transforms Thread 4" [_thread_blocked, id=1272, stack(0x0000000025520000,0x0000000025620000)]
  0x00000000222c9800 JavaThread "jar transforms Thread 3" [_thread_blocked, id=11160, stack(0x0000000025420000,0x0000000025520000)]
  0x00000000222c9000 JavaThread "jar transforms Thread 2" [_thread_blocked, id=5524, stack(0x0000000025320000,0x0000000025420000)]
  0x00000000222c8000 JavaThread "Build operations Thread 8" [_thread_in_native, id=16088, stack(0x0000000025220000,0x0000000025320000)]
  0x00000000222c1800 JavaThread "Build operations Thread 7" [_thread_blocked, id=12968, stack(0x0000000025120000,0x0000000025220000)]
  0x00000000222c7800 JavaThread "Build operations Thread 6" [_thread_blocked, id=15764, stack(0x0000000025020000,0x0000000025120000)]
  0x00000000222c6800 JavaThread "Build operations Thread 5" [_thread_in_native, id=9168, stack(0x0000000024f20000,0x0000000025020000)]
  0x00000000222bf000 JavaThread "Build operations Thread 4" [_thread_blocked, id=2216, stack(0x0000000024e20000,0x0000000024f20000)]
  0x00000000222c6000 JavaThread "Build operations Thread 3" [_thread_in_native, id=7448, stack(0x0000000024d20000,0x0000000024e20000)]
  0x00000000222c5000 JavaThread "Build operations Thread 2" [_thread_in_vm, id=17368, stack(0x0000000024c20000,0x0000000024d20000)]
  0x00000000222bd800 JavaThread "Build operations" [_thread_blocked, id=2304, stack(0x0000000024b20000,0x0000000024c20000)]
  0x00000000222c3000 JavaThread "Cache worker for file content cache (C:\Users\Lenovo\.gradle\caches\6.5\fileContent)" [_thread_blocked, id=16340, stack(0x0000000023450000,0x0000000023550000)]
  0x00000000222c2000 JavaThread "jar transforms" [_thread_blocked, id=21256, stack(0x0000000022bc0000,0x0000000022cc0000)]
  0x000000001a0e9000 JavaThread "Cache worker for execution history cache (C:\Users\Lenovo\.gradle\caches\6.5\executionHistory)" [_thread_blocked, id=14264, stack(0x0000000022ac0000,0x0000000022bc0000)]
  0x000000001a0ed800 JavaThread "Cache worker for cache directory md-rule (C:\Users\Lenovo\.gradle\caches\6.5\md-rule)" [_thread_blocked, id=13596, stack(0x00000000229c0000,0x0000000022ac0000)]
  0x000000001a0ec000 JavaThread "Cache worker for cache directory md-supplier (C:\Users\Lenovo\.gradle\caches\6.5\md-supplier)" [_thread_blocked, id=5328, stack(0x0000000021670000,0x0000000021770000)]
  0x000000001a0e8000 JavaThread "Cache worker for checksums cache (D:\Code\Projects\Plasmahero-mobile\client\.gradle\checksums)" [_thread_blocked, id=5980, stack(0x0000000021570000,0x0000000021670000)]
  0x000000001a0e7800 JavaThread "Cache worker for file hash cache (D:\Code\Projects\Plasmahero-mobile\client\.gradle\6.5\fileHashes)" [_thread_blocked, id=1176, stack(0x0000000022d50000,0x0000000022e50000)]
  0x000000001a0ec800 JavaThread "Cache worker for file hash cache (C:\Users\Lenovo\.gradle\caches\6.5\fileHashes)" [_thread_blocked, id=13360, stack(0x000000001f0d0000,0x000000001f1d0000)]
  0x000000001a0eb000 JavaThread "File lock request listener" [_thread_in_native, id=2552, stack(0x000000001efd0000,0x000000001f0d0000)]
  0x000000001cc3e800 JavaThread "Cache worker for journal cache (C:\Users\Lenovo\.gradle\caches\journal-1)" [_thread_blocked, id=10800, stack(0x000000001eed0000,0x000000001efd0000)]
  0x000000001b361800 JavaThread "Thread-9" [_thread_blocked, id=20128, stack(0x000000001ebd0000,0x000000001ecd0000)]
  0x000000001b11d800 JavaThread "Stdin handler" [_thread_blocked, id=4200, stack(0x000000001ead0000,0x000000001ebd0000)]
  0x000000001b11d000 JavaThread "Asynchronous log dispatcher for DefaultDaemonConnection: socket connection from /127.0.0.1:56730 to /127.0.0.1:56731" [_thread_blocked, id=5324, stack(0x000000001e9d0000,0x000000001ead0000)]
  0x000000001b27a800 JavaThread "Daemon worker" [_thread_blocked, id=16696, stack(0x000000001e8d0000,0x000000001e9d0000)]
  0x000000001b27a000 JavaThread "Cancel handler" [_thread_blocked, id=9176, stack(0x000000001e6d0000,0x000000001e7d0000)]
  0x000000001cb54800 JavaThread "Handler for socket connection from /127.0.0.1:56730 to /127.0.0.1:56731" [_thread_in_native, id=13140, stack(0x000000001e3d0000,0x000000001e4d0000)]
  0x000000001a19a800 JavaThread "Daemon" [_thread_blocked, id=11332, stack(0x000000001e2d0000,0x000000001e3d0000)]
  0x000000001cb51800 JavaThread "Daemon periodic checks" [_thread_blocked, id=16316, stack(0x000000001e1d0000,0x000000001e2d0000)]
  0x000000001cb5d000 JavaThread "Incoming local TCP Connector on port 56730" [_thread_in_native, id=18516, stack(0x000000001df90000,0x000000001e090000)]
  0x000000001cae0000 JavaThread "Daemon health stats" [_thread_blocked, id=17608, stack(0x000000001d950000,0x000000001da50000)]
  0x000000001a181000 JavaThread "Service Thread" daemon [_thread_blocked, id=14384, stack(0x000000001adb0000,0x000000001aeb0000)]
  0x000000001a0ea800 JavaThread "C1 CompilerThread3" daemon [_thread_blocked, id=2720, stack(0x000000001acb0000,0x000000001adb0000)]
  0x000000001a0e6800 JavaThread "C2 CompilerThread2" daemon [_thread_blocked, id=17276, stack(0x000000001abb0000,0x000000001acb0000)]
=>0x000000001a0e9800 JavaThread "C2 CompilerThread1" daemon [_thread_in_native, id=9132, stack(0x000000001aab0000,0x000000001abb0000)]
  0x000000001a0e5800 JavaThread "C2 CompilerThread0" daemon [_thread_in_native, id=13868, stack(0x000000001a9b0000,0x000000001aab0000)]
  0x000000001a0e4000 JavaThread "Attach Listener" daemon [_thread_blocked, id=1088, stack(0x000000001a8b0000,0x000000001a9b0000)]
  0x000000001a0e2800 JavaThread "Signal Dispatcher" daemon [_thread_blocked, id=21292, stack(0x000000001a7b0000,0x000000001a8b0000)]
  0x00000000031ce800 JavaThread "Finalizer" daemon [_thread_blocked, id=18888, stack(0x000000001a5b0000,0x000000001a6b0000)]
  0x00000000182cc800 JavaThread "Reference Handler" daemon [_thread_blocked, id=19948, stack(0x000000001a4b0000,0x000000001a5b0000)]
  0x00000000030d2800 JavaThread "main" [_thread_blocked, id=8656, stack(0x0000000002f60000,0x0000000003060000)]

Other Threads:
  0x00000000182c5800 VMThread [stack: 0x0000000019fb0000,0x000000001a0b0000] [id=19748]
  0x000000001a182000 WatcherThread [stack: 0x000000001aeb0000,0x000000001afb0000] [id=14716]

VM state:at safepoint (normal execution)

VM Mutex/Monitor currently owned by a thread:  ([mutex/lock_event])
[0x000000000325d260] Threads_lock - owner thread: 0x00000000182c5800
[0x000000000325d1e0] Heap_lock - owner thread: 0x00000000222c6800

OutOfMemory and StackOverflow Exception counts:
OutOfMemoryError java_heap_errors=1

heap address: 0x0000000080000000, size: 2048 MB, Compressed Oops mode: 32-bit
Narrow klass base: 0x0000000000000000, Narrow klass shift: 3
Compressed class space size: 1073741824 Address: 0x0000000100000000

Heap:
 PSYoungGen      total 332800K, used 288697K [0x00000000d5580000, 0x00000000ed580000, 0x0000000100000000)
  eden space 310784K, 85% used [0x00000000d5580000,0x00000000e59f1b30,0x00000000e8500000)
  from space 22016K, 99% used [0x00000000e9f00000,0x00000000eb47c8f8,0x00000000eb480000)
  to   space 26624K, 2% used [0x00000000e8500000,0x00000000e85a8010,0x00000000e9f00000)
 ParOldGen       total 186368K, used 44862K [0x0000000080000000, 0x000000008b600000, 0x00000000d5580000)
  object space 186368K, 24% used [0x0000000080000000,0x0000000082bcf9b8,0x000000008b600000)
 Metaspace       used 79026K, capacity 82894K, committed 82968K, reserved 1134592K
  class space    used 10820K, capacity 11530K, committed 11568K, reserved 1048576K

Card table byte_map: [0x0000000012620000,0x0000000012a30000] byte_map_base: 0x0000000012220000

Marking Bits: (ParMarkBitMap*) 0x000000005ceaf030
 Begin Bits: [0x00000000134e0000, 0x00000000154e0000)
 End Bits:   [0x00000000154e0000, 0x00000000174e0000)

Polling page: 0x00000000016f0000

CodeCache: size=245760Kb used=28393Kb max_used=28393Kb free=217366Kb
 bounds [0x0000000003260000, 0x0000000004e40000, 0x0000000012260000]
 total_blobs=9771 nmethods=8935 adapters=748
 compilation: enabled

Compilation events (10 events):
Event: 11.595 Thread 0x000000001a0ea800 10050       3       java.lang.invoke.LambdaFormEditor$Transform::<init> (28 bytes)
Event: 11.596 Thread 0x000000001a0ea800 nmethod 10050 0x0000000004e30850 code [0x0000000004e309e0, 0x0000000004e30d08]
Event: 11.596 Thread 0x000000001a0ea800 10055       3       java.lang.invoke.LambdaFormEditor::getInCache (189 bytes)
Event: 11.597 Thread 0x000000001a0ea800 nmethod 10055 0x0000000004e2f110 code [0x0000000004e2f340, 0x0000000004e303c8]
Event: 11.597 Thread 0x000000001a0ea800 10051       3       java.lang.invoke.BoundMethodHandle::editor (8 bytes)
Event: 11.597 Thread 0x000000001a0e6800 10057   !   4       java.util.zip.ZipFile::getInputStream (304 bytes)
Event: 11.597 Thread 0x000000001a0ea800 nmethod 10051 0x0000000004e32e90 code [0x0000000004e33020, 0x0000000004e333c8]
Event: 11.597 Thread 0x000000001a0ea800 10052       3       java.lang.invoke.LambdaForm::editor (5 bytes)
Event: 11.597 Thread 0x000000001a0ea800 nmethod 10052 0x0000000004e335d0 code [0x0000000004e33760, 0x0000000004e33a88]
Event: 11.597 Thread 0x000000001a0ea800 10053       3       java.lang.invoke.LambdaFormEditor::<init> (10 bytes)

GC Heap History (10 events):
Event: 3.439 GC heap before
{Heap before GC invocations=9 (full 2):
 PSYoungGen      total 206336K, used 10202K [0x00000000d5580000, 0x00000000e9400000, 0x0000000100000000)
  eden space 193536K, 0% used [0x00000000d5580000,0x00000000d5580000,0x00000000e1280000)
  from space 12800K, 79% used [0x00000000e1280000,0x00000000e1c76a10,0x00000000e1f00000)
  to   space 13312K, 0% used [0x00000000e8700000,0x00000000e8700000,0x00000000e9400000)
 ParOldGen       total 70656K, used 7589K [0x0000000080000000, 0x0000000084500000, 0x00000000d5580000)
  object space 70656K, 10% used [0x0000000080000000,0x00000000807696f8,0x0000000084500000)
 Metaspace       used 34264K, capacity 35412K, committed 35496K, reserved 1079296K
  class space    used 4720K, capacity 5001K, committed 5040K, reserved 1048576K
Event: 3.529 GC heap after
Heap after GC invocations=9 (full 2):
 PSYoungGen      total 206336K, used 0K [0x00000000d5580000, 0x00000000e9400000, 0x0000000100000000)
  eden space 193536K, 0% used [0x00000000d5580000,0x00000000d5580000,0x00000000e1280000)
  from space 12800K, 0% used [0x00000000e1280000,0x00000000e1280000,0x00000000e1f00000)
  to   space 13312K, 0% used [0x00000000e8700000,0x00000000e8700000,0x00000000e9400000)
 ParOldGen       total 115712K, used 16476K [0x0000000080000000, 0x0000000087100000, 0x00000000d5580000)
  object space 115712K, 14% used [0x0000000080000000,0x0000000081017050,0x0000000087100000)
 Metaspace       used 34264K, capacity 35412K, committed 35496K, reserved 1079296K
  class space    used 4720K, capacity 5001K, committed 5040K, reserved 1048576K
}
Event: 4.526 GC heap before
{Heap before GC invocations=10 (full 2):
 PSYoungGen      total 206336K, used 193536K [0x00000000d5580000, 0x00000000e9400000, 0x0000000100000000)
  eden space 193536K, 100% used [0x00000000d5580000,0x00000000e1280000,0x00000000e1280000)
  from space 12800K, 0% used [0x00000000e1280000,0x00000000e1280000,0x00000000e1f00000)
  to   space 13312K, 0% used [0x00000000e8700000,0x00000000e8700000,0x00000000e9400000)
 ParOldGen       total 115712K, used 16476K [0x0000000080000000, 0x0000000087100000, 0x00000000d5580000)
  object space 115712K, 14% used [0x0000000080000000,0x0000000081017050,0x0000000087100000)
 Metaspace       used 42956K, capacity 44784K, committed 44968K, reserved 1087488K
  class space    used 5845K, capacity 6222K, committed 6320K, reserved 1048576K
Event: 4.537 GC heap after
Heap after GC invocations=10 (full 2):
 PSYoungGen      total 275968K, used 13118K [0x00000000d5580000, 0x00000000e9400000, 0x0000000100000000)
  eden space 262656K, 0% used [0x00000000d5580000,0x00000000d5580000,0x00000000e5600000)
  from space 13312K, 98% used [0x00000000e8700000,0x00000000e93cf8d8,0x00000000e9400000)
  to   space 14848K, 0% used [0x00000000e7700000,0x00000000e7700000,0x00000000e8580000)
 ParOldGen       total 115712K, used 16484K [0x0000000080000000, 0x0000000087100000, 0x00000000d5580000)
  object space 115712K, 14% used [0x0000000080000000,0x0000000081019050,0x0000000087100000)
 Metaspace       used 42956K, capacity 44784K, committed 44968K, reserved 1087488K
  class space    used 5845K, capacity 6222K, committed 6320K, reserved 1048576K
}
Event: 5.933 GC heap before
{Heap before GC invocations=11 (full 2):
 PSYoungGen      total 275968K, used 204530K [0x00000000d5580000, 0x00000000e9400000, 0x0000000100000000)
  eden space 262656K, 72% used [0x00000000d5580000,0x00000000e106d258,0x00000000e5600000)
  from space 13312K, 98% used [0x00000000e8700000,0x00000000e93cf8d8,0x00000000e9400000)
  to   space 14848K, 0% used [0x00000000e7700000,0x00000000e7700000,0x00000000e8580000)
 ParOldGen       total 115712K, used 16484K [0x0000000080000000, 0x0000000087100000, 0x00000000d5580000)
  object space 115712K, 14% used [0x0000000080000000,0x0000000081019050,0x0000000087100000)
 Metaspace       used 56773K, capacity 59004K, committed 59160K, reserved 1099776K
  class space    used 7685K, capacity 8137K, committed 8240K, reserved 1048576K
Event: 5.954 GC heap after
Heap after GC invocations=11 (full 2):
 PSYoungGen      total 311296K, used 14844K [0x00000000d5580000, 0x00000000eb480000, 0x0000000100000000)
  eden space 296448K, 0% used [0x00000000d5580000,0x00000000d5580000,0x00000000e7700000)
  from space 14848K, 99% used [0x00000000e7700000,0x00000000e857f320,0x00000000e8580000)
  to   space 22016K, 0% used [0x00000000e9f00000,0x00000000e9f00000,0x00000000eb480000)
 ParOldGen       total 115712K, used 29619K [0x0000000080000000, 0x0000000087100000, 0x00000000d5580000)
  object space 115712K, 25% used [0x0000000080000000,0x0000000081cecfb8,0x0000000087100000)
 Metaspace       used 56773K, capacity 59004K, committed 59160K, reserved 1099776K
  class space    used 7685K, capacity 8137K, committed 8240K, reserved 1048576K
}
Event: 5.954 GC heap before
{Heap before GC invocations=12 (full 3):
 PSYoungGen      total 311296K, used 14844K [0x00000000d5580000, 0x00000000eb480000, 0x0000000100000000)
  eden space 296448K, 0% used [0x00000000d5580000,0x00000000d5580000,0x00000000e7700000)
  from space 14848K, 99% used [0x00000000e7700000,0x00000000e857f320,0x00000000e8580000)
  to   space 22016K, 0% used [0x00000000e9f00000,0x00000000e9f00000,0x00000000eb480000)
 ParOldGen       total 115712K, used 29619K [0x0000000080000000, 0x0000000087100000, 0x00000000d5580000)
  object space 115712K, 25% used [0x0000000080000000,0x0000000081cecfb8,0x0000000087100000)
 Metaspace       used 56773K, capacity 59004K, committed 59160K, reserved 1099776K
  class space    used 7685K, capacity 8137K, committed 8240K, reserved 1048576K
Event: 6.177 GC heap after
Heap after GC invocations=12 (full 3):
 PSYoungGen      total 311296K, used 0K [0x00000000d5580000, 0x00000000eb480000, 0x0000000100000000)
  eden space 296448K, 0% used [0x00000000d5580000,0x00000000d5580000,0x00000000e7700000)
  from space 14848K, 0% used [0x00000000e7700000,0x00000000e7700000,0x00000000e8580000)
  to   space 22016K, 0% used [0x00000000e9f00000,0x00000000e9f00000,0x00000000eb480000)
 ParOldGen       total 186368K, used 40354K [0x0000000080000000, 0x000000008b600000, 0x00000000d5580000)
  object space 186368K, 21% used [0x0000000080000000,0x0000000082768a70,0x000000008b600000)
 Metaspace       used 56730K, capacity 58860K, committed 59160K, reserved 1099776K
  class space    used 7672K, capacity 8113K, committed 8240K, reserved 1048576K
}
Event: 9.043 GC heap before
{Heap before GC invocations=13 (full 3):
 PSYoungGen      total 311296K, used 296448K [0x00000000d5580000, 0x00000000eb480000, 0x0000000100000000)
  eden space 296448K, 100% used [0x00000000d5580000,0x00000000e7700000,0x00000000e7700000)
  from space 14848K, 0% used [0x00000000e7700000,0x00000000e7700000,0x00000000e8580000)
  to   space 22016K, 0% used [0x00000000e9f00000,0x00000000e9f00000,0x00000000eb480000)
 ParOldGen       total 186368K, used 40354K [0x0000000080000000, 0x000000008b600000, 0x00000000d5580000)
  object space 186368K, 21% used [0x0000000080000000,0x0000000082768a70,0x000000008b600000)
 Metaspace       used 67229K, capacity 70508K, committed 70552K, reserved 1110016K
  class space    used 9243K, capacity 9872K, committed 9904K, reserved 1048576K
Event: 9.067 GC heap after
Heap after GC invocations=13 (full 3):
 PSYoungGen      total 332800K, used 22002K [0x00000000d5580000, 0x00000000ed580000, 0x0000000100000000)
  eden space 310784K, 0% used [0x00000000d5580000,0x00000000d5580000,0x00000000e8500000)
  from space 22016K, 99% used [0x00000000e9f00000,0x00000000eb47c8f8,0x00000000eb480000)
  to   space 26624K, 0% used [0x00000000e8500000,0x00000000e8500000,0x00000000e9f00000)
 ParOldGen       total 186368K, used 44862K [0x0000000080000000, 0x000000008b600000, 0x00000000d5580000)
  object space 186368K, 24% used [0x0000000080000000,0x0000000082bcf9b8,0x000000008b600000)
 Metaspace       used 67229K, capacity 70508K, committed 70552K, reserved 1110016K
  class space    used 9243K, capacity 9872K, committed 9904K, reserved 1048576K
}

Deoptimization events (10 events):
Event: 11.426 Thread 0x000000001cff3800 Uncommon trap: reason=unstable_if action=reinterpret pc=0x0000000004060bc4 method=sun.nio.fs.WindowsPathParser.nextNonSlash(Ljava/lang/String;II)I @ 2
Event: 11.461 Thread 0x000000001cc3e800 Uncommon trap: reason=bimorphic action=maybe_recompile pc=0x0000000004ae2734 method=java.util.Collections.indexedBinarySearch(Ljava/util/List;Ljava/lang/Object;)I @ 39
Event: 11.462 Thread 0x000000001cc3e800 Uncommon trap: reason=bimorphic action=maybe_recompile pc=0x0000000004ae2734 method=java.util.Collections.indexedBinarySearch(Ljava/util/List;Ljava/lang/Object;)I @ 39
Event: 11.462 Thread 0x000000001cc3e800 Uncommon trap: reason=bimorphic action=maybe_recompile pc=0x0000000004ae2734 method=java.util.Collections.indexedBinarySearch(Ljava/util/List;Ljava/lang/Object;)I @ 39
Event: 11.462 Thread 0x000000001cc3e800 Uncommon trap: reason=bimorphic action=maybe_recompile pc=0x0000000004ae2734 method=java.util.Collections.indexedBinarySearch(Ljava/util/List;Ljava/lang/Object;)I @ 39
Event: 11.470 Thread 0x00000000222c5000 Uncommon trap: reason=unstable_if action=reinterpret pc=0x00000000046e9ad0 method=org.gradle.internal.snapshot.VfsRelativePath.compareToFirstSegment(Ljava/lang/String;Lorg/gradle/internal/snapshot/CaseSensitivity;)I @ 156
Event: 11.470 Thread 0x00000000222c5000 Uncommon trap: reason=unstable_if action=reinterpret pc=0x0000000004d5bac0 method=org.gradle.internal.snapshot.VfsRelativePath.lengthOfCommonPrefix(Ljava/lang/String;Lorg/gradle/internal/snapshot/CaseSensitivity;)I @ 107
Event: 11.478 Thread 0x00000000222c6800 Uncommon trap: reason=unstable_if action=reinterpret pc=0x0000000004a68be4 method=java.util.concurrent.ConcurrentLinkedQueue.offer(Ljava/lang/Object;)Z @ 91
Event: 11.514 Thread 0x00000000222c6000 Uncommon trap: reason=unstable_if action=reinterpret pc=0x0000000003883850 method=java.util.WeakHashMap.remove(Ljava/lang/Object;)Ljava/lang/Object; @ 94
Event: 11.529 Thread 0x000000001cff3800 Uncommon trap: reason=unstable_if action=reinterpret pc=0x00000000040fe854 method=java.nio.Bits.getShort(Ljava/nio/ByteBuffer;IZ)S @ 1

Classes redefined (0 events):
No events

Internal exceptions (10 events):
Event: 11.057 Thread 0x000000001cff7800 Exception <a 'sun/nio/fs/WindowsException'> (0x00000000e21b3dc0) thrown at [C:\src\AOSP-openjdk-git\hotspot\src\share\vm\prims\jni.cpp, line 710]
Event: 11.057 Thread 0x000000001cff7800 Exception <a 'sun/nio/fs/WindowsException'> (0x00000000e21b4ad8) thrown at [C:\src\AOSP-openjdk-git\hotspot\src\share\vm\prims\jni.cpp, line 710]
Event: 11.064 Thread 0x000000001cff7800 Exception <a 'java/lang/NoSuchMethodError': java.lang.Object.lambda$comparingByKey$bbdbfea9$1(Ljava/util/Map$Entry;Ljava/util/Map$Entry;)I> (0x00000000e2298398) thrown at [C:\src\AOSP-openjdk-git\hotspot\src\share\vm\interpreter\linkResolver.cpp, line 620
Event: 11.095 Thread 0x000000001cff7800 Exception <a 'java/lang/NoSuchMethodError': <clinit>> (0x00000000e24bb1d0) thrown at [C:\src\AOSP-openjdk-git\hotspot\src\share\vm\prims\jni.cpp, line 1615]
Event: 11.097 Thread 0x000000001cff7800 Exception <a 'java/lang/NoSuchMethodError': <clinit>> (0x00000000e24d0720) thrown at [C:\src\AOSP-openjdk-git\hotspot\src\share\vm\prims\jni.cpp, line 1615]
Event: 11.101 Thread 0x000000001cff7800 Exception <a 'java/lang/NoSuchMethodError': <clinit>> (0x00000000e24f9ba8) thrown at [C:\src\AOSP-openjdk-git\hotspot\src\share\vm\prims\jni.cpp, line 1615]
Event: 11.160 Thread 0x00000000222bf000 Implicit null exception at 0x0000000004d40b63 to 0x0000000004d4100d
Event: 11.180 Thread 0x000000001cff3800 Exception <a 'java/lang/NoSuchMethodError': java.lang.Object.lambda$asRunnable$0(Lcom/android/tools/build/apkzlib/utils/IOExceptionRunnable;)V> (0x00000000e2d4c110) thrown at [C:\src\AOSP-openjdk-git\hotspot\src\share\vm\interpreter\linkResolver.cpp, line
Event: 11.227 Thread 0x000000001cff3800 Exception <a 'java/lang/NoSuchMethodError': java.lang.Object.newSystemTemporaryDirectory()Lcom/android/tools/build/apkzlib/bytestorage/TemporaryDirectory;> (0x00000000e3745670) thrown at [C:\src\AOSP-openjdk-git\hotspot\src\share\vm\interpreter\linkResolv
Event: 11.519 Thread 0x00000000222c6000 Exception <a 'java/lang/NoSuchMethodError': java.lang.Object.lambda$static$0(Ljava/lang/String;)Z> (0x00000000e51b42e8) thrown at [C:\src\AOSP-openjdk-git\hotspot\src\share\vm\interpreter\linkResolver.cpp, line 620]

Events (10 events):
Event: 11.596 loading class com/android/tools/r8/D8Command$Builder
Event: 11.596 loading class com/android/tools/r8/D8Command$Builder done
Event: 11.596 loading class com/android/tools/r8/D8Command$Builder
Event: 11.596 loading class com/android/tools/r8/D8Command$Builder done
Event: 11.596 loading class com/android/tools/r8/D8Command$Builder
Event: 11.596 loading class com/android/tools/r8/D8Command$Builder done
Event: 11.596 loading class com/android/builder/dexing/NoCacheJarClassFileEntry
Event: 11.596 loading class com/android/builder/dexing/NoCacheJarClassFileEntry done
Event: 11.597 loading class com/google/common/io/ByteStreams
Event: 11.597 loading class com/google/common/io/ByteStreams done


Dynamic libraries:
0x00007ff7dc5f0000 - 0x00007ff7dc621000 	C:\Program Files\Android\Android Studio\jre\bin\java.exe
0x00007ffe94cf0000 - 0x00007ffe94ee5000 	C:\Windows\SYSTEM32\ntdll.dll
0x00007ffe948e0000 - 0x00007ffe9499e000 	C:\Windows\System32\KERNEL32.DLL
0x00007ffe92550000 - 0x00007ffe92818000 	C:\Windows\System32\KERNELBASE.dll
0x00007ffe94500000 - 0x00007ffe945ac000 	C:\Windows\System32\ADVAPI32.dll
0x00007ffe92d40000 - 0x00007ffe92dde000 	C:\Windows\System32\msvcrt.dll
0x00007ffe94840000 - 0x00007ffe948db000 	C:\Windows\System32\sechost.dll
0x00007ffe949a0000 - 0x00007ffe94aca000 	C:\Windows\System32\RPCRT4.dll
0x00007ffe94350000 - 0x00007ffe944f1000 	C:\Windows\System32\USER32.dll
0x00007ffe92a20000 - 0x00007ffe92a42000 	C:\Windows\System32\win32u.dll
0x00007ffe92df0000 - 0x00007ffe92e1b000 	C:\Windows\System32\GDI32.dll
0x00007ffe92ad0000 - 0x00007ffe92bdb000 	C:\Windows\System32\gdi32full.dll
0x00007ffe92880000 - 0x00007ffe9291d000 	C:\Windows\System32\msvcp_win.dll
0x00007ffe92920000 - 0x00007ffe92a20000 	C:\Windows\System32\ucrtbase.dll
0x00007ffe7c090000 - 0x00007ffe7c32a000 	C:\Windows\WinSxS\amd64_microsoft.windows.common-controls_6595b64144ccf1df_6.0.19041.1110_none_60b5254171f9507e\COMCTL32.dll
0x00007ffe94760000 - 0x00007ffe94790000 	C:\Windows\System32\IMM32.DLL
0x000000005d4a0000 - 0x000000005d572000 	C:\Program Files\Android\Android Studio\jre\jre\bin\msvcr100.dll
0x000000005c6e0000 - 0x000000005cf2b000 	C:\Program Files\Android\Android Studio\jre\jre\bin\server\jvm.dll
0x00007ffe92de0000 - 0x00007ffe92de8000 	C:\Windows\System32\PSAPI.DLL
0x00007ffe87ce0000 - 0x00007ffe87cea000 	C:\Windows\SYSTEM32\VERSION.dll
0x00007ffe8a3f0000 - 0x00007ffe8a3f9000 	C:\Windows\SYSTEM32\WSOCK32.dll
0x00007ffe82090000 - 0x00007ffe820b7000 	C:\Windows\SYSTEM32\WINMM.dll
0x00007ffe94bb0000 - 0x00007ffe94c1b000 	C:\Windows\System32\WS2_32.dll
0x00007ffe889e0000 - 0x00007ffe889ef000 	C:\Program Files\Android\Android Studio\jre\jre\bin\verify.dll
0x00007ffe65250000 - 0x00007ffe65279000 	C:\Program Files\Android\Android Studio\jre\jre\bin\java.dll
0x00007ffe86b50000 - 0x00007ffe86b66000 	C:\Program Files\Android\Android Studio\jre\jre\bin\zip.dll
0x00007ffe92e30000 - 0x00007ffe9356f000 	C:\Windows\System32\SHELL32.dll
0x00007ffe90510000 - 0x00007ffe90ca0000 	C:\Windows\SYSTEM32\windows.storage.dll
0x00007ffe93ec0000 - 0x00007ffe94215000 	C:\Windows\System32\combase.dll
0x00007ffe91e60000 - 0x00007ffe91e8e000 	C:\Windows\SYSTEM32\Wldp.dll
0x00007ffe93e10000 - 0x00007ffe93ebd000 	C:\Windows\System32\SHCORE.dll
0x00007ffe93b80000 - 0x00007ffe93bd5000 	C:\Windows\System32\shlwapi.dll
0x00007ffe92350000 - 0x00007ffe9236f000 	C:\Windows\SYSTEM32\profapi.dll
0x00007ffe7bcc0000 - 0x00007ffe7bcda000 	C:\Program Files\Android\Android Studio\jre\jre\bin\net.dll
0x00007ffe91bc0000 - 0x00007ffe91c2a000 	C:\Windows\system32\mswsock.dll
0x00007ffe79be0000 - 0x00007ffe79bf3000 	C:\Program Files\Android\Android Studio\jre\jre\bin\nio.dll
0x00007ffe80ea0000 - 0x00007ffe80ec7000 	C:\Users\Lenovo\.gradle\native\f6784746aeab05261644944871eae4fe03e0ef1612fff0a4a95f87b438bc6780\windows-amd64\native-platform.dll
0x00007ffe88470000 - 0x00007ffe8847d000 	C:\Program Files\Android\Android Studio\jre\jre\bin\management.dll
0x00007ffe91db0000 - 0x00007ffe91dc8000 	C:\Windows\SYSTEM32\CRYPTSP.dll
0x00007ffe914d0000 - 0x00007ffe91504000 	C:\Windows\system32\rsaenh.dll
0x00007ffe92aa0000 - 0x00007ffe92ac7000 	C:\Windows\System32\bcrypt.dll
0x00007ffe92310000 - 0x00007ffe9233e000 	C:\Windows\SYSTEM32\USERENV.dll
0x00007ffe92410000 - 0x00007ffe92493000 	C:\Windows\System32\bcryptprimitives.dll
0x00007ffe91dd0000 - 0x00007ffe91ddc000 	C:\Windows\SYSTEM32\CRYPTBASE.dll
0x00007ffe91860000 - 0x00007ffe9189b000 	C:\Windows\SYSTEM32\IPHLPAPI.DLL
0x00007ffe92e20000 - 0x00007ffe92e28000 	C:\Windows\System32\NSI.dll
0x00007ffe86960000 - 0x00007ffe86977000 	C:\Windows\SYSTEM32\dhcpcsvc6.DLL
0x00007ffe86780000 - 0x00007ffe8679d000 	C:\Windows\SYSTEM32\dhcpcsvc.DLL
0x00007ffe918a0000 - 0x00007ffe9196b000 	C:\Windows\SYSTEM32\DNSAPI.dll
0x00007ffe86bd0000 - 0x00007ffe86bdb000 	C:\Windows\SYSTEM32\WINNSI.DLL

VM Arguments:
jvm_args: -Xmx2048m -Dfile.encoding=UTF-8 -Duser.country=ID -Duser.language=en -Duser.variant 
java_command: org.gradle.launcher.daemon.bootstrap.GradleDaemon 6.5
java_class_path (initial): C:\Users\Lenovo\.gradle\wrapper\dists\gradle-6.5-bin\6nifqtx7604sqp1q6g8wikw7p\gradle-6.5\lib\gradle-launcher-6.5.jar
Launcher Type: SUN_STANDARD

Environment Variables:
JAVA_HOME=C:\Program Files\Java\jdk-17.0.1
PATH=C:\Program Files\ImageMagick-7.0.11-Q16-HDRI;C:\Program Files (x86)\VMware\VMware Player\bin\;C:\Windows\system32;C:\Windows;C:\Windows\System32\Wbem;C:\Windows\System32\WindowsPowerShell\v1.0\;C:\Windows\System32\OpenSSH\;C:\Program Files (x86)\NVIDIA Corporation\PhysX\Common;C:\Program Files\NVIDIA Corporation\NVIDIA NvDLISR;C:\src\flutter\bin;C:\Program Files\Git\cmd;C:\xampp\php;C:\ProgramData\ComposerSetup\bin;C:\Program Files\nodejs\;C:\Program Files\MongoDB\Server\4.4\bin;C:\MinGW\bin;C:\Program Files\dotnet\;C:\xampp\apache\bin;C:\Program Files\ImageMagick-7.0.11-Q16-HDRI;C:\Program Files\Docker\Docker\resources\bin;C:\ProgramData\DockerDesktop\version-bin;C:\Program Files\Java\jdk-17.0.1\bin;C:\Program Files\Microsoft SQL Server\150\Tools\Binn\;C:\Program Files\Microsoft SQL Server\Client SDK\ODBC\170\Tools\Binn\;C:\Program Files\PuTTY\;C:\Users\Lenovo\AppData\Local\Programs\Python\Python39\Scripts\;C:\Users\Lenovo\AppData\Local\Programs\Python\Python39\;C:\Users\Lenovo\AppData\Local\Microsoft\WindowsApps;;C:\Users\Lenovo\AppData\Local\Programs\Microsoft VS Code\bin;C:\Users\Lenovo\AppData\Roaming\Composer\vendor\bin;C:\Program Files\heroku\bin;C:\Users\Lenovo\AppData\Roaming\npm;C:\Users\Lenovo\.dotnet\tools
USERNAME=Lenovo
OS=Windows_NT
PROCESSOR_IDENTIFIER=Intel64 Family 6 Model 142 Stepping 11, GenuineIntel



---------------  S Y S T E M  ---------------

OS: Windows 10.0 , 64 bit Build 19041 (10.0.19041.1348)

CPU:total 8 (initial active 8) (4 cores per cpu, 2 threads per core) family 6 model 142 stepping 11, cmov, cx8, fxsr, mmx, sse, sse2, sse3, ssse3, sse4.1, sse4.2, popcnt, avx, avx2, aes, clmul, erms, 3dnowpref, lzcnt, ht, tsc, tscinvbit, bmi1, bmi2, adx

Memory: 4k page, physical 12392180k(2409328k free), swap 12392180k(5268k free)

vm_info: OpenJDK 64-Bit Server VM (25.242-b01) for windows-amd64 JRE (1.8.0_242-release-1644-b01), built by "builder" with MS VC++ 10.0 (VS2010)

time: Mon Nov 29 22:37:32 2021
timezone: SE Asia Standard Time
elapsed time: 11 seconds (0d 0h 0m 11s)

