#
# There is insufficient memory for the Java Runtime Environment to continue.
# Native memory allocation (malloc) failed to allocate 1170416 bytes for Chunk::new
# Possible reasons:
#   The system is out of physical RAM or swap space
#   The process is running with CompressedOops enabled, and the Java Heap may be blocking the growth of the native heap
# Possible solutions:
#   Reduce memory load on the system
#   Increase physical memory or swap space
#   Check if swap backing store is full
#   Decrease Java heap size (-Xmx/-Xms)
#   Decrease number of Java threads
#   Decrease Java thread stack sizes (-Xss)
#   Set larger code cache with -XX:ReservedCodeCacheSize=
#   JVM is running with Unscaled Compressed Oops mode in which the Java heap is
#     placed in the first 4GB address space. The Java Heap base address is the
#     maximum limit for the native heap growth. Please use -XX:HeapBaseMinAddress
#     to set the Java Heap base and to place the Java Heap above 4GB virtual address.
# This output file may be truncated or incomplete.
#
#  Out of Memory Error (allocation.cpp:389), pid=4164, tid=0x0000000000002e18
#
# JRE version: OpenJDK Runtime Environment (8.0_242-b01) (build 1.8.0_242-release-1644-b01)
# Java VM: OpenJDK 64-Bit Server VM (25.242-b01 mixed mode windows-amd64 compressed oops)
# Failed to write core dump. Minidumps are not enabled by default on client versions of Windows
#

---------------  T H R E A D  ---------------

Current thread (0x00000000197b6000):  JavaThread "C2 CompilerThread0" daemon [_thread_in_native, id=11800, stack(0x000000001a080000,0x000000001a180000)]

Stack: [0x000000001a080000,0x000000001a180000]
[error occurred during error reporting (printing stack bounds), id 0xc0000005]

Native frames: (J=compiled Java code, j=interpreted, Vv=VM code, C=native code)


Current CompileTask:
C2:  10871 9239   !   4       java.net.URLClassLoader$1::run (63 bytes)


---------------  P R O C E S S  ---------------

Java Threads: ( => current thread )
  0x000000001ff4c000 JavaThread "Cache worker for Java compile cache (D:\Code\Projects\Plasmahero-mobile\client\.gradle\6.5\javaCompile)" [_thread_in_native, id=18592, stack(0x000000002fb40000,0x000000002fc40000)]
  0x000000001ff4b000 JavaThread "Cache worker for Java compile cache (C:\Users\Lenovo\.gradle\caches\6.5\javaCompile)" [_thread_blocked, id=7356, stack(0x000000002fa40000,0x000000002fb40000)]
  0x000000001ff46000 JavaThread "Cache worker for execution history cache (D:\Code\Projects\Plasmahero-mobile\client\.gradle\6.5\executionHistory)" [_thread_blocked, id=3276, stack(0x000000002f340000,0x000000002f440000)]
  0x000000001ff47800 JavaThread "Execution worker for ':' Thread 7" [_thread_blocked, id=4336, stack(0x000000002f240000,0x000000002f340000)]
  0x000000001ff49800 JavaThread "Execution worker for ':' Thread 6" [_thread_blocked, id=10296, stack(0x000000002f140000,0x000000002f240000)]
  0x000000001ff49000 JavaThread "Execution worker for ':' Thread 5" [_thread_blocked, id=18380, stack(0x000000002f040000,0x000000002f140000)]
  0x000000001ff48000 JavaThread "Execution worker for ':' Thread 4" [_thread_blocked, id=14148, stack(0x000000002ef40000,0x000000002f040000)]
  0x000000001ff3e000 JavaThread "Execution worker for ':' Thread 3" [_thread_blocked, id=16304, stack(0x000000002ee40000,0x000000002ef40000)]
  0x000000001ff42000 JavaThread "Execution worker for ':' Thread 2" [_thread_blocked, id=12084, stack(0x000000002db60000,0x000000002dc60000)]
  0x000000001ff45000 JavaThread "Execution worker for ':'" [_thread_blocked, id=12664, stack(0x000000002da60000,0x000000002db60000)]
  0x000000001ff44800 JavaThread "Cache worker for file content cache (D:\Code\Projects\Plasmahero-mobile\client\.gradle\6.5\fileContent)" [_thread_blocked, id=14932, stack(0x000000002d450000,0x000000002d550000)]
  0x000000001ff41000 JavaThread "Memory manager" [_thread_blocked, id=2180, stack(0x000000002cee0000,0x000000002cfe0000)]
  0x000000001ff40800 JavaThread "Cache worker for Build Output Cleanup Cache (D:\Code\Projects\Plasmahero-mobile\client\.gradle\buildOutputCleanup)" [_thread_blocked, id=15188, stack(0x0000000024410000,0x0000000024510000)]
  0x000000001ff43800 JavaThread "jar transforms Thread 116" [_thread_blocked, id=17908, stack(0x000000002bfe0000,0x000000002c0e0000)]
  0x000000001ff3f800 JavaThread "jar transforms Thread 115" [_thread_blocked, id=10248, stack(0x000000002bee0000,0x000000002bfe0000)]
  0x000000001ec1f800 JavaThread "jar transforms Thread 114" [_thread_blocked, id=3556, stack(0x000000002bde0000,0x000000002bee0000)]
  0x000000001ec1d000 JavaThread "jar transforms Thread 113" [_thread_blocked, id=6972, stack(0x000000002bce0000,0x000000002bde0000)]
  0x000000001ec1e800 JavaThread "jar transforms Thread 112" [_thread_blocked, id=3892, stack(0x000000002bbe0000,0x000000002bce0000)]
  0x000000001ec1e000 JavaThread "jar transforms Thread 111" [_thread_blocked, id=17828, stack(0x000000002bae0000,0x000000002bbe0000)]
  0x000000001ec21000 JavaThread "jar transforms Thread 110" [_thread_blocked, id=11456, stack(0x000000002b9e0000,0x000000002bae0000)]
  0x000000001ec1c800 JavaThread "jar transforms Thread 109" [_thread_blocked, id=19728, stack(0x000000002b8e0000,0x000000002b9e0000)]
  0x000000001ec20000 JavaThread "jar transforms Thread 108" [_thread_blocked, id=876, stack(0x000000002b7e0000,0x000000002b8e0000)]
  0x000000001ec1b000 JavaThread "jar transforms Thread 107" [_thread_blocked, id=14580, stack(0x000000002b6e0000,0x000000002b7e0000)]
  0x000000001ec1b800 JavaThread "jar transforms Thread 106" [_thread_blocked, id=14208, stack(0x000000002b5e0000,0x000000002b6e0000)]
  0x000000001ec14000 JavaThread "jar transforms Thread 105" [_thread_blocked, id=15244, stack(0x000000002b4e0000,0x000000002b5e0000)]
  0x000000001ec1a000 JavaThread "jar transforms Thread 104" [_thread_blocked, id=11276, stack(0x000000002b3e0000,0x000000002b4e0000)]
  0x000000001ec12800 JavaThread "jar transforms Thread 103" [_thread_blocked, id=16368, stack(0x000000002b2e0000,0x000000002b3e0000)]
  0x000000001ec19800 JavaThread "jar transforms Thread 102" [_thread_blocked, id=14444, stack(0x000000002b1e0000,0x000000002b2e0000)]
  0x000000001ec12000 JavaThread "jar transforms Thread 101" [_thread_blocked, id=11044, stack(0x000000002b0e0000,0x000000002b1e0000)]
  0x000000001ec18800 JavaThread "jar transforms Thread 100" [_thread_blocked, id=8024, stack(0x000000002afe0000,0x000000002b0e0000)]
  0x000000001ec15800 JavaThread "jar transforms Thread 99" [_thread_blocked, id=20548, stack(0x000000002aee0000,0x000000002afe0000)]
  0x000000001ec13800 JavaThread "jar transforms Thread 98" [_thread_blocked, id=14796, stack(0x000000002ade0000,0x000000002aee0000)]
  0x000000001ec18000 JavaThread "jar transforms Thread 97" [_thread_blocked, id=7480, stack(0x000000002ace0000,0x000000002ade0000)]
  0x000000001ec16800 JavaThread "jar transforms Thread 96" [_thread_blocked, id=13428, stack(0x000000002abe0000,0x000000002ace0000)]
  0x000000001ec17000 JavaThread "jar transforms Thread 95" [_thread_blocked, id=21360, stack(0x000000002aae0000,0x000000002abe0000)]
  0x000000001ec15000 JavaThread "jar transforms Thread 94" [_thread_blocked, id=11696, stack(0x000000002a9e0000,0x000000002aae0000)]
  0x00000000210ee000 JavaThread "jar transforms Thread 93" [_thread_blocked, id=18900, stack(0x000000002a8e0000,0x000000002a9e0000)]
  0x00000000210ef800 JavaThread "jar transforms Thread 92" [_thread_blocked, id=20300, stack(0x000000002a7e0000,0x000000002a8e0000)]
  0x00000000210f0800 JavaThread "jar transforms Thread 91" [_thread_blocked, id=19436, stack(0x000000002a6e0000,0x000000002a7e0000)]
  0x00000000210ed800 JavaThread "jar transforms Thread 90" [_thread_blocked, id=8440, stack(0x000000002a5e0000,0x000000002a6e0000)]
  0x00000000210ec800 JavaThread "jar transforms Thread 89" [_thread_blocked, id=14188, stack(0x000000002a4e0000,0x000000002a5e0000)]
  0x00000000210ef000 JavaThread "jar transforms Thread 88" [_thread_blocked, id=18152, stack(0x000000002a3e0000,0x000000002a4e0000)]
  0x00000000210e5000 JavaThread "jar transforms Thread 87" [_thread_blocked, id=6012, stack(0x000000002a2e0000,0x000000002a3e0000)]
  0x00000000210ec000 JavaThread "jar transforms Thread 86" [_thread_blocked, id=15920, stack(0x000000002a1e0000,0x000000002a2e0000)]
  0x00000000210e4800 JavaThread "jar transforms Thread 85" [_thread_blocked, id=18776, stack(0x000000002a0e0000,0x000000002a1e0000)]
  0x00000000210eb000 JavaThread "jar transforms Thread 84" [_thread_blocked, id=1756, stack(0x0000000029fe0000,0x000000002a0e0000)]
  0x00000000210ea800 JavaThread "jar transforms Thread 83" [_thread_blocked, id=7376, stack(0x0000000029ee0000,0x0000000029fe0000)]
  0x00000000210e9800 JavaThread "jar transforms Thread 82" [_thread_blocked, id=12932, stack(0x0000000029de0000,0x0000000029ee0000)]
  0x00000000210e9000 JavaThread "jar transforms Thread 81" [_thread_blocked, id=7380, stack(0x0000000029ce0000,0x0000000029de0000)]
  0x00000000210e1800 JavaThread "jar transforms Thread 80" [_thread_blocked, id=18696, stack(0x0000000029be0000,0x0000000029ce0000)]
  0x00000000210e3800 JavaThread "jar transforms Thread 79" [_thread_blocked, id=11756, stack(0x0000000029ae0000,0x0000000029be0000)]
  0x00000000210e6000 JavaThread "jar transforms Thread 78" [_thread_blocked, id=14104, stack(0x00000000299e0000,0x0000000029ae0000)]
  0x00000000210e8000 JavaThread "jar transforms Thread 77" [_thread_blocked, id=14604, stack(0x00000000298e0000,0x00000000299e0000)]
  0x00000000210e3000 JavaThread "jar transforms Thread 76" [_thread_blocked, id=6908, stack(0x00000000297e0000,0x00000000298e0000)]
  0x00000000210e2000 JavaThread "jar transforms Thread 75" [_thread_blocked, id=10544, stack(0x00000000296e0000,0x00000000297e0000)]
  0x00000000210e6800 JavaThread "jar transforms Thread 74" [_thread_blocked, id=10160, stack(0x00000000295e0000,0x00000000296e0000)]
  0x00000000210e7800 JavaThread "jar transforms Thread 73" [_thread_blocked, id=12384, stack(0x00000000294e0000,0x00000000295e0000)]
  0x0000000022062800 JavaThread "jar transforms Thread 72" [_thread_blocked, id=3344, stack(0x00000000293e0000,0x00000000294e0000)]
  0x0000000022062000 JavaThread "jar transforms Thread 71" [_thread_blocked, id=4124, stack(0x00000000292e0000,0x00000000293e0000)]
  0x0000000022066000 JavaThread "jar transforms Thread 70" [_thread_blocked, id=13736, stack(0x00000000291e0000,0x00000000292e0000)]
  0x0000000022065000 JavaThread "jar transforms Thread 69" [_thread_blocked, id=7748, stack(0x00000000290e0000,0x00000000291e0000)]
  0x0000000022066800 JavaThread "jar transforms Thread 68" [_thread_blocked, id=9220, stack(0x0000000028fe0000,0x00000000290e0000)]
  0x0000000022063800 JavaThread "jar transforms Thread 67" [_thread_blocked, id=6268, stack(0x0000000028ee0000,0x0000000028fe0000)]
  0x0000000022064800 JavaThread "jar transforms Thread 66" [_thread_blocked, id=10284, stack(0x0000000028de0000,0x0000000028ee0000)]
  0x000000002205a800 JavaThread "jar transforms Thread 65" [_thread_blocked, id=1332, stack(0x0000000028ce0000,0x0000000028de0000)]
  0x0000000022061000 JavaThread "jar transforms Thread 64" [_thread_blocked, id=10560, stack(0x0000000028be0000,0x0000000028ce0000)]
  0x0000000022060800 JavaThread "jar transforms Thread 63" [_thread_blocked, id=12772, stack(0x0000000028ae0000,0x0000000028be0000)]
  0x0000000022059000 JavaThread "jar transforms Thread 62" [_thread_blocked, id=16920, stack(0x00000000289e0000,0x0000000028ae0000)]
  0x000000002205f800 JavaThread "jar transforms Thread 61" [_thread_blocked, id=17820, stack(0x00000000288e0000,0x00000000289e0000)]
  0x0000000022058000 JavaThread "jar transforms Thread 60" [_thread_blocked, id=10984, stack(0x00000000287e0000,0x00000000288e0000)]
  0x0000000022059800 JavaThread "jar transforms Thread 59" [_thread_blocked, id=10116, stack(0x00000000286e0000,0x00000000287e0000)]
  0x000000002205f000 JavaThread "jar transforms Thread 58" [_thread_blocked, id=16168, stack(0x00000000285e0000,0x00000000286e0000)]
  0x0000000022057800 JavaThread "jar transforms Thread 57" [_thread_blocked, id=13840, stack(0x00000000284e0000,0x00000000285e0000)]
  0x000000002205d800 JavaThread "jar transforms Thread 56" [_thread_blocked, id=17844, stack(0x00000000283e0000,0x00000000284e0000)]
  0x000000002205b000 JavaThread "jar transforms Thread 55" [_thread_blocked, id=18740, stack(0x00000000282e0000,0x00000000283e0000)]
  0x000000002205c800 JavaThread "jar transforms Thread 54" [_thread_blocked, id=9804, stack(0x00000000281e0000,0x00000000282e0000)]
  0x000000002205c000 JavaThread "jar transforms Thread 53" [_thread_blocked, id=12420, stack(0x00000000280e0000,0x00000000281e0000)]
  0x000000002205e000 JavaThread "jar transforms Thread 52" [_thread_blocked, id=17204, stack(0x0000000027fe0000,0x00000000280e0000)]
  0x000000001fff2000 JavaThread "jar transforms Thread 51" [_thread_blocked, id=10760, stack(0x0000000027ee0000,0x0000000027fe0000)]
  0x000000001fff1000 JavaThread "jar transforms Thread 50" [_thread_blocked, id=8952, stack(0x0000000027de0000,0x0000000027ee0000)]
  0x000000001ffe9800 JavaThread "jar transforms Thread 49" [_thread_blocked, id=17520, stack(0x0000000027ce0000,0x0000000027de0000)]
  0x000000001fff0800 JavaThread "jar transforms Thread 48" [_thread_blocked, id=10872, stack(0x0000000027be0000,0x0000000027ce0000)]
  0x000000001ffef800 JavaThread "jar transforms Thread 47" [_thread_blocked, id=15992, stack(0x0000000027ae0000,0x0000000027be0000)]
  0x000000001ffef000 JavaThread "jar transforms Thread 46" [_thread_blocked, id=10224, stack(0x00000000279e0000,0x0000000027ae0000)]
  0x000000001ffee000 JavaThread "jar transforms Thread 45" [_thread_blocked, id=8268, stack(0x00000000278e0000,0x00000000279e0000)]
  0x000000001ffea800 JavaThread "jar transforms Thread 44" [_thread_blocked, id=19628, stack(0x00000000277e0000,0x00000000278e0000)]
  0x000000001ffec000 JavaThread "jar transforms Thread 43" [_thread_blocked, id=17184, stack(0x00000000276e0000,0x00000000277e0000)]
  0x000000001ffe9000 JavaThread "jar transforms Thread 42" [_thread_blocked, id=15060, stack(0x00000000275e0000,0x00000000276e0000)]
  0x000000001ffed800 JavaThread "jar transforms Thread 41" [_thread_blocked, id=6940, stack(0x00000000274e0000,0x00000000275e0000)]
  0x000000001ffe7800 JavaThread "jar transforms Thread 40" [_thread_blocked, id=4436, stack(0x00000000273e0000,0x00000000274e0000)]
  0x000000001ffec800 JavaThread "jar transforms Thread 39" [_thread_blocked, id=20612, stack(0x00000000272e0000,0x00000000273e0000)]
  0x000000001ffeb000 JavaThread "jar transforms Thread 38" [_thread_blocked, id=20472, stack(0x00000000271e0000,0x00000000272e0000)]
  0x000000001ffe3000 JavaThread "jar transforms Thread 37" [_thread_blocked, id=4140, stack(0x00000000270e0000,0x00000000271e0000)]
  0x000000001ffe6000 JavaThread "jar transforms Thread 36" [_thread_blocked, id=7496, stack(0x0000000026fe0000,0x00000000270e0000)]
  0x000000001ffe6800 JavaThread "jar transforms Thread 35" [_thread_blocked, id=1092, stack(0x0000000026ee0000,0x0000000026fe0000)]
  0x000000001ffe5000 JavaThread "jar transforms Thread 34" [_thread_blocked, id=14240, stack(0x0000000026de0000,0x0000000026ee0000)]
  0x000000001ffe8000 JavaThread "jar transforms Thread 33" [_thread_blocked, id=1864, stack(0x0000000026ce0000,0x0000000026de0000)]
  0x000000001ffe4800 JavaThread "jar transforms Thread 32" [_thread_blocked, id=17592, stack(0x0000000026be0000,0x0000000026ce0000)]
  0x000000001ffe3800 JavaThread "jar transforms Thread 31" [_thread_blocked, id=16008, stack(0x0000000026ae0000,0x0000000026be0000)]
  0x0000000021bc3800 JavaThread "jar transforms Thread 30" [_thread_blocked, id=11688, stack(0x00000000269e0000,0x0000000026ae0000)]
  0x0000000021bc3000 JavaThread "jar transforms Thread 29" [_thread_blocked, id=18588, stack(0x00000000268e0000,0x00000000269e0000)]
  0x0000000021bc1800 JavaThread "jar transforms Thread 28" [_thread_blocked, id=10184, stack(0x00000000267e0000,0x00000000268e0000)]
  0x0000000021bc0800 JavaThread "jar transforms Thread 27" [_thread_blocked, id=7776, stack(0x00000000266e0000,0x00000000267e0000)]
  0x0000000021bc4800 JavaThread "jar transforms Thread 26" [_thread_blocked, id=7416, stack(0x00000000265e0000,0x00000000266e0000)]
  0x0000000021bc2000 JavaThread "jar transforms Thread 25" [_thread_blocked, id=9324, stack(0x00000000264e0000,0x00000000265e0000)]
  0x0000000021bbe800 JavaThread "jar transforms Thread 24" [_thread_blocked, id=13292, stack(0x00000000263e0000,0x00000000264e0000)]
  0x0000000021bc0000 JavaThread "jar transforms Thread 23" [_thread_blocked, id=21120, stack(0x00000000262e0000,0x00000000263e0000)]
  0x0000000021bbf000 JavaThread "jar transforms Thread 22" [_thread_blocked, id=15040, stack(0x00000000261e0000,0x00000000262e0000)]
  0x0000000021bb7000 JavaThread "jar transforms Thread 21" [_thread_blocked, id=420, stack(0x00000000260e0000,0x00000000261e0000)]
  0x0000000021bbd800 JavaThread "jar transforms Thread 20" [_thread_blocked, id=12580, stack(0x0000000025fe0000,0x00000000260e0000)]
  0x0000000021bb6000 JavaThread "jar transforms Thread 19" [_thread_blocked, id=12520, stack(0x0000000025ee0000,0x0000000025fe0000)]
  0x0000000021bbd000 JavaThread "jar transforms Thread 18" [_thread_blocked, id=5488, stack(0x0000000025de0000,0x0000000025ee0000)]
  0x0000000021bb5800 JavaThread "jar transforms Thread 17" [_thread_blocked, id=10112, stack(0x0000000025ce0000,0x0000000025de0000)]
  0x0000000021bbc000 JavaThread "jar transforms Thread 16" [_thread_blocked, id=2644, stack(0x0000000025be0000,0x0000000025ce0000)]
  0x0000000021bbb800 JavaThread "jar transforms Thread 15" [_thread_blocked, id=15408, stack(0x0000000025ae0000,0x0000000025be0000)]
  0x0000000021bb9000 JavaThread "jar transforms Thread 14" [_thread_blocked, id=13576, stack(0x00000000259e0000,0x0000000025ae0000)]
  0x0000000021bb8800 JavaThread "jar transforms Thread 13" [_thread_blocked, id=8004, stack(0x00000000258e0000,0x00000000259e0000)]
  0x0000000021bba000 JavaThread "jar transforms Thread 12" [_thread_blocked, id=14980, stack(0x00000000257e0000,0x00000000258e0000)]
  0x0000000021bb7800 JavaThread "jar transforms Thread 11" [_thread_blocked, id=10220, stack(0x00000000256e0000,0x00000000257e0000)]
  0x0000000021bba800 JavaThread "jar transforms Thread 10" [_thread_blocked, id=10336, stack(0x00000000255e0000,0x00000000256e0000)]
  0x000000001cdc2800 JavaThread "jar transforms Thread 9" [_thread_blocked, id=1580, stack(0x00000000254e0000,0x00000000255e0000)]
  0x000000001cdc5800 JavaThread "jar transforms Thread 8" [_thread_blocked, id=8000, stack(0x00000000253e0000,0x00000000254e0000)]
  0x000000001cdc8800 JavaThread "jar transforms Thread 7" [_thread_blocked, id=10704, stack(0x00000000252e0000,0x00000000253e0000)]
  0x000000001cdc7800 JavaThread "jar transforms Thread 6" [_thread_blocked, id=2696, stack(0x00000000251e0000,0x00000000252e0000)]
  0x000000001cdc1800 JavaThread "jar transforms Thread 5" [_thread_blocked, id=5624, stack(0x00000000250e0000,0x00000000251e0000)]
  0x000000001cdc7000 JavaThread "jar transforms Thread 4" [_thread_blocked, id=11184, stack(0x0000000024fe0000,0x00000000250e0000)]
  0x000000001cdc4800 JavaThread "jar transforms Thread 3" [_thread_blocked, id=19568, stack(0x0000000024ee0000,0x0000000024fe0000)]
  0x000000001cdc3000 JavaThread "jar transforms Thread 2" [_thread_blocked, id=6956, stack(0x0000000024de0000,0x0000000024ee0000)]
  0x000000001cdc4000 JavaThread "Build operations Thread 8" [_thread_blocked, id=7408, stack(0x0000000024ce0000,0x0000000024de0000)]
  0x000000001cdc1000 JavaThread "Build operations Thread 7" [_thread_blocked, id=2784, stack(0x0000000024be0000,0x0000000024ce0000)]
  0x000000001cdc6000 JavaThread "Build operations Thread 6" [_thread_blocked, id=19648, stack(0x0000000024ae0000,0x0000000024be0000)]
  0x000000001cdba000 JavaThread "Build operations Thread 5" [_thread_blocked, id=5368, stack(0x00000000249e0000,0x0000000024ae0000)]
  0x000000001cdba800 JavaThread "Build operations Thread 4" [_thread_blocked, id=3440, stack(0x00000000248e0000,0x00000000249e0000)]
  0x000000001cdc0000 JavaThread "Build operations Thread 3" [_thread_blocked, id=9448, stack(0x00000000247e0000,0x00000000248e0000)]
  0x000000001cdb9000 JavaThread "Build operations Thread 2" [_thread_blocked, id=9360, stack(0x00000000246e0000,0x00000000247e0000)]
  0x000000001cdbe800 JavaThread "Build operations" [_thread_blocked, id=8052, stack(0x00000000245e0000,0x00000000246e0000)]
  0x000000001c2a3800 JavaThread "Cache worker for file content cache (C:\Users\Lenovo\.gradle\caches\6.5\fileContent)" [_thread_blocked, id=18532, stack(0x0000000022b40000,0x0000000022c40000)]
  0x000000001c2a1800 JavaThread "jar transforms" [_thread_blocked, id=16632, stack(0x0000000020d40000,0x0000000020e40000)]
  0x000000001c2a3000 JavaThread "Cache worker for execution history cache (C:\Users\Lenovo\.gradle\caches\6.5\executionHistory)" [_thread_blocked, id=2716, stack(0x0000000020c40000,0x0000000020d40000)]
  0x000000001c2a6800 JavaThread "Cache worker for cache directory md-rule (C:\Users\Lenovo\.gradle\caches\6.5\md-rule)" [_thread_blocked, id=12416, stack(0x0000000020b40000,0x0000000020c40000)]
  0x000000001c2a7800 JavaThread "Cache worker for cache directory md-supplier (C:\Users\Lenovo\.gradle\caches\6.5\md-supplier)" [_thread_blocked, id=6868, stack(0x0000000020a40000,0x0000000020b40000)]
  0x000000001c2a8000 JavaThread "Cache worker for checksums cache (D:\Code\Projects\Plasmahero-mobile\client\.gradle\checksums)" [_thread_blocked, id=2684, stack(0x00000000222a0000,0x00000000223a0000)]
  0x000000001c2a2000 JavaThread "Cache worker for file hash cache (D:\Code\Projects\Plasmahero-mobile\client\.gradle\6.5\fileHashes)" [_thread_blocked, id=13160, stack(0x0000000022440000,0x0000000022540000)]
  0x000000001c2a6000 JavaThread "Cache worker for file hash cache (C:\Users\Lenovo\.gradle\caches\6.5\fileHashes)" [_thread_blocked, id=4960, stack(0x000000001e7a0000,0x000000001e8a0000)]
  0x000000001c2a4800 JavaThread "File lock request listener" [_thread_in_native, id=11544, stack(0x000000001e6a0000,0x000000001e7a0000)]
  0x000000001aa07000 JavaThread "Cache worker for journal cache (C:\Users\Lenovo\.gradle\caches\journal-1)" [_thread_blocked, id=14068, stack(0x000000001e5a0000,0x000000001e6a0000)]
  0x000000001a836800 JavaThread "Thread-9" [_thread_blocked, id=7800, stack(0x000000001e2a0000,0x000000001e3a0000)]
  0x000000001a821800 JavaThread "Stdin handler" [_thread_blocked, id=19096, stack(0x000000001e1a0000,0x000000001e2a0000)]
  0x000000001a81f000 JavaThread "Asynchronous log dispatcher for DefaultDaemonConnection: socket connection from /127.0.0.1:56719 to /127.0.0.1:56720" [_thread_blocked, id=8924, stack(0x000000001e0a0000,0x000000001e1a0000)]
  0x000000001a81a800 JavaThread "Daemon worker" [_thread_blocked, id=19976, stack(0x000000001dfa0000,0x000000001e0a0000)]
  0x000000001a9f8000 JavaThread "Cancel handler" [_thread_blocked, id=4068, stack(0x000000001dda0000,0x000000001dea0000)]
  0x000000001a75a000 JavaThread "Handler for socket connection from /127.0.0.1:56719 to /127.0.0.1:56720" [_thread_in_native, id=10976, stack(0x000000001daa0000,0x000000001dba0000)]
  0x000000001a731800 JavaThread "Daemon" [_thread_blocked, id=3164, stack(0x000000001d9a0000,0x000000001daa0000)]
  0x000000001c0f6800 JavaThread "Daemon periodic checks" [_thread_blocked, id=16156, stack(0x000000001d8a0000,0x000000001d9a0000)]
  0x000000001c0b4800 JavaThread "Incoming local TCP Connector on port 56719" [_thread_in_native, id=17700, stack(0x000000001d660000,0x000000001d760000)]
  0x000000001c070800 JavaThread "Daemon health stats" [_thread_blocked, id=16432, stack(0x000000001d020000,0x000000001d120000)]
  0x0000000019854000 JavaThread "Service Thread" daemon [_thread_blocked, id=15720, stack(0x000000001a480000,0x000000001a580000)]
  0x00000000197be000 JavaThread "C1 CompilerThread3" daemon [_thread_blocked, id=17512, stack(0x000000001a380000,0x000000001a480000)]
  0x00000000197ba000 JavaThread "C2 CompilerThread2" daemon [_thread_blocked, id=1324, stack(0x000000001a280000,0x000000001a380000)]
  0x00000000179be800 JavaThread "C2 CompilerThread1" daemon [_thread_blocked, id=1188, stack(0x000000001a180000,0x000000001a280000)]
=>0x00000000197b6000 JavaThread "C2 CompilerThread0" daemon [_thread_in_native, id=11800, stack(0x000000001a080000,0x000000001a180000)]
  0x00000000197b5000 JavaThread "Attach Listener" daemon [_thread_blocked, id=14244, stack(0x0000000019f80000,0x000000001a080000)]
  0x00000000197b4000 JavaThread "Signal Dispatcher" daemon [_thread_blocked, id=15432, stack(0x0000000019e80000,0x0000000019f80000)]
  0x000000000293e800 JavaThread "Finalizer" daemon [_thread_blocked, id=6232, stack(0x0000000019c80000,0x0000000019d80000)]
  0x00000000179ac800 JavaThread "Reference Handler" daemon [_thread_blocked, id=8152, stack(0x0000000019b80000,0x0000000019c80000)]
  0x0000000002842800 JavaThread "main" [_thread_blocked, id=18984, stack(0x0000000002740000,0x0000000002840000)]

Other Threads:
  0x00000000179a5800 VMThread [stack: 0x0000000019680000,0x0000000019780000] [id=16172]
  0x0000000019854800 WatcherThread [stack: 0x000000001a580000,0x000000001a680000] [id=9724]

VM state:not at safepoint (normal execution)

VM Mutex/Monitor currently owned by a thread: None

heap address: 0x0000000080000000, size: 2048 MB, Compressed Oops mode: 32-bit
Narrow klass base: 0x0000000000000000, Narrow klass shift: 3
Compressed class space size: 1073741824 Address: 0x0000000100000000

Heap:
 PSYoungGen      total 339968K, used 197995K [0x00000000d5580000, 0x00000000ed080000, 0x0000000100000000)
  eden space 317952K, 55% used [0x00000000d5580000,0x00000000e0160528,0x00000000e8c00000)
  from space 22016K, 99% used [0x00000000ea580000,0x00000000ebafa710,0x00000000ebb00000)
  to   space 26112K, 0% used [0x00000000e8c00000,0x00000000e8c00000,0x00000000ea580000)
 ParOldGen       total 185856K, used 43449K [0x0000000080000000, 0x000000008b580000, 0x00000000d5580000)
  object space 185856K, 23% used [0x0000000080000000,0x0000000082a6e590,0x000000008b580000)
 Metaspace       used 72686K, capacity 76082K, committed 76184K, reserved 1114112K
  class space    used 9945K, capacity 10585K, committed 10672K, reserved 1048576K

Card table byte_map: [0x0000000011d00000,0x0000000012110000] byte_map_base: 0x0000000011900000

Marking Bits: (ParMarkBitMap*) 0x000000005ceaf030
 Begin Bits: [0x0000000012bc0000, 0x0000000014bc0000)
 End Bits:   [0x0000000014bc0000, 0x0000000016bc0000)

Polling page: 0x00000000009b0000

CodeCache: size=245760Kb used=26407Kb max_used=26436Kb free=219352Kb
 bounds [0x0000000002940000, 0x0000000004330000, 0x0000000011940000]
 total_blobs=9167 nmethods=8359 adapters=720
 compilation: enabled

Compilation events (10 events):
Event: 10.674 Thread 0x00000000197ba000 nmethod 9238 0x0000000004312c90 code [0x0000000004312e00, 0x0000000004313248]
Event: 10.791 Thread 0x00000000179be800 nmethod 9230 0x000000000431bc10 code [0x000000000431c320, 0x0000000004322ef0]
Event: 10.836 Thread 0x00000000197ba000 9365       4       java.io.File::getName (42 bytes)
Event: 10.847 Thread 0x00000000197ba000 nmethod 9365 0x000000000430f050 code [0x000000000430f1e0, 0x000000000430fab8]
Event: 10.858 Thread 0x00000000197be000 9366       3       org.objectweb.asm.ClassReader::readElementValues (88 bytes)
Event: 10.858 Thread 0x00000000197be000 nmethod 9366 0x0000000004310690 code [0x0000000004310880, 0x0000000004311078]
Event: 10.858 Thread 0x00000000197be000 9367       3       org.objectweb.asm.AnnotationVisitor::visitEnd (15 bytes)
Event: 10.859 Thread 0x00000000197be000 nmethod 9367 0x0000000004310210 code [0x0000000004310380, 0x00000000043105e8]
Event: 10.859 Thread 0x00000000197be000 9368       3       org.gradle.api.internal.file.pattern.HasPrefixPatternStep::matches (27 bytes)
Event: 10.859 Thread 0x00000000197be000 nmethod 9368 0x000000000430eb90 code [0x000000000430ed00, 0x000000000430ef88]

GC Heap History (10 events):
Event: 3.446 GC heap before
{Heap before GC invocations=9 (full 2):
 PSYoungGen      total 205824K, used 10143K [0x00000000d5580000, 0x00000000e9080000, 0x0000000100000000)
  eden space 192512K, 0% used [0x00000000d5580000,0x00000000d5580000,0x00000000e1180000)
  from space 13312K, 76% used [0x00000000e1180000,0x00000000e1b67ed8,0x00000000e1e80000)
  to   space 13312K, 0% used [0x00000000e8380000,0x00000000e8380000,0x00000000e9080000)
 ParOldGen       total 71168K, used 7696K [0x0000000080000000, 0x0000000084580000, 0x00000000d5580000)
  object space 71168K, 10% used [0x0000000080000000,0x0000000080784180,0x0000000084580000)
 Metaspace       used 34252K, capacity 35412K, committed 35496K, reserved 1079296K
  class space    used 4719K, capacity 5001K, committed 5040K, reserved 1048576K
Event: 3.529 GC heap after
Heap after GC invocations=9 (full 2):
 PSYoungGen      total 205824K, used 0K [0x00000000d5580000, 0x00000000e9080000, 0x0000000100000000)
  eden space 192512K, 0% used [0x00000000d5580000,0x00000000d5580000,0x00000000e1180000)
  from space 13312K, 0% used [0x00000000e1180000,0x00000000e1180000,0x00000000e1e80000)
  to   space 13312K, 0% used [0x00000000e8380000,0x00000000e8380000,0x00000000e9080000)
 ParOldGen       total 115200K, used 16451K [0x0000000080000000, 0x0000000087080000, 0x00000000d5580000)
  object space 115200K, 14% used [0x0000000080000000,0x0000000081010cd8,0x0000000087080000)
 Metaspace       used 34252K, capacity 35412K, committed 35496K, reserved 1079296K
  class space    used 4719K, capacity 5001K, committed 5040K, reserved 1048576K
}
Event: 4.432 GC heap before
{Heap before GC invocations=10 (full 2):
 PSYoungGen      total 205824K, used 192512K [0x00000000d5580000, 0x00000000e9080000, 0x0000000100000000)
  eden space 192512K, 100% used [0x00000000d5580000,0x00000000e1180000,0x00000000e1180000)
  from space 13312K, 0% used [0x00000000e1180000,0x00000000e1180000,0x00000000e1e80000)
  to   space 13312K, 0% used [0x00000000e8380000,0x00000000e8380000,0x00000000e9080000)
 ParOldGen       total 115200K, used 16451K [0x0000000080000000, 0x0000000087080000, 0x00000000d5580000)
  object space 115200K, 14% used [0x0000000080000000,0x0000000081010cd8,0x0000000087080000)
 Metaspace       used 42772K, capacity 44534K, committed 44712K, reserved 1087488K
  class space    used 5824K, capacity 6221K, committed 6320K, reserved 1048576K
Event: 4.441 GC heap after
Heap after GC invocations=10 (full 2):
 PSYoungGen      total 278528K, used 13165K [0x00000000d5580000, 0x00000000e9080000, 0x0000000100000000)
  eden space 265216K, 0% used [0x00000000d5580000,0x00000000d5580000,0x00000000e5880000)
  from space 13312K, 98% used [0x00000000e8380000,0x00000000e905b7a8,0x00000000e9080000)
  to   space 14848K, 0% used [0x00000000e7380000,0x00000000e7380000,0x00000000e8200000)
 ParOldGen       total 115200K, used 16459K [0x0000000080000000, 0x0000000087080000, 0x00000000d5580000)
  object space 115200K, 14% used [0x0000000080000000,0x0000000081012cd8,0x0000000087080000)
 Metaspace       used 42772K, capacity 44534K, committed 44712K, reserved 1087488K
  class space    used 5824K, capacity 6221K, committed 6320K, reserved 1048576K
}
Event: 5.841 GC heap before
{Heap before GC invocations=11 (full 2):
 PSYoungGen      total 278528K, used 198937K [0x00000000d5580000, 0x00000000e9080000, 0x0000000100000000)
  eden space 265216K, 70% used [0x00000000d5580000,0x00000000e0aeae68,0x00000000e5880000)
  from space 13312K, 98% used [0x00000000e8380000,0x00000000e905b7a8,0x00000000e9080000)
  to   space 14848K, 0% used [0x00000000e7380000,0x00000000e7380000,0x00000000e8200000)
 ParOldGen       total 115200K, used 16459K [0x0000000080000000, 0x0000000087080000, 0x00000000d5580000)
  object space 115200K, 14% used [0x0000000080000000,0x0000000081012cd8,0x0000000087080000)
 Metaspace       used 56762K, capacity 59014K, committed 59160K, reserved 1099776K
  class space    used 7685K, capacity 8138K, committed 8240K, reserved 1048576K
Event: 5.864 GC heap after
Heap after GC invocations=11 (full 2):
 PSYoungGen      total 307712K, used 14820K [0x00000000d5580000, 0x00000000ebb00000, 0x0000000100000000)
  eden space 292864K, 0% used [0x00000000d5580000,0x00000000d5580000,0x00000000e7380000)
  from space 14848K, 99% used [0x00000000e7380000,0x00000000e81f92f0,0x00000000e8200000)
  to   space 22016K, 0% used [0x00000000ea580000,0x00000000ea580000,0x00000000ebb00000)
 ParOldGen       total 115200K, used 29694K [0x0000000080000000, 0x0000000087080000, 0x00000000d5580000)
  object space 115200K, 25% used [0x0000000080000000,0x0000000081cffae0,0x0000000087080000)
 Metaspace       used 56762K, capacity 59014K, committed 59160K, reserved 1099776K
  class space    used 7685K, capacity 8138K, committed 8240K, reserved 1048576K
}
Event: 5.864 GC heap before
{Heap before GC invocations=12 (full 3):
 PSYoungGen      total 307712K, used 14820K [0x00000000d5580000, 0x00000000ebb00000, 0x0000000100000000)
  eden space 292864K, 0% used [0x00000000d5580000,0x00000000d5580000,0x00000000e7380000)
  from space 14848K, 99% used [0x00000000e7380000,0x00000000e81f92f0,0x00000000e8200000)
  to   space 22016K, 0% used [0x00000000ea580000,0x00000000ea580000,0x00000000ebb00000)
 ParOldGen       total 115200K, used 29694K [0x0000000080000000, 0x0000000087080000, 0x00000000d5580000)
  object space 115200K, 25% used [0x0000000080000000,0x0000000081cffae0,0x0000000087080000)
 Metaspace       used 56762K, capacity 59014K, committed 59160K, reserved 1099776K
  class space    used 7685K, capacity 8138K, committed 8240K, reserved 1048576K
Event: 6.107 GC heap after
Heap after GC invocations=12 (full 3):
 PSYoungGen      total 307712K, used 0K [0x00000000d5580000, 0x00000000ebb00000, 0x0000000100000000)
  eden space 292864K, 0% used [0x00000000d5580000,0x00000000d5580000,0x00000000e7380000)
  from space 14848K, 0% used [0x00000000e7380000,0x00000000e7380000,0x00000000e8200000)
  to   space 22016K, 0% used [0x00000000ea580000,0x00000000ea580000,0x00000000ebb00000)
 ParOldGen       total 185856K, used 40438K [0x0000000080000000, 0x000000008b580000, 0x00000000d5580000)
  object space 185856K, 21% used [0x0000000080000000,0x000000008277d908,0x000000008b580000)
 Metaspace       used 56719K, capacity 58870K, committed 59160K, reserved 1099776K
  class space    used 7672K, capacity 8114K, committed 8240K, reserved 1048576K
}
Event: 8.957 GC heap before
{Heap before GC invocations=13 (full 3):
 PSYoungGen      total 307712K, used 292864K [0x00000000d5580000, 0x00000000ebb00000, 0x0000000100000000)
  eden space 292864K, 100% used [0x00000000d5580000,0x00000000e7380000,0x00000000e7380000)
  from space 14848K, 0% used [0x00000000e7380000,0x00000000e7380000,0x00000000e8200000)
  to   space 22016K, 0% used [0x00000000ea580000,0x00000000ea580000,0x00000000ebb00000)
 ParOldGen       total 185856K, used 40438K [0x0000000080000000, 0x000000008b580000, 0x00000000d5580000)
  object space 185856K, 21% used [0x0000000080000000,0x000000008277d908,0x000000008b580000)
 Metaspace       used 66760K, capacity 69978K, committed 70296K, reserved 1110016K
  class space    used 9171K, capacity 9781K, committed 9904K, reserved 1048576K
Event: 8.982 GC heap after
Heap after GC invocations=13 (full 3):
 PSYoungGen      total 339968K, used 21993K [0x00000000d5580000, 0x00000000ed080000, 0x0000000100000000)
  eden space 317952K, 0% used [0x00000000d5580000,0x00000000d5580000,0x00000000e8c00000)
  from space 22016K, 99% used [0x00000000ea580000,0x00000000ebafa710,0x00000000ebb00000)
  to   space 26112K, 0% used [0x00000000e8c00000,0x00000000e8c00000,0x00000000ea580000)
 ParOldGen       total 185856K, used 43449K [0x0000000080000000, 0x000000008b580000, 0x00000000d5580000)
  object space 185856K, 23% used [0x0000000080000000,0x0000000082a6e590,0x000000008b580000)
 Metaspace       used 66760K, capacity 69978K, committed 70296K, reserved 1110016K
  class space    used 9171K, capacity 9781K, committed 9904K, reserved 1048576K
}

Deoptimization events (10 events):
Event: 10.552 Thread 0x000000001cdbe800 Uncommon trap: reason=class_check action=maybe_recompile pc=0x000000000416bc54 method=org.gradle.internal.snapshot.SnapshotHierarchy.getSnapshot(Ljava/lang/String;)Ljava/util/Optional; @ 2
Event: 10.581 Thread 0x000000001cdbe800 Uncommon trap: reason=class_check action=maybe_recompile pc=0x000000000416bc68 method=org.gradle.internal.vfs.impl.DefaultSnapshotHierarchy.getMetadata(Ljava/lang/String;)Ljava/util/Optional; @ 9
Event: 10.609 Thread 0x000000001cdba800 Uncommon trap: reason=class_check action=maybe_recompile pc=0x000000000416bc68 method=org.gradle.internal.vfs.impl.DefaultSnapshotHierarchy.getMetadata(Ljava/lang/String;)Ljava/util/Optional; @ 9
Event: 10.609 Thread 0x000000001cdba800 Uncommon trap: reason=class_check action=maybe_recompile pc=0x000000000416bc68 method=org.gradle.internal.vfs.impl.DefaultSnapshotHierarchy.getMetadata(Ljava/lang/String;)Ljava/util/Optional; @ 9
Event: 10.610 Thread 0x000000001cdbe800 Uncommon trap: reason=unstable_if action=reinterpret pc=0x000000000373c1bc method=java.lang.StringCoding$StringDecoder.decode([BII)[C @ 20
Event: 10.611 Thread 0x000000001cdbe800 Uncommon trap: reason=unstable_if action=reinterpret pc=0x0000000002a42310 method=java.lang.StringCoding$StringDecoder.decode([BII)[C @ 20
Event: 10.833 Thread 0x000000001cdba800 Uncommon trap: reason=class_check action=maybe_recompile pc=0x00000000042a7584 method=com.google.common.collect.ImmutableSet.copyOf(Ljava/util/Collection;)Lcom/google/common/collect/ImmutableSet; @ 29
Event: 10.833 Thread 0x000000001cdba800 Uncommon trap: reason=class_check action=maybe_recompile pc=0x00000000042a7584 method=com.google.common.collect.ImmutableSet.copyOf(Ljava/util/Collection;)Lcom/google/common/collect/ImmutableSet; @ 29
Event: 10.854 Thread 0x000000001cdbe800 Uncommon trap: reason=class_check action=maybe_recompile pc=0x00000000042a7584 method=com.google.common.collect.ImmutableSet.copyOf(Ljava/util/Collection;)Lcom/google/common/collect/ImmutableSet; @ 29
Event: 10.854 Thread 0x000000001cdbe800 Uncommon trap: reason=class_check action=maybe_recompile pc=0x00000000042a7584 method=com.google.common.collect.ImmutableSet.copyOf(Ljava/util/Collection;)Lcom/google/common/collect/ImmutableSet; @ 29

Classes redefined (0 events):
No events

Internal exceptions (10 events):
Event: 10.074 Thread 0x000000001ff47800 Exception <a 'sun/nio/fs/WindowsException'> (0x00000000dcbe7830) thrown at [C:\src\AOSP-openjdk-git\hotspot\src\share\vm\prims\jni.cpp, line 710]
Event: 10.074 Thread 0x000000001ff47800 Exception <a 'sun/nio/fs/WindowsException'> (0x00000000dcbe9590) thrown at [C:\src\AOSP-openjdk-git\hotspot\src\share\vm\prims\jni.cpp, line 710]
Event: 10.074 Thread 0x000000001ff47800 Exception <a 'sun/nio/fs/WindowsException'> (0x00000000dcbea278) thrown at [C:\src\AOSP-openjdk-git\hotspot\src\share\vm\prims\jni.cpp, line 710]
Event: 10.074 Thread 0x000000001ff47800 Exception <a 'sun/nio/fs/WindowsException'> (0x00000000dcbec1e8) thrown at [C:\src\AOSP-openjdk-git\hotspot\src\share\vm\prims\jni.cpp, line 710]
Event: 10.075 Thread 0x000000001ff47800 Exception <a 'sun/nio/fs/WindowsException'> (0x00000000dcbeced0) thrown at [C:\src\AOSP-openjdk-git\hotspot\src\share\vm\prims\jni.cpp, line 710]
Event: 10.075 Thread 0x000000001ff47800 Exception <a 'sun/nio/fs/WindowsException'> (0x00000000dcbeec78) thrown at [C:\src\AOSP-openjdk-git\hotspot\src\share\vm\prims\jni.cpp, line 710]
Event: 10.075 Thread 0x000000001ff47800 Exception <a 'sun/nio/fs/WindowsException'> (0x00000000dcbef970) thrown at [C:\src\AOSP-openjdk-git\hotspot\src\share\vm\prims\jni.cpp, line 710]
Event: 10.075 Thread 0x000000001ff47800 Exception <a 'sun/nio/fs/WindowsException'> (0x00000000dcbf1718) thrown at [C:\src\AOSP-openjdk-git\hotspot\src\share\vm\prims\jni.cpp, line 710]
Event: 10.075 Thread 0x000000001ff47800 Exception <a 'sun/nio/fs/WindowsException'> (0x00000000dcbf2410) thrown at [C:\src\AOSP-openjdk-git\hotspot\src\share\vm\prims\jni.cpp, line 710]
Event: 10.329 Thread 0x000000001ff47800 Exception <a 'java/lang/NoSuchMethodError': java.lang.Object.lambda$static$0(Lorg/gradle/internal/snapshot/FileSystemSnapshotVisitor;)V> (0x00000000de7a29b8) thrown at [C:\src\AOSP-openjdk-git\hotspot\src\share\vm\interpreter\linkResolver.cpp, line 620]

Events (10 events):
Event: 10.854 Thread 0x000000001cdbe800 DEOPT PACKING pc=0x00000000042a7584 sp=0x00000000246ddbc0
Event: 10.854 Thread 0x000000001cdbe800 DEOPT UNPACKING pc=0x000000000298557b sp=0x00000000246ddb60 mode 2
Event: 10.855 loading class it/unimi/dsi/fastutil/ints/IntListIterator
Event: 10.855 loading class it/unimi/dsi/fastutil/ints/IntListIterator done
Event: 10.855 loading class it/unimi/dsi/fastutil/ints/IntList
Event: 10.855 loading class it/unimi/dsi/fastutil/ints/IntList done
Event: 10.856 loading class it/unimi/dsi/fastutil/ints/IntIterators$EmptyIterator
Event: 10.856 loading class it/unimi/dsi/fastutil/ints/IntIterators$EmptyIterator done
Event: 10.857 loading class it/unimi/dsi/fastutil/ints/IntOpenHashSet$SetIterator
Event: 10.857 loading class it/unimi/dsi/fastutil/ints/IntOpenHashSet$SetIterator done


Dynamic libraries:
0x00007ff7dc5f0000 - 0x00007ff7dc621000 	C:\Program Files\Android\Android Studio\jre\bin\java.exe
0x00007ffe94cf0000 - 0x00007ffe94ee5000 	C:\Windows\SYSTEM32\ntdll.dll
0x00007ffe948e0000 - 0x00007ffe9499e000 	C:\Windows\System32\KERNEL32.DLL
0x00007ffe92550000 - 0x00007ffe92818000 	C:\Windows\System32\KERNELBASE.dll
0x00007ffe94500000 - 0x00007ffe945ac000 	C:\Windows\System32\ADVAPI32.dll
0x00007ffe92d40000 - 0x00007ffe92dde000 	C:\Windows\System32\msvcrt.dll
0x00007ffe94840000 - 0x00007ffe948db000 	C:\Windows\System32\sechost.dll
0x00007ffe949a0000 - 0x00007ffe94aca000 	C:\Windows\System32\RPCRT4.dll
0x00007ffe94350000 - 0x00007ffe944f1000 	C:\Windows\System32\USER32.dll
0x00007ffe92a20000 - 0x00007ffe92a42000 	C:\Windows\System32\win32u.dll
0x00007ffe92df0000 - 0x00007ffe92e1b000 	C:\Windows\System32\GDI32.dll
0x00007ffe92ad0000 - 0x00007ffe92bdb000 	C:\Windows\System32\gdi32full.dll
0x00007ffe92880000 - 0x00007ffe9291d000 	C:\Windows\System32\msvcp_win.dll
0x00007ffe92920000 - 0x00007ffe92a20000 	C:\Windows\System32\ucrtbase.dll
0x00007ffe7c090000 - 0x00007ffe7c32a000 	C:\Windows\WinSxS\amd64_microsoft.windows.common-controls_6595b64144ccf1df_6.0.19041.1110_none_60b5254171f9507e\COMCTL32.dll
0x00007ffe94760000 - 0x00007ffe94790000 	C:\Windows\System32\IMM32.DLL
0x000000005d4a0000 - 0x000000005d572000 	C:\Program Files\Android\Android Studio\jre\jre\bin\msvcr100.dll
0x000000005c6e0000 - 0x000000005cf2b000 	C:\Program Files\Android\Android Studio\jre\jre\bin\server\jvm.dll
0x00007ffe92de0000 - 0x00007ffe92de8000 	C:\Windows\System32\PSAPI.DLL
0x00007ffe8a3f0000 - 0x00007ffe8a3f9000 	C:\Windows\SYSTEM32\WSOCK32.dll
0x00007ffe87ce0000 - 0x00007ffe87cea000 	C:\Windows\SYSTEM32\VERSION.dll
0x00007ffe82090000 - 0x00007ffe820b7000 	C:\Windows\SYSTEM32\WINMM.dll
0x00007ffe94bb0000 - 0x00007ffe94c1b000 	C:\Windows\System32\WS2_32.dll
0x00007ffe889e0000 - 0x00007ffe889ef000 	C:\Program Files\Android\Android Studio\jre\jre\bin\verify.dll
0x00007ffe65250000 - 0x00007ffe65279000 	C:\Program Files\Android\Android Studio\jre\jre\bin\java.dll
0x00007ffe86b50000 - 0x00007ffe86b66000 	C:\Program Files\Android\Android Studio\jre\jre\bin\zip.dll
0x00007ffe92e30000 - 0x00007ffe9356f000 	C:\Windows\System32\SHELL32.dll
0x00007ffe90510000 - 0x00007ffe90ca0000 	C:\Windows\SYSTEM32\windows.storage.dll
0x00007ffe93ec0000 - 0x00007ffe94215000 	C:\Windows\System32\combase.dll
0x00007ffe91e60000 - 0x00007ffe91e8e000 	C:\Windows\SYSTEM32\Wldp.dll
0x00007ffe93e10000 - 0x00007ffe93ebd000 	C:\Windows\System32\SHCORE.dll
0x00007ffe93b80000 - 0x00007ffe93bd5000 	C:\Windows\System32\shlwapi.dll
0x00007ffe92350000 - 0x00007ffe9236f000 	C:\Windows\SYSTEM32\profapi.dll
0x00007ffe7bcc0000 - 0x00007ffe7bcda000 	C:\Program Files\Android\Android Studio\jre\jre\bin\net.dll
0x00007ffe91bc0000 - 0x00007ffe91c2a000 	C:\Windows\system32\mswsock.dll
0x00007ffe79be0000 - 0x00007ffe79bf3000 	C:\Program Files\Android\Android Studio\jre\jre\bin\nio.dll
0x00007ffe80ea0000 - 0x00007ffe80ec7000 	C:\Users\Lenovo\.gradle\native\f6784746aeab05261644944871eae4fe03e0ef1612fff0a4a95f87b438bc6780\windows-amd64\native-platform.dll
0x00007ffe88470000 - 0x00007ffe8847d000 	C:\Program Files\Android\Android Studio\jre\jre\bin\management.dll
0x00007ffe91db0000 - 0x00007ffe91dc8000 	C:\Windows\SYSTEM32\CRYPTSP.dll
0x00007ffe914d0000 - 0x00007ffe91504000 	C:\Windows\system32\rsaenh.dll
0x00007ffe92aa0000 - 0x00007ffe92ac7000 	C:\Windows\System32\bcrypt.dll
0x00007ffe92310000 - 0x00007ffe9233e000 	C:\Windows\SYSTEM32\USERENV.dll
0x00007ffe92410000 - 0x00007ffe92493000 	C:\Windows\System32\bcryptprimitives.dll
0x00007ffe91dd0000 - 0x00007ffe91ddc000 	C:\Windows\SYSTEM32\CRYPTBASE.dll
0x00007ffe91860000 - 0x00007ffe9189b000 	C:\Windows\SYSTEM32\IPHLPAPI.DLL
0x00007ffe92e20000 - 0x00007ffe92e28000 	C:\Windows\System32\NSI.dll
0x00007ffe86960000 - 0x00007ffe86977000 	C:\Windows\SYSTEM32\dhcpcsvc6.DLL
0x00007ffe86780000 - 0x00007ffe8679d000 	C:\Windows\SYSTEM32\dhcpcsvc.DLL
0x00007ffe918a0000 - 0x00007ffe9196b000 	C:\Windows\SYSTEM32\DNSAPI.dll
0x00007ffe86bd0000 - 0x00007ffe86bdb000 	C:\Windows\SYSTEM32\WINNSI.DLL

VM Arguments:
jvm_args: -Xmx2048m -Dfile.encoding=UTF-8 -Duser.country=ID -Duser.language=en -Duser.variant 
java_command: org.gradle.launcher.daemon.bootstrap.GradleDaemon 6.5
java_class_path (initial): C:\Users\Lenovo\.gradle\wrapper\dists\gradle-6.5-bin\6nifqtx7604sqp1q6g8wikw7p\gradle-6.5\lib\gradle-launcher-6.5.jar
Launcher Type: SUN_STANDARD

Environment Variables:
JAVA_HOME=C:\Program Files\Java\jdk-17.0.1
PATH=C:\Program Files\ImageMagick-7.0.11-Q16-HDRI;C:\Program Files (x86)\VMware\VMware Player\bin\;C:\Windows\system32;C:\Windows;C:\Windows\System32\Wbem;C:\Windows\System32\WindowsPowerShell\v1.0\;C:\Windows\System32\OpenSSH\;C:\Program Files (x86)\NVIDIA Corporation\PhysX\Common;C:\Program Files\NVIDIA Corporation\NVIDIA NvDLISR;C:\src\flutter\bin;C:\Program Files\Git\cmd;C:\xampp\php;C:\ProgramData\ComposerSetup\bin;C:\Program Files\nodejs\;C:\Program Files\MongoDB\Server\4.4\bin;C:\MinGW\bin;C:\Program Files\dotnet\;C:\xampp\apache\bin;C:\Program Files\ImageMagick-7.0.11-Q16-HDRI;C:\Program Files\Docker\Docker\resources\bin;C:\ProgramData\DockerDesktop\version-bin;C:\Program Files\Java\jdk-17.0.1\bin;C:\Program Files\Microsoft SQL Server\150\Tools\Binn\;C:\Program Files\Microsoft SQL Server\Client SDK\ODBC\170\Tools\Binn\;C:\Program Files\PuTTY\;C:\Users\Lenovo\AppData\Local\Programs\Python\Python39\Scripts\;C:\Users\Lenovo\AppData\Local\Programs\Python\Python39\;C:\Users\Lenovo\AppData\Local\Microsoft\WindowsApps;;C:\Users\Lenovo\AppData\Local\Programs\Microsoft VS Code\bin;C:\Users\Lenovo\AppData\Roaming\Composer\vendor\bin;C:\Program Files\heroku\bin;C:\Users\Lenovo\AppData\Roaming\npm;C:\Users\Lenovo\.dotnet\tools
USERNAME=Lenovo
OS=Windows_NT
PROCESSOR_IDENTIFIER=Intel64 Family 6 Model 142 Stepping 11, GenuineIntel



---------------  S Y S T E M  ---------------

OS: Windows 10.0 , 64 bit Build 19041 (10.0.19041.1348)

CPU:total 8 (initial active 8) (4 cores per cpu, 2 threads per core) family 6 model 142 stepping 11, cmov, cx8, fxsr, mmx, sse, sse2, sse3, ssse3, sse4.1, sse4.2, popcnt, avx, avx2, aes, clmul, erms, 3dnowpref, lzcnt, ht, tsc, tscinvbit, bmi1, bmi2, adx

Memory: 4k page, physical 12392180k(2413864k free), swap 12392180k(5928k free)

vm_info: OpenJDK 64-Bit Server VM (25.242-b01) for windows-amd64 JRE (1.8.0_242-release-1644-b01), built by "builder" with MS VC++ 10.0 (VS2010)

time: Mon Nov 29 22:37:11 2021
timezone: SE Asia Standard Time
elapsed time: 10 seconds (0d 0h 0m 10s)

