#
# There is insufficient memory for the Java Runtime Environment to continue.
# Native memory allocation (malloc) failed to allocate 776656 bytes for Chunk::new
# Possible reasons:
#   The system is out of physical RAM or swap space
#   The process is running with CompressedOops enabled, and the Java Heap may be blocking the growth of the native heap
# Possible solutions:
#   Reduce memory load on the system
#   Increase physical memory or swap space
#   Check if swap backing store is full
#   Decrease Java heap size (-Xmx/-Xms)
#   Decrease number of Java threads
#   Decrease Java thread stack sizes (-Xss)
#   Set larger code cache with -XX:ReservedCodeCacheSize=
#   JVM is running with Unscaled Compressed Oops mode in which the Java heap is
#     placed in the first 4GB address space. The Java Heap base address is the
#     maximum limit for the native heap growth. Please use -XX:HeapBaseMinAddress
#     to set the Java Heap base and to place the Java Heap above 4GB virtual address.
# This output file may be truncated or incomplete.
#
#  Out of Memory Error (allocation.cpp:389), pid=8072, tid=0x0000000000003a34
#
# JRE version: OpenJDK Runtime Environment (8.0_242-b01) (build 1.8.0_242-release-1644-b01)
# Java VM: OpenJDK 64-Bit Server VM (25.242-b01 mixed mode windows-amd64 compressed oops)
# Failed to write core dump. Minidumps are not enabled by default on client versions of Windows
#

---------------  T H R E A D  ---------------

Current thread (0x0000000019fa1000):  JavaThread "C2 CompilerThread0" daemon [_thread_in_native, id=14900, stack(0x000000001a870000,0x000000001a970000)]

Stack: [0x000000001a870000,0x000000001a970000]
[error occurred during error reporting (printing stack bounds), id 0xc0000005]

Native frames: (J=compiled Java code, j=interpreted, Vv=VM code, C=native code)


Current CompileTask:
C2: 434896 13926 %     4       com.android.tools.r8.dex.n::m @ 14 (2044 bytes)


---------------  P R O C E S S  ---------------

Java Threads: ( => current thread )
  0x000000001d4d1800 JavaThread "ForkJoinPool-1-worker-0" daemon [_thread_blocked, id=14064, stack(0x0000000033700000,0x0000000033800000)]
  0x000000001d4d1000 JavaThread "ForkJoinPool-1-worker-7" daemon [_thread_blocked, id=7628, stack(0x0000000033600000,0x0000000033700000)]
  0x000000001d4ce000 JavaThread "ForkJoinPool-1-worker-6" daemon [_thread_blocked, id=12000, stack(0x0000000033500000,0x0000000033600000)]
  0x000000001d4d0000 JavaThread "ForkJoinPool-1-worker-5" daemon [_thread_blocked, id=20720, stack(0x0000000033400000,0x0000000033500000)]
  0x000000001d4c5800 JavaThread "ForkJoinPool-1-worker-4" daemon [_thread_blocked, id=9944, stack(0x0000000033300000,0x0000000033400000)]
  0x000000001d4cb000 JavaThread "ForkJoinPool-1-worker-3" daemon [_thread_blocked, id=15340, stack(0x0000000033200000,0x0000000033300000)]
  0x000000001d4c8000 JavaThread "ForkJoinPool-1-worker-2" daemon [_thread_blocked, id=3608, stack(0x0000000033100000,0x0000000033200000)]
  0x000000001d4c9800 JavaThread "ForkJoinPool-1-worker-1" daemon [_thread_blocked, id=9804, stack(0x0000000033000000,0x0000000033100000)]
  0x000000001d4c7000 JavaThread "WorkerExecutor Queue Thread 5" [_thread_blocked, id=8912, stack(0x00000000324c0000,0x00000000325c0000)]
  0x000000001d4c6800 JavaThread "WorkerExecutor Queue Thread 4" [_thread_blocked, id=19128, stack(0x0000000032900000,0x0000000032a00000)]
  0x000000001d4c8800 JavaThread "WorkerExecutor Queue Thread 3" [_thread_blocked, id=16784, stack(0x0000000032800000,0x0000000032900000)]
  0x000000001d4ca000 JavaThread "WorkerExecutor Queue Thread 2" [_thread_blocked, id=8540, stack(0x0000000032700000,0x0000000032800000)]
  0x000000001b745000 JavaThread "WorkerExecutor Queue" [_thread_in_Java, id=10428, stack(0x0000000032600000,0x0000000032700000)]
  0x000000001ae89800 JavaThread "ForkJoinPool.commonPool-worker-4" daemon [_thread_blocked, id=13136, stack(0x00000000321c0000,0x00000000322c0000)]
  0x000000001ae8f800 JavaThread "ForkJoinPool.commonPool-worker-3" daemon [_thread_blocked, id=1876, stack(0x00000000320c0000,0x00000000321c0000)]
  0x000000001ae8b800 JavaThread "ForkJoinPool.commonPool-worker-2" daemon [_thread_blocked, id=8012, stack(0x0000000030cc0000,0x0000000030dc0000)]
  0x000000001ae8d000 JavaThread "ForkJoinPool.commonPool-worker-1" daemon [_thread_blocked, id=2604, stack(0x000000002f600000,0x000000002f700000)]
  0x000000001ae88000 JavaThread "Cache worker for Java compile cache (D:\Code\Projects\Plasmahero-mobile\client\.gradle\6.5\javaCompile)" [_thread_blocked, id=11696, stack(0x0000000031fc0000,0x00000000320c0000)]
  0x000000001ae8c800 JavaThread "Cache worker for Java compile cache (C:\Users\Lenovo\.gradle\caches\6.5\javaCompile)" [_thread_blocked, id=19496, stack(0x0000000030ec0000,0x0000000030fc0000)]
  0x000000001ae8a000 JavaThread "RMI TCP Connection(5)-127.0.0.1" daemon [_thread_in_native, id=15060, stack(0x0000000030dc0000,0x0000000030ec0000)]
  0x000000001ae8b000 JavaThread "Cache worker for execution history cache (D:\Code\Projects\Plasmahero-mobile\client\.gradle\6.5\executionHistory)" [_thread_blocked, id=12416, stack(0x0000000030ac0000,0x0000000030bc0000)]
  0x000000001ae88800 JavaThread "Execution worker for ':' Thread 7" [_thread_blocked, id=3116, stack(0x000000002fd00000,0x000000002fe00000)]
  0x000000001ae8e000 JavaThread "Execution worker for ':' Thread 6" [_thread_blocked, id=9716, stack(0x000000002fc00000,0x000000002fd00000)]
  0x000000001ae80800 JavaThread "Execution worker for ':' Thread 5" [_thread_blocked, id=12368, stack(0x000000002fb00000,0x000000002fc00000)]
  0x000000001ae87000 JavaThread "Execution worker for ':' Thread 4" [_thread_blocked, id=20652, stack(0x000000002fa00000,0x000000002fb00000)]
  0x000000001ae86800 JavaThread "Execution worker for ':' Thread 3" [_thread_blocked, id=9248, stack(0x000000002f900000,0x000000002fa00000)]
  0x000000001ae85800 JavaThread "Execution worker for ':' Thread 2" [_thread_blocked, id=16792, stack(0x000000002e4d0000,0x000000002e5d0000)]
  0x000000001ae82000 JavaThread "Execution worker for ':'" [_thread_blocked, id=14748, stack(0x000000002dc50000,0x000000002dd50000)]
  0x000000001ae84000 JavaThread "Cache worker for file content cache (D:\Code\Projects\Plasmahero-mobile\client\.gradle\6.5\fileContent)" [_thread_blocked, id=2304, stack(0x000000002c850000,0x000000002c950000)]
  0x000000001ae81000 JavaThread "Cache worker for Build Output Cleanup Cache (D:\Code\Projects\Plasmahero-mobile\client\.gradle\buildOutputCleanup)" [_thread_blocked, id=12668, stack(0x000000002b380000,0x000000002b480000)]
  0x000000001ae83800 JavaThread "jar transforms Thread 348" [_thread_blocked, id=9044, stack(0x000000002b280000,0x000000002b380000)]
  0x000000001ae82800 JavaThread "jar transforms Thread 347" [_thread_blocked, id=16084, stack(0x000000002b180000,0x000000002b280000)]
  0x000000001c1bb800 JavaThread "jar transforms Thread 346" [_thread_blocked, id=14948, stack(0x000000002b080000,0x000000002b180000)]
  0x000000001c1ba800 JavaThread "jar transforms Thread 345" [_thread_blocked, id=6868, stack(0x000000002af80000,0x000000002b080000)]
  0x000000001c1ba000 JavaThread "jar transforms Thread 344" [_thread_blocked, id=20284, stack(0x000000002ae80000,0x000000002af80000)]
  0x000000001c1bc000 JavaThread "jar transforms Thread 343" [_thread_blocked, id=7812, stack(0x000000002ad80000,0x000000002ae80000)]
  0x000000001c1b9000 JavaThread "jar transforms Thread 342" [_thread_blocked, id=12400, stack(0x000000002ac80000,0x000000002ad80000)]
  0x000000001c1b8800 JavaThread "jar transforms Thread 341" [_thread_blocked, id=3300, stack(0x000000002ab80000,0x000000002ac80000)]
  0x000000001c1b7800 JavaThread "jar transforms Thread 340" [_thread_blocked, id=21456, stack(0x000000002aa80000,0x000000002ab80000)]
  0x000000001c1b0000 JavaThread "jar transforms Thread 339" [_thread_blocked, id=13748, stack(0x000000002a880000,0x000000002a980000)]
  0x000000001c1b7000 JavaThread "jar transforms Thread 338" [_thread_blocked, id=17360, stack(0x000000002a780000,0x000000002a880000)]
  0x000000001c1b6000 JavaThread "jar transforms Thread 337" [_thread_blocked, id=14804, stack(0x000000002a680000,0x000000002a780000)]
  0x000000001c1ae800 JavaThread "jar transforms Thread 336" [_thread_blocked, id=1968, stack(0x000000002a580000,0x000000002a680000)]
  0x000000001c1b5800 JavaThread "jar transforms Thread 335" [_thread_blocked, id=4852, stack(0x000000002a480000,0x000000002a580000)]
  0x000000001c1ae000 JavaThread "jar transforms Thread 334" [_thread_blocked, id=11528, stack(0x000000002a380000,0x000000002a480000)]
  0x000000001c1af800 JavaThread "jar transforms Thread 333" [_thread_blocked, id=9992, stack(0x000000002a280000,0x000000002a380000)]
  0x000000001c1b4800 JavaThread "jar transforms Thread 332" [_thread_blocked, id=9272, stack(0x000000002a180000,0x000000002a280000)]
  0x000000001c1ad000 JavaThread "jar transforms Thread 331" [_thread_blocked, id=11076, stack(0x000000002a080000,0x000000002a180000)]
  0x000000001c1b2800 JavaThread "jar transforms Thread 330" [_thread_blocked, id=8876, stack(0x0000000029f80000,0x000000002a080000)]
  0x000000001c1b1000 JavaThread "jar transforms Thread 329" [_thread_blocked, id=15156, stack(0x0000000029e80000,0x0000000029f80000)]
  0x000000001c1b3000 JavaThread "jar transforms Thread 328" [_thread_blocked, id=14576, stack(0x0000000029d80000,0x0000000029e80000)]
  0x000000001c1b1800 JavaThread "jar transforms Thread 327" [_thread_blocked, id=12624, stack(0x0000000029c80000,0x0000000029d80000)]
  0x000000001c1b4000 JavaThread "jar transforms Thread 326" [_thread_blocked, id=19088, stack(0x0000000029b80000,0x0000000029c80000)]
  0x000000001cbc0800 JavaThread "jar transforms Thread 325" [_thread_blocked, id=9060, stack(0x0000000029a80000,0x0000000029b80000)]
  0x000000001cbc0000 JavaThread "jar transforms Thread 324" [_thread_blocked, id=12828, stack(0x0000000029980000,0x0000000029a80000)]
  0x000000001cbc4800 JavaThread "jar transforms Thread 323" [_thread_blocked, id=12164, stack(0x0000000029880000,0x0000000029980000)]
  0x000000001cbc3000 JavaThread "jar transforms Thread 322" [_thread_blocked, id=7340, stack(0x0000000029780000,0x0000000029880000)]
  0x000000001cbc2000 JavaThread "jar transforms Thread 321" [_thread_blocked, id=19996, stack(0x0000000029680000,0x0000000029780000)]
  0x000000001cbc6000 JavaThread "jar transforms Thread 320" [_thread_blocked, id=2652, stack(0x0000000029580000,0x0000000029680000)]
  0x000000001cbc5000 JavaThread "jar transforms Thread 319" [_thread_blocked, id=19476, stack(0x0000000029480000,0x0000000029580000)]
  0x000000001cbc3800 JavaThread "jar transforms Thread 318" [_thread_blocked, id=16864, stack(0x0000000029380000,0x0000000029480000)]
  0x000000001cbc1800 JavaThread "jar transforms Thread 317" [_thread_blocked, id=13400, stack(0x0000000029280000,0x0000000029380000)]
  0x000000001cbbf000 JavaThread "jar transforms Thread 316" [_thread_blocked, id=2724, stack(0x0000000029180000,0x0000000029280000)]
  0x000000001d345800 JavaThread "jar transforms Thread 315" [_thread_blocked, id=10992, stack(0x0000000029080000,0x0000000029180000)]
  0x000000001d341800 JavaThread "jar transforms Thread 314" [_thread_blocked, id=21016, stack(0x0000000028f80000,0x0000000029080000)]
  0x000000001d33f800 JavaThread "jar transforms Thread 313" [_thread_blocked, id=32, stack(0x0000000028e80000,0x0000000028f80000)]
  0x000000001d341000 JavaThread "jar transforms Thread 312" [_thread_blocked, id=16360, stack(0x0000000028d80000,0x0000000028e80000)]
  0x000000001d344000 JavaThread "jar transforms Thread 311" [_thread_blocked, id=13140, stack(0x0000000028c80000,0x0000000028d80000)]
  0x000000001d343000 JavaThread "jar transforms Thread 310" [_thread_blocked, id=3296, stack(0x0000000028b80000,0x0000000028c80000)]
  0x000000001d342800 JavaThread "jar transforms Thread 309" [_thread_blocked, id=6416, stack(0x0000000028a80000,0x0000000028b80000)]
  0x000000001d346000 JavaThread "jar transforms Thread 308" [_thread_blocked, id=19096, stack(0x0000000028980000,0x0000000028a80000)]
  0x000000001d344800 JavaThread "jar transforms Thread 307" [_thread_blocked, id=4956, stack(0x0000000028880000,0x0000000028980000)]
  0x000000001d340000 JavaThread "jar transforms Thread 306" [_thread_blocked, id=14916, stack(0x0000000028780000,0x0000000028880000)]
  0x0000000021f4e800 JavaThread "jar transforms Thread 305" [_thread_blocked, id=2596, stack(0x0000000028680000,0x0000000028780000)]
  0x0000000021f4d000 JavaThread "jar transforms Thread 304" [_thread_blocked, id=13452, stack(0x0000000028580000,0x0000000028680000)]
  0x0000000021f4c000 JavaThread "jar transforms Thread 303" [_thread_blocked, id=3348, stack(0x0000000028480000,0x0000000028580000)]
  0x0000000021f4d800 JavaThread "jar transforms Thread 302" [_thread_blocked, id=4360, stack(0x0000000028380000,0x0000000028480000)]
  0x0000000021f44800 JavaThread "jar transforms Thread 301" [_thread_blocked, id=11152, stack(0x0000000028280000,0x0000000028380000)]
  0x0000000021f4b800 JavaThread "jar transforms Thread 300" [_thread_blocked, id=15232, stack(0x0000000028180000,0x0000000028280000)]
  0x0000000021f4a800 JavaThread "jar transforms Thread 299" [_thread_blocked, id=15992, stack(0x0000000028080000,0x0000000028180000)]
  0x0000000021f44000 JavaThread "jar transforms Thread 298" [_thread_blocked, id=10564, stack(0x0000000027f80000,0x0000000028080000)]
  0x0000000021f43000 JavaThread "jar transforms Thread 297" [_thread_blocked, id=7604, stack(0x0000000027e80000,0x0000000027f80000)]
  0x0000000021f4a000 JavaThread "jar transforms Thread 296" [_thread_blocked, id=11560, stack(0x0000000027d80000,0x0000000027e80000)]
  0x0000000021f48800 JavaThread "jar transforms Thread 295" [_thread_blocked, id=9452, stack(0x0000000027c80000,0x0000000027d80000)]
  0x0000000021f49000 JavaThread "jar transforms Thread 294" [_thread_blocked, id=7968, stack(0x0000000027b80000,0x0000000027c80000)]
  0x0000000021f42800 JavaThread "jar transforms Thread 293" [_thread_blocked, id=9032, stack(0x0000000027a80000,0x0000000027b80000)]
  0x0000000021f47800 JavaThread "jar transforms Thread 292" [_thread_blocked, id=1172, stack(0x0000000027980000,0x0000000027a80000)]
  0x0000000021f47000 JavaThread "jar transforms Thread 291" [_thread_blocked, id=12732, stack(0x0000000027880000,0x0000000027980000)]
  0x0000000021f3f800 JavaThread "jar transforms Thread 290" [_thread_blocked, id=14280, stack(0x0000000027780000,0x0000000027880000)]
  0x0000000021f41800 JavaThread "jar transforms Thread 289" [_thread_blocked, id=10612, stack(0x0000000027680000,0x0000000027780000)]
  0x0000000021f41000 JavaThread "jar transforms Thread 288" [_thread_blocked, id=18908, stack(0x0000000027580000,0x0000000027680000)]
  0x0000000021f46000 JavaThread "jar transforms Thread 287" [_thread_blocked, id=18932, stack(0x0000000027480000,0x0000000027580000)]
  0x0000000021f40000 JavaThread "jar transforms Thread 286" [_thread_blocked, id=2168, stack(0x0000000027380000,0x0000000027480000)]
  0x0000000021f45800 JavaThread "jar transforms Thread 285" [_thread_blocked, id=7504, stack(0x0000000027280000,0x0000000027380000)]
  0x000000001caa1800 JavaThread "jar transforms Thread 284" [_thread_blocked, id=10904, stack(0x0000000027180000,0x0000000027280000)]
  0x000000001caa0000 JavaThread "jar transforms Thread 283" [_thread_blocked, id=14052, stack(0x0000000027080000,0x0000000027180000)]
  0x000000001ca9b800 JavaThread "jar transforms Thread 282" [_thread_blocked, id=17896, stack(0x0000000026f80000,0x0000000027080000)]
  0x000000001ca9f000 JavaThread "jar transforms Thread 281" [_thread_blocked, id=17172, stack(0x0000000026e80000,0x0000000026f80000)]
  0x000000001caa0800 JavaThread "jar transforms Thread 280" [_thread_blocked, id=7492, stack(0x0000000026d80000,0x0000000026e80000)]
  0x000000001f3ef000 JavaThread "jar transforms Thread 279" [_thread_blocked, id=5052, stack(0x0000000026c80000,0x0000000026d80000)]
  0x000000001f3ed800 JavaThread "jar transforms Thread 278" [_thread_blocked, id=9368, stack(0x0000000026b80000,0x0000000026c80000)]
  0x000000001f3e6000 JavaThread "jar transforms Thread 277" [_thread_blocked, id=5132, stack(0x0000000026a80000,0x0000000026b80000)]
  0x000000001f3ec800 JavaThread "jar transforms Thread 276" [_thread_blocked, id=17380, stack(0x0000000026980000,0x0000000026a80000)]
  0x000000001f3ec000 JavaThread "jar transforms Thread 275" [_thread_blocked, id=18808, stack(0x0000000026880000,0x0000000026980000)]
  0x000000001f3ea800 JavaThread "jar transforms Thread 274" [_thread_blocked, id=17720, stack(0x0000000026780000,0x0000000026880000)]
  0x000000001f3e0800 JavaThread "jar transforms Thread 273" [_thread_blocked, id=6876, stack(0x0000000026680000,0x0000000026780000)]
  0x000000001f3e5000 JavaThread "jar transforms Thread 272" [_thread_blocked, id=2204, stack(0x0000000026580000,0x0000000026680000)]
  0x000000001f3e7800 JavaThread "jar transforms Thread 271" [_thread_blocked, id=14432, stack(0x0000000026480000,0x0000000026580000)]
  0x000000001f3e6800 JavaThread "jar transforms Thread 270" [_thread_blocked, id=4460, stack(0x0000000026380000,0x0000000026480000)]
  0x000000001f3e1800 JavaThread "jar transforms Thread 269" [_thread_blocked, id=17000, stack(0x0000000026280000,0x0000000026380000)]
  0x000000001f3e4800 JavaThread "jar transforms Thread 268" [_thread_blocked, id=3584, stack(0x0000000026180000,0x0000000026280000)]
  0x000000001f3e2000 JavaThread "jar transforms Thread 267" [_thread_blocked, id=17660, stack(0x0000000026080000,0x0000000026180000)]
  0x000000001cafe000 JavaThread "jar transforms Thread 266" [_thread_blocked, id=17336, stack(0x0000000025f80000,0x0000000026080000)]
  0x000000001cb04000 JavaThread "jar transforms Thread 265" [_thread_blocked, id=19472, stack(0x0000000025e80000,0x0000000025f80000)]
  0x000000001cb03800 JavaThread "jar transforms Thread 264" [_thread_blocked, id=13264, stack(0x0000000025d80000,0x0000000025e80000)]
  0x000000001caff800 JavaThread "jar transforms Thread 263" [_thread_blocked, id=10020, stack(0x0000000025c80000,0x0000000025d80000)]
  0x000000001cb00800 JavaThread "jar transforms Thread 262" [_thread_blocked, id=11892, stack(0x0000000025b80000,0x0000000025c80000)]
  0x000000001caff000 JavaThread "jar transforms Thread 261" [_thread_blocked, id=16968, stack(0x0000000025a80000,0x0000000025b80000)]
  0x000000001cb02800 JavaThread "jar transforms Thread 260" [_thread_blocked, id=12896, stack(0x0000000025980000,0x0000000025a80000)]
  0x000000001cb02000 JavaThread "jar transforms Thread 259" [_thread_blocked, id=4152, stack(0x0000000025880000,0x0000000025980000)]
  0x000000001caf6800 JavaThread "jar transforms Thread 258" [_thread_blocked, id=17508, stack(0x0000000025780000,0x0000000025880000)]
  0x000000001cafd800 JavaThread "jar transforms Thread 257" [_thread_blocked, id=5436, stack(0x0000000025680000,0x0000000025780000)]
  0x000000001caf6000 JavaThread "jar transforms Thread 256" [_thread_blocked, id=20356, stack(0x0000000025580000,0x0000000025680000)]
  0x000000001cafc800 JavaThread "jar transforms Thread 255" [_thread_blocked, id=13504, stack(0x0000000025480000,0x0000000025580000)]
  0x000000001caf5000 JavaThread "jar transforms Thread 254" [_thread_blocked, id=15832, stack(0x0000000025380000,0x0000000025480000)]
  0x000000001cafb000 JavaThread "jar transforms Thread 253" [_thread_blocked, id=15416, stack(0x0000000025280000,0x0000000025380000)]
  0x000000001cafa800 JavaThread "jar transforms Thread 252" [_thread_blocked, id=8976, stack(0x0000000025180000,0x0000000025280000)]
  0x000000001caf9000 JavaThread "jar transforms Thread 251" [_thread_blocked, id=14840, stack(0x0000000025080000,0x0000000025180000)]
  0x000000001a1ab000 JavaThread "jar transforms Thread 250" [_thread_blocked, id=16456, stack(0x0000000024f80000,0x0000000025080000)]
  0x000000001a1aa800 JavaThread "jar transforms Thread 249" [_thread_blocked, id=20272, stack(0x0000000024e80000,0x0000000024f80000)]
  0x000000001a1a9800 JavaThread "jar transforms Thread 248" [_thread_blocked, id=15020, stack(0x0000000024d80000,0x0000000024e80000)]
  0x000000001a1a7800 JavaThread "jar transforms Thread 247" [_thread_blocked, id=3016, stack(0x0000000024c80000,0x0000000024d80000)]
  0x000000001a1a8000 JavaThread "jar transforms Thread 246" [_thread_blocked, id=5264, stack(0x0000000024b80000,0x0000000024c80000)]
  0x000000001a1ac000 JavaThread "jar transforms Thread 245" [_thread_blocked, id=15276, stack(0x0000000024a80000,0x0000000024b80000)]
  0x000000001a1a0000 JavaThread "jar transforms Thread 244" [_thread_blocked, id=10060, stack(0x0000000024980000,0x0000000024a80000)]
  0x000000001a1a6800 JavaThread "jar transforms Thread 243" [_thread_blocked, id=2200, stack(0x0000000024880000,0x0000000024980000)]
  0x000000001a1a3800 JavaThread "jar transforms Thread 242" [_thread_blocked, id=19820, stack(0x0000000024780000,0x0000000024880000)]
  0x000000001a1a6000 JavaThread "jar transforms Thread 241" [_thread_blocked, id=1988, stack(0x0000000024680000,0x0000000024780000)]
  0x000000001a19e800 JavaThread "jar transforms Thread 240" [_thread_blocked, id=9988, stack(0x0000000024580000,0x0000000024680000)]
  0x000000001a1a4800 JavaThread "jar transforms Thread 239" [_thread_blocked, id=17988, stack(0x0000000024480000,0x0000000024580000)]
  0x000000001a19f000 JavaThread "jar transforms Thread 238" [_thread_blocked, id=8836, stack(0x0000000024380000,0x0000000024480000)]
  0x000000001a1a2000 JavaThread "jar transforms Thread 237" [_thread_blocked, id=1244, stack(0x0000000024280000,0x0000000024380000)]
  0x000000001a19d800 JavaThread "jar transforms Thread 236" [_thread_blocked, id=2464, stack(0x0000000024180000,0x0000000024280000)]
  0x000000001a1a0800 JavaThread "jar transforms Thread 235" [_thread_blocked, id=472, stack(0x0000000024080000,0x0000000024180000)]
  0x000000001b74b800 JavaThread "jar transforms Thread 234" [_thread_blocked, id=9196, stack(0x0000000023f80000,0x0000000024080000)]
  0x000000001b74b000 JavaThread "jar transforms Thread 233" [_thread_blocked, id=16292, stack(0x0000000023e80000,0x0000000023f80000)]
  0x000000001b746800 JavaThread "Build operations Thread 8" [_thread_blocked, id=14624, stack(0x0000000023d80000,0x0000000023e80000)]
  0x000000001b74a000 JavaThread "Build operations Thread 7" [_thread_blocked, id=19900, stack(0x0000000023c80000,0x0000000023d80000)]
  0x000000001b748000 JavaThread "Build operations Thread 6" [_thread_blocked, id=8588, stack(0x0000000023b80000,0x0000000023c80000)]
  0x000000001b747000 JavaThread "Build operations Thread 5" [_thread_blocked, id=7584, stack(0x0000000023820000,0x0000000023920000)]
  0x000000001b749800 JavaThread "Build operations Thread 4" [_thread_blocked, id=2448, stack(0x0000000022b90000,0x0000000022c90000)]
  0x000000001b748800 JavaThread "Build operations Thread 3" [_thread_blocked, id=1664, stack(0x0000000022a90000,0x0000000022b90000)]
  0x000000001b73f000 JavaThread "Build operations Thread 2" [_thread_blocked, id=20288, stack(0x0000000022890000,0x0000000022990000)]
  0x000000001b73e000 JavaThread "Build operations" [_thread_blocked, id=3968, stack(0x0000000021530000,0x0000000021630000)]
  0x000000001b742800 JavaThread "Cache worker for cache directory md-rule (C:\Users\Lenovo\.gradle\caches\6.5\md-rule)" [_thread_blocked, id=16436, stack(0x0000000021430000,0x0000000021530000)]
  0x000000001b742000 JavaThread "Cache worker for cache directory md-supplier (C:\Users\Lenovo\.gradle\caches\6.5\md-supplier)" [_thread_blocked, id=4952, stack(0x000000001ea90000,0x000000001eb90000)]
  0x000000001b744000 JavaThread "Cache worker for checksums cache (D:\Code\Projects\Plasmahero-mobile\client\.gradle\checksums)" [_thread_blocked, id=9904, stack(0x000000001e790000,0x000000001e890000)]
  0x000000001b741000 JavaThread "Cache worker for file hash cache (D:\Code\Projects\Plasmahero-mobile\client\.gradle\6.5\fileHashes)" [_thread_blocked, id=8388, stack(0x000000001e590000,0x000000001e690000)]
  0x000000001b73d800 JavaThread "Thread-358" [_thread_blocked, id=18148, stack(0x000000001e490000,0x000000001e590000)]
  0x000000001b740800 JavaThread "Stdin handler" [_thread_blocked, id=16900, stack(0x000000001e390000,0x000000001e490000)]
  0x000000001b73f800 JavaThread "Asynchronous log dispatcher for DefaultDaemonConnection: socket connection from /127.0.0.1:56871 to /127.0.0.1:56260" [_thread_blocked, id=19480, stack(0x000000001dd50000,0x000000001de50000)]
  0x000000001b743800 JavaThread "Cancel handler" [_thread_blocked, id=2900, stack(0x00000000015c0000,0x00000000016c0000)]
  0x000000001b73c800 JavaThread "Handler for socket connection from /127.0.0.1:56871 to /127.0.0.1:56260" [_thread_in_native, id=1932, stack(0x00000000014c0000,0x00000000015c0000)]
  0x000000001b745800 JavaThread "RMI TCP Connection(4)-127.0.0.1" daemon [_thread_in_native, id=12976, stack(0x0000000030bc0000,0x0000000030cc0000)]
  0x000000001a19d000 JavaThread "Daemon worker Thread 2" [_thread_blocked, id=11480, stack(0x000000001dc50000,0x000000001dd50000)]
  0x000000001a1a1800 JavaThread "Daemon Thread 2" [_thread_blocked, id=10064, stack(0x00000000013c0000,0x00000000014c0000)]
  0x000000001f3ef800 JavaThread "RMI RenewClean-[127.0.0.1:17835,org.jetbrains.kotlin.daemon.common.LoopbackNetworkInterface$ClientLoopbackSocketFactory@e31c4e4]" daemon [_thread_in_native, id=16420, stack(0x00000000309c0000,0x0000000030ac0000)]
  0x000000001f3eb000 JavaThread "RMI Reaper" [_thread_blocked, id=248, stack(0x00000000308c0000,0x00000000309c0000)]
  0x000000001f3ee000 JavaThread "RMI TCP Accept-0" daemon [_thread_in_native, id=3676, stack(0x00000000307c0000,0x00000000308c0000)]
  0x000000001f3f0800 JavaThread "GC Daemon" daemon [_thread_blocked, id=17280, stack(0x00000000306c0000,0x00000000307c0000)]
  0x000000001f3e3000 JavaThread "RMI Scheduler(0)" daemon [_thread_blocked, id=20400, stack(0x000000002e150000,0x000000002e250000)]
  0x000000001f3e3800 JavaThread "Memory manager" [_thread_blocked, id=21344, stack(0x000000002db50000,0x000000002dc50000)]
  0x000000001ca9d000 JavaThread "Cache worker for file content cache (C:\Users\Lenovo\.gradle\caches\6.5\fileContent)" [_thread_blocked, id=20124, stack(0x0000000023320000,0x0000000023420000)]
  0x000000001ca9c000 JavaThread "Cache worker for execution history cache (C:\Users\Lenovo\.gradle\caches\6.5\executionHistory)" [_thread_blocked, id=8716, stack(0x0000000022990000,0x0000000022a90000)]
  0x000000001ca9a800 JavaThread "Cache worker for file hash cache (C:\Users\Lenovo\.gradle\caches\6.5\fileHashes)" [_thread_blocked, id=19664, stack(0x000000001ef90000,0x000000001f090000)]
  0x000000001afd4000 JavaThread "File lock request listener" [_thread_in_native, id=18268, stack(0x000000001ee90000,0x000000001ef90000)]
  0x000000001b171000 JavaThread "Cache worker for journal cache (C:\Users\Lenovo\.gradle\caches\journal-1)" [_thread_blocked, id=8644, stack(0x000000001ed90000,0x000000001ee90000)]
  0x000000001c9cf800 JavaThread "Daemon periodic checks" [_thread_blocked, id=14460, stack(0x000000001e090000,0x000000001e190000)]
  0x000000001c9cd000 JavaThread "Incoming local TCP Connector on port 56871" [_thread_in_native, id=3172, stack(0x000000001de50000,0x000000001df50000)]
  0x000000001c965000 JavaThread "Daemon health stats" [_thread_blocked, id=11836, stack(0x000000001d810000,0x000000001d910000)]
  0x000000001a03c000 JavaThread "Service Thread" daemon [_thread_blocked, id=18152, stack(0x000000001ac70000,0x000000001ad70000)]
  0x0000000019fac800 JavaThread "C1 CompilerThread3" daemon [_thread_in_vm, id=20328, stack(0x000000001ab70000,0x000000001ac70000)]
  0x0000000019fa8800 JavaThread "C2 CompilerThread2" daemon [_thread_in_native, id=18616, stack(0x000000001aa70000,0x000000001ab70000)]
  0x0000000019fa5000 JavaThread "C2 CompilerThread1" daemon [_thread_in_native, id=14156, stack(0x000000001a970000,0x000000001aa70000)]
=>0x0000000019fa1000 JavaThread "C2 CompilerThread0" daemon [_thread_in_native, id=14900, stack(0x000000001a870000,0x000000001a970000)]
  0x0000000019f9f800 JavaThread "Attach Listener" daemon [_thread_blocked, id=20776, stack(0x000000001a770000,0x000000001a870000)]
  0x00000000181ae800 JavaThread "Signal Dispatcher" daemon [_thread_blocked, id=16088, stack(0x000000001a670000,0x000000001a770000)]
  0x0000000019f90800 JavaThread "Finalizer" daemon [_thread_blocked, id=14988, stack(0x000000001a470000,0x000000001a570000)]
  0x0000000003097000 JavaThread "Reference Handler" daemon [_thread_blocked, id=11644, stack(0x000000001a370000,0x000000001a470000)]
  0x0000000002fa2800 JavaThread "main" [_thread_blocked, id=15684, stack(0x00000000016c0000,0x00000000017c0000)]

Other Threads:
  0x0000000018196800 VMThread [stack: 0x0000000019e70000,0x0000000019f70000] [id=7084]
  0x000000001a03c800 WatcherThread [stack: 0x000000001ad70000,0x000000001ae70000] [id=9324]

VM state:not at safepoint (normal execution)

VM Mutex/Monitor currently owned by a thread: None

heap address: 0x0000000080000000, size: 2048 MB, Compressed Oops mode: 32-bit
Narrow klass base: 0x0000000000000000, Narrow klass shift: 3
Compressed class space size: 1073741824 Address: 0x0000000100000000

Heap:
 PSYoungGen      total 377344K, used 128465K [0x00000000d5580000, 0x00000000f0400000, 0x0000000100000000)
  eden space 344576K, 30% used [0x00000000d5580000,0x00000000dba85fe0,0x00000000ea600000)
  from space 32768K, 76% used [0x00000000ea600000,0x00000000ebe6e6e0,0x00000000ec600000)
  to   space 34816K, 0% used [0x00000000ee200000,0x00000000ee200000,0x00000000f0400000)
 ParOldGen       total 187904K, used 69166K [0x0000000080000000, 0x000000008b780000, 0x00000000d5580000)
  object space 187904K, 36% used [0x0000000080000000,0x000000008438bb88,0x000000008b780000)
 Metaspace       used 89600K, capacity 94856K, committed 95000K, reserved 1130496K
  class space    used 12098K, capacity 13041K, committed 13088K, reserved 1048576K

Card table byte_map: [0x00000000124f0000,0x0000000012900000] byte_map_base: 0x00000000120f0000

Marking Bits: (ParMarkBitMap*) 0x000000005ceaf030
 Begin Bits: [0x00000000133b0000, 0x00000000153b0000)
 End Bits:   [0x00000000153b0000, 0x00000000173b0000)

Polling page: 0x0000000001270000

CodeCache: size=245760Kb used=38652Kb max_used=38662Kb free=207108Kb
 bounds [0x0000000003130000, 0x0000000005720000, 0x0000000012130000]
 total_blobs=12809 nmethods=11953 adapters=768
 compilation: enabled

Compilation events (10 events):
Event: 434.877 Thread 0x0000000019fa8800 14068       4       java.lang.invoke.LambdaForm$DMH/1384955708::invokeStatic_LLI_L (18 bytes)
Event: 434.878 Thread 0x0000000019fa8800 nmethod 14068 0x00000000056ef810 code [0x00000000056ef960, 0x00000000056efa08]
Event: 434.881 Thread 0x0000000019fa8800 14076       4       java.util.concurrent.ThreadLocalRandom::getProbe (13 bytes)
Event: 434.882 Thread 0x0000000019fa8800 nmethod 14076 0x00000000051571d0 code [0x0000000005157300, 0x0000000005157358]
Event: 434.884 Thread 0x0000000019fa8800 14087       4       java.lang.String::contains (20 bytes)
Event: 434.885 Thread 0x0000000019fa8800 nmethod 14087 0x00000000032a7ed0 code [0x00000000032a8020, 0x00000000032a81f8]
Event: 434.886 Thread 0x0000000019fa8800 14088       4       com.android.tools.r8.q.a.a.b.a::hasNext (17 bytes)
Event: 434.887 Thread 0x0000000019fa8800 nmethod 14088 0x000000000515ef50 code [0x000000000515f080, 0x000000000515f0f8]
Event: 434.890 Thread 0x0000000019fa8800 14094       4       java.util.ArrayDeque::<init> (14 bytes)
Event: 434.891 Thread 0x0000000019fa8800 nmethod 14094 0x00000000056ef510 code [0x00000000056ef660, 0x00000000056ef778]

GC Heap History (10 events):
Event: 5.830 GC heap before
{Heap before GC invocations=12 (full 3):
 PSYoungGen      total 298496K, used 14836K [0x00000000d5580000, 0x00000000eb700000, 0x0000000100000000)
  eden space 283648K, 0% used [0x00000000d5580000,0x00000000d5580000,0x00000000e6a80000)
  from space 14848K, 99% used [0x00000000e6a80000,0x00000000e78fd310,0x00000000e7900000)
  to   space 22016K, 0% used [0x00000000ea180000,0x00000000ea180000,0x00000000eb700000)
 ParOldGen       total 117248K, used 29801K [0x0000000080000000, 0x0000000087280000, 0x00000000d5580000)
  object space 117248K, 25% used [0x0000000080000000,0x0000000081d1a4c0,0x0000000087280000)
 Metaspace       used 56760K, capacity 59032K, committed 59160K, reserved 1099776K
  class space    used 7681K, capacity 8141K, committed 8224K, reserved 1048576K
Event: 6.025 GC heap after
Heap after GC invocations=12 (full 3):
 PSYoungGen      total 298496K, used 0K [0x00000000d5580000, 0x00000000eb700000, 0x0000000100000000)
  eden space 283648K, 0% used [0x00000000d5580000,0x00000000d5580000,0x00000000e6a80000)
  from space 14848K, 0% used [0x00000000e6a80000,0x00000000e6a80000,0x00000000e7900000)
  to   space 22016K, 0% used [0x00000000ea180000,0x00000000ea180000,0x00000000eb700000)
 ParOldGen       total 187904K, used 40442K [0x0000000080000000, 0x000000008b780000, 0x00000000d5580000)
  object space 187904K, 21% used [0x0000000080000000,0x000000008277e870,0x000000008b780000)
 Metaspace       used 56711K, capacity 58864K, committed 59160K, reserved 1099776K
  class space    used 7666K, capacity 8113K, committed 8224K, reserved 1048576K
}
Event: 8.156 GC heap before
{Heap before GC invocations=13 (full 3):
 PSYoungGen      total 298496K, used 283648K [0x00000000d5580000, 0x00000000eb700000, 0x0000000100000000)
  eden space 283648K, 100% used [0x00000000d5580000,0x00000000e6a80000,0x00000000e6a80000)
  from space 14848K, 0% used [0x00000000e6a80000,0x00000000e6a80000,0x00000000e7900000)
  to   space 22016K, 0% used [0x00000000ea180000,0x00000000ea180000,0x00000000eb700000)
 ParOldGen       total 187904K, used 40442K [0x0000000080000000, 0x000000008b780000, 0x00000000d5580000)
  object space 187904K, 21% used [0x0000000080000000,0x000000008277e870,0x000000008b780000)
 Metaspace       used 66811K, capacity 70070K, committed 70296K, reserved 1110016K
  class space    used 9176K, capacity 9797K, committed 9888K, reserved 1048576K
Event: 8.175 GC heap after
Heap after GC invocations=13 (full 3):
 PSYoungGen      total 335872K, used 22003K [0x00000000d5580000, 0x00000000ec800000, 0x0000000100000000)
  eden space 313856K, 0% used [0x00000000d5580000,0x00000000d5580000,0x00000000e8800000)
  from space 22016K, 99% used [0x00000000ea180000,0x00000000eb6fcde8,0x00000000eb700000)
  to   space 26112K, 0% used [0x00000000e8800000,0x00000000e8800000,0x00000000ea180000)
 ParOldGen       total 187904K, used 43298K [0x0000000080000000, 0x000000008b780000, 0x00000000d5580000)
  object space 187904K, 23% used [0x0000000080000000,0x0000000082a48a40,0x000000008b780000)
 Metaspace       used 66811K, capacity 70070K, committed 70296K, reserved 1110016K
  class space    used 9176K, capacity 9797K, committed 9888K, reserved 1048576K
}
Event: 55.840 GC heap before
{Heap before GC invocations=14 (full 3):
 PSYoungGen      total 335872K, used 335859K [0x00000000d5580000, 0x00000000ec800000, 0x0000000100000000)
  eden space 313856K, 100% used [0x00000000d5580000,0x00000000e8800000,0x00000000e8800000)
  from space 22016K, 99% used [0x00000000ea180000,0x00000000eb6fcde8,0x00000000eb700000)
  to   space 26112K, 0% used [0x00000000e8800000,0x00000000e8800000,0x00000000ea180000)
 ParOldGen       total 187904K, used 43298K [0x0000000080000000, 0x000000008b780000, 0x00000000d5580000)
  object space 187904K, 23% used [0x0000000080000000,0x0000000082a48a40,0x000000008b780000)
 Metaspace       used 77657K, capacity 81380K, committed 81560K, reserved 1120256K
  class space    used 10374K, capacity 11079K, committed 11168K, reserved 1048576K
Event: 55.867 GC heap after
Heap after GC invocations=14 (full 3):
 PSYoungGen      total 339968K, used 26108K [0x00000000d5580000, 0x00000000ef100000, 0x0000000100000000)
  eden space 313856K, 0% used [0x00000000d5580000,0x00000000d5580000,0x00000000e8800000)
  from space 26112K, 99% used [0x00000000e8800000,0x00000000ea17f090,0x00000000ea180000)
  to   space 34304K, 0% used [0x00000000ecf80000,0x00000000ecf80000,0x00000000ef100000)
 ParOldGen       total 187904K, used 55265K [0x0000000080000000, 0x000000008b780000, 0x00000000d5580000)
  object space 187904K, 29% used [0x0000000080000000,0x00000000835f8490,0x000000008b780000)
 Metaspace       used 77657K, capacity 81380K, committed 81560K, reserved 1120256K
  class space    used 10374K, capacity 11079K, committed 11168K, reserved 1048576K
}
Event: 334.279 GC heap before
{Heap before GC invocations=15 (full 3):
 PSYoungGen      total 339968K, used 339964K [0x00000000d5580000, 0x00000000ef100000, 0x0000000100000000)
  eden space 313856K, 100% used [0x00000000d5580000,0x00000000e8800000,0x00000000e8800000)
  from space 26112K, 99% used [0x00000000e8800000,0x00000000ea17f090,0x00000000ea180000)
  to   space 34304K, 0% used [0x00000000ecf80000,0x00000000ecf80000,0x00000000ef100000)
 ParOldGen       total 187904K, used 55265K [0x0000000080000000, 0x000000008b780000, 0x00000000d5580000)
  object space 187904K, 29% used [0x0000000080000000,0x00000000835f8490,0x000000008b780000)
 Metaspace       used 78852K, capacity 82646K, committed 82968K, reserved 1120256K
  class space    used 10456K, capacity 11192K, committed 11296K, reserved 1048576K
Event: 334.298 GC heap after
Heap after GC invocations=15 (full 3):
 PSYoungGen      total 367616K, used 11664K [0x00000000d5580000, 0x00000000ee600000, 0x0000000100000000)
  eden space 344576K, 0% used [0x00000000d5580000,0x00000000d5580000,0x00000000ea600000)
  from space 23040K, 50% used [0x00000000ecf80000,0x00000000edae4020,0x00000000ee600000)
  to   space 32768K, 0% used [0x00000000ea600000,0x00000000ea600000,0x00000000ec600000)
 ParOldGen       total 187904K, used 69158K [0x0000000080000000, 0x000000008b780000, 0x00000000d5580000)
  object space 187904K, 36% used [0x0000000080000000,0x0000000084389b88,0x000000008b780000)
 Metaspace       used 78852K, capacity 82646K, committed 82968K, reserved 1120256K
  class space    used 10456K, capacity 11192K, committed 11296K, reserved 1048576K
}
Event: 434.101 GC heap before
{Heap before GC invocations=16 (full 3):
 PSYoungGen      total 367616K, used 356240K [0x00000000d5580000, 0x00000000ee600000, 0x0000000100000000)
  eden space 344576K, 100% used [0x00000000d5580000,0x00000000ea600000,0x00000000ea600000)
  from space 23040K, 50% used [0x00000000ecf80000,0x00000000edae4020,0x00000000ee600000)
  to   space 32768K, 0% used [0x00000000ea600000,0x00000000ea600000,0x00000000ec600000)
 ParOldGen       total 187904K, used 69158K [0x0000000080000000, 0x000000008b780000, 0x00000000d5580000)
  object space 187904K, 36% used [0x0000000080000000,0x0000000084389b88,0x000000008b780000)
 Metaspace       used 80512K, capacity 84644K, committed 84888K, reserved 1122304K
  class space    used 10633K, capacity 11347K, committed 11424K, reserved 1048576K
Event: 434.117 GC heap after
Heap after GC invocations=16 (full 3):
 PSYoungGen      total 377344K, used 25017K [0x00000000d5580000, 0x00000000f0400000, 0x0000000100000000)
  eden space 344576K, 0% used [0x00000000d5580000,0x00000000d5580000,0x00000000ea600000)
  from space 32768K, 76% used [0x00000000ea600000,0x00000000ebe6e6e0,0x00000000ec600000)
  to   space 34816K, 0% used [0x00000000ee200000,0x00000000ee200000,0x00000000f0400000)
 ParOldGen       total 187904K, used 69166K [0x0000000080000000, 0x000000008b780000, 0x00000000d5580000)
  object space 187904K, 36% used [0x0000000080000000,0x000000008438bb88,0x000000008b780000)
 Metaspace       used 80512K, capacity 84644K, committed 84888K, reserved 1122304K
  class space    used 10633K, capacity 11347K, committed 11424K, reserved 1048576K
}

Deoptimization events (10 events):
Event: 434.700 Thread 0x000000001ae82000 Uncommon trap: reason=unstable_if action=reinterpret pc=0x0000000003b2ff68 method=java.lang.AbstractStringBuilder.append(I)Ljava/lang/AbstractStringBuilder; @ 16
Event: 434.700 Thread 0x000000001ae82000 Uncommon trap: reason=unstable_if action=reinterpret pc=0x0000000003b11298 method=java.lang.Integer.getChars(II[C)V @ 7
Event: 434.761 Thread 0x000000001b745000 Uncommon trap: reason=unstable_if action=reinterpret pc=0x00000000055e16b0 method=java.util.Collections$SetFromMap.add(Ljava/lang/Object;)Z @ 13
Event: 434.768 Thread 0x000000001b745000 Uncommon trap: reason=unstable_if action=reinterpret pc=0x0000000003fd9b14 method=java.nio.Bits.getShort(Ljava/nio/ByteBuffer;IZ)S @ 1
Event: 434.848 Thread 0x000000001d4d1800 Uncommon trap: reason=unstable_if action=reinterpret pc=0x0000000003a69ab0 method=java.util.Arrays.hashCode([Ljava/lang/Object;)I @ 1
Event: 434.848 Thread 0x000000001d4cb000 Uncommon trap: reason=unstable_if action=reinterpret pc=0x0000000003a69ab0 method=java.util.Arrays.hashCode([Ljava/lang/Object;)I @ 1
Event: 434.848 Thread 0x000000001d4d0000 Uncommon trap: reason=unstable_if action=reinterpret pc=0x0000000003a69ab0 method=java.util.Arrays.hashCode([Ljava/lang/Object;)I @ 1
Event: 434.848 Thread 0x000000001d4d1000 Uncommon trap: reason=unstable_if action=reinterpret pc=0x0000000003a69ab0 method=java.util.Arrays.hashCode([Ljava/lang/Object;)I @ 1
Event: 434.848 Thread 0x000000001d4ce000 Uncommon trap: reason=unstable_if action=reinterpret pc=0x0000000003a69ab0 method=java.util.Arrays.hashCode([Ljava/lang/Object;)I @ 1
Event: 434.848 Thread 0x000000001d4c5800 Uncommon trap: reason=unstable_if action=reinterpret pc=0x0000000003a69ab0 method=java.util.Arrays.hashCode([Ljava/lang/Object;)I @ 1

Classes redefined (0 events):
No events

Internal exceptions (10 events):
Event: 434.685 Thread 0x000000001d4c8800 Exception <a 'sun/nio/fs/WindowsException'> (0x00000000d9463770) thrown at [C:\src\AOSP-openjdk-git\hotspot\src\share\vm\prims\jni.cpp, line 710]
Event: 434.703 Thread 0x000000001ae82000 Exception <a 'java/lang/NoSuchMethodError': <clinit>> (0x00000000d95b7178) thrown at [C:\src\AOSP-openjdk-git\hotspot\src\share\vm\prims\jni.cpp, line 1615]
Event: 434.703 Thread 0x000000001ae82000 Exception <a 'java/lang/NoSuchMethodError': <clinit>> (0x00000000d95ca830) thrown at [C:\src\AOSP-openjdk-git\hotspot\src\share\vm\prims\jni.cpp, line 1615]
Event: 434.760 Thread 0x000000001b745000 Exception <a 'sun/nio/fs/WindowsException'> (0x00000000da2ef390) thrown at [C:\src\AOSP-openjdk-git\hotspot\src\share\vm\prims\jni.cpp, line 710]
Event: 434.848 Thread 0x000000001d4d1800 Implicit null exception at 0x0000000003a699af to 0x0000000003a69aa1
Event: 434.848 Thread 0x000000001d4cb000 Implicit null exception at 0x0000000003a699af to 0x0000000003a69aa1
Event: 434.848 Thread 0x000000001d4c5800 Implicit null exception at 0x0000000003a699af to 0x0000000003a69aa1
Event: 434.848 Thread 0x000000001d4d0000 Implicit null exception at 0x0000000003a699af to 0x0000000003a69aa1
Event: 434.848 Thread 0x000000001d4d1000 Implicit null exception at 0x0000000003a699af to 0x0000000003a69aa1
Event: 434.848 Thread 0x000000001d4ce000 Implicit null exception at 0x0000000003a699af to 0x0000000003a69aa1

Events (10 events):
Event: 434.877 Executing VM operation: RevokeBias
Event: 434.878 Executing VM operation: RevokeBias done
Event: 434.878 Executing VM operation: RevokeBias
Event: 434.878 Executing VM operation: RevokeBias done
Event: 434.879 Thread 0x0000000019fa8800 flushing nmethod 0x00000000032a7dd0
Event: 434.879 Executing VM operation: RevokeBias
Event: 434.879 Executing VM operation: RevokeBias done
Event: 434.879 Executing VM operation: RevokeBias
Event: 434.881 Executing VM operation: RevokeBias done
Event: 434.885 Thread 0x0000000019fa8800 flushing nmethod 0x00000000035cd910


Dynamic libraries:
0x00007ff7dc5f0000 - 0x00007ff7dc621000 	C:\Program Files\Android\Android Studio\jre\bin\java.exe
0x00007ffe94cf0000 - 0x00007ffe94ee5000 	C:\Windows\SYSTEM32\ntdll.dll
0x00007ffe948e0000 - 0x00007ffe9499e000 	C:\Windows\System32\KERNEL32.DLL
0x00007ffe92550000 - 0x00007ffe92818000 	C:\Windows\System32\KERNELBASE.dll
0x00007ffe94500000 - 0x00007ffe945ac000 	C:\Windows\System32\ADVAPI32.dll
0x00007ffe92d40000 - 0x00007ffe92dde000 	C:\Windows\System32\msvcrt.dll
0x00007ffe94840000 - 0x00007ffe948db000 	C:\Windows\System32\sechost.dll
0x00007ffe949a0000 - 0x00007ffe94aca000 	C:\Windows\System32\RPCRT4.dll
0x00007ffe94350000 - 0x00007ffe944f1000 	C:\Windows\System32\USER32.dll
0x00007ffe92a20000 - 0x00007ffe92a42000 	C:\Windows\System32\win32u.dll
0x00007ffe92df0000 - 0x00007ffe92e1b000 	C:\Windows\System32\GDI32.dll
0x00007ffe92ad0000 - 0x00007ffe92bdb000 	C:\Windows\System32\gdi32full.dll
0x00007ffe92880000 - 0x00007ffe9291d000 	C:\Windows\System32\msvcp_win.dll
0x00007ffe92920000 - 0x00007ffe92a20000 	C:\Windows\System32\ucrtbase.dll
0x00007ffe7c090000 - 0x00007ffe7c32a000 	C:\Windows\WinSxS\amd64_microsoft.windows.common-controls_6595b64144ccf1df_6.0.19041.1110_none_60b5254171f9507e\COMCTL32.dll
0x00007ffe94760000 - 0x00007ffe94790000 	C:\Windows\System32\IMM32.DLL
0x000000005d4a0000 - 0x000000005d572000 	C:\Program Files\Android\Android Studio\jre\jre\bin\msvcr100.dll
0x000000005c6e0000 - 0x000000005cf2b000 	C:\Program Files\Android\Android Studio\jre\jre\bin\server\jvm.dll
0x00007ffe92de0000 - 0x00007ffe92de8000 	C:\Windows\System32\PSAPI.DLL
0x00007ffe8a3f0000 - 0x00007ffe8a3f9000 	C:\Windows\SYSTEM32\WSOCK32.dll
0x00007ffe87ce0000 - 0x00007ffe87cea000 	C:\Windows\SYSTEM32\VERSION.dll
0x00007ffe82090000 - 0x00007ffe820b7000 	C:\Windows\SYSTEM32\WINMM.dll
0x00007ffe94bb0000 - 0x00007ffe94c1b000 	C:\Windows\System32\WS2_32.dll
0x00007ffe889e0000 - 0x00007ffe889ef000 	C:\Program Files\Android\Android Studio\jre\jre\bin\verify.dll
0x00007ffe65250000 - 0x00007ffe65279000 	C:\Program Files\Android\Android Studio\jre\jre\bin\java.dll
0x00007ffe86b50000 - 0x00007ffe86b66000 	C:\Program Files\Android\Android Studio\jre\jre\bin\zip.dll
0x00007ffe92e30000 - 0x00007ffe9356f000 	C:\Windows\System32\SHELL32.dll
0x00007ffe90510000 - 0x00007ffe90ca0000 	C:\Windows\SYSTEM32\windows.storage.dll
0x00007ffe93ec0000 - 0x00007ffe94215000 	C:\Windows\System32\combase.dll
0x00007ffe91e60000 - 0x00007ffe91e8e000 	C:\Windows\SYSTEM32\Wldp.dll
0x00007ffe93e10000 - 0x00007ffe93ebd000 	C:\Windows\System32\SHCORE.dll
0x00007ffe93b80000 - 0x00007ffe93bd5000 	C:\Windows\System32\shlwapi.dll
0x00007ffe92350000 - 0x00007ffe9236f000 	C:\Windows\SYSTEM32\profapi.dll
0x00007ffe7bcc0000 - 0x00007ffe7bcda000 	C:\Program Files\Android\Android Studio\jre\jre\bin\net.dll
0x00007ffe91bc0000 - 0x00007ffe91c2a000 	C:\Windows\system32\mswsock.dll
0x00007ffe79be0000 - 0x00007ffe79bf3000 	C:\Program Files\Android\Android Studio\jre\jre\bin\nio.dll
0x00007ffe80ea0000 - 0x00007ffe80ec7000 	C:\Users\Lenovo\.gradle\native\f6784746aeab05261644944871eae4fe03e0ef1612fff0a4a95f87b438bc6780\windows-amd64\native-platform.dll
0x00007ffe88470000 - 0x00007ffe8847d000 	C:\Program Files\Android\Android Studio\jre\jre\bin\management.dll
0x00007ffe91db0000 - 0x00007ffe91dc8000 	C:\Windows\SYSTEM32\CRYPTSP.dll
0x00007ffe914d0000 - 0x00007ffe91504000 	C:\Windows\system32\rsaenh.dll
0x00007ffe92aa0000 - 0x00007ffe92ac7000 	C:\Windows\System32\bcrypt.dll
0x00007ffe92310000 - 0x00007ffe9233e000 	C:\Windows\SYSTEM32\USERENV.dll
0x00007ffe92410000 - 0x00007ffe92493000 	C:\Windows\System32\bcryptprimitives.dll
0x00007ffe91dd0000 - 0x00007ffe91ddc000 	C:\Windows\SYSTEM32\CRYPTBASE.dll
0x00007ffe91860000 - 0x00007ffe9189b000 	C:\Windows\SYSTEM32\IPHLPAPI.DLL
0x00007ffe92e20000 - 0x00007ffe92e28000 	C:\Windows\System32\NSI.dll
0x00007ffe86960000 - 0x00007ffe86977000 	C:\Windows\SYSTEM32\dhcpcsvc6.DLL
0x00007ffe86780000 - 0x00007ffe8679d000 	C:\Windows\SYSTEM32\dhcpcsvc.DLL
0x00007ffe918a0000 - 0x00007ffe9196b000 	C:\Windows\SYSTEM32\DNSAPI.dll
0x00007ffe86bd0000 - 0x00007ffe86bdb000 	C:\Windows\SYSTEM32\WINNSI.DLL
0x00007ffe893e0000 - 0x00007ffe893fe000 	C:\Users\Lenovo\AppData\Local\Temp\native-platform3360068414859040986dir\native-platform.dll

VM Arguments:
jvm_args: -Xmx2048m -Dfile.encoding=UTF-8 -Duser.country=ID -Duser.language=en -Duser.variant 
java_command: org.gradle.launcher.daemon.bootstrap.GradleDaemon 6.5
java_class_path (initial): C:\Users\Lenovo\.gradle\wrapper\dists\gradle-6.5-bin\6nifqtx7604sqp1q6g8wikw7p\gradle-6.5\lib\gradle-launcher-6.5.jar
Launcher Type: SUN_STANDARD

Environment Variables:
JAVA_HOME=C:\Program Files\Java\jdk-17.0.1
PATH=C:\Program Files\ImageMagick-7.0.11-Q16-HDRI;C:\Program Files (x86)\VMware\VMware Player\bin\;C:\Windows\system32;C:\Windows;C:\Windows\System32\Wbem;C:\Windows\System32\WindowsPowerShell\v1.0\;C:\Windows\System32\OpenSSH\;C:\Program Files (x86)\NVIDIA Corporation\PhysX\Common;C:\Program Files\NVIDIA Corporation\NVIDIA NvDLISR;C:\src\flutter\bin;C:\Program Files\Git\cmd;C:\xampp\php;C:\ProgramData\ComposerSetup\bin;C:\Program Files\nodejs\;C:\Program Files\MongoDB\Server\4.4\bin;C:\MinGW\bin;C:\Program Files\dotnet\;C:\xampp\apache\bin;C:\Program Files\ImageMagick-7.0.11-Q16-HDRI;C:\Program Files\Docker\Docker\resources\bin;C:\ProgramData\DockerDesktop\version-bin;C:\Program Files\Java\jdk-17.0.1\bin;C:\Program Files\Microsoft SQL Server\150\Tools\Binn\;C:\Program Files\Microsoft SQL Server\Client SDK\ODBC\170\Tools\Binn\;C:\Program Files\PuTTY\;C:\Users\Lenovo\AppData\Local\Programs\Python\Python39\Scripts\;C:\Users\Lenovo\AppData\Local\Programs\Python\Python39\;C:\Users\Lenovo\AppData\Local\Microsoft\WindowsApps;;C:\Users\Lenovo\AppData\Local\Programs\Microsoft VS Code\bin;C:\Users\Lenovo\AppData\Roaming\Composer\vendor\bin;C:\Program Files\heroku\bin;C:\Users\Lenovo\AppData\Roaming\npm;C:\Users\Lenovo\.dotnet\tools
USERNAME=Lenovo
OS=Windows_NT
PROCESSOR_IDENTIFIER=Intel64 Family 6 Model 142 Stepping 11, GenuineIntel



---------------  S Y S T E M  ---------------

OS: Windows 10.0 , 64 bit Build 19041 (10.0.19041.1348)

CPU:total 8 (initial active 8) (4 cores per cpu, 2 threads per core) family 6 model 142 stepping 11, cmov, cx8, fxsr, mmx, sse, sse2, sse3, ssse3, sse4.1, sse4.2, popcnt, avx, avx2, aes, clmul, erms, 3dnowpref, lzcnt, ht, tsc, tscinvbit, bmi1, bmi2, adx

Memory: 4k page, physical 12392180k(2291232k free), swap 12392180k(5604k free)

vm_info: OpenJDK 64-Bit Server VM (25.242-b01) for windows-amd64 JRE (1.8.0_242-release-1644-b01), built by "builder" with MS VC++ 10.0 (VS2010)

time: Mon Nov 29 22:51:19 2021
timezone: SE Asia Standard Time
elapsed time: 434 seconds (0d 0h 7m 14s)

