JvmtiExport can_access_local_variables 0
JvmtiExport can_hotswap_or_post_breakpoint 0
JvmtiExport can_post_on_exceptions 0
# 380 ciObject found
ciMethod java/lang/Object <init> ()V 4097 1 3443228 0 0
ciMethod java/lang/Object getClass ()Ljava/lang/Class; 2049 1 256 0 -1
ciMethod java/lang/System identityHashCode (Ljava/lang/Object;)I 2049 1 256 0 -1
ciMethod java/lang/Number <init> ()V 4097 1 60317 0 32
ciMethod java/lang/Double doubleToRawLongBits (D)J 3105 1 388 0 -1
ciMethod java/lang/Double longBitsToDouble (J)D 1273 1 159 0 -1
ciMethod java/lang/Integer valueOf (I)Ljava/lang/Integer; 73 1 181029 0 192
ciMethod java/lang/Integer <init> (I)V 2065 1 46392 0 0
ciMethod java/lang/Integer intValue ()I 1025 1 128 0 -1
ciMethod java/lang/Integer compare (II)I 2641 1 60551 0 64
ciMethod java/util/Collection size ()I 0 0 1 0 -1
ciMethod java/util/List size ()I 0 0 1 0 -1
ciMethod java/util/List isEmpty ()Z 0 0 1 0 -1
ciMethod java/util/List iterator ()Ljava/util/Iterator; 0 0 1 0 -1
ciMethod java/util/List get (I)Ljava/lang/Object; 0 0 1 0 -1
ciMethod java/util/AbstractCollection <init> ()V 2281 1 431334 0 32
ciMethod java/util/AbstractCollection size ()I 0 0 1 0 -1
ciMethod java/util/AbstractCollection addAll (Ljava/util/Collection;)Z 1185 18153 1179 0 -1
ciMethod java/util/ArrayList <init> ()V 1529 1 107126 0 -1
ciMethod java/util/ArrayList size ()I 1201 1 150 0 0
ciMethod java/util/ArrayList isEmpty ()Z 2057 1 5778 0 64
ciMethod java/util/ArrayList elementData (I)Ljava/lang/Object; 2361 1 30289 0 96
ciMethod java/util/ArrayList get (I)Ljava/lang/Object; 2041 1 23488 0 128
ciMethod java/util/ArrayList add (Ljava/lang/Object;)Z 1841 1 46269 0 -1
ciMethod java/util/ArrayList rangeCheck (I)V 2361 1 30411 0 64
ciMethod java/util/Collections unmodifiableList (Ljava/util/List;)Ljava/util/List; 1561 1 195792 0 288
ciMethod java/util/Collections singleton (Ljava/lang/Object;)Ljava/util/Set; 3145 1 1513 0 -1
ciMethod java/util/Set contains (Ljava/lang/Object;)Z 0 0 1 0 -1
ciMethod java/util/Collections$UnmodifiableRandomAccessList <init> (Ljava/util/List;)V 1601 1 195938 0 0
ciMethod java/util/Collections$UnmodifiableList <init> (Ljava/util/List;)V 1601 1 196060 0 0
ciMethod java/util/Collections$UnmodifiableList get (I)Ljava/lang/Object; 2513 1 6115 0 192
ciMethod java/util/Collections$UnmodifiableCollection <init> (Ljava/util/Collection;)V 1657 1 50136 0 96
ciMethod java/lang/Math ceil (D)D 2241 1 57990 0 0
ciMethod java/lang/Math max (II)I 1161 1 237414 0 -1
ciMethod java/lang/Math max (JJ)J 4097 1 46217 0 -1
ciMethod java/lang/Math min (II)I 3097 1 237703 0 -1
ciMethod java/lang/Math getExponent (D)I 2089 1 7516 0 0
ciMethod java/util/Iterator hasNext ()Z 0 0 1 0 -1
ciMethod java/util/Iterator next ()Ljava/lang/Object; 0 0 1 0 -1
ciMethodData java/lang/Object <init> ()V 2 3443283 orig 264 88 29 201 92 0 0 0 0 128 4 160 23 0 0 0 0 32 1 0 0 0 0 0 0 0 0 0 0 0 0 0 0 0 0 0 0 0 0 0 0 0 0 0 0 0 0 0 0 0 0 0 0 0 0 0 0 0 0 0 0 0 0 0 0 0 0 0 0 0 0 0 0 0 0 0 0 0 0 0 0 77 68 79 32 101 120 116 114 97 32 100 97 116 97 32 108 111 99 107 0 0 0 0 0 0 0 0 0 0 0 0 0 0 0 0 0 0 0 0 0 0 0 0 0 0 0 0 0 0 0 0 0 0 0 0 0 0 0 0 0 0 0 0 0 0 0 0 0 0 0 0 0 0 0 0 0 0 0 0 0 0 0 0 0 0 0 0 0 0 0 0 0 0 0 0 0 0 0 0 0 0 0 0 0 1 0 0 0 0 0 0 0 1 0 0 0 0 0 0 0 1 0 0 0 0 0 0 0 0 0 0 0 0 0 0 0 0 2 0 0 153 66 164 1 1 0 0 0 0 0 0 0 0 0 0 0 2 0 0 0 0 0 3 0 1 0 0 0 0 0 0 0 255 255 255 255 0 0 0 0 0 0 0 0 data 0 oops 0
ciMethod java/util/Queue add (Ljava/lang/Object;)Z 0 0 1 0 -1
ciMethodData java/lang/Number <init> ()V 2 60317 orig 264 88 29 201 92 0 0 0 0 232 254 169 23 0 0 0 0 48 1 0 0 0 0 0 0 0 0 0 0 0 0 0 0 0 0 0 0 0 0 0 0 0 0 0 0 0 0 0 0 0 0 0 0 0 0 0 0 0 0 0 0 0 0 0 0 0 0 0 0 0 0 0 0 0 0 0 0 0 0 0 0 77 68 79 32 101 120 116 114 97 32 100 97 116 97 32 108 111 99 107 0 0 0 0 0 0 0 0 0 0 0 0 0 0 0 0 0 0 0 0 0 0 0 0 0 0 0 0 0 0 0 0 0 0 0 0 0 0 0 0 0 0 0 0 0 0 0 0 0 0 0 0 0 0 0 0 0 0 0 0 0 0 0 0 0 0 0 0 0 0 0 0 0 0 0 0 0 0 0 0 0 0 0 0 0 0 0 0 0 0 0 0 0 0 0 0 0 0 0 0 0 0 0 0 0 0 0 0 0 0 0 0 0 0 0 0 0 0 2 0 0 233 76 7 0 1 0 0 0 0 0 0 0 0 0 0 0 2 0 0 0 0 0 3 0 2 0 0 0 16 0 0 0 255 255 255 255 2 0 1 0 0 0 0 0 data 2 0x10002 0xe99f oops 0
ciMethodData java/util/ArrayList get (I)Ljava/lang/Object; 2 23488 orig 264 88 29 201 92 0 0 0 0 224 32 173 23 0 0 0 0 144 1 0 0 0 0 0 0 0 0 0 0 0 0 0 0 0 0 0 0 0 0 0 0 0 0 0 0 0 0 0 0 0 0 0 0 0 0 0 0 0 0 0 0 0 0 0 0 0 0 0 0 0 0 0 0 0 0 0 0 0 0 0 0 77 68 79 32 101 120 116 114 97 32 100 97 116 97 32 108 111 99 107 0 0 0 0 0 0 0 0 0 0 0 0 0 0 0 0 0 0 0 0 0 0 0 0 0 0 0 0 0 0 0 0 0 0 0 0 0 0 0 0 0 0 0 0 0 0 0 0 0 0 0 0 0 0 0 0 0 0 0 0 0 0 0 0 0 0 0 0 0 0 0 0 0 0 0 0 0 0 0 0 0 0 0 0 0 0 0 0 0 0 0 0 0 0 0 0 0 0 0 0 0 0 0 0 0 0 0 0 0 0 0 0 0 0 0 0 0 255 0 0 0 9 214 2 0 1 0 0 0 0 0 0 0 0 0 0 0 2 0 0 0 0 0 6 0 2 0 0 0 64 0 0 0 255 255 255 255 2 0 2 0 0 0 0 0 data 8 0x20002 0x5ac1 0x70005 0x0 0x24689f30 0x5ac2 0x0 0x0 oops 1 4 java/util/ArrayList
ciMethodData java/util/ArrayList rangeCheck (I)V 2 30411 orig 264 88 29 201 92 0 0 0 0 192 41 173 23 0 0 0 0 104 1 0 0 0 0 0 0 0 0 0 0 0 0 0 0 0 0 0 0 0 0 0 0 0 0 0 0 0 0 0 0 0 0 0 0 0 0 0 0 0 0 0 0 0 0 0 0 0 0 0 0 0 0 0 0 0 0 0 0 0 0 0 0 77 68 79 32 101 120 116 114 97 32 100 97 116 97 32 108 111 99 107 0 0 0 0 0 0 0 0 0 0 0 0 0 0 0 0 0 0 0 0 0 0 0 0 0 0 0 0 0 0 0 0 0 0 0 0 0 0 0 0 0 0 0 0 0 0 0 0 0 0 0 0 0 0 0 0 0 0 0 0 0 0 0 0 0 0 0 0 0 0 0 0 0 0 0 0 0 0 0 0 0 0 0 0 0 0 0 0 0 0 0 0 0 0 0 0 0 0 0 0 0 0 0 0 0 0 0 0 0 0 0 0 0 0 0 0 0 39 1 0 0 33 173 3 0 1 0 0 0 0 0 0 0 0 0 0 0 2 0 0 0 0 0 5 0 2 0 0 0 64 0 0 0 255 255 255 255 7 0 5 0 0 0 0 0 data 8 0x50007 0x75a4 0x40 0x0 0xe0002 0x0 0x110002 0x0 oops 0
ciMethodData java/util/ArrayList elementData (I)Ljava/lang/Object; 2 30289 orig 264 88 29 201 92 0 0 0 0 64 32 173 23 0 0 0 0 40 1 0 0 0 0 0 0 0 0 0 0 0 0 0 0 0 0 0 0 0 0 0 0 0 0 0 0 0 0 0 0 0 0 0 0 0 0 0 0 0 0 0 0 0 0 0 0 0 0 0 0 0 0 0 0 0 0 0 0 0 0 0 0 77 68 79 32 101 120 116 114 97 32 100 97 116 97 32 108 111 99 107 0 0 0 0 0 0 0 0 0 0 0 0 0 0 0 0 0 0 0 0 0 0 0 0 0 0 0 0 0 0 0 0 0 0 0 0 0 0 0 0 0 0 0 0 0 0 0 0 0 0 0 0 0 0 0 0 0 0 0 0 0 0 0 0 0 0 0 0 0 0 0 0 0 0 0 0 0 0 0 0 0 0 0 0 0 0 0 0 0 0 0 0 0 0 0 0 0 0 0 0 0 0 0 0 0 0 0 0 0 0 0 0 0 0 0 0 0 39 1 0 0 81 169 3 0 1 0 0 0 0 0 0 0 0 0 0 0 2 0 0 0 0 0 0 0 0 0 0 0 0 0 0 0 255 255 255 255 0 0 0 0 0 0 0 0 data 0 oops 0
ciMethodData java/util/AbstractCollection <init> ()V 2 431355 orig 264 88 29 201 92 0 0 0 0 184 144 172 23 0 0 0 0 48 1 0 0 0 0 0 0 0 0 0 0 0 0 0 0 0 0 0 0 0 0 0 0 0 0 0 0 0 0 0 0 0 0 0 0 0 0 0 0 0 0 0 0 0 0 0 0 0 0 0 0 0 0 0 0 0 0 0 0 0 0 0 0 77 68 79 32 101 120 116 114 97 32 100 97 116 97 32 108 111 99 107 0 0 0 0 0 0 0 0 0 0 0 0 0 0 0 0 0 0 0 0 0 0 0 0 0 0 0 0 0 0 0 0 0 0 0 0 0 0 0 0 0 0 0 0 0 0 0 0 0 0 0 0 0 0 0 0 0 0 0 0 0 0 0 0 0 0 0 0 0 0 0 0 0 0 0 0 0 0 0 0 0 0 0 0 0 1 0 0 0 0 0 0 0 0 0 0 0 0 0 0 0 1 0 0 0 0 0 0 0 0 0 0 0 0 0 0 0 29 1 0 0 233 158 52 0 1 0 0 0 0 0 0 0 0 0 0 0 2 0 0 0 0 0 3 0 2 0 0 0 16 0 0 0 255 255 255 255 2 0 1 0 0 0 0 0 data 2 0x10002 0x6944c oops 0
ciMethodData java/lang/Integer valueOf (I)Ljava/lang/Integer; 2 181656 orig 264 88 29 201 92 0 0 0 0 168 107 170 23 0 0 0 0 112 1 0 0 32 0 0 0 0 0 0 0 0 0 0 0 0 0 0 0 0 0 0 0 0 0 0 0 0 0 0 0 0 0 0 0 0 0 0 0 0 0 0 0 0 0 0 0 0 0 0 0 0 0 0 0 0 0 0 0 0 0 0 0 77 68 79 32 101 120 116 114 97 32 100 97 116 97 32 108 111 99 107 0 0 0 0 0 0 0 0 0 0 0 0 0 0 0 0 0 0 0 0 0 0 0 0 0 0 0 0 0 0 0 0 0 0 0 0 0 0 0 0 0 0 0 0 0 0 0 0 0 0 0 0 0 0 0 0 0 0 0 0 0 0 0 0 0 0 0 0 0 0 0 0 0 0 0 0 0 0 0 0 0 0 0 0 0 0 0 0 0 0 0 0 0 0 0 0 0 0 0 0 0 0 0 0 0 0 0 0 0 0 0 0 0 0 0 0 0 9 0 0 0 121 44 22 0 1 0 0 0 0 0 0 0 0 0 0 0 2 0 0 0 0 0 8 0 2 0 0 0 80 0 0 0 255 255 255 255 7 0 3 0 0 0 0 0 data 10 0x30007 0xe7c 0x40 0x2b76a 0xa0007 0xa4e4 0x20 0x21343 0x1c0002 0xb355 oops 0
ciMethodData java/lang/Integer <init> (I)V 2 46392 orig 264 88 29 201 92 0 0 0 0 72 108 170 23 0 0 0 0 56 1 0 0 0 0 0 0 0 0 0 0 0 0 0 0 0 0 0 0 0 0 0 0 0 0 0 0 0 0 0 0 0 0 0 0 0 0 0 0 0 0 0 0 0 0 0 0 0 0 0 0 0 0 0 0 0 0 0 0 0 0 0 0 77 68 79 32 101 120 116 114 97 32 100 97 116 97 32 108 111 99 107 0 0 0 0 0 0 0 0 0 0 0 0 0 0 0 0 0 0 0 0 0 0 0 0 0 0 0 0 0 0 0 0 0 0 0 0 0 0 0 0 0 0 0 0 0 0 0 0 0 0 0 0 0 0 0 0 0 0 0 0 0 0 0 0 0 0 0 0 0 0 0 0 0 0 0 0 0 0 0 0 0 0 0 0 0 0 0 0 0 0 0 0 0 0 0 0 0 0 0 0 0 0 0 0 0 0 0 0 0 0 0 0 0 0 0 0 0 2 1 0 0 177 161 5 0 1 0 0 0 0 0 0 0 0 0 0 0 2 0 0 0 0 0 3 0 2 0 0 0 16 0 0 0 255 255 255 255 2 0 1 0 0 0 0 0 data 2 0x10002 0xb435 oops 0
ciMethod java/util/LinkedList linkLast (Ljava/lang/Object;)V 4097 1 8470 0 256
ciMethod java/util/LinkedList add (Ljava/lang/Object;)Z 4097 1 36775 0 256
ciMethod java/util/LinkedList$Node <init> (Ljava/util/LinkedList$Node;Ljava/lang/Object;Ljava/util/LinkedList$Node;)V 3169 1 15454 0 64
ciMethodData java/util/LinkedList$Node <init> (Ljava/util/LinkedList$Node;Ljava/lang/Object;Ljava/util/LinkedList$Node;)V 2 15456 orig 264 88 29 201 92 0 0 0 0 48 92 217 23 0 0 0 0 72 1 0 0 0 0 0 0 0 0 0 0 0 0 0 0 0 0 0 0 0 0 0 0 0 0 0 0 0 0 0 0 0 0 0 0 0 0 0 0 0 0 0 0 0 0 0 0 0 0 0 0 0 0 0 0 0 0 0 0 0 0 0 0 77 68 79 32 101 120 116 114 97 32 100 97 116 97 32 108 111 99 107 0 0 0 0 0 0 0 0 0 0 0 0 0 0 0 0 0 0 0 0 0 0 0 0 0 0 0 0 0 0 0 0 0 0 0 0 0 0 0 0 0 0 0 0 0 0 0 0 0 0 0 0 0 0 0 0 0 0 0 0 0 0 0 0 0 0 0 0 0 0 0 0 0 0 0 0 0 0 0 0 0 0 0 0 0 0 0 0 0 0 0 0 0 0 0 0 0 0 0 0 0 0 0 0 0 0 0 0 0 0 0 0 0 0 0 0 0 140 1 0 0 161 214 1 0 1 0 0 0 0 0 0 0 0 0 0 0 2 0 0 0 0 0 3 0 2 0 0 0 16 0 0 0 255 255 255 255 2 0 1 0 0 0 0 0 data 2 0x10002 0x3ad3 oops 0
ciMethodData java/util/LinkedList add (Ljava/lang/Object;)Z 2 36775 orig 264 88 29 201 92 0 0 0 0 128 40 217 23 0 0 0 0 128 1 0 0 0 0 0 0 0 0 0 0 0 0 0 0 0 0 0 0 0 0 0 0 0 0 0 0 0 0 0 0 0 0 0 0 0 0 0 0 0 0 0 0 0 0 0 0 0 0 0 0 0 0 0 0 0 0 0 0 0 0 0 0 77 68 79 32 101 120 116 114 97 32 100 97 116 97 32 108 111 99 107 0 0 0 0 0 0 0 0 0 0 0 0 0 0 0 0 0 0 0 0 0 0 0 0 0 0 0 0 0 0 0 0 0 0 0 0 0 0 0 0 0 0 0 0 0 0 0 0 0 0 0 0 0 0 0 0 0 0 0 0 0 0 0 0 0 0 0 0 0 0 0 0 0 0 0 0 0 0 0 0 0 0 0 0 0 0 0 0 0 0 0 0 0 0 0 0 0 0 0 0 0 0 0 0 0 0 0 0 0 0 0 0 0 0 0 0 0 0 2 0 0 57 109 4 0 1 0 0 0 0 0 0 0 0 0 0 0 2 0 0 0 0 0 3 0 2 0 0 0 48 0 0 0 255 255 255 255 5 0 2 0 0 0 0 0 data 6 0x20005 0x0 0x1f655030 0x8da7 0x0 0x0 oops 1 2 java/util/LinkedList
ciMethodData java/util/LinkedList linkLast (Ljava/lang/Object;)V 2 8470 orig 264 88 29 201 92 0 0 0 0 64 31 217 23 0 0 0 0 112 1 0 0 0 0 0 0 0 0 0 0 0 0 0 0 0 0 0 0 0 0 0 0 0 0 0 0 0 0 0 0 0 0 0 0 0 0 0 0 0 0 0 0 0 0 0 0 0 0 0 0 0 0 0 0 0 0 0 0 0 0 0 0 77 68 79 32 101 120 116 114 97 32 100 97 116 97 32 108 111 99 107 0 0 0 0 0 0 0 0 0 0 0 0 0 0 0 0 0 0 0 0 0 0 0 0 0 0 0 0 0 0 0 0 0 0 0 0 0 0 0 0 0 0 0 0 0 0 0 0 0 0 0 0 0 0 0 0 0 0 0 0 0 0 0 0 0 0 0 0 0 0 0 0 0 0 0 0 0 0 0 0 0 0 0 0 0 0 0 0 0 0 0 0 0 0 0 0 0 0 0 0 0 0 0 0 0 0 0 0 0 0 0 0 0 0 0 0 0 0 2 0 0 177 248 0 0 1 0 0 0 0 0 0 0 0 0 0 0 2 0 0 0 0 0 6 0 2 0 0 0 72 0 0 0 255 255 255 255 2 0 12 0 0 0 0 0 data 9 0xc0002 0x1f16 0x160007 0x19cf 0x38 0x547 0x1e0003 0x547 0x18 oops 0
ciMethodData java/util/Collections unmodifiableList (Ljava/util/List;)Ljava/util/List; 2 195879 orig 264 88 29 201 92 0 0 0 0 48 121 173 23 0 0 0 0 208 1 0 0 96 0 0 0 0 0 0 0 0 0 0 0 0 0 0 0 0 0 0 0 0 0 0 0 0 0 0 0 0 0 0 0 0 0 0 0 0 0 0 0 0 0 0 0 0 0 0 0 0 0 0 0 0 0 0 0 0 0 0 0 77 68 79 32 101 120 116 114 97 32 100 97 116 97 32 108 111 99 107 0 0 0 0 0 0 0 0 0 0 0 0 0 0 0 0 0 0 0 0 0 0 0 0 0 0 0 0 0 0 0 0 0 0 0 0 0 0 0 0 0 0 0 0 0 0 0 0 0 0 0 0 0 0 0 0 0 0 0 0 0 0 0 0 0 0 0 0 0 0 0 0 0 0 0 0 0 0 0 0 0 0 0 0 0 0 0 0 0 0 0 0 0 0 0 0 0 0 0 0 0 0 0 0 0 0 0 0 0 0 0 0 0 0 0 0 0 195 0 0 0 33 227 23 0 1 0 0 0 0 0 0 0 0 0 0 0 2 0 0 0 0 0 14 0 2 0 0 0 136 0 0 0 255 255 255 255 4 0 1 0 0 0 0 0 data 17 0x10004 0x0 0x24689e80 0x194 0x24689f30 0x2f64f 0x40007 0x0 0x48 0x2fcbd 0xc0002 0x2fcba 0xf0003 0x2fc9b 0x28 0x170002 0x0 oops 2 2 java/util/Arrays$ArrayList 4 java/util/ArrayList
ciMethodData java/util/Collections$UnmodifiableRandomAccessList <init> (Ljava/util/List;)V 2 196032 orig 264 88 29 201 92 0 0 0 0 184 18 174 23 0 0 0 0 56 1 0 0 0 0 0 0 0 0 0 0 0 0 0 0 0 0 0 0 0 0 0 0 0 0 0 0 0 0 0 0 0 0 0 0 0 0 0 0 0 0 0 0 0 0 0 0 0 0 0 0 0 0 0 0 0 0 0 0 0 0 0 0 77 68 79 32 101 120 116 114 97 32 100 97 116 97 32 108 111 99 107 0 0 0 0 0 0 0 0 0 0 0 0 0 0 0 0 0 0 0 0 0 0 0 0 0 0 0 0 0 0 0 0 0 0 0 0 0 0 0 0 0 0 0 0 0 0 0 0 0 0 0 0 0 0 0 0 0 0 0 0 0 0 0 0 0 0 0 0 0 0 0 0 0 0 0 0 0 0 0 0 0 0 0 0 0 0 0 0 0 0 0 0 0 0 0 0 0 0 0 0 0 0 0 0 0 0 0 0 0 0 0 0 0 0 0 0 0 200 0 0 0 193 231 23 0 1 0 0 0 0 0 0 0 0 0 0 0 2 0 0 0 0 0 0 0 0 0 0 0 16 0 0 0 255 255 255 255 2 0 2 0 0 0 0 0 data 2 0x20002 0x2fd11 oops 0
ciMethodData java/util/Collections$UnmodifiableList <init> (Ljava/util/List;)V 2 196086 orig 264 88 29 201 92 0 0 0 0 136 25 174 23 0 0 0 0 56 1 0 0 0 0 0 0 0 0 0 0 0 0 0 0 0 0 0 0 0 0 0 0 0 0 0 0 0 0 0 0 0 0 0 0 0 0 0 0 0 0 0 0 0 0 0 0 0 0 0 0 0 0 0 0 0 0 0 0 0 0 0 0 77 68 79 32 101 120 116 114 97 32 100 97 116 97 32 108 111 99 107 0 0 0 0 0 0 0 0 0 0 0 0 0 0 0 0 0 0 0 0 0 0 0 0 0 0 0 0 0 0 0 0 0 0 0 0 0 0 0 0 0 0 0 0 0 0 0 0 0 0 0 0 0 0 0 0 0 0 0 0 0 0 0 0 0 0 0 0 0 0 0 0 0 0 0 0 0 0 0 0 0 0 0 0 0 0 0 0 0 0 0 0 0 0 0 0 0 0 0 0 0 0 0 0 0 0 0 0 0 0 0 0 0 0 0 0 0 200 0 0 0 113 233 23 0 1 0 0 0 0 0 0 0 0 0 0 0 2 0 0 0 0 0 0 0 0 0 0 0 16 0 0 0 255 255 255 255 2 0 2 0 0 0 0 0 data 2 0x20002 0x2fd40 oops 0
ciMethodData java/util/Collections$UnmodifiableCollection <init> (Ljava/util/Collection;)V 2 50136 orig 264 88 29 201 92 0 0 0 0 168 40 174 23 0 0 0 0 104 1 0 0 0 0 0 0 0 0 0 0 0 0 0 0 0 0 0 0 0 0 0 0 0 0 0 0 0 0 0 0 0 0 0 0 0 0 0 0 0 0 0 0 0 0 0 0 0 0 0 0 0 0 0 0 0 0 0 0 0 0 0 0 77 68 79 32 101 120 116 114 97 32 100 97 116 97 32 108 111 99 107 0 0 0 0 0 0 0 0 0 0 0 0 0 0 0 0 0 0 0 0 0 0 0 0 0 0 0 0 0 0 0 0 0 0 0 0 0 0 0 0 0 0 0 0 0 0 0 0 0 0 0 0 0 0 0 0 0 0 0 0 0 0 0 0 0 0 0 0 0 0 0 0 0 0 0 0 0 0 0 0 0 0 0 0 0 0 0 0 0 0 0 0 0 0 0 0 0 0 0 0 0 0 0 0 0 0 0 0 0 0 0 0 0 0 0 0 0 207 0 0 0 73 24 6 0 1 0 0 0 0 0 0 0 0 0 0 0 2 0 0 0 0 0 5 0 2 0 0 0 64 0 0 0 255 255 255 255 2 0 1 0 0 0 0 0 data 8 0x10002 0xc30c 0x50007 0xc308 0x30 0x0 0xc0002 0x0 oops 0
ciMethodData java/util/ArrayList isEmpty ()Z 2 5778 orig 264 88 29 201 92 0 0 0 0 16 27 173 23 0 0 0 0 88 1 0 0 0 0 0 0 0 0 0 0 0 0 0 0 0 0 0 0 0 0 0 0 0 0 0 0 0 0 0 0 0 0 0 0 0 0 0 0 0 0 0 0 0 0 0 0 0 0 0 0 0 0 0 0 0 0 0 0 0 0 0 0 77 68 79 32 101 120 116 114 97 32 100 97 116 97 32 108 111 99 107 0 0 0 0 0 0 0 0 0 0 0 0 0 0 0 0 0 0 0 0 0 0 0 0 0 0 0 0 0 0 0 0 0 0 0 0 0 0 0 0 0 0 0 0 0 0 0 0 0 0 0 0 0 0 0 0 0 0 0 0 0 0 0 0 0 0 0 0 0 0 0 0 0 0 0 0 0 0 0 0 0 0 0 0 0 0 0 0 0 0 0 0 0 0 0 0 0 0 0 0 0 0 0 0 0 0 0 0 0 0 0 0 0 0 0 0 0 1 1 0 0 137 172 0 0 1 0 0 0 0 0 0 0 0 0 0 0 2 0 0 0 0 0 6 0 2 0 0 0 56 0 0 0 255 255 255 255 7 0 4 0 0 0 0 0 data 7 0x40007 0xc9f 0x38 0x8f2 0x80003 0x8f2 0x18 oops 0
ciMethodData java/util/Collections$UnmodifiableList get (I)Ljava/lang/Object; 2 6115 orig 264 88 29 201 92 0 0 0 0 104 27 174 23 0 0 0 0 128 1 0 0 0 0 0 0 0 0 0 0 0 0 0 0 0 0 0 0 0 0 0 0 0 0 0 0 0 0 0 0 0 0 0 0 0 0 0 0 0 0 0 0 0 0 0 0 0 0 0 0 0 0 0 0 0 0 0 0 0 0 0 0 77 68 79 32 101 120 116 114 97 32 100 97 116 97 32 108 111 99 107 0 0 0 0 0 0 0 0 0 0 0 0 0 0 0 0 0 0 0 0 0 0 0 0 0 0 0 0 0 0 0 0 0 0 0 0 0 0 0 0 0 0 0 0 0 0 0 0 0 0 0 0 0 0 0 0 0 0 0 0 0 0 0 0 0 0 0 0 0 0 0 0 0 0 0 0 0 0 0 0 0 0 0 0 0 0 0 0 0 0 0 0 0 0 0 0 0 0 0 0 0 0 0 0 0 0 0 0 0 0 0 0 0 0 0 0 0 58 1 0 0 73 181 0 0 1 0 0 0 0 0 0 0 0 0 0 0 2 0 0 0 0 0 3 0 2 0 0 0 48 0 0 0 255 255 255 255 5 0 5 0 0 0 0 0 data 6 0x50005 0x0 0x24689f30 0x16a9 0x0 0x0 oops 1 2 java/util/ArrayList
ciMethod java/lang/StrictMath ceil (D)D 2145 1 58009 0 0
ciMethod java/lang/StrictMath floorOrCeil (DDDD)D 2129 1 7509 0 288
ciMethod com/android/tools/r8/t/a/a/a/f/Q a (ILjava/lang/Object;)Ljava/lang/Object; 0 0 1 0 -1
ciMethod com/android/tools/r8/t/a/a/a/f/Q get (I)Ljava/lang/Object; 0 0 1 0 -1
ciMethod com/android/tools/r8/t/a/a/a/f/Q a (I)Z 0 0 1 0 -1
ciMethod com/android/tools/r8/t/a/a/a/f/c <init> ()V 4097 1 23060 0 0
ciMethod com/android/tools/r8/t/a/a/a/f/e <init> ()V 4097 1 23058 0 0
ciMethod com/android/tools/r8/p/n/U s ()Lcom/android/tools/r8/p/n/E; 57 1 7 0 0
ciMethod com/android/tools/r8/t/a/a/a/f/p0 a (I)Z 0 0 1 0 -1
ciMethod com/android/tools/r8/t/a/a/a/f/H0 iterator ()Lcom/android/tools/r8/t/a/a/a/f/u0; 0 0 1 0 -1
ciMethod com/android/tools/r8/t/a/a/a/f/H0 remove (I)Z 0 0 1 0 -1
ciMethod com/android/tools/r8/t/a/a/a/c a (I)I 4097 1 54063 0 0
ciMethod com/android/tools/r8/t/a/a/a/c c (J)J 4097 1 12349 0 -1
ciMethod com/android/tools/r8/t/a/a/a/c b (IF)I 4097 1 24680 0 320
ciMethod com/android/tools/r8/t/a/a/a/c a (IF)I 1937 1 22051 0 480
ciMethod com/android/tools/r8/graph/l f ()Ljava/util/List; 1209 1 151 0 -1
ciMethod com/android/tools/r8/graph/l a ()Ljava/util/List; 2281 1 116651 0 288
ciMethod com/android/tools/r8/ir/conversion/c0 g (I)I 0 0 1 0 -1
ciMethodData java/lang/Integer compare (II)I 2 60633 orig 264 88 29 201 92 0 0 0 0 248 119 170 23 0 0 0 0 152 1 0 0 32 0 0 0 0 0 0 0 0 0 0 0 0 0 0 0 0 0 0 0 0 0 0 0 0 0 0 0 0 0 0 0 0 0 0 0 0 0 0 0 0 0 0 0 0 0 0 0 0 0 0 0 0 0 0 0 0 0 0 0 77 68 79 32 101 120 116 114 97 32 100 97 116 97 32 108 111 99 107 0 0 0 0 0 0 0 0 0 0 0 0 0 0 0 0 0 0 0 0 0 0 0 0 0 0 0 0 0 0 0 0 0 0 0 0 0 0 0 0 0 0 0 0 0 0 0 0 0 0 0 0 0 0 0 0 0 0 0 0 0 0 0 0 0 0 0 0 0 0 0 0 0 0 0 0 0 0 0 0 0 0 0 0 0 0 0 0 0 0 0 0 0 0 0 0 0 0 0 0 0 0 0 0 0 0 0 0 0 0 0 0 0 0 0 0 0 74 1 0 0 121 92 7 0 1 0 0 0 0 0 0 0 0 0 0 0 2 0 0 0 0 0 8 0 2 0 0 0 112 0 0 0 255 255 255 255 7 0 2 0 0 0 0 0 data 14 0x20007 0x8111 0x38 0x6a9a 0x60003 0x6a9b 0x50 0xb0007 0x539d 0x38 0x2d81 0xf0003 0x2d81 0x18 oops 0
ciMethod com/android/tools/r8/p/n/A g ()Lcom/android/tools/r8/p/n/E; 2193 1 274 0 -1
ciMethod com/android/tools/r8/p/n/A i ()Z 0 0 1 0 -1
ciMethod com/android/tools/r8/p/n/A j ()Z 0 0 1 0 -1
ciMethod com/android/tools/r8/p/n/A q ()Z 1353 1 169 0 -1
ciMethod com/android/tools/r8/p/n/A h ()Z 0 0 1 0 -1
ciMethod com/android/tools/r8/p/n/A e ()Z 2065 1 258 0 -1
ciMethodData com/android/tools/r8/t/a/a/a/c a (I)I 2 54063 orig 264 88 29 201 92 0 0 0 0 24 86 122 48 0 0 0 0 32 1 0 0 0 0 0 0 0 0 0 0 0 0 0 0 0 0 0 0 0 0 0 0 0 0 0 0 0 0 0 0 0 0 0 0 0 0 0 0 0 0 0 0 0 0 0 0 0 0 0 0 0 0 0 0 0 0 0 0 0 0 0 0 77 68 79 32 101 120 116 114 97 32 100 97 116 97 32 108 111 99 107 0 0 0 0 0 0 0 0 0 0 0 0 0 0 0 0 0 0 0 0 0 0 0 0 0 0 0 0 0 0 0 0 0 0 0 0 0 0 0 0 0 0 0 0 0 0 0 0 0 0 0 0 0 0 0 0 0 0 0 0 0 0 0 0 0 0 0 0 0 0 0 0 0 0 0 0 0 0 0 0 0 0 0 0 0 0 0 0 0 0 0 0 0 0 0 0 0 0 0 0 0 0 0 0 0 0 0 0 0 0 0 0 0 0 0 0 0 0 2 0 0 121 137 6 0 1 0 0 0 0 0 0 0 0 0 0 0 2 0 0 0 0 0 3 0 1 0 0 0 0 0 0 0 255 255 255 255 0 0 0 0 0 0 0 0 data 0 oops 0
ciMethod com/android/tools/r8/t/a/a/a/f/g0 c (I)Lcom/android/tools/r8/t/a/a/a/f/g0; 0 0 1 0 -1
ciMethod com/android/tools/r8/t/a/a/a/f/g0 h ()I 0 0 1 0 -1
ciMethod com/android/tools/r8/graph/f dexItemFactory ()Lcom/android/tools/r8/graph/Z; 2145 1 268 0 0
ciMethod com/android/tools/r8/graph/f q ()Lcom/android/tools/r8/utils/k0; 1313 1 164 0 -1
ciMethod com/android/tools/r8/p/n/U v ()Ljava/util/List; 57 1 7 0 0
ciMethod com/android/tools/r8/t/a/a/a/f/z0 iterator ()Lcom/android/tools/r8/t/a/a/a/f/A0; 0 0 1 0 -1
ciMethod com/android/tools/r8/t/a/a/a/h/T0 a (Ljava/lang/Object;I)I 0 0 1 0 -1
ciMethod com/android/tools/r8/t/a/a/a/h/T0 a (Ljava/lang/Object;)I 0 0 1 0 -1
ciMethod com/android/tools/r8/t/a/a/a/h/Z0 a (Ljava/lang/Object;)I 2217 4625 11932 0 576
ciMethod com/android/tools/r8/ir/conversion/o a (Lcom/android/tools/r8/p/n/A;)Z 3161 1 38780 0 0
ciMethod com/android/tools/r8/ir/conversion/o a (ILcom/android/tools/r8/graph/Z;)Lcom/android/tools/r8/ir/conversion/n; 3441 217 10732 0 -1
ciMethod com/android/tools/r8/ir/conversion/o i (I)[I 1273 65 3742 0 0
ciMethod com/android/tools/r8/ir/conversion/o b (Lcom/android/tools/r8/p/n/A;)Z 3265 1 12519 0 128
ciMethod com/android/tools/r8/ir/conversion/o g (I)I 4097 1 3147 0 0
ciMethod com/android/tools/r8/ir/conversion/o a (ILcom/android/tools/r8/ir/conversion/N;)I 4097 249 19429 0 -1
ciMethod com/android/tools/r8/utils/l0 a ()Z 3145 1 39025 0 64
ciMethod com/android/tools/r8/ir/conversion/N j (I)Z 4097 1 7190 0 0
ciMethod com/android/tools/r8/ir/conversion/N a (IIZ)V 8705 1 2369 0 0
ciMethod com/android/tools/r8/ir/conversion/N h (I)Lcom/android/tools/r8/ir/conversion/N$b; 1369 33 4931 0 -1
ciMethod com/android/tools/r8/ir/conversion/N e (II)V 481 1 1959 0 0
ciMethod com/android/tools/r8/ir/conversion/N d (II)V 73 1 350 0 0
ciMethod com/android/tools/r8/t/a/a/a/f/g <init> ()V 2089 1 24584 0 0
ciMethod com/android/tools/r8/t/a/a/a/f/g a (Lcom/android/tools/r8/t/a/a/a/f/p0;)Z 577 1 161 0 -1
ciMethod com/android/tools/r8/t/a/a/a/f/k0 <init> (I)V 4097 1 8064 0 -1
ciMethod com/android/tools/r8/t/a/a/a/f/k0 a (I)Z 14465 1 2643 0 -1
ciMethod com/android/tools/r8/t/a/a/a/f/k0 l (I)Lcom/android/tools/r8/t/a/a/a/f/A0; 5777 1 638 0 0
ciMethod com/android/tools/r8/t/a/a/a/f/k h (I)V 5969 1 662 0 0
ciMethod com/android/tools/r8/t/a/a/a/f/k iterator ()Lcom/android/tools/r8/t/a/a/a/f/A0; 5681 1 626 0 0
ciMethod com/android/tools/r8/t/a/a/a/f/k listIterator ()Lcom/android/tools/r8/t/a/a/a/f/A0; 5777 1 638 0 0
ciMethod com/android/tools/r8/t/a/a/a/f/k l (I)Lcom/android/tools/r8/t/a/a/a/f/A0; 0 0 1 0 -1
ciMethod com/android/tools/r8/t/a/a/a/f/m0 <init> (I)V 2097 1 608 0 -1
ciMethod com/android/tools/r8/t/a/a/a/f/m0 h (I)I 4097 1657 5492 0 0
ciMethod com/android/tools/r8/t/a/a/a/f/m0 a (I)Z 4097 529 5348 0 0
ciMethod com/android/tools/r8/t/a/a/a/f/m <init> ()V 4097 1 16463 0 0
ciMethod com/android/tools/r8/t/a/a/a/f/f <init> ()V 4097 1 2761 0 0
ciMethod com/android/tools/r8/t/a/a/a/f/u0 i ()I 0 0 1 0 -1
ciMethod com/android/tools/r8/t/a/a/a/f/K c (II)I 0 0 1 0 -1
ciMethod com/android/tools/r8/t/a/a/a/f/K d (I)Lcom/android/tools/r8/t/a/a/a/f/J; 4097 6265 6119 0 160
ciMethod com/android/tools/r8/t/a/a/a/f/K e (I)Lcom/android/tools/r8/t/a/a/a/f/J; 12753 47177 2194 0 -1
ciMethod com/android/tools/r8/t/a/a/a/f/K a (I)Z 4097 1 22432 0 0
ciMethod com/android/tools/r8/t/a/a/a/f/K get (I)Ljava/lang/Object; 4097 1 10093 0 160
ciMethod com/android/tools/r8/t/a/a/a/f/K c (I)Lcom/android/tools/r8/t/a/a/a/f/g0; 12433 1 2195 0 0
ciMethod com/android/tools/r8/t/a/a/a/f/J e ()Lcom/android/tools/r8/t/a/a/a/f/J; 2145 1 6584 0 0
ciMethod com/android/tools/r8/t/a/a/a/f/J i ()Lcom/android/tools/r8/t/a/a/a/f/J; 21825 1 10024 0 0
ciMethod com/android/tools/r8/t/a/a/a/f/J h ()Lcom/android/tools/r8/t/a/a/a/f/J; 4097 1 779 0 -1
ciMethod com/android/tools/r8/ir/conversion/N$b <init> ()V 4097 1 3118 0 -1
ciMethod com/android/tools/r8/s/b/o J ()V 4097 1 2359 0 0
ciMethod com/android/tools/r8/ir/conversion/n <init> (IILjava/util/List;Lcom/android/tools/r8/t/a/a/a/f/z0;)V 1417 1 1014 0 -1
ciMethod com/android/tools/r8/ir/conversion/n a ()Z 3441 1 10734 0 0
ciMethod com/android/tools/r8/t/a/a/a/h/q1 <init> (IF)V 1425 1 1017 0 -1
ciMethod com/android/tools/r8/t/a/a/a/h/q1 add (Ljava/lang/Object;)Z 305 1 282 0 -1
ciMethod com/android/tools/r8/t/a/a/a/f/h <init> ()V 4097 1 8007 0 0
ciMethod com/android/tools/r8/t/a/a/a/f/h i ()I 0 0 1 0 -1
ciMethod com/android/tools/r8/t/a/a/a/f/h next ()Ljava/lang/Object; 18185 1 2903 0 0
ciMethodData com/android/tools/r8/graph/l a ()Ljava/util/List; 2 116796 orig 264 88 29 201 92 0 0 0 0 56 7 142 49 0 0 0 0 88 1 0 0 0 0 0 0 0 0 0 0 0 0 0 0 0 0 0 0 0 0 0 0 0 0 0 0 0 0 0 0 0 0 0 0 0 0 0 0 0 0 0 0 0 0 0 0 0 0 0 0 0 0 0 0 0 0 0 0 0 0 0 0 77 68 79 32 101 120 116 114 97 32 100 97 116 97 32 108 111 99 107 0 0 0 0 0 0 0 0 0 0 0 0 0 0 0 0 0 0 0 0 0 0 0 0 0 0 0 0 0 0 0 0 0 0 0 0 0 0 0 0 0 0 0 0 0 0 0 0 0 0 0 0 0 0 0 0 0 0 0 0 0 0 0 0 0 0 0 0 0 0 0 0 0 0 0 0 0 0 0 0 0 0 0 0 0 0 0 0 0 0 0 0 0 0 0 0 0 0 0 0 0 0 0 0 0 0 0 0 0 0 0 0 0 0 0 0 0 29 1 0 0 249 56 14 0 1 0 0 0 0 0 0 0 0 0 0 0 2 0 0 0 0 0 15 0 2 0 0 0 16 0 0 0 255 255 255 255 2 0 4 0 0 0 0 0 data 2 0x40002 0x1c727 oops 0
ciMethodData java/lang/Math getExponent (D)I 2 7516 orig 264 88 29 201 92 0 0 0 0 88 124 175 23 0 0 0 0 96 1 0 0 0 0 0 0 0 0 0 0 0 0 0 0 0 0 0 0 0 0 0 0 0 0 0 0 0 0 0 0 0 0 0 0 0 0 0 0 0 0 0 0 0 0 0 0 0 0 0 0 0 0 0 0 0 0 0 0 0 0 0 0 77 68 79 32 101 120 116 114 97 32 100 97 116 97 32 108 111 99 107 0 0 0 0 0 0 0 0 0 0 0 0 0 0 0 0 0 0 0 0 0 0 0 0 0 0 0 0 0 0 0 0 0 0 0 0 0 0 0 0 0 0 0 0 0 0 0 0 0 0 0 0 0 0 0 0 0 0 0 0 0 0 0 0 0 0 0 0 0 0 0 0 0 0 0 0 0 0 0 0 0 0 0 0 0 0 0 0 0 0 0 0 0 0 0 0 0 0 0 0 0 0 0 0 0 0 0 0 0 0 0 0 0 0 0 0 0 5 1 0 0 185 226 0 0 1 0 0 0 0 0 0 0 0 0 0 0 2 0 0 0 0 0 3 0 2 0 0 0 16 0 0 0 255 255 255 255 2 0 1 0 0 0 0 0 data 2 0x10002 0x1c57 oops 0
ciMethodData java/lang/StrictMath ceil (D)D 2 58009 orig 264 88 29 201 92 0 0 0 0 208 28 107 48 0 0 0 0 96 1 0 0 0 0 0 0 0 0 0 0 0 0 0 0 0 0 0 0 0 0 0 0 0 0 0 0 0 0 0 0 0 0 0 0 0 0 0 0 0 0 0 0 0 0 0 0 0 0 0 0 0 0 0 0 0 0 0 0 0 0 0 0 77 68 79 32 101 120 116 114 97 32 100 97 116 97 32 108 111 99 107 0 0 0 0 0 0 0 0 0 0 0 0 0 0 0 0 0 0 0 0 0 0 0 0 0 0 0 0 0 0 0 0 0 0 0 0 0 0 0 0 0 0 0 0 0 0 0 0 0 0 0 0 0 0 0 0 0 0 0 0 0 0 0 0 0 0 0 0 0 0 0 0 0 0 0 0 0 0 0 0 0 0 0 0 0 0 0 0 0 0 0 0 0 0 0 0 0 0 0 0 0 0 0 0 0 0 0 0 0 0 0 0 0 0 0 0 0 12 1 0 0 105 12 7 0 1 0 0 0 0 0 0 0 0 0 0 0 2 0 0 0 0 0 3 0 2 0 0 0 16 0 0 0 255 255 255 255 2 0 6 0 0 0 0 0 data 2 0x60002 0xe18c oops 0
ciMethodData java/lang/StrictMath floorOrCeil (DDDD)D 2 7509 orig 264 88 29 201 92 0 0 0 0 144 30 107 48 0 0 0 0 16 3 0 0 64 1 0 0 0 0 0 0 0 0 0 0 0 0 0 0 0 0 0 0 0 0 0 0 0 0 0 0 0 0 0 0 0 0 0 0 0 0 0 0 0 0 0 0 0 0 0 0 0 0 0 0 0 0 0 0 0 0 0 0 77 68 79 32 101 120 116 114 97 32 100 97 116 97 32 108 111 99 107 0 0 0 0 0 0 0 0 0 0 0 0 0 0 0 0 0 0 0 0 0 0 0 0 0 0 0 0 0 0 0 0 0 0 0 0 0 0 0 0 0 0 0 0 0 0 0 0 0 0 0 0 0 0 0 0 0 0 0 0 0 0 0 0 0 0 0 0 0 0 0 0 0 0 0 0 0 0 0 0 0 0 0 0 0 0 0 0 0 0 0 0 0 0 0 0 0 0 0 0 0 0 0 0 0 0 0 0 0 0 0 0 0 0 0 0 0 10 1 0 0 89 226 0 0 1 0 0 0 0 0 0 0 0 0 0 0 2 0 0 0 0 0 18 0 2 0 0 0 144 1 0 0 255 255 255 255 2 0 1 0 0 0 0 0 data 50 0x10002 0x1c4b 0x80007 0x1c18 0x90 0x34 0xe0007 0x0 0x38 0x34 0x120003 0x34 0x50 0x180007 0x0 0x38 0x0 0x1c0003 0x0 0x18 0x260007 0x1c19 0x20 0x0 0x2e0007 0x1c19 0x70 0x0 0x330007 0x0 0x40 0x0 0x3a0007 0x0 0x30 0x0 0x410002 0x0 0x460002 0x1c18 0x5a0007 0x1051 0x20 0xbcd 0x680002 0x1051 0x730007 0x0 0x20 0x1050 oops 0
ciMethodData java/lang/Math ceil (D)D 2 57990 orig 264 88 29 201 92 0 0 0 0 240 90 175 23 0 0 0 0 96 1 0 0 0 0 0 0 0 0 0 0 0 0 0 0 0 0 0 0 0 0 0 0 0 0 0 0 0 0 0 0 0 0 0 0 0 0 0 0 0 0 0 0 0 0 0 0 0 0 0 0 0 0 0 0 0 0 0 0 0 0 0 0 77 68 79 32 101 120 116 114 97 32 100 97 116 97 32 108 111 99 107 0 0 0 0 0 0 0 0 0 0 0 0 0 0 0 0 0 0 0 0 0 0 0 0 0 0 0 0 0 0 0 0 0 0 0 0 0 0 0 0 0 0 0 0 0 0 0 0 0 0 0 0 0 0 0 0 0 0 0 0 0 0 0 0 0 0 0 0 0 0 0 0 0 0 0 0 0 0 0 0 0 0 0 0 0 0 0 0 0 0 0 0 0 0 0 0 0 0 0 0 0 0 0 0 0 0 0 0 0 0 0 0 0 0 0 0 0 24 1 0 0 113 11 7 0 1 0 0 0 0 0 0 0 0 0 0 0 2 0 0 0 0 0 3 0 2 0 0 0 16 0 0 0 255 255 255 255 2 0 1 0 0 0 0 0 data 2 0x10002 0xe17a oops 0
ciMethod com/android/tools/r8/t/a/a/a/f/K$d <init> (Lcom/android/tools/r8/t/a/a/a/f/K;IZIZ)V 12433 1 2194 0 0
ciMethod com/android/tools/r8/t/a/a/a/f/K$d k ()Lcom/android/tools/r8/t/a/a/a/f/J; 12433 1 2194 0 0
ciMethod com/android/tools/r8/t/a/a/a/f/K$d h ()I 12433 1 2195 0 0
ciMethodData com/android/tools/r8/t/a/a/a/f/J i ()Lcom/android/tools/r8/t/a/a/a/f/J; 2 10024 orig 264 88 29 201 92 0 0 0 0 224 106 190 49 0 0 0 0 88 1 0 0 0 0 0 0 0 0 0 0 0 0 0 0 0 0 0 0 0 0 0 0 0 0 0 0 0 0 0 0 0 0 0 0 0 0 0 0 0 0 0 0 0 0 0 0 0 0 0 0 0 0 0 0 0 0 0 0 0 0 0 0 77 68 79 32 101 120 116 114 97 32 100 97 116 97 32 108 111 99 107 0 0 0 0 0 0 0 0 0 0 0 0 0 0 0 0 0 0 0 0 0 0 0 0 0 0 0 0 0 0 0 0 0 0 0 0 0 0 0 0 0 0 0 0 0 0 0 0 0 0 0 0 0 0 0 0 0 0 0 0 0 0 0 0 0 0 0 0 0 0 0 0 0 0 0 0 0 0 0 0 0 0 0 0 0 0 0 0 0 0 0 0 0 0 0 0 0 0 0 0 0 0 0 0 0 0 0 0 0 0 0 0 0 0 0 0 0 4 2 0 0 1 228 0 0 1 0 0 0 0 0 0 0 0 0 0 0 2 0 0 0 0 0 6 0 2 0 0 0 56 0 0 0 255 255 255 255 7 0 7 0 0 0 0 0 data 7 0x70007 0x1470 0x38 0x810 0xb0003 0x810 0x18 oops 0
ciMethodData com/android/tools/r8/t/a/a/a/f/K d (I)Lcom/android/tools/r8/t/a/a/a/f/J; 2 12222 orig 264 88 29 201 92 0 0 0 0 128 66 190 49 0 0 0 0 80 2 0 0 160 0 0 0 0 0 0 0 0 0 0 0 0 0 0 0 0 0 0 0 0 0 0 0 0 0 0 0 0 0 0 0 0 0 0 0 0 0 0 0 0 0 0 0 0 0 0 0 0 0 0 0 0 0 0 0 0 0 0 0 77 68 79 32 101 120 116 114 97 32 100 97 116 97 32 108 111 99 107 0 0 0 0 0 0 0 0 0 0 0 0 0 0 0 0 0 0 0 0 0 0 0 0 0 0 0 0 0 0 0 0 0 0 0 0 0 0 0 0 0 0 0 0 0 0 0 0 0 0 0 0 0 0 0 0 0 0 0 0 0 0 0 0 0 0 0 0 0 0 0 0 0 0 0 0 0 0 0 0 0 0 0 0 0 0 0 0 0 0 0 0 0 0 0 0 0 0 0 0 0 0 0 0 0 0 0 0 0 0 0 0 0 0 0 0 0 15 3 0 0 57 175 0 0 121 101 1 0 0 0 0 0 0 0 0 0 2 0 0 0 1 0 25 0 2 0 0 0 0 1 0 0 255 255 255 255 7 0 6 0 0 0 0 0 data 32 0x60007 0x109e 0x100 0x31f3 0xe0002 0x31f5 0x130007 0x549 0xd0 0x2cae 0x170007 0x1b31 0x68 0x117e 0x1b0005 0xd 0x1d605310 0x115d 0x0 0x0 0x1f0003 0x117d 0xffffffffffffff60 0x230005 0x3f 0x1d605310 0x1af2 0x0 0x0 0x270003 0x1b31 0xffffffffffffff18 oops 2 16 com/android/tools/r8/t/a/a/a/f/J 25 com/android/tools/r8/t/a/a/a/f/J
ciMethodData com/android/tools/r8/t/a/a/a/f/J e ()Lcom/android/tools/r8/t/a/a/a/f/J; 2 6584 orig 264 88 29 201 92 0 0 0 0 40 106 190 49 0 0 0 0 88 1 0 0 0 0 0 0 0 0 0 0 0 0 0 0 0 0 0 0 0 0 0 0 0 0 0 0 0 0 0 0 0 0 0 0 0 0 0 0 0 0 0 0 0 0 0 0 0 0 0 0 0 0 0 0 0 0 0 0 0 0 0 0 77 68 79 32 101 120 116 114 97 32 100 97 116 97 32 108 111 99 107 0 0 0 0 0 0 0 0 0 0 0 0 0 0 0 0 0 0 0 0 0 0 0 0 0 0 0 0 0 0 0 0 0 0 0 0 0 0 0 0 0 0 0 0 0 0 0 0 0 0 0 0 0 0 0 0 0 0 0 0 0 0 0 0 0 0 0 0 0 0 0 0 0 0 0 0 0 0 0 0 0 0 0 0 0 0 0 0 0 0 0 0 0 0 0 0 0 0 0 0 0 0 0 0 0 0 0 0 0 0 0 0 0 0 0 0 0 12 1 0 0 97 197 0 0 1 0 0 0 0 0 0 0 0 0 0 0 2 0 0 0 0 0 6 0 2 0 0 0 56 0 0 0 255 255 255 255 7 0 7 0 0 0 0 0 data 7 0x70007 0xcf3 0x38 0xbb9 0xb0003 0xbb9 0x18 oops 0
ciMethod com/android/tools/r8/t/a/a/a/f/G0 <init> (IF)V 73 1 314 0 0
ciMethod com/android/tools/r8/t/a/a/a/f/G0 <init> ()V 73 1 314 0 0
ciMethod com/android/tools/r8/t/a/a/a/f/G0 a (I)Z 73 1 387 0 0
ciMethod com/android/tools/r8/t/a/a/a/f/G0 h (I)V 25 305 3 0 0
ciMethodData com/android/tools/r8/ir/conversion/o a (Lcom/android/tools/r8/p/n/A;)Z 2 38858 orig 264 88 29 201 92 0 0 0 0 120 33 184 49 0 0 0 0 112 2 0 0 208 0 0 0 0 0 0 0 0 0 0 0 0 0 0 0 0 0 0 0 0 0 0 0 0 0 0 0 0 0 0 0 0 0 0 0 0 0 0 0 0 0 0 0 0 0 0 0 0 0 0 0 0 0 0 0 0 0 0 0 77 68 79 32 101 120 116 114 97 32 100 97 116 97 32 108 111 99 107 0 0 0 0 0 0 0 0 0 0 0 0 0 0 0 0 0 0 0 0 0 0 0 0 0 0 0 0 0 0 0 0 0 0 0 0 0 0 0 0 0 0 0 0 0 0 0 0 0 0 0 0 0 0 0 0 0 0 0 0 0 0 0 0 0 0 0 0 0 0 0 0 0 0 0 0 0 0 0 0 0 0 0 0 0 0 0 0 0 0 0 0 0 0 0 0 0 0 0 0 0 0 0 0 0 0 0 0 0 0 0 0 0 0 0 0 0 138 1 0 0 249 177 4 0 1 0 0 0 0 0 0 0 0 0 0 0 2 0 0 0 0 0 12 0 2 0 0 0 32 1 0 0 255 255 255 255 5 0 4 0 0 0 0 0 data 36 0x40005 0xb 0x1f831dd0 0x9638 0x0 0x0 0x70007 0x9646 0xc0 0x0 0xb0005 0x0 0x0 0x0 0x0 0x0 0xe0007 0x0 0x70 0x0 0x120005 0x0 0x0 0x0 0x0 0x0 0x150007 0x0 0x20 0x0 0x1b0005 0x7819 0x2148b0d0 0x1d7e 0x2148b180 0xb4 oops 3 2 com/android/tools/r8/utils/l0 32 com/android/tools/r8/p/n/F 34 com/android/tools/r8/p/n/a
ciMethodData com/android/tools/r8/utils/l0 a ()Z 2 39099 orig 264 88 29 201 92 0 0 0 0 8 129 185 49 0 0 0 0 128 1 0 0 0 0 0 0 0 0 0 0 0 0 0 0 0 0 0 0 0 0 0 0 0 0 0 0 0 0 0 0 0 0 0 0 0 0 0 0 0 0 0 0 0 0 0 0 0 0 0 0 0 0 0 0 0 0 0 0 0 0 0 0 77 68 79 32 101 120 116 114 97 32 100 97 116 97 32 108 111 99 107 0 0 0 0 0 0 0 0 0 0 0 0 0 0 0 0 0 0 0 0 0 0 0 0 0 0 0 0 0 0 0 0 0 0 0 0 0 0 0 0 0 0 0 0 0 0 0 0 0 0 0 0 0 0 0 0 0 0 0 0 0 0 0 0 0 0 0 0 0 0 0 0 0 0 0 0 0 0 0 0 0 0 0 0 0 0 0 0 0 0 0 0 0 0 0 0 0 0 0 0 0 0 0 0 0 0 0 0 0 0 0 0 0 0 0 0 0 137 1 0 0 145 185 4 0 1 0 0 0 0 0 0 0 0 0 0 0 2 0 0 0 0 0 6 0 2 0 0 0 56 0 0 0 255 255 255 255 7 0 4 0 0 0 0 0 data 7 0x40007 0x9732 0x38 0x0 0x80003 0x0 0x18 oops 0
ciMethod com/android/tools/r8/t/a/a/a/f/j0 <init> (Lcom/android/tools/r8/t/a/a/a/f/k0;I)V 5777 1 638 0 0
ciMethod com/android/tools/r8/t/a/a/a/f/j0 hasNext ()Z 9785 1 2117 0 0
ciMethod com/android/tools/r8/t/a/a/a/f/j0 i ()I 6641 1 742 0 0
ciMethod com/android/tools/r8/t/a/a/a/f/l <init> ()V 5777 1 638 0 0
ciMethodData com/android/tools/r8/t/a/a/a/f/K get (I)Ljava/lang/Object; 2 10093 orig 264 88 29 201 92 0 0 0 0 176 88 190 49 0 0 0 0 184 1 0 0 0 0 0 0 0 0 0 0 0 0 0 0 0 0 0 0 0 0 0 0 0 0 0 0 0 0 0 0 0 0 0 0 0 0 0 0 0 0 0 0 0 0 0 0 0 0 0 0 0 0 0 0 0 0 0 0 0 0 0 0 77 68 79 32 101 120 116 114 97 32 100 97 116 97 32 108 111 99 107 0 0 0 0 0 0 0 0 0 0 0 0 0 0 0 0 0 0 0 0 0 0 0 0 0 0 0 0 0 0 0 0 0 0 0 0 0 0 0 0 0 0 0 0 0 0 0 0 0 0 0 0 0 0 0 0 0 0 0 0 0 0 0 0 0 0 0 0 0 0 0 0 0 0 0 0 0 0 0 0 0 0 0 0 0 0 0 0 0 0 0 0 0 0 0 0 0 0 0 0 0 0 0 0 0 0 0 0 0 0 0 0 0 0 0 0 0 0 2 0 0 105 43 1 0 1 0 0 0 0 0 0 0 0 0 0 0 2 0 0 0 0 0 6 0 2 0 0 0 104 0 0 0 255 255 255 255 5 0 2 0 0 0 0 0 data 13 0x20005 0x36 0x1f6550e0 0x2539 0x0 0x0 0x70007 0xc0b 0x38 0x196a 0xe0003 0x196a 0x18 oops 1 2 com/android/tools/r8/t/a/a/a/f/K
ciMethodData com/android/tools/r8/ir/conversion/o b (Lcom/android/tools/r8/p/n/A;)Z 2 12519 orig 264 88 29 201 92 0 0 0 0 208 45 184 49 0 0 0 0 192 2 0 0 64 1 0 0 0 0 0 0 0 0 0 0 0 0 0 0 0 0 0 0 0 0 0 0 0 0 0 0 0 0 0 0 0 0 0 0 0 0 0 0 0 0 0 0 0 0 0 0 0 0 0 0 0 0 0 0 0 0 0 0 77 68 79 32 101 120 116 114 97 32 100 97 116 97 32 108 111 99 107 0 0 0 0 0 0 0 0 0 0 0 0 0 0 0 0 0 0 0 0 0 0 0 0 0 0 0 0 0 0 0 0 0 0 0 0 0 0 0 0 0 0 0 0 0 0 0 0 0 0 0 0 0 0 0 0 0 0 0 0 0 0 0 0 0 0 0 0 0 0 0 0 0 0 0 0 0 0 0 0 0 0 0 0 0 0 0 0 0 0 0 0 0 0 0 0 0 0 0 0 0 0 0 0 0 0 0 0 0 0 0 0 0 0 0 0 0 152 1 0 0 121 122 1 0 1 0 0 0 0 0 0 0 0 0 0 0 2 0 0 0 0 0 13 0 2 0 0 0 112 1 0 0 255 255 255 255 5 0 1 0 0 0 0 0 data 46 0x10005 0x1fa4 0x1d6bf970 0x82b 0x22bb6f70 0x781 0x40007 0x3b5 0x140 0x2b9b 0x80005 0x1bed 0x1d6bf970 0x82d 0x22bb6f70 0x781 0xb0007 0x350 0xf0 0x284a 0xf0004 0xffffffffffffd7be 0x22bb6650 0x9 0x0 0x0 0x120007 0x9 0xa0 0x2841 0x160004 0xffffffffffffd831 0x1b865ed0 0x74 0x0 0x0 0x190007 0x27ce 0x38 0x74 0x1c0003 0x74 0x30 0x200003 0x27ce 0x18 oops 6 2 com/android/tools/r8/p/n/E 4 com/android/tools/r8/p/n/O 12 com/android/tools/r8/p/n/E 14 com/android/tools/r8/p/n/O 22 com/android/tools/r8/p/n/U 32 com/android/tools/r8/p/n/V
ciMethodData com/android/tools/r8/t/a/a/a/f/g <init> ()V 2 24584 orig 264 88 29 201 92 0 0 0 0 120 121 187 49 0 0 0 0 48 1 0 0 0 0 0 0 0 0 0 0 0 0 0 0 0 0 0 0 0 0 0 0 0 0 0 0 0 0 0 0 0 0 0 0 0 0 0 0 0 0 0 0 0 0 0 0 0 0 0 0 0 0 0 0 0 0 0 0 0 0 0 0 77 68 79 32 101 120 116 114 97 32 100 97 116 97 32 108 111 99 107 0 0 0 0 0 0 0 0 0 0 0 0 0 0 0 0 0 0 0 0 0 0 0 0 0 0 0 0 0 0 0 0 0 0 0 0 0 0 0 0 0 0 0 0 0 0 0 0 0 0 0 0 0 0 0 0 0 0 0 0 0 0 0 0 0 0 0 0 0 0 0 0 0 0 0 0 0 0 0 0 0 0 0 0 0 0 0 0 0 0 0 0 0 0 0 0 0 0 0 0 0 0 0 0 0 0 0 0 0 0 0 0 0 0 0 0 0 5 1 0 0 25 248 2 0 1 0 0 0 0 0 0 0 0 0 0 0 2 0 0 0 0 0 3 0 2 0 0 0 16 0 0 0 255 255 255 255 2 0 1 0 0 0 0 0 data 2 0x10002 0x5f04 oops 0
ciMethodData com/android/tools/r8/t/a/a/a/h/Z0 a (Ljava/lang/Object;)I 2 11932 orig 264 88 29 201 92 0 0 0 0 160 83 169 49 0 0 0 0 72 2 0 0 152 0 0 0 0 0 0 0 0 0 0 0 0 0 0 0 0 0 0 0 0 0 0 0 0 0 0 0 0 0 0 0 0 0 0 0 0 0 0 0 0 0 0 0 0 0 0 0 0 0 0 0 0 0 0 0 0 0 0 0 77 68 79 32 101 120 116 114 97 32 100 97 116 97 32 108 111 99 107 0 0 0 0 0 0 0 0 0 0 0 0 0 0 0 0 0 0 0 0 0 0 0 0 0 0 0 0 0 0 0 0 0 0 0 0 0 0 0 0 0 0 0 0 0 0 0 0 0 0 0 0 0 0 0 0 0 0 0 0 0 0 0 0 0 0 0 0 0 0 0 0 0 0 0 0 0 0 0 0 0 0 0 0 0 0 0 0 0 0 0 0 0 0 0 0 0 0 0 0 0 0 0 0 0 0 0 0 0 0 0 0 0 0 0 0 0 66 2 0 0 57 108 1 0 185 24 1 0 0 0 0 0 0 0 0 0 2 0 0 0 1 0 17 0 2 0 0 0 248 0 0 0 255 255 255 255 7 0 1 0 0 0 0 0 data 31 0x10007 0x2d86 0x58 0x0 0x80007 0x0 0x38 0x0 0x140003 0x0 0x18 0x230002 0x2d86 0x260002 0x2d85 0x340007 0x2d7f 0x20 0x4 0x3f0007 0xb13 0x20 0x226f 0x580007 0x233f 0x20 0x0 0x630007 0x182c 0xffffffffffffffe0 0xb13 oops 0
ciMethodData com/android/tools/r8/t/a/a/a/f/K a (I)Z 2 22432 orig 264 88 29 201 92 0 0 0 0 176 86 190 49 0 0 0 0 184 1 0 0 0 0 0 0 0 0 0 0 0 0 0 0 0 0 0 0 0 0 0 0 0 0 0 0 0 0 0 0 0 0 0 0 0 0 0 0 0 0 0 0 0 0 0 0 0 0 0 0 0 0 0 0 0 0 0 0 0 0 0 0 77 68 79 32 101 120 116 114 97 32 100 97 116 97 32 108 111 99 107 0 0 0 0 0 0 0 0 0 0 0 0 0 0 0 0 0 0 0 0 0 0 0 0 0 0 0 0 0 0 0 0 0 0 0 0 0 0 0 0 0 0 0 0 0 0 0 0 0 0 0 0 0 0 0 0 0 0 0 0 0 0 0 0 0 0 0 0 0 0 0 0 0 0 0 0 0 0 0 0 0 0 0 0 0 0 0 0 0 0 0 0 0 0 0 0 0 0 0 0 0 0 0 0 0 0 0 0 0 0 0 0 0 0 0 0 0 0 2 0 0 1 173 2 0 1 0 0 0 0 0 0 0 0 0 0 0 2 0 0 0 0 0 6 0 2 0 0 0 104 0 0 0 255 255 255 255 5 0 2 0 0 0 0 0 data 13 0x20005 0x104 0x1f6550e0 0x549c 0x0 0x0 0x50007 0x4ad8 0x38 0xacc 0x90003 0xacc 0x18 oops 1 2 com/android/tools/r8/t/a/a/a/f/K
ciMethodData com/android/tools/r8/t/a/a/a/c b (IF)I 2 24681 orig 264 88 29 201 92 0 0 0 0 176 88 122 48 0 0 0 0 112 1 0 0 0 0 0 0 0 0 0 0 0 0 0 0 0 0 0 0 0 0 0 0 0 0 0 0 0 0 0 0 0 0 0 0 0 0 0 0 0 0 0 0 0 0 0 0 0 0 0 0 0 0 0 0 0 0 0 0 0 0 0 0 77 68 79 32 101 120 116 114 97 32 100 97 116 97 32 108 111 99 107 0 0 0 0 0 0 0 0 0 0 0 0 0 0 0 0 0 0 0 0 0 0 0 0 0 0 0 0 0 0 0 0 0 0 0 0 0 0 0 0 0 0 0 0 0 0 0 0 0 0 0 0 0 0 0 0 0 0 0 0 0 0 0 0 0 0 0 0 0 0 0 0 0 0 0 0 0 0 0 0 0 0 0 0 0 0 0 0 0 0 0 0 0 0 0 0 0 0 0 0 0 0 0 0 0 0 0 0 0 0 0 0 0 0 0 0 0 0 2 0 0 73 243 2 0 1 0 0 0 0 0 0 0 0 0 0 0 2 0 0 0 0 0 7 0 2 0 0 0 32 0 0 0 255 255 255 255 2 0 5 0 0 0 0 0 data 4 0x50002 0x5e6e 0xc0002 0x5e73 oops 0
ciMethodData com/android/tools/r8/ir/conversion/o a (ILcom/android/tools/r8/ir/conversion/N;)I 2 19429 orig 264 88 29 201 92 0 0 0 0 176 54 184 49 0 0 0 0 72 7 0 0 72 5 0 0 0 0 0 0 0 0 0 0 0 0 0 0 0 0 0 0 0 0 0 0 0 0 0 0 0 0 0 0 0 0 0 0 0 0 0 0 0 0 0 0 0 0 0 0 0 0 0 0 0 0 0 0 0 0 0 0 77 68 79 32 101 120 116 114 97 32 100 97 116 97 32 108 111 99 107 0 0 0 0 0 0 0 0 0 0 0 0 0 0 0 0 0 0 0 0 0 0 0 0 0 0 0 0 0 0 0 0 0 0 0 0 0 0 0 0 0 0 0 0 0 0 0 0 0 0 0 0 0 0 0 0 0 0 0 0 0 0 0 0 0 0 0 0 0 0 0 0 0 0 0 0 0 0 0 0 0 0 0 0 0 0 0 0 0 0 0 0 0 0 0 0 0 0 0 0 0 0 0 0 0 0 0 0 0 0 0 0 0 0 0 0 0 0 2 0 0 41 79 2 0 169 72 0 0 0 0 0 0 0 0 0 0 2 0 0 0 2 0 42 0 2 0 0 0 240 5 0 0 255 255 255 255 5 0 5 0 0 0 0 0 data 190 0x50005 0x0 0x1b8657f0 0x49e5 0x0 0x0 0x90005 0x0 0x1b8658a0 0x49df 0x0 0x0 0xe0004 0x0 0x1b865950 0x943 0x1b865a00 0x244 0x1a0007 0x49e5 0xf8 0x0 0x1f0005 0x0 0x0 0x0 0x0 0x0 0x250004 0x0 0x0 0x0 0x0 0x0 0x2c0005 0x0 0x0 0x0 0x0 0x0 0x2f0007 0x0 0x38 0x0 0x320003 0x0 0x28 0x390002 0x0 0x3f0002 0x49e0 0x420007 0x3563 0x380 0x1475 0x490005 0x0 0x1b865ab0 0x1475 0x0 0x0 0x4c0002 0x1475 0x520005 0x0 0x1b865b60 0x1474 0x0 0x0 0x550007 0x1343 0x288 0x133 0x600005 0x0 0x1b864f80 0x133 0x0 0x0 0x690002 0x133 0x6f0005 0x0 0x1b865c10 0x133 0x0 0x0 0x780005 0x0 0x1b865cc0 0x290 0x0 0x0 0x7d0007 0x133 0x148 0x15d 0x830005 0x0 0x1b865cc0 0x15d 0x0 0x0 0x880004 0x0 0x183f4370 0x15d 0x0 0x0 0x8b0005 0x8 0x183f4370 0x155 0x0 0x0 0x910005 0x0 0x1b865d70 0x15d 0x0 0x0 0x940007 0x0 0xfffffffffffffef0 0x15d 0x9b0005 0x0 0x1b864f80 0x15d 0x0 0x0 0x9e0003 0x15d 0xfffffffffffffea0 0xa20004 0xfffffffffffffedb 0x1b865e20 0x2 0x1b865950 0x3 0xa50007 0xe 0x50 0x125 0xae0005 0x0 0x1b864f80 0x125 0x0 0x0 0xb90004 0xffffffffffffed91 0x1b865950 0x24 0x1b865ed0 0xd4 0xc50007 0x126f 0x38 0xd4 0xc80003 0xd4 0x18 0xd10002 0x3564 0xd40007 0x2eb6 0xc8 0x6b4 0xd90002 0x6b4 0xe90007 0x6b3 0x68 0x663 0xf40005 0x0 0x1b864f80 0x663 0x0 0x0 0xfa0003 0x663 0xffffffffffffffb0 0x1040005 0x3e7 0x1b865f80 0xa4 0x1b866030 0x229 oops 22 2 com/android/tools/r8/graph/l 8 java/util/Collections$UnmodifiableRandomAccessList 14 com/android/tools/r8/p/n/B 16 com/android/tools/r8/p/n/T 57 com/android/tools/r8/graph/f 65 com/android/tools/r8/ir/conversion/n 75 com/android/tools/r8/ir/conversion/N 83 com/android/tools/r8/t/a/a/a/f/k0 89 com/android/tools/r8/t/a/a/a/f/j0 99 com/android/tools/r8/t/a/a/a/f/j0 105 java/lang/Integer 111 java/lang/Integer 117 com/android/tools/r8/t/a/a/a/f/G0 127 com/android/tools/r8/ir/conversion/N 136 com/android/tools/r8/p/n/n 138 com/android/tools/r8/p/n/B 146 com/android/tools/r8/ir/conversion/N 152 com/android/tools/r8/p/n/B 154 com/android/tools/r8/p/n/V 177 com/android/tools/r8/ir/conversion/N 186 com/android/tools/r8/p/n/w 188 com/android/tools/r8/p/n/P
ciMethodData com/android/tools/r8/t/a/a/a/f/c <init> ()V 2 23060 orig 264 88 29 201 92 0 0 0 0 88 14 118 48 0 0 0 0 48 1 0 0 0 0 0 0 0 0 0 0 0 0 0 0 0 0 0 0 0 0 0 0 0 0 0 0 0 0 0 0 0 0 0 0 0 0 0 0 0 0 0 0 0 0 0 0 0 0 0 0 0 0 0 0 0 0 0 0 0 0 0 0 77 68 79 32 101 120 116 114 97 32 100 97 116 97 32 108 111 99 107 0 0 0 0 0 0 0 0 0 0 0 0 0 0 0 0 0 0 0 0 0 0 0 0 0 0 0 0 0 0 0 0 0 0 0 0 0 0 0 0 0 0 0 0 0 0 0 0 0 0 0 0 0 0 0 0 0 0 0 0 0 0 0 0 0 0 0 0 0 0 0 0 0 0 0 0 0 0 0 0 0 0 0 0 0 0 0 0 0 0 0 0 0 0 0 0 0 0 0 0 0 0 0 0 0 0 0 0 0 0 0 0 0 0 0 0 0 0 2 0 0 161 192 2 0 1 0 0 0 0 0 0 0 0 0 0 0 2 0 0 0 0 0 3 0 2 0 0 0 16 0 0 0 255 255 255 255 2 0 1 0 0 0 0 0 data 2 0x10002 0x5814 oops 0
ciMethodData com/android/tools/r8/t/a/a/a/f/e <init> ()V 2 23058 orig 264 88 29 201 92 0 0 0 0 152 45 118 48 0 0 0 0 48 1 0 0 0 0 0 0 0 0 0 0 0 0 0 0 0 0 0 0 0 0 0 0 0 0 0 0 0 0 0 0 0 0 0 0 0 0 0 0 0 0 0 0 0 0 0 0 0 0 0 0 0 0 0 0 0 0 0 0 0 0 0 0 77 68 79 32 101 120 116 114 97 32 100 97 116 97 32 108 111 99 107 0 0 0 0 0 0 0 0 0 0 0 0 0 0 0 0 0 0 0 0 0 0 0 0 0 0 0 0 0 0 0 0 0 0 0 0 0 0 0 0 0 0 0 0 0 0 0 0 0 0 0 0 0 0 0 0 0 0 0 0 0 0 0 0 0 0 0 0 0 0 0 0 0 0 0 0 0 0 0 0 0 0 0 0 0 0 0 0 0 0 0 0 0 0 0 0 0 0 0 0 0 0 0 0 0 0 0 0 0 0 0 0 0 0 0 0 0 0 2 0 0 145 192 2 0 1 0 0 0 0 0 0 0 0 0 0 0 2 0 0 0 0 0 3 0 2 0 0 0 16 0 0 0 255 255 255 255 2 0 1 0 0 0 0 0 data 2 0x10002 0x5814 oops 0
ciMethodData com/android/tools/r8/t/a/a/a/f/m <init> ()V 2 16463 orig 264 88 29 201 92 0 0 0 0 224 73 188 49 0 0 0 0 48 1 0 0 0 0 0 0 0 0 0 0 0 0 0 0 0 0 0 0 0 0 0 0 0 0 0 0 0 0 0 0 0 0 0 0 0 0 0 0 0 0 0 0 0 0 0 0 0 0 0 0 0 0 0 0 0 0 0 0 0 0 0 0 77 68 79 32 101 120 116 114 97 32 100 97 116 97 32 108 111 99 107 0 0 0 0 0 0 0 0 0 0 0 0 0 0 0 0 0 0 0 0 0 0 0 0 0 0 0 0 0 0 0 0 0 0 0 0 0 0 0 0 0 0 0 0 0 0 0 0 0 0 0 0 0 0 0 0 0 0 0 0 0 0 0 0 0 0 0 0 0 0 0 0 0 0 0 0 0 0 0 0 0 0 0 0 0 0 0 0 0 0 0 0 0 0 0 0 0 0 0 0 0 0 0 0 0 0 0 0 0 0 0 0 0 0 0 0 0 0 2 0 0 121 242 1 0 1 0 0 0 0 0 0 0 0 0 0 0 2 0 0 0 0 0 3 0 2 0 0 0 16 0 0 0 255 255 255 255 2 0 1 0 0 0 0 0 data 2 0x10002 0x3e4f oops 0
ciMethodData com/android/tools/r8/ir/conversion/n a ()Z 2 10777 orig 264 88 29 201 92 0 0 0 0 32 9 192 49 0 0 0 0 64 2 0 0 184 0 0 0 0 0 0 0 0 0 0 0 0 0 0 0 0 0 0 0 0 0 0 0 0 0 0 0 0 0 0 0 0 0 0 0 0 0 0 0 0 0 0 0 0 0 0 0 0 0 0 0 0 0 0 0 0 0 0 0 77 68 79 32 101 120 116 114 97 32 100 97 116 97 32 108 111 99 107 0 0 0 0 0 0 0 0 0 0 0 0 0 0 0 0 0 0 0 0 0 0 0 0 0 0 0 0 0 0 0 0 0 0 0 0 0 0 0 0 0 0 0 0 0 0 0 0 0 0 0 0 0 0 0 0 0 0 0 0 0 0 0 0 0 0 0 0 0 0 0 0 0 0 0 0 0 0 0 0 0 0 0 0 0 0 0 0 0 0 0 0 0 0 0 0 0 0 0 0 0 0 0 0 0 0 0 0 0 0 0 0 0 0 0 0 0 174 1 0 0 89 67 1 0 1 0 0 0 0 0 0 0 0 0 0 0 2 0 0 0 0 0 4 0 2 0 0 0 248 0 0 0 255 255 255 255 7 0 3 0 0 0 0 0 data 31 0x30007 0x286a 0xc8 0x0 0xa0005 0x0 0x0 0x0 0x0 0x0 0x130005 0x0 0x0 0x0 0x0 0x0 0x180007 0x0 0x38 0x0 0x1b0003 0x0 0x28 0x220002 0x0 0x2a0005 0x0 0x24689f30 0x286b 0x0 0x0 oops 1 27 java/util/ArrayList
ciMethodData com/android/tools/r8/t/a/a/a/f/G0 <init> ()V 1 314 orig 264 88 29 201 92 0 0 0 0 72 236 212 49 0 0 0 0 48 1 0 0 0 0 0 0 0 0 0 0 0 0 0 0 0 0 0 0 0 0 0 0 0 0 0 0 0 0 0 0 0 0 0 0 0 0 0 0 0 0 0 0 0 0 0 0 0 0 0 0 0 0 0 0 0 0 0 0 0 0 0 0 77 68 79 32 101 120 116 114 97 32 100 97 116 97 32 108 111 99 107 0 0 0 0 0 0 0 0 0 0 0 0 0 0 0 0 0 0 0 0 0 0 0 0 0 0 0 0 0 0 0 0 0 0 0 0 0 0 0 0 0 0 0 0 0 0 0 0 0 0 0 0 0 0 0 0 0 0 0 0 0 0 0 0 0 0 0 0 0 0 0 0 0 0 0 0 0 0 0 0 0 0 0 0 0 0 0 0 0 0 0 0 0 0 0 0 0 0 0 0 0 0 0 0 0 0 0 0 0 0 0 0 0 0 0 0 0 9 0 0 0 137 9 0 0 1 0 0 0 0 0 0 0 0 0 0 0 2 0 0 0 0 0 0 0 0 0 0 0 16 0 0 0 255 255 255 255 2 0 5 0 0 0 0 0 data 2 0x50002 0x131 oops 0
ciMethodData com/android/tools/r8/t/a/a/a/f/G0 <init> (IF)V 1 314 orig 264 88 29 201 92 0 0 0 0 152 235 212 49 0 0 0 0 8 2 0 0 128 0 0 0 0 0 0 0 0 0 0 0 0 0 0 0 0 0 0 0 0 0 0 0 0 0 0 0 0 0 0 0 0 0 0 0 0 0 0 0 0 0 0 0 0 0 0 0 0 0 0 0 0 0 0 0 0 0 0 0 77 68 79 32 101 120 116 114 97 32 100 97 116 97 32 108 111 99 107 0 0 0 0 0 0 0 0 0 0 0 0 0 0 0 0 0 0 0 0 0 0 0 0 0 0 0 0 0 0 0 0 0 0 0 0 0 0 0 0 0 0 0 0 0 0 0 0 0 0 0 0 0 0 0 0 0 0 0 0 0 0 0 0 0 0 0 0 0 0 0 0 0 0 0 0 0 0 0 0 0 0 0 0 0 0 0 0 0 0 0 0 0 0 0 0 0 0 0 0 0 0 0 0 0 0 0 0 0 0 0 0 0 0 0 0 0 9 0 0 0 137 9 0 0 1 0 0 0 0 0 0 0 0 0 0 0 2 0 0 0 0 0 0 0 0 0 0 0 176 0 0 0 255 255 255 255 2 0 2 0 0 0 0 0 data 22 0x20002 0x131 0x70007 0x0 0x90 0x131 0xd0007 0x0 0x70 0x131 0x110007 0x0 0x40 0x131 0x1e0002 0x131 0x300002 0x131 0x470002 0x0 0x510002 0x0 oops 0
ciMethodData com/android/tools/r8/t/a/a/a/f/G0 a (I)Z 1 387 orig 264 88 29 201 92 0 0 0 0 16 242 212 49 0 0 0 0 152 2 0 0 136 0 0 0 0 0 0 0 0 0 0 0 0 0 0 0 0 0 0 0 0 0 0 0 0 0 0 0 0 0 0 0 0 0 0 0 0 0 0 0 0 0 0 0 0 0 0 0 0 0 0 0 0 0 0 0 0 0 0 0 77 68 79 32 101 120 116 114 97 32 100 97 116 97 32 108 111 99 107 0 0 0 0 0 0 0 0 0 0 0 0 0 0 0 0 0 0 0 0 0 0 0 0 0 0 0 0 0 0 0 0 0 0 0 0 0 0 0 0 0 0 0 0 0 0 0 0 0 0 0 0 0 0 0 0 0 0 0 0 0 0 0 0 0 0 0 0 0 0 0 0 0 0 0 0 0 0 0 0 0 0 0 0 0 0 0 0 0 0 0 0 0 0 0 0 0 0 0 0 0 0 0 0 0 0 0 0 0 0 0 0 0 0 0 0 0 9 0 0 0 209 11 0 0 1 0 0 0 0 0 0 0 0 0 0 0 2 0 0 0 0 0 0 0 0 0 0 0 72 1 0 0 255 255 255 255 7 0 1 0 0 0 0 0 data 41 0x10007 0x177 0x58 0x3 0x80007 0x2 0x20 0x1 0x120003 0x2 0xa8 0x1c0002 0x177 0x2a0007 0x171 0x80 0x6 0x300007 0x0 0x20 0x6 0x440007 0x0 0x40 0x0 0x4a0007 0x0 0xffffffffffffffe0 0x0 0x660007 0x173 0x60 0x0 0x710002 0x0 0x740005 0x0 0x0 0x0 0x0 0x0 oops 0
ciMethodData com/android/tools/r8/ir/conversion/N d (II)V 1 350 orig 264 88 29 201 92 0 0 0 0 0 102 186 49 0 0 0 0 64 1 0 0 0 0 0 0 0 0 0 0 0 0 0 0 0 0 0 0 0 0 0 0 0 0 0 0 0 0 0 0 0 0 0 0 0 0 0 0 0 0 0 0 0 0 0 0 0 0 0 0 0 0 0 0 0 0 0 0 0 0 0 0 77 68 79 32 101 120 116 114 97 32 100 97 116 97 32 108 111 99 107 0 0 0 0 0 0 0 0 0 0 0 0 0 0 0 0 0 0 0 0 0 0 0 0 0 0 0 0 0 0 0 0 0 0 0 0 0 0 0 0 0 0 0 0 0 0 0 0 0 0 0 0 0 0 0 0 0 0 0 0 0 0 0 0 0 0 0 0 0 0 0 0 0 0 0 0 0 0 0 0 0 0 0 0 0 0 0 0 0 0 0 0 0 0 0 0 0 0 0 0 0 0 0 0 0 0 0 0 0 0 0 0 0 0 0 0 0 9 0 0 0 169 10 0 0 1 0 0 0 0 0 0 0 0 0 0 0 2 0 0 0 0 0 0 0 0 0 0 0 16 0 0 0 255 255 255 255 2 0 4 0 0 0 0 0 data 2 0x40002 0x155 oops 0
ciMethodData com/android/tools/r8/ir/conversion/N a (IIZ)V 2 2369 orig 264 88 29 201 92 0 0 0 0 48 247 185 49 0 0 0 0 160 4 0 0 224 2 0 0 0 0 0 0 0 0 0 0 0 0 0 0 0 0 0 0 0 0 0 0 0 0 0 0 0 0 0 0 0 0 0 0 0 0 0 0 0 0 0 0 0 0 0 0 0 0 0 0 0 0 0 0 0 0 0 0 77 68 79 32 101 120 116 114 97 32 100 97 116 97 32 108 111 99 107 0 0 0 0 0 0 0 0 0 0 0 0 0 0 0 0 0 0 0 0 0 0 0 0 0 0 0 0 0 0 0 0 0 0 0 0 0 0 0 0 0 0 0 0 0 0 0 0 0 0 0 0 0 0 0 0 0 0 0 0 0 0 0 0 0 0 0 0 0 0 0 0 0 0 0 0 0 0 0 0 0 0 0 0 0 0 0 0 0 0 0 0 0 0 0 0 0 0 0 0 0 0 0 0 0 0 0 0 0 0 0 0 0 0 0 0 0 70 0 0 0 169 46 0 0 1 0 0 0 0 0 0 0 0 0 0 0 2 0 0 0 0 0 20 0 2 0 0 0 64 3 0 0 255 255 255 255 7 0 1 0 0 0 0 0 data 104 0x10007 0xf 0xc0 0x5c6 0xa0005 0x0 0x1b864d50 0x5c5 0x0 0x0 0xf0002 0x5c6 0x120007 0x1aa 0x60 0x41b 0x1a0002 0x41b 0x1d0005 0x0 0x1f655030 0x41b 0x0 0x0 0x260005 0x0 0x1b864f80 0x5d5 0x0 0x0 0x2f0005 0x0 0x1f6550e0 0x5d5 0x0 0x0 0x340007 0x4e9 0x38 0xeb 0x370003 0xeb 0x78 0x3f0005 0x0 0x1f6550e0 0x4ea 0x0 0x0 0x440005 0x0 0x1f655190 0x4ea 0x0 0x0 0x500005 0x0 0x1f6550e0 0x5d4 0x0 0x0 0x550004 0x0 0x1b86baa0 0x5d3 0x0 0x0 0x590007 0xea 0x98 0x4ea 0x630005 0x0 0x1cfb54b0 0x4e9 0x0 0x0 0x6d0005 0x0 0x1cfb54b0 0x4eb 0x0 0x0 0x730003 0x4eb 0x78 0x7d0005 0x0 0x1cfb54b0 0xea 0x0 0x0 0x870005 0x0 0x1cfb54b0 0xea 0x0 0x0 0x920005 0x0 0x1cfb3fe0 0x5d5 0x0 0x0 oops 13 6 com/android/tools/r8/ir/conversion/o 20 java/util/LinkedList 26 com/android/tools/r8/ir/conversion/N 32 com/android/tools/r8/t/a/a/a/f/K 45 com/android/tools/r8/t/a/a/a/f/K 51 com/android/tools/r8/t/a/a/a/f/K$d 57 com/android/tools/r8/t/a/a/a/f/K 63 com/android/tools/r8/ir/conversion/N$b 73 com/android/tools/r8/t/a/a/a/f/m0 79 com/android/tools/r8/t/a/a/a/f/m0 88 com/android/tools/r8/t/a/a/a/f/m0 94 com/android/tools/r8/t/a/a/a/f/m0 100 com/android/tools/r8/s/b/o
ciMethodData com/android/tools/r8/ir/conversion/N e (II)V 2 1959 orig 264 88 29 201 92 0 0 0 0 104 101 186 49 0 0 0 0 64 1 0 0 0 0 0 0 0 0 0 0 0 0 0 0 0 0 0 0 0 0 0 0 0 0 0 0 0 0 0 0 0 0 0 0 0 0 0 0 0 0 0 0 0 0 0 0 0 0 0 0 0 0 0 0 0 0 0 0 0 0 0 0 77 68 79 32 101 120 116 114 97 32 100 97 116 97 32 108 111 99 107 0 0 0 0 0 0 0 0 0 0 0 0 0 0 0 0 0 0 0 0 0 0 0 0 0 0 0 0 0 0 0 0 0 0 0 0 0 0 0 0 0 0 0 0 0 0 0 0 0 0 0 0 0 0 0 0 0 0 0 0 0 0 0 0 0 0 0 0 0 0 0 0 0 0 0 0 0 0 0 0 0 0 0 0 0 0 0 0 0 0 0 0 0 0 0 0 0 0 0 0 0 0 0 0 0 0 0 0 0 0 0 0 0 0 0 0 0 60 0 0 0 89 59 0 0 1 0 0 0 0 0 0 0 0 0 0 0 2 0 0 0 0 0 0 0 0 0 0 0 16 0 0 0 255 255 255 255 2 0 4 0 0 0 0 0 data 2 0x40002 0x76b oops 0
ciMethodData com/android/tools/r8/ir/conversion/o i (I)[I 2 3776 orig 264 88 29 201 92 0 0 0 0 40 39 184 49 0 0 0 0 128 8 0 0 8 7 0 0 0 0 0 0 0 0 0 0 0 0 0 0 0 0 0 0 0 0 0 0 0 0 0 0 0 0 0 0 0 0 0 0 0 0 0 0 0 0 0 0 0 0 0 0 0 0 0 0 0 0 0 0 0 0 0 0 77 68 79 32 101 120 116 114 97 32 100 97 116 97 32 108 111 99 107 0 0 0 0 0 0 0 0 0 0 0 0 0 0 0 0 0 0 0 0 0 0 0 0 0 0 0 0 0 0 0 0 0 0 0 0 0 0 0 0 0 0 0 0 0 0 0 0 0 0 0 0 0 0 0 0 0 0 0 0 0 0 0 0 0 0 0 0 0 0 0 0 0 0 0 0 0 0 0 0 0 0 0 0 0 0 0 0 0 0 0 0 0 0 0 0 0 0 0 0 0 0 0 0 0 0 0 0 0 0 0 0 0 0 0 0 0 158 0 0 0 9 113 0 0 129 1 0 0 0 0 0 0 0 0 0 0 2 0 0 0 1 0 27 0 2 0 0 0 48 7 0 0 255 255 255 255 5 0 4 0 0 0 0 0 data 230 0x40005 0x0 0x1b8657f0 0xe22 0x0 0x0 0x80005 0x0 0x1b8658a0 0xe21 0x0 0x0 0xd0004 0x0 0x1b865ed0 0xde 0x1b866030 0x442 0x160007 0xe22 0x78 0x0 0x1b0002 0x0 0x1e0007 0x0 0x38 0x0 0x210003 0x0 0x28 0x280002 0x0 0x2e0005 0x902 0x1b865ed0 0xde 0x1b866030 0x442 0x330005 0x902 0x1b865ed0 0xde 0x1b866030 0x442 0x360007 0x649 0x560 0x7d9 0x3a0004 0xfffffffffffff905 0x1b865ed0 0xde 0x1cbb87e0 0x14b 0x3d0007 0x6fb 0x38 0xde 0x400003 0xde 0x4f0 0x440007 0x6fb 0x188 0x0 0x480004 0x0 0x0 0x0 0x0 0x0 0x4b0007 0x0 0x138 0x0 0x500007 0x0 0x38 0x0 0x530003 0x0 0xf8 0x5e0002 0x0 0x640005 0x0 0x0 0x0 0x0 0x0 0x680005 0x0 0x0 0x0 0x0 0x0 0x6b0005 0x0 0x0 0x0 0x0 0x0 0x6e0005 0x0 0x0 0x0 0x0 0x0 0x710002 0x0 0x760004 0xfffffffffffff90d 0x1cbb87e0 0x14b 0x22bbb370 0x98 0x790007 0x6f3 0x208 0x8 0x7d0004 0x0 0x22bb6650 0x8 0x0 0x0 0x820005 0x0 0x22bb6650 0x8 0x0 0x0 0x870005 0x0 0x24689f30 0x8 0x0 0x0 0x970005 0x0 0x24689f30 0x38 0x0 0x0 0x9c0007 0x8 0x98 0x30 0xa90005 0x0 0x24689f30 0x30 0x0 0x0 0xae0005 0x0 0x1cbb8890 0x30 0x0 0x0 0xb70003 0x30 0xffffffffffffff50 0xbd0005 0x0 0x24689f30 0x8 0x0 0x0 0xc70005 0x0 0x22bb6650 0x8 0x0 0x0 0xca0005 0x0 0x1cbb8890 0x8 0x0 0x0 0xd80005 0x0 0x1cbb8890 0x6f3 0x0 0x0 0xde0004 0xfffffffffffffa87 0x1cbb87e0 0x14b 0x22bbb370 0x17b 0xe10007 0x579 0x20 0x17b 0xed0007 0x578 0x98 0x0 0xf10005 0x0 0x0 0x0 0x0 0x0 0xf40007 0x0 0x38 0x0 0xf70003 0x0 0x28 0xfe0002 0x0 0x1120007 0x725 0x68 0x0 0x1170007 0x0 0x38 0x0 0x11a0003 0x0 0x28 0x1210002 0x0 oops 24 2 com/android/tools/r8/graph/l 8 java/util/Collections$UnmodifiableRandomAccessList 14 com/android/tools/r8/p/n/V 16 com/android/tools/r8/p/n/P 35 com/android/tools/r8/p/n/V 37 com/android/tools/r8/p/n/P 41 com/android/tools/r8/p/n/V 43 com/android/tools/r8/p/n/P 51 com/android/tools/r8/p/n/V 53 com/android/tools/r8/p/n/v 113 com/android/tools/r8/p/n/v 115 com/android/tools/r8/p/n/u 123 com/android/tools/r8/p/n/U 129 com/android/tools/r8/p/n/U 135 java/util/ArrayList 141 java/util/ArrayList 151 java/util/ArrayList 157 com/android/tools/r8/t/a/a/a/h/Z0 166 java/util/ArrayList 172 com/android/tools/r8/p/n/U 178 com/android/tools/r8/t/a/a/a/h/Z0 184 com/android/tools/r8/t/a/a/a/h/Z0 190 com/android/tools/r8/p/n/v 192 com/android/tools/r8/p/n/u
ciMethodData com/android/tools/r8/ir/conversion/o g (I)I 2 3147 orig 264 88 29 201 92 0 0 0 0 192 50 184 49 0 0 0 0 40 1 0 0 0 0 0 0 0 0 0 0 0 0 0 0 0 0 0 0 0 0 0 0 0 0 0 0 0 0 0 0 0 0 0 0 0 0 0 0 0 0 0 0 0 0 0 0 0 0 0 0 0 0 0 0 0 0 0 0 0 0 0 0 77 68 79 32 101 120 116 114 97 32 100 97 116 97 32 108 111 99 107 0 0 0 0 0 0 0 0 0 0 0 0 0 0 0 0 0 0 0 0 0 0 0 0 0 0 0 0 0 0 0 0 0 0 0 0 0 0 0 0 0 0 0 0 0 0 0 0 0 0 0 0 0 0 0 0 0 0 0 0 0 0 0 0 0 0 0 0 0 0 0 0 0 0 0 0 0 0 0 0 0 0 0 0 0 0 0 0 0 0 0 0 0 0 0 0 0 0 0 0 0 0 0 0 0 0 0 0 0 0 0 0 0 0 0 0 0 0 2 0 0 89 82 0 0 1 0 0 0 0 0 0 0 0 0 0 0 2 0 0 0 0 0 3 0 1 0 0 0 0 0 0 0 255 255 255 255 0 0 0 0 0 0 0 0 data 0 oops 0
ciMethodData com/android/tools/r8/t/a/a/a/f/h <init> ()V 2 8007 orig 264 88 29 201 92 0 0 0 0 72 1 194 49 0 0 0 0 48 1 0 0 0 0 0 0 0 0 0 0 0 0 0 0 0 0 0 0 0 0 0 0 0 0 0 0 0 0 0 0 0 0 0 0 0 0 0 0 0 0 0 0 0 0 0 0 0 0 0 0 0 0 0 0 0 0 0 0 0 0 0 0 77 68 79 32 101 120 116 114 97 32 100 97 116 97 32 108 111 99 107 0 0 0 0 0 0 0 0 0 0 0 0 0 0 0 0 0 0 0 0 0 0 0 0 0 0 0 0 0 0 0 0 0 0 0 0 0 0 0 0 0 0 0 0 0 0 0 0 0 0 0 0 0 0 0 0 0 0 0 0 0 0 0 0 0 0 0 0 0 0 0 0 0 0 0 0 0 0 0 0 0 0 0 0 0 0 0 0 0 0 0 0 0 0 0 0 0 0 0 0 0 0 0 0 0 0 0 0 0 0 0 0 0 0 0 0 0 0 2 0 0 57 234 0 0 1 0 0 0 0 0 0 0 0 0 0 0 2 0 0 0 0 0 3 0 2 0 0 0 16 0 0 0 255 255 255 255 2 0 1 0 0 0 0 0 data 2 0x10002 0x1d46 oops 0
ciMethodData com/android/tools/r8/ir/conversion/N j (I)Z 2 7198 orig 264 88 29 201 92 0 0 0 0 232 245 185 49 0 0 0 0 224 1 0 0 64 0 0 0 0 0 0 0 0 0 0 0 0 0 0 0 0 0 0 0 0 0 0 0 0 0 0 0 0 0 0 0 0 0 0 0 0 0 0 0 0 0 0 0 0 0 0 0 0 0 0 0 0 0 0 0 0 0 0 0 77 68 79 32 101 120 116 114 97 32 100 97 116 97 32 108 111 99 107 0 0 0 0 0 0 0 0 0 0 0 0 0 0 0 0 0 0 0 0 0 0 0 0 0 0 0 0 0 0 0 0 0 0 0 0 0 0 0 0 0 0 0 0 0 0 0 0 0 0 0 0 0 0 0 0 0 0 0 0 0 0 0 0 0 0 0 0 0 0 0 0 0 0 0 0 0 0 0 0 0 0 0 0 0 0 0 0 0 0 0 0 0 0 0 0 0 0 0 0 0 0 0 0 0 0 0 0 0 0 0 0 0 0 0 0 0 0 2 0 0 241 208 0 0 1 0 0 0 0 0 0 0 0 0 0 0 2 0 0 0 0 0 14 0 2 0 0 0 144 0 0 0 255 255 255 255 7 0 8 0 0 0 0 0 data 18 0x80007 0x0 0x20 0x1a1e 0x130007 0x0 0x30 0x0 0x1c0002 0x0 0x280002 0x0 0x2b0005 0x0 0x0 0x0 0x0 0x0 oops 0
ciMethodData com/android/tools/r8/t/a/a/a/f/m0 h (I)I 2 5493 orig 264 88 29 201 92 0 0 0 0 112 62 188 49 0 0 0 0 104 1 0 0 0 0 0 0 0 0 0 0 0 0 0 0 0 0 0 0 0 0 0 0 0 0 0 0 0 0 0 0 0 0 0 0 0 0 0 0 0 0 0 0 0 0 0 0 0 0 0 0 0 0 0 0 0 0 0 0 0 0 0 0 77 68 79 32 101 120 116 114 97 32 100 97 116 97 32 108 111 99 107 0 0 0 0 0 0 0 0 0 0 0 0 0 0 0 0 0 0 0 0 0 0 0 0 0 0 0 0 0 0 0 0 0 0 0 0 0 0 0 0 0 0 0 0 0 0 0 0 0 0 0 0 0 0 0 0 0 0 0 0 0 0 0 0 0 0 0 0 0 0 0 0 0 0 0 0 0 0 0 0 0 0 0 0 0 0 0 0 0 0 0 0 0 0 0 0 0 0 0 0 0 0 0 0 0 0 0 0 0 0 0 0 0 0 0 0 0 0 2 0 0 169 155 0 0 201 106 0 0 0 0 0 0 0 0 0 0 2 0 0 0 1 0 8 0 2 0 0 0 64 0 0 0 255 255 255 255 7 0 10 0 0 0 0 0 data 8 0xa0007 0x12e4 0x40 0xd7f 0x140007 0xced 0xffffffffffffffe0 0x92 oops 0
ciMethodData com/android/tools/r8/t/a/a/a/f/m0 a (I)Z 2 5349 orig 264 88 29 201 92 0 0 0 0 240 67 188 49 0 0 0 0 240 1 0 0 112 0 0 0 0 0 0 0 0 0 0 0 0 0 0 0 0 0 0 0 0 0 0 0 0 0 0 0 0 0 0 0 0 0 0 0 0 0 0 0 0 0 0 0 0 0 0 0 0 0 0 0 0 0 0 0 0 0 0 0 77 68 79 32 101 120 116 114 97 32 100 97 116 97 32 108 111 99 107 0 0 0 0 0 0 0 0 0 0 0 0 0 0 0 0 0 0 0 0 0 0 0 0 0 0 0 0 0 0 0 0 0 0 0 0 0 0 0 0 0 0 0 0 0 0 0 0 0 0 0 0 0 0 0 0 0 0 0 0 0 0 0 0 0 0 0 0 0 0 0 0 0 0 0 0 0 0 0 0 0 0 0 0 0 0 0 0 0 0 0 0 0 0 0 0 0 0 0 0 0 0 0 0 0 0 0 0 0 0 0 0 0 0 0 0 0 0 2 0 0 41 151 0 0 145 18 0 0 0 0 0 0 0 0 0 0 2 0 0 0 2 0 20 0 2 0 0 0 192 0 0 0 255 255 255 255 2 0 2 0 0 0 0 0 data 24 0x20002 0x12e5 0x60007 0x12db 0x20 0x8 0x160007 0x651 0x90 0xc8c 0x1a0007 0xf5 0x38 0xb97 0x1e0003 0xb97 0x18 0x2c0007 0xc8c 0x38 0x252 0x380003 0x252 0xffffffffffffffe0 oops 0
ciMethodData com/android/tools/r8/t/a/a/a/f/f <init> ()V 2 2761 orig 264 88 29 201 92 0 0 0 0 152 194 189 49 0 0 0 0 48 1 0 0 0 0 0 0 0 0 0 0 0 0 0 0 0 0 0 0 0 0 0 0 0 0 0 0 0 0 0 0 0 0 0 0 0 0 0 0 0 0 0 0 0 0 0 0 0 0 0 0 0 0 0 0 0 0 0 0 0 0 0 0 77 68 79 32 101 120 116 114 97 32 100 97 116 97 32 108 111 99 107 0 0 0 0 0 0 0 0 0 0 0 0 0 0 0 0 0 0 0 0 0 0 0 0 0 0 0 0 0 0 0 0 0 0 0 0 0 0 0 0 0 0 0 0 0 0 0 0 0 0 0 0 0 0 0 0 0 0 0 0 0 0 0 0 0 0 0 0 0 0 0 0 0 0 0 0 0 0 0 0 0 0 0 0 0 0 0 0 0 0 0 0 0 0 0 0 0 0 0 0 0 0 0 0 0 0 0 0 0 0 0 0 0 0 0 0 0 0 2 0 0 73 70 0 0 1 0 0 0 0 0 0 0 0 0 0 0 2 0 0 0 0 0 3 0 2 0 0 0 16 0 0 0 255 255 255 255 2 0 1 0 0 0 0 0 data 2 0x10002 0x8cb oops 0
ciMethodData com/android/tools/r8/s/b/o J ()V 2 2359 orig 264 88 29 201 92 0 0 0 0 224 60 191 49 0 0 0 0 32 1 0 0 0 0 0 0 0 0 0 0 0 0 0 0 0 0 0 0 0 0 0 0 0 0 0 0 0 0 0 0 0 0 0 0 0 0 0 0 0 0 0 0 0 0 0 0 0 0 0 0 0 0 0 0 0 0 0 0 0 0 0 0 77 68 79 32 101 120 116 114 97 32 100 97 116 97 32 108 111 99 107 0 0 0 0 0 0 0 0 0 0 0 0 0 0 0 0 0 0 0 0 0 0 0 0 0 0 0 0 0 0 0 0 0 0 0 0 0 0 0 0 0 0 0 0 0 0 0 0 0 0 0 0 0 0 0 0 0 0 0 0 0 0 0 0 0 0 0 0 0 0 0 0 0 0 0 0 0 0 0 0 0 0 0 0 0 0 0 0 0 0 0 0 0 0 0 0 0 0 0 0 0 0 0 0 0 0 0 0 0 0 0 0 0 0 0 0 0 0 2 0 0 185 57 0 0 1 0 0 0 0 0 0 0 0 0 0 0 2 0 0 0 0 0 3 0 1 0 0 0 0 0 0 0 255 255 255 255 0 0 0 0 0 0 0 0 data 0 oops 0
ciMethodData com/android/tools/r8/t/a/a/a/f/h next ()Ljava/lang/Object; 1 2903 orig 264 88 29 201 92 0 0 0 0 0 3 194 49 0 0 0 0 136 1 0 0 0 0 0 0 0 0 0 0 0 0 0 0 0 0 0 0 0 0 0 0 0 0 0 0 0 0 0 0 0 0 0 0 0 0 0 0 0 0 0 0 0 0 0 0 0 0 0 0 0 0 0 0 0 0 0 0 0 0 0 0 77 68 79 32 101 120 116 114 97 32 100 97 116 97 32 108 111 99 107 0 0 0 0 0 0 0 0 0 0 0 0 0 0 0 0 0 0 0 0 0 0 0 0 0 0 0 0 0 0 0 0 0 0 0 0 0 0 0 0 0 0 0 0 0 0 0 0 0 0 0 0 0 0 0 0 0 0 0 0 0 0 0 0 0 0 0 0 0 0 0 0 0 0 0 0 0 0 0 0 0 0 0 0 0 0 0 0 0 0 0 0 0 0 0 0 0 0 0 0 0 0 0 0 0 0 0 0 0 0 0 0 0 0 0 0 0 0 2 0 0 233 28 0 0 1 0 0 0 0 0 0 0 0 0 0 0 2 0 0 0 0 0 9 0 2 0 0 0 64 0 0 0 255 255 255 255 5 0 1 0 0 0 0 0 data 8 0x10005 0x0 0x2478bc30 0x2d8 0x1b865cc0 0xc5 0x40002 0x39e oops 2 2 com/android/tools/r8/t/a/a/a/f/l0 4 com/android/tools/r8/t/a/a/a/f/j0
ciMethodData com/android/tools/r8/t/a/a/a/f/j0 hasNext ()Z 2 2117 orig 264 88 29 201 92 0 0 0 0 48 72 213 49 0 0 0 0 88 1 0 0 0 0 0 0 0 0 0 0 0 0 0 0 0 0 0 0 0 0 0 0 0 0 0 0 0 0 0 0 0 0 0 0 0 0 0 0 0 0 0 0 0 0 0 0 0 0 0 0 0 0 0 0 0 0 0 0 0 0 0 0 77 68 79 32 101 120 116 114 97 32 100 97 116 97 32 108 111 99 107 0 0 0 0 0 0 0 0 0 0 0 0 0 0 0 0 0 0 0 0 0 0 0 0 0 0 0 0 0 0 0 0 0 0 0 0 0 0 0 0 0 0 0 0 0 0 0 0 0 0 0 0 0 0 0 0 0 0 0 0 0 0 0 0 0 0 0 0 0 0 0 0 0 0 0 0 0 0 0 0 0 0 0 0 0 0 0 0 0 0 0 0 0 0 0 0 0 0 0 0 0 0 0 0 0 0 0 0 0 0 0 0 0 0 0 0 0 0 2 0 0 17 36 0 0 1 0 0 0 0 0 0 0 0 0 0 0 2 0 0 0 0 0 3 0 2 0 0 0 56 0 0 0 255 255 255 255 7 0 11 0 0 0 0 0 data 7 0xb0007 0x160 0x38 0x322 0xf0003 0x322 0x18 oops 0
ciMethodData com/android/tools/r8/t/a/a/a/f/K c (I)Lcom/android/tools/r8/t/a/a/a/f/g0; 1 2195 orig 264 88 29 201 92 0 0 0 0 208 93 190 49 0 0 0 0 56 1 0 0 0 0 0 0 0 0 0 0 0 0 0 0 0 0 0 0 0 0 0 0 0 0 0 0 0 0 0 0 0 0 0 0 0 0 0 0 0 0 0 0 0 0 0 0 0 0 0 0 0 0 0 0 0 0 0 0 0 0 0 0 77 68 79 32 101 120 116 114 97 32 100 97 116 97 32 108 111 99 107 0 0 0 0 0 0 0 0 0 0 0 0 0 0 0 0 0 0 0 0 0 0 0 0 0 0 0 0 0 0 0 0 0 0 0 0 0 0 0 0 0 0 0 0 0 0 0 0 0 0 0 0 0 0 0 0 0 0 0 0 0 0 0 0 0 0 0 0 0 0 0 0 0 0 0 0 0 0 0 0 0 0 0 0 0 0 0 0 0 0 0 0 0 0 0 0 0 0 0 0 0 0 0 0 0 0 0 0 0 0 0 0 0 0 0 0 0 0 2 0 0 89 25 0 0 1 0 0 0 0 0 0 0 0 0 0 0 2 0 0 0 0 0 3 0 2 0 0 0 16 0 0 0 255 255 255 255 2 0 9 0 0 0 0 0 data 2 0x90002 0x32b oops 0
ciMethodData com/android/tools/r8/t/a/a/a/f/K$d <init> (Lcom/android/tools/r8/t/a/a/a/f/K;IZIZ)V 1 2194 orig 264 88 29 201 92 0 0 0 0 48 163 212 49 0 0 0 0 104 3 0 0 160 0 0 0 0 0 0 0 0 0 0 0 0 0 0 0 0 0 0 0 0 0 0 0 0 0 0 0 0 0 0 0 0 0 0 0 0 0 0 0 0 0 0 0 0 0 0 0 0 0 0 0 0 0 0 0 0 0 0 0 77 68 79 32 101 120 116 114 97 32 100 97 116 97 32 108 111 99 107 0 0 0 0 0 0 0 0 0 0 0 0 0 0 0 0 0 0 0 0 0 0 0 0 0 0 0 0 0 0 0 0 0 0 0 0 0 0 0 0 0 0 0 0 0 0 0 0 0 0 0 0 0 0 0 0 0 0 0 0 0 0 0 0 0 0 0 0 0 0 0 0 0 0 0 0 0 0 0 0 0 0 0 0 0 0 0 0 0 0 0 0 0 0 0 0 0 0 0 0 0 0 0 0 0 0 0 0 0 0 0 0 0 0 0 0 0 0 2 0 0 81 25 0 0 1 0 0 0 0 0 0 0 0 0 0 0 2 0 0 0 0 0 13 0 2 0 0 0 248 1 0 0 255 255 255 255 2 0 7 0 0 0 0 0 data 63 0x70002 0x32a 0xa0007 0x32b 0x1e8 0x0 0xf0007 0x0 0x1c8 0x0 0x160005 0x0 0x0 0x0 0x0 0x0 0x190007 0x0 0x38 0x0 0x1c0003 0x0 0x158 0x270002 0x0 0x2c0005 0x0 0x0 0x0 0x0 0x0 0x300005 0x0 0x0 0x0 0x0 0x0 0x350005 0x0 0x0 0x0 0x0 0x0 0x3a0005 0x0 0x0 0x0 0x0 0x0 0x3f0005 0x0 0x0 0x0 0x0 0x0 0x420005 0x0 0x0 0x0 0x0 0x0 0x450002 0x0 oops 0
ciMethodData com/android/tools/r8/t/a/a/a/f/K$d h ()I 1 2195 orig 264 88 29 201 92 0 0 0 0 208 181 212 49 0 0 0 0 168 1 0 0 48 0 0 0 0 0 0 0 0 0 0 0 0 0 0 0 0 0 0 0 0 0 0 0 0 0 0 0 0 0 0 0 0 0 0 0 0 0 0 0 0 0 0 0 0 0 0 0 0 0 0 0 0 0 0 0 0 0 0 0 77 68 79 32 101 120 116 114 97 32 100 97 116 97 32 108 111 99 107 0 0 0 0 0 0 0 0 0 0 0 0 0 0 0 0 0 0 0 0 0 0 0 0 0 0 0 0 0 0 0 0 0 0 0 0 0 0 0 0 0 0 0 0 0 0 0 0 0 0 0 0 0 0 0 0 0 0 0 0 0 0 0 0 0 0 0 0 0 0 0 0 0 0 0 0 0 0 0 0 0 0 0 0 0 0 0 0 0 0 0 0 0 0 0 0 0 0 0 0 0 0 0 0 0 0 0 0 0 0 0 0 0 0 0 0 0 0 2 0 0 89 25 0 0 1 0 0 0 0 0 0 0 0 0 0 0 2 0 0 0 0 0 5 0 2 0 0 0 96 0 0 0 255 255 255 255 5 0 1 0 0 0 0 0 data 12 0x10005 0x329 0x0 0x0 0x0 0x0 0x60007 0x0 0x20 0x32b 0x120002 0x0 oops 0
instanceKlass com/android/tools/build/apkzlib/zip/ZFile$$Lambda$1526
instanceKlass com/android/tools/build/apkzlib/utils/CachedFileContents
instanceKlass com/android/tools/build/apkzlib/zip/ZFile$$Lambda$1525
instanceKlass com/android/builder/merge/IncrementalFileMerger$$Lambda$1524
instanceKlass com/android/tools/r8/ir/regalloc/a$$Lambda$1523
instanceKlass java/lang/invoke/LambdaForm$DMH
instanceKlass com/android/tools/r8/ir/regalloc/a$$Lambda$1522
instanceKlass com/android/tools/r8/t/a/a/a/f/A
instanceKlass com/android/tools/r8/t/a/a/a/f/t
instanceKlass com/android/tools/r8/t/a/a/a/f/C
instanceKlass com/android/tools/r8/t/a/a/a/f/u
instanceKlass com/android/tools/r8/t/a/a/a/f/b
instanceKlass com/android/builder/merge/IncrementalFileMergerOutputs$1$$Lambda$1521
instanceKlass com/android/tools/r8/ir/regalloc/j$$Lambda$1518
instanceKlass com/android/builder/merge/IncrementalFileMergerState$Builder$$Lambda$1520
instanceKlass com/android/tools/build/apkzlib/zip/ZFile$$Lambda$1519
instanceKlass com/android/tools/build/apkzlib/zip/FileUseMap$1
instanceKlass com/android/tools/build/apkzlib/zip/ZFile$3
instanceKlass com/android/tools/build/apkzlib/zip/ZFile$$Lambda$1517
instanceKlass com/google/common/util/concurrent/Futures$CallbackListener
instanceKlass com/android/tools/build/apkzlib/zip/ZFile$2
instanceKlass com/android/tools/build/apkzlib/zip/CompressionResult
instanceKlass java/util/zip/Deflater
instanceKlass com/android/tools/build/apkzlib/zip/compress/ExecutorCompressor$$Lambda$1516
instanceKlass com/android/tools/build/apkzlib/zip/utils/MsDosDateTimeUtils
instanceKlass com/google/common/primitives/UnsignedInts
instanceKlass com/google/common/hash/Funnel
instanceKlass com/google/common/hash/Funnels
instanceKlass com/google/common/hash/ImmutableSupplier
instanceKlass org/gradle/internal/execution/steps/SkipUpToDateStep$2
instanceKlass org/gradle/internal/execution/history/impl/DefaultOutputFilesRepository$1
instanceKlass com/android/builder/merge/StreamMergeAlgorithms$$Lambda$1515
instanceKlass com/android/builder/merge/StreamMergeAlgorithms$$Lambda$1514
instanceKlass com/android/build/gradle/internal/tasks/MergeJavaResourcesDelegate$WhenMappings
instanceKlass com/android/builder/merge/IncrementalFileMergerOutputs$1$$Lambda$1513
instanceKlass com/google/common/collect/Maps$9
instanceKlass org/gradle/internal/execution/history/impl/DefaultExecutionHistoryStore$$Lambda$1512
instanceKlass org/gradle/internal/execution/steps/StoreExecutionStateStep$$Lambda$1511
instanceKlass org/gradle/internal/execution/steps/StoreExecutionStateStep$$Lambda$1510
instanceKlass org/gradle/internal/execution/steps/SnapshotOutputsStep$1
instanceKlass org/gradle/internal/execution/steps/SnapshotOutputsStep$Operation$Result$1
instanceKlass org/gradle/internal/execution/steps/SnapshotOutputsStep$Operation$Result
instanceKlass org/gradle/api/internal/artifacts/transform/DefaultTransformerInvocationFactory$TransformerExecution$$Lambda$1509
instanceKlass org/gradle/internal/execution/steps/SnapshotOutputsStep$$Lambda$1508
instanceKlass org/gradle/internal/execution/steps/SnapshotOutputsStep$$Lambda$1507
instanceKlass org/gradle/internal/execution/steps/SnapshotOutputsStep$$Lambda$1506
instanceKlass org/gradle/internal/execution/steps/SnapshotOutputsStep$Operation$Details$1
instanceKlass org/gradle/internal/execution/steps/SnapshotOutputsStep$Operation$Details
instanceKlass org/gradle/internal/execution/steps/SnapshotOutputsStep$$Lambda$1505
instanceKlass org/gradle/internal/execution/steps/ExecuteStep$$Lambda$1504
instanceKlass org/gradle/internal/execution/steps/ExecuteStep$$Lambda$1503
instanceKlass org/gradle/internal/execution/steps/ExecuteStep$1
instanceKlass com/android/tools/r8/ir/conversion/I
instanceKlass org/gradle/api/internal/artifacts/transform/DefaultTransformerInvocationFactory$TransformerExecution$$Lambda$1502
instanceKlass com/android/tools/r8/ir/optimize/l$i$$Lambda$1501
instanceKlass com/android/tools/r8/ir/optimize/l$i$$Lambda$1500
instanceKlass org/gradle/api/internal/artifacts/transform/DefaultTransformerInvocationFactory$TransformerExecution$$Lambda$1499
instanceKlass org/gradle/api/internal/artifacts/transform/DefaultTransformerInvocationFactory$TransformerExecution$$Lambda$1498
instanceKlass com/android/tools/build/apkzlib/zip/ZFile$$Lambda$1497
instanceKlass com/google/common/collect/Lists$ReverseList$1
instanceKlass java/util/WeakHashMap$HashIterator
instanceKlass com/android/tools/r8/q/a/a/b/V1
instanceKlass com/android/tools/r8/q/a/a/b/U1
instanceKlass com/android/tools/r8/q/a/a/b/T1$a
instanceKlass com/android/tools/r8/q/a/a/b/y
instanceKlass com/android/tools/r8/q/a/a/b/i
instanceKlass com/android/tools/r8/ir/regalloc/j$$Lambda$1496
instanceKlass com/android/builder/merge/IncrementalFileMerger$$Lambda$1495
instanceKlass com/android/tools/r8/q/a/a/d/n
instanceKlass com/android/tools/r8/q/a/a/d/o
instanceKlass com/android/tools/r8/q/a/a/d/p
instanceKlass com/android/builder/merge/IncrementalFileMerger$$Lambda$1494
instanceKlass com/android/tools/r8/ByteDataView
instanceKlass com/android/tools/r8/dex/r$a
instanceKlass java/util/zip/Adler32
instanceKlass com/google/common/collect/TransformedIterator
instanceKlass com/android/tools/r8/dex/k
instanceKlass com/android/tools/r8/dex/r$$Lambda$1493
instanceKlass com/android/tools/r8/dex/r$$Lambda$1492
instanceKlass com/android/tools/r8/dex/r$$Lambda$1491
instanceKlass com/android/tools/r8/dex/r$$Lambda$1490
instanceKlass com/android/tools/r8/dex/r$$Lambda$1489
instanceKlass com/android/tools/r8/dex/r$$Lambda$1488
instanceKlass com/android/tools/r8/dex/r$$Lambda$1487
instanceKlass com/android/builder/files/IncrementalRelativeFileSets$$Lambda$1486
instanceKlass com/android/tools/r8/dex/r$$Lambda$1485
instanceKlass com/android/tools/r8/dex/r$$Lambda$1484
instanceKlass com/android/tools/r8/dex/r$$Lambda$1483
instanceKlass com/android/tools/r8/dex/r$$Lambda$1482
instanceKlass com/android/tools/r8/graph/v$$Lambda$1481
instanceKlass com/android/builder/files/IncrementalRelativeFileSets$$Lambda$1480
instanceKlass com/android/tools/r8/graph/v$$Lambda$1479
instanceKlass com/android/tools/r8/ir/optimize/x$$Lambda$1478
instanceKlass com/android/tools/r8/graph/v$$Lambda$1477
instanceKlass com/android/tools/r8/ir/optimize/x$$Lambda$1476
instanceKlass com/android/tools/r8/dex/r$$Lambda$1475
instanceKlass com/android/tools/r8/ir/optimize/x$$Lambda$1474
instanceKlass com/android/tools/r8/ir/optimize/x$$Lambda$1473
instanceKlass com/android/tools/r8/dex/r$$Lambda$1472
instanceKlass com/android/tools/r8/dex/r$$Lambda$1471
instanceKlass com/android/tools/r8/dex/r$$Lambda$1470
instanceKlass com/android/tools/r8/dex/r$$Lambda$1469
instanceKlass com/android/tools/r8/dex/r$$Lambda$1468
instanceKlass com/android/tools/r8/dex/r$$Lambda$1467
instanceKlass com/android/tools/r8/dex/r$$Lambda$1466
instanceKlass com/android/tools/r8/dex/r$$Lambda$1465
instanceKlass com/android/tools/r8/dex/r$$Lambda$1464
instanceKlass com/android/tools/r8/utils/m0$$Lambda$1463
instanceKlass com/android/tools/r8/utils/m0
instanceKlass com/android/tools/r8/dex/r$$Lambda$1462
instanceKlass com/android/tools/r8/dex/r$$Lambda$1461
instanceKlass com/android/tools/r8/dex/r$$Lambda$1460
instanceKlass com/android/tools/r8/dex/c
instanceKlass com/android/tools/r8/utils/X
instanceKlass com/android/tools/r8/dex/r$$Lambda$1459
instanceKlass com/android/tools/r8/dex/r$$Lambda$1458
instanceKlass com/android/tools/r8/dex/r$$Lambda$1457
instanceKlass com/android/tools/r8/dex/r$$Lambda$1456
instanceKlass com/android/tools/r8/dex/r$$Lambda$1455
instanceKlass com/android/tools/r8/dex/r$$Lambda$1454
instanceKlass com/android/tools/r8/dex/r$$Lambda$1453
instanceKlass com/android/tools/r8/dex/r$$Lambda$1452
instanceKlass com/android/tools/r8/dex/r$$Lambda$1451
instanceKlass java/lang/invoke/LambdaForm$DMH
instanceKlass com/android/tools/r8/dex/l
instanceKlass java/util/IdentityHashMap$1
instanceKlass com/android/tools/r8/utils/s0
instanceKlass com/android/tools/r8/dex/r$$Lambda$1450
instanceKlass com/android/tools/r8/naming/u
instanceKlass com/android/tools/r8/naming/u$d
instanceKlass com/android/tools/r8/dex/r$$Lambda$1449
instanceKlass com/android/tools/r8/dex/s
instanceKlass com/android/tools/r8/graph/f0$$Lambda$1448
instanceKlass com/android/tools/r8/graph/v$$Lambda$1447
instanceKlass com/android/tools/r8/graph/X0$$Lambda$1446
instanceKlass com/android/tools/r8/graph/Y$$Lambda$1445
instanceKlass com/android/tools/r8/t/a/a/a/h/V0$f
instanceKlass com/android/tools/r8/t/a/a/a/h/N$f
instanceKlass com/android/tools/r8/dex/r$$Lambda$1444
instanceKlass com/android/tools/r8/t/a/a/a/h/U
instanceKlass com/android/tools/r8/t/a/a/a/h/P
instanceKlass com/android/tools/r8/dex/j
instanceKlass com/android/tools/r8/ir/conversion/o$$Lambda$1443
instanceKlass com/android/tools/r8/ir/conversion/o$$Lambda$1442
instanceKlass com/android/tools/r8/ir/conversion/o$$Lambda$1441
instanceKlass com/android/tools/r8/dex/m
instanceKlass com/android/tools/r8/graph/l1
instanceKlass com/android/tools/r8/dex/r
instanceKlass com/android/tools/r8/graph/g1$$Lambda$1440
instanceKlass com/android/tools/r8/graph/g1$$Lambda$1439
instanceKlass com/android/tools/r8/graph/g1$$Lambda$1438
instanceKlass com/android/tools/r8/graph/g1$$Lambda$1437
instanceKlass com/android/tools/r8/graph/g1$$Lambda$1436
instanceKlass com/android/tools/r8/graph/g1$$Lambda$1435
instanceKlass com/android/tools/r8/graph/g1$$Lambda$1434
instanceKlass com/android/tools/r8/t/a/a/a/h/a1
instanceKlass com/android/tools/r8/t/a/a/a/h/u1
instanceKlass com/android/tools/r8/graph/g1$$Lambda$1433
instanceKlass com/android/tools/r8/graph/g1$$Lambda$1432
instanceKlass com/android/tools/r8/graph/g1$$Lambda$1431
instanceKlass com/android/tools/r8/graph/g1$a
instanceKlass com/android/tools/r8/graph/g1
instanceKlass com/android/tools/r8/dex/b$$Lambda$1430
instanceKlass com/android/tools/r8/graph/Y$$Lambda$1429
instanceKlass com/android/tools/r8/graph/S$$Lambda$1428
instanceKlass com/android/tools/r8/graph/x$$Lambda$1427
instanceKlass com/android/tools/r8/graph/f0$$Lambda$1426
instanceKlass com/android/tools/r8/dex/b$$Lambda$1425
instanceKlass com/android/tools/r8/t/a/a/a/h/Y$d
instanceKlass com/android/tools/r8/t/a/a/a/h/Y$f
instanceKlass com/android/tools/r8/dex/d$$Lambda$1424
instanceKlass com/android/tools/r8/dex/d$$Lambda$1423
instanceKlass com/android/tools/r8/t/a/a/a/h/V$a
instanceKlass com/android/tools/r8/t/a/a/a/h/W
instanceKlass com/android/tools/r8/t/a/a/a/h/f
instanceKlass com/android/tools/r8/t/a/a/a/h/V
instanceKlass com/android/tools/r8/dex/d
instanceKlass com/android/tools/r8/t/a/a/a/g/q
instanceKlass com/android/tools/r8/t/a/a/a/h/c1
instanceKlass com/android/tools/r8/t/a/a/a/h/x
instanceKlass com/android/tools/r8/t/a/a/a/h/d1
instanceKlass java/util/stream/Node$Builder
instanceKlass java/util/stream/Node$OfDouble
instanceKlass java/util/stream/Node$OfLong
instanceKlass java/util/stream/Node$OfInt
instanceKlass java/util/stream/Node$OfPrimitive
instanceKlass java/util/stream/Nodes$EmptyNode
instanceKlass java/util/stream/Node
instanceKlass java/util/stream/Nodes
instanceKlass com/android/tools/r8/graph/N$$Lambda$1422
instanceKlass com/android/tools/r8/graph/N$$Lambda$1421
instanceKlass com/android/tools/r8/graph/f0$$Lambda$1420
instanceKlass com/android/tools/r8/graph/Y$$Lambda$1419
instanceKlass com/android/tools/r8/q/a/a/b/L0
instanceKlass com/android/tools/r8/q/a/a/b/H0
instanceKlass com/android/tools/r8/dex/P$j
instanceKlass com/android/tools/r8/dex/P$i
instanceKlass com/android/tools/r8/dex/P$c$$Lambda$1418
instanceKlass com/android/tools/r8/dex/P$$Lambda$1417
instanceKlass com/android/tools/r8/naming/b
instanceKlass com/android/tools/r8/dex/P$g$$Lambda$1416
instanceKlass com/android/tools/r8/dex/P$g$$Lambda$1415
instanceKlass com/android/tools/r8/dex/P$g$$Lambda$1414
instanceKlass com/android/tools/r8/dex/P$g$$Lambda$1413
instanceKlass com/android/tools/r8/dex/P$g$$Lambda$1412
instanceKlass com/android/tools/r8/dex/P$g$$Lambda$1411
instanceKlass com/android/tools/r8/dex/P$g$$Lambda$1410
instanceKlass com/android/tools/r8/dex/P$g$$Lambda$1409
instanceKlass com/android/tools/r8/dex/P$g$$Lambda$1408
instanceKlass com/android/tools/r8/dex/P$g
instanceKlass com/android/tools/r8/dex/P$k
instanceKlass com/android/tools/r8/dex/v
instanceKlass com/android/tools/r8/dex/P
instanceKlass org/apache/commons/codec/binary/BaseNCodec$Context
instanceKlass org/apache/commons/codec/binary/BaseNCodec
instanceKlass org/apache/commons/codec/BinaryDecoder
instanceKlass org/apache/commons/codec/Decoder
instanceKlass org/apache/commons/codec/BinaryEncoder
instanceKlass org/apache/commons/codec/Encoder
instanceKlass com/android/tools/r8/ir/optimize/d0$$Lambda$1407
instanceKlass com/android/tools/r8/ir/optimize/d0$$Lambda$1406
instanceKlass com/google/common/hash/Hashing$Sha1Holder
instanceKlass com/android/builder/files/IncrementalRelativeFileSets
instanceKlass com/android/build/gradle/internal/tasks/IncrementalFileMergerTaskUtils$WhenMappings
instanceKlass com/android/build/gradle/internal/packaging/ParsedPackagingOptions$getAction$3
instanceKlass com/android/build/gradle/internal/packaging/ParsedPackagingOptions$getAction$2
instanceKlass java/util/Collections$2
instanceKlass com/android/tools/r8/q/a/b/k
instanceKlass com/android/tools/r8/q/a/b/l/g/w
instanceKlass com/android/tools/r8/q/a/b/m/c
instanceKlass com/android/tools/r8/dex/B$$Lambda$1405
instanceKlass com/android/tools/r8/graph/C0$d
instanceKlass com/android/tools/r8/dex/B$$Lambda$1404
instanceKlass com/android/tools/r8/dex/i
instanceKlass com/android/tools/r8/s/a/p/t$$Lambda$1403
instanceKlass com/android/tools/r8/s/a/p/t$$Lambda$1402
instanceKlass com/android/tools/r8/ir/optimize/f0$$Lambda$1401
instanceKlass com/android/tools/r8/s/b/q1$$Lambda$1400
instanceKlass com/android/tools/r8/s/b/q1$$Lambda$1399
instanceKlass com/android/tools/r8/dex/E
instanceKlass com/android/build/gradle/internal/packaging/ParsedPackagingOptions$getAction$1
instanceKlass com/android/tools/r8/dex/P$b
instanceKlass com/android/tools/r8/dex/F
instanceKlass com/android/tools/r8/dex/b
instanceKlass com/android/tools/r8/naming/Z/a
instanceKlass com/android/tools/r8/naming/Z/d
instanceKlass com/android/tools/r8/naming/H
instanceKlass com/android/tools/r8/ir/conversion/B
instanceKlass com/android/tools/r8/ir/optimize/l$$Lambda$1398
instanceKlass com/android/tools/r8/s/a/p/a$$Lambda$1397
instanceKlass com/android/tools/r8/q/a/b/l/d$c
instanceKlass com/android/tools/r8/q/a/b/l/f
instanceKlass com/android/tools/r8/q/a/b/l/b
instanceKlass com/google/common/collect/CollectSpliterators$1WithCharacteristics$$Lambda$1396
instanceKlass com/android/utils/ImmutableCollectors$$Lambda$1395
instanceKlass com/android/utils/ImmutableCollectors$$Lambda$1394
instanceKlass com/android/utils/ImmutableCollectors$$Lambda$1393
instanceKlass com/android/utils/ImmutableCollectors$$Lambda$1392
instanceKlass com/android/utils/ImmutableCollectors
instanceKlass com/android/tools/r8/dex/B
instanceKlass com/android/tools/r8/q/a/a/b/f$a$b
instanceKlass com/google/common/collect/CollectSpliterators$1WithCharacteristics
instanceKlass com/google/common/collect/CollectSpliterators
instanceKlass com/google/common/collect/IndexedImmutableSet$$Lambda$1391
instanceKlass java/lang/invoke/LambdaForm$DMH
instanceKlass com/android/tools/r8/q/a/a/b/r$$Lambda$1390
instanceKlass com/android/tools/r8/q/a/a/b/r$$Lambda$1389
instanceKlass com/android/tools/r8/q/a/a/b/r$$Lambda$1388
instanceKlass com/android/tools/r8/q/a/a/b/r$$Lambda$1387
instanceKlass com/android/tools/r8/q/a/a/b/r$$Lambda$1386
instanceKlass com/android/tools/r8/q/a/a/b/r$$Lambda$1385
instanceKlass com/android/tools/r8/q/a/a/b/r$$Lambda$1384
instanceKlass com/android/tools/r8/q/a/a/b/r$$Lambda$1383
instanceKlass com/android/tools/r8/q/a/a/b/r
instanceKlass com/android/tools/r8/s/c/O$$Lambda$1382
instanceKlass com/android/tools/r8/ir/optimize/l$$Lambda$1381
instanceKlass com/android/tools/r8/ir/optimize/l$$Lambda$1380
instanceKlass com/android/tools/r8/ir/optimize/l$f
instanceKlass com/android/tools/r8/s/a/i/a$$Lambda$1379
instanceKlass com/android/tools/r8/s/a/i/a$$Lambda$1378
instanceKlass com/android/tools/r8/q/a/a/a/S
instanceKlass com/android/tools/r8/s/c/F$a
instanceKlass com/android/tools/r8/s/c/F
instanceKlass com/android/tools/r8/s/a/i/a$$Lambda$1377
instanceKlass com/android/tools/r8/q/a/a/a/L
instanceKlass com/android/tools/r8/ir/optimize/n$$Lambda$1376
instanceKlass java/util/IdentityHashMap$IdentityHashMapSpliterator
instanceKlass com/android/tools/r8/utils/x1/e$$Lambda$1375
instanceKlass com/android/tools/r8/s/a/i/a$$Lambda$1374
instanceKlass com/android/tools/r8/s/a/i/a
instanceKlass com/android/tools/r8/q/a/b/b
instanceKlass com/android/tools/r8/q/a/a/a/b
instanceKlass com/android/tools/r8/graph/Z$$Lambda$1373
instanceKlass com/android/tools/r8/q/a/a/b/S0
instanceKlass com/android/tools/r8/graph/Z$$Lambda$1371
instanceKlass com/android/tools/r8/ir/conversion/K$$Lambda$1372
instanceKlass com/android/tools/r8/ir/conversion/J
instanceKlass com/android/tools/r8/graph/Z$$Lambda$1370
instanceKlass com/android/tools/r8/graph/Z$$Lambda$1369
instanceKlass com/android/tools/r8/q/a/a/b/m
instanceKlass com/android/tools/r8/q/a/a/b/Q0
instanceKlass com/android/tools/r8/ir/optimize/a0$$Lambda$1368
instanceKlass com/android/tools/r8/ir/regalloc/f
instanceKlass com/android/tools/r8/ir/regalloc/g
instanceKlass com/android/tools/r8/ir/regalloc/j$$Lambda$1367
instanceKlass com/android/tools/r8/ir/regalloc/j$$Lambda$1366
instanceKlass com/android/tools/r8/ir/regalloc/j$$Lambda$1365
instanceKlass com/android/tools/r8/ir/regalloc/j$$Lambda$1364
instanceKlass com/android/tools/r8/ir/regalloc/j$$Lambda$1363
instanceKlass com/android/tools/r8/ir/regalloc/i
instanceKlass com/android/tools/r8/graph/C$$Lambda$1362
instanceKlass com/android/tools/r8/utils/D0
instanceKlass com/android/tools/r8/s/b/o$$Lambda$1361
instanceKlass java/lang/invoke/LambdaForm$DMH
instanceKlass com/android/tools/r8/s/b/o$$Lambda$1360
instanceKlass com/android/tools/r8/ir/optimize/a0$$Lambda$1359
instanceKlass com/android/tools/r8/ir/optimize/f0
instanceKlass com/android/tools/r8/ir/conversion/N$e
instanceKlass com/android/tools/r8/ir/optimize/g0
instanceKlass com/android/tools/r8/s/b/J
instanceKlass com/android/tools/r8/ir/optimize/l$$Lambda$1358
instanceKlass com/android/tools/r8/graph/c$$Lambda$1357
instanceKlass com/android/tools/r8/ir/optimize/j0$$Lambda$1356
instanceKlass com/android/tools/r8/ir/conversion/t0
instanceKlass com/android/tools/r8/ir/optimize/d0
instanceKlass com/android/tools/r8/ir/optimize/e0
instanceKlass com/android/tools/r8/s/b/p$$Lambda$1355
instanceKlass com/android/tools/r8/s/b/o$$Lambda$1354
instanceKlass com/android/tools/r8/s/b/b1
instanceKlass com/android/tools/r8/ir/conversion/N$$Lambda$1353
instanceKlass com/android/tools/r8/s/b/u1
instanceKlass com/android/tools/r8/s/a/p/f$$Lambda$1352
instanceKlass com/android/tools/r8/s/a/p/a$$Lambda$1351
instanceKlass com/android/tools/r8/references/Reference$$Lambda$1350
instanceKlass com/android/tools/r8/references/ArrayReference
instanceKlass com/android/builder/merge/IncrementalFileMerger$$Lambda$1349
instanceKlass com/android/builder/merge/IncrementalFileMerger$$Lambda$1348
instanceKlass com/android/tools/r8/ir/optimize/y
instanceKlass com/android/builder/merge/IncrementalFileMerger$$Lambda$1347
instanceKlass com/android/builder/merge/IncrementalFileMerger$$Lambda$1346
instanceKlass com/android/tools/r8/ir/optimize/y$b
instanceKlass com/android/tools/r8/graph/L
instanceKlass com/android/tools/r8/t/a/a/a/f/G
instanceKlass com/android/tools/r8/graph/Z$$Lambda$1344
instanceKlass com/android/tools/r8/graph/Z$$Lambda$1345
instanceKlass com/android/tools/r8/graph/Z$$Lambda$1341
instanceKlass com/android/tools/r8/graph/Z$$Lambda$1343
instanceKlass com/android/tools/r8/graph/Z$$Lambda$1342
instanceKlass java/lang/invoke/LambdaForm$DMH
instanceKlass java/lang/invoke/LambdaForm$DMH
instanceKlass java/lang/invoke/LambdaForm$DMH
instanceKlass java/lang/invoke/LambdaForm$DMH
instanceKlass java/lang/invoke/LambdaForm$DMH
instanceKlass com/android/tools/r8/t/a/a/a/f/V
instanceKlass com/android/tools/r8/graph/K
instanceKlass com/android/tools/r8/ir/conversion/F
instanceKlass com/android/tools/r8/ir/conversion/K
instanceKlass com/android/tools/r8/ir/optimize/K$$Lambda$1338
instanceKlass com/android/tools/r8/ir/optimize/K$$Lambda$1340
instanceKlass java/lang/invoke/LambdaForm$DMH
instanceKlass com/android/tools/r8/ir/optimize/K$$Lambda$1339
instanceKlass java/lang/invoke/LambdaForm$DMH
instanceKlass java/lang/invoke/LambdaForm$DMH
instanceKlass java/lang/invoke/LambdaForm$DMH
instanceKlass java/lang/invoke/LambdaForm$DMH
instanceKlass com/android/tools/r8/ir/optimize/K
instanceKlass com/android/tools/r8/ir/optimize/a0
instanceKlass com/android/tools/r8/s/b/k0$$Lambda$1337
instanceKlass com/android/tools/r8/s/b/k0$$Lambda$1336
instanceKlass com/android/tools/r8/ir/regalloc/a$$Lambda$1331
instanceKlass com/android/tools/r8/s/b/k0$$Lambda$1335
instanceKlass com/android/tools/r8/ir/regalloc/a$$Lambda$1334
instanceKlass com/android/tools/r8/ir/regalloc/a$$Lambda$1333
instanceKlass com/android/tools/r8/s/b/o$$Lambda$1332
instanceKlass com/android/tools/r8/ir/regalloc/a$$Lambda$1330
instanceKlass com/android/tools/r8/ir/regalloc/a$$Lambda$1327
instanceKlass com/android/tools/r8/ir/regalloc/a$$Lambda$1329
instanceKlass com/android/tools/r8/ir/regalloc/a$$Lambda$1328
instanceKlass com/android/tools/r8/s/c/g0/e$$Lambda$1325
instanceKlass com/android/tools/r8/ir/regalloc/a$$Lambda$1322
instanceKlass com/android/tools/r8/s/c/g0/e$$Lambda$1326
instanceKlass com/android/tools/r8/ir/regalloc/a$$Lambda$1323
instanceKlass com/android/tools/r8/ir/regalloc/a$$Lambda$1324
instanceKlass com/android/tools/r8/ir/regalloc/a$$Lambda$1321
instanceKlass com/android/tools/r8/ir/regalloc/a$$Lambda$1320
instanceKlass com/android/tools/r8/ir/regalloc/a$$Lambda$1319
instanceKlass com/android/tools/r8/ir/regalloc/a$$Lambda$1318
instanceKlass com/android/tools/r8/ir/regalloc/a$b
instanceKlass com/android/tools/r8/ir/regalloc/a$$Lambda$1317
instanceKlass com/android/tools/r8/ir/regalloc/a$$Lambda$1316
instanceKlass com/android/tools/r8/ir/regalloc/a$$Lambda$1311
instanceKlass com/android/tools/r8/ir/regalloc/a$$Lambda$1315
instanceKlass com/android/tools/r8/ir/regalloc/a$$Lambda$1314
instanceKlass com/android/tools/r8/ir/regalloc/a$$Lambda$1313
instanceKlass com/android/tools/r8/ir/regalloc/a$$Lambda$1312
instanceKlass java/lang/invoke/LambdaForm$DMH
instanceKlass java/lang/invoke/LambdaForm$DMH
instanceKlass com/android/tools/r8/ir/regalloc/a$$Lambda$1310
instanceKlass com/android/tools/r8/ir/regalloc/a$$Lambda$1309
instanceKlass com/android/tools/r8/ir/regalloc/j
instanceKlass com/android/tools/r8/ir/regalloc/h
instanceKlass com/android/tools/r8/s/b/q1$$Lambda$1306
instanceKlass com/android/tools/r8/s/b/q1$$Lambda$1305
instanceKlass com/android/tools/r8/s/b/q1$$Lambda$1308
instanceKlass com/android/tools/r8/s/b/q1$$Lambda$1304
instanceKlass com/android/tools/r8/s/b/q1$$Lambda$1307
instanceKlass com/android/tools/r8/ir/regalloc/c
instanceKlass com/android/tools/r8/ir/regalloc/d
instanceKlass com/android/tools/r8/s/b/X$b
instanceKlass com/android/tools/r8/ir/regalloc/b
instanceKlass com/android/tools/r8/s/b/p
instanceKlass com/android/tools/r8/ir/optimize/l$$Lambda$1303
instanceKlass com/android/tools/r8/ir/optimize/l$$Lambda$1302
instanceKlass com/android/tools/r8/ir/optimize/l$$Lambda$1301
instanceKlass com/android/tools/r8/ir/optimize/l$$Lambda$1300
instanceKlass com/android/tools/r8/ir/regalloc/a
instanceKlass com/android/tools/r8/t/a/a/a/h/a0$d
instanceKlass com/android/tools/r8/t/a/a/a/h/a0$f
instanceKlass com/android/tools/r8/ir/optimize/w
instanceKlass java/util/stream/SliceOps
instanceKlass com/android/tools/r8/ir/optimize/l$$Lambda$1299
instanceKlass com/android/tools/r8/ir/optimize/l$$Lambda$1298
instanceKlass com/android/tools/r8/ir/optimize/l$$Lambda$1297
instanceKlass com/android/tools/r8/ir/optimize/n$$Lambda$1296
instanceKlass com/android/tools/r8/ir/optimize/n$$Lambda$1295
instanceKlass com/android/tools/r8/q/a/a/a/W
instanceKlass com/android/tools/r8/ir/optimize/n$$Lambda$1293
instanceKlass com/android/tools/r8/ir/optimize/n$$Lambda$1294
instanceKlass com/android/tools/r8/q/a/a/a/X
instanceKlass com/android/tools/r8/t/a/a/a/h/b0
instanceKlass com/android/tools/r8/ir/optimize/l$$Lambda$1291
instanceKlass com/android/tools/r8/ir/optimize/l$$Lambda$1290
instanceKlass com/android/tools/r8/ir/optimize/l$$Lambda$1292
instanceKlass com/android/tools/r8/s/b/O
instanceKlass com/android/tools/r8/s/b/o$b
instanceKlass com/android/tools/r8/ir/optimize/n$$Lambda$1289
instanceKlass com/android/tools/r8/ir/optimize/n$$Lambda$1288
instanceKlass com/android/tools/r8/ir/optimize/m
instanceKlass com/android/tools/r8/t/a/a/a/h/d0
instanceKlass com/android/tools/r8/t/a/a/a/h/g
instanceKlass com/android/tools/r8/t/a/a/a/h/c0
instanceKlass com/android/tools/r8/ir/optimize/r$a
instanceKlass com/android/tools/r8/ir/optimize/j$a
instanceKlass com/android/tools/r8/ir/optimize/h0
instanceKlass com/android/tools/r8/ir/optimize/j0
instanceKlass com/android/tools/r8/ir/optimize/x0/a
instanceKlass com/android/tools/r8/s/a/h/e$$Lambda$1286
instanceKlass com/android/tools/r8/s/a/h/e$$Lambda$1287
instanceKlass com/android/tools/r8/s/a/h/e$$Lambda$1285
instanceKlass com/android/tools/r8/s/a/h/e$$Lambda$1284
instanceKlass com/android/tools/r8/s/a/h/e$$Lambda$1281
instanceKlass com/android/tools/r8/s/a/h/e$$Lambda$1279
instanceKlass com/android/tools/r8/s/a/h/e$$Lambda$1280
instanceKlass com/android/tools/r8/s/a/h/e$$Lambda$1282
instanceKlass com/android/tools/r8/s/a/h/e$$Lambda$1283
instanceKlass com/android/tools/r8/s/a/h/e$$Lambda$1276
instanceKlass com/android/tools/r8/s/a/h/e$$Lambda$1277
instanceKlass com/android/tools/r8/s/a/h/e$$Lambda$1274
instanceKlass com/android/tools/r8/s/a/h/e$$Lambda$1275
instanceKlass com/android/tools/r8/s/a/h/e$$Lambda$1278
instanceKlass java/util/stream/ReduceOps$2ReducingSink
instanceKlass java/util/function/BinaryOperator$$Lambda$1271
instanceKlass java/util/function/BinaryOperator$$Lambda$1273
instanceKlass java/util/function/BinaryOperator$$Lambda$1272
instanceKlass java/util/function/BinaryOperator$$Lambda$1270
instanceKlass java/util/function/BinaryOperator$$Lambda$1269
instanceKlass java/util/Comparator$$Lambda$1267
instanceKlass java/util/Comparator$$Lambda$1265
instanceKlass java/util/Comparator$$Lambda$1264
instanceKlass java/util/Comparator$$Lambda$1266
instanceKlass java/util/Comparator$$Lambda$1268
instanceKlass com/android/tools/r8/s/b/X$$Lambda$1262
instanceKlass com/android/tools/r8/s/b/X$$Lambda$1259
instanceKlass com/android/tools/r8/s/b/X$$Lambda$1260
instanceKlass com/android/tools/r8/s/b/X$$Lambda$1263
instanceKlass com/android/tools/r8/s/b/X$$Lambda$1261
instanceKlass java/util/LinkedList$LLSpliterator
instanceKlass com/android/tools/r8/s/a/h/e
instanceKlass com/android/tools/r8/ir/optimize/d
instanceKlass com/android/tools/r8/ir/conversion/O$$Lambda$1256
instanceKlass com/android/tools/r8/ir/conversion/O$$Lambda$1258
instanceKlass com/android/tools/r8/ir/conversion/O$$Lambda$1254
instanceKlass com/android/tools/r8/ir/conversion/O$$Lambda$1257
instanceKlass com/android/tools/r8/ir/conversion/O$$Lambda$1255
instanceKlass com/android/tools/r8/s/a/n/f
instanceKlass com/android/tools/r8/ir/conversion/O$$Lambda$1252
instanceKlass com/android/tools/r8/ir/conversion/O$$Lambda$1250
instanceKlass com/android/tools/r8/ir/conversion/O$$Lambda$1253
instanceKlass com/android/tools/r8/ir/conversion/O$$Lambda$1251
instanceKlass com/android/tools/r8/ir/conversion/O$$Lambda$1249
instanceKlass com/android/tools/r8/s/a/n/b
instanceKlass com/android/tools/r8/s/b/Z
instanceKlass com/android/tools/r8/s/a/p/t$$Lambda$1246
instanceKlass com/android/tools/r8/s/a/p/t$$Lambda$1248
instanceKlass com/android/tools/r8/s/a/p/t$$Lambda$1247
instanceKlass com/android/tools/r8/s/a/p/t$$Lambda$1245
instanceKlass com/android/tools/r8/s/b/X$a
instanceKlass com/android/tools/r8/s/a/p/t
instanceKlass com/android/tools/r8/s/b/r
instanceKlass com/android/tools/r8/t/a/a/a/h/m
instanceKlass com/android/tools/r8/s/b/Y
instanceKlass com/android/tools/r8/s/b/X$$Lambda$1244
instanceKlass com/android/tools/r8/s/b/X$$Lambda$1243
instanceKlass com/android/tools/r8/s/b/X$$Lambda$1242
instanceKlass com/android/tools/r8/t/a/a/a/h/C0
instanceKlass com/android/tools/r8/s/b/X
instanceKlass com/android/tools/r8/t/a/a/a/h/K0
instanceKlass com/android/tools/r8/s/b/q
instanceKlass com/android/tools/r8/ir/conversion/o$$Lambda$1241
instanceKlass java/lang/invoke/LambdaForm$DMH
instanceKlass com/android/tools/r8/t/a/a/a/f/X$d
instanceKlass com/android/tools/r8/code/u1
instanceKlass com/android/tools/r8/t/a/a/a/f/X$f
instanceKlass com/android/tools/r8/graph/p1$b$$Lambda$1240
instanceKlass com/android/tools/r8/t/a/a/a/f/h
instanceKlass com/android/tools/r8/graph/p1$a
instanceKlass com/android/tools/r8/graph/p1$b
instanceKlass com/android/tools/r8/s/b/q1$a
instanceKlass com/android/tools/r8/s/a/l/f
instanceKlass com/android/tools/r8/s/b/b
instanceKlass com/android/tools/r8/s/a/p/f$$Lambda$1239
instanceKlass com/android/tools/r8/s/a/p/f$$Lambda$1237
instanceKlass com/android/tools/r8/s/a/p/f$$Lambda$1238
instanceKlass com/android/tools/r8/s/a/p/m
instanceKlass com/android/tools/r8/s/a/h/d
instanceKlass com/android/tools/r8/graph/Z$$Lambda$1234
instanceKlass com/android/tools/r8/graph/Z$$Lambda$1236
instanceKlass com/android/tools/r8/graph/Z$$Lambda$1235
instanceKlass com/android/tools/r8/ir/conversion/N$f
instanceKlass com/android/tools/r8/s/a/p/l
instanceKlass com/android/tools/r8/ir/conversion/o$$Lambda$1230
instanceKlass com/android/tools/r8/ir/conversion/o$$Lambda$1233
instanceKlass com/android/tools/r8/ir/conversion/o$$Lambda$1231
instanceKlass com/android/tools/r8/ir/conversion/o$$Lambda$1232
instanceKlass com/android/tools/r8/ir/conversion/o$$Lambda$1229
instanceKlass java/lang/invoke/LambdaForm$DMH
instanceKlass java/lang/invoke/LambdaForm$DMH
instanceKlass java/lang/invoke/LambdaForm$DMH
instanceKlass java/lang/invoke/LambdaForm$DMH
instanceKlass java/lang/invoke/LambdaForm$DMH
instanceKlass com/android/tools/r8/ir/conversion/t$a
instanceKlass com/android/tools/r8/t/a/a/a/f/i0
instanceKlass com/android/tools/r8/ir/conversion/m
instanceKlass com/android/tools/r8/t/a/a/a/f/A0
instanceKlass com/android/tools/r8/t/a/a/a/f/o0
instanceKlass com/android/tools/r8/ir/conversion/n
instanceKlass com/android/tools/r8/t/a/a/a/f/n0
instanceKlass com/android/tools/r8/s/b/u
instanceKlass com/android/tools/r8/s/b/o
instanceKlass com/android/tools/r8/ir/conversion/N$b
instanceKlass com/android/tools/r8/s/b/b0
instanceKlass com/android/tools/r8/t/a/a/a/f/K$e
instanceKlass com/android/tools/r8/s/b/r1
instanceKlass com/android/tools/r8/t/a/a/a/f/d0$e
instanceKlass com/android/tools/r8/t/a/a/a/f/K0
instanceKlass com/android/tools/r8/t/a/a/a/f/d
instanceKlass com/android/tools/r8/t/a/a/a/f/S$a
instanceKlass com/android/tools/r8/t/a/a/a/f/u0
instanceKlass com/android/tools/r8/graph/p1$c
instanceKlass com/android/tools/r8/graph/p1
instanceKlass com/android/tools/r8/t/a/a/a/f/N0
instanceKlass com/android/tools/r8/t/a/a/a/d
instanceKlass com/android/tools/r8/s/b/g0
instanceKlass com/android/tools/r8/ir/conversion/N
instanceKlass com/android/tools/r8/s/b/t
instanceKlass com/android/tools/r8/ir/conversion/w
instanceKlass com/android/tools/r8/ir/conversion/t
instanceKlass com/android/tools/r8/t/a/a/a/h/X0
instanceKlass com/android/tools/r8/t/a/a/a/h/r1
instanceKlass com/android/tools/r8/ir/conversion/x
instanceKlass com/android/tools/r8/ir/conversion/o
instanceKlass com/android/tools/r8/ir/conversion/O$$Lambda$1225
instanceKlass com/android/tools/r8/ir/conversion/O$$Lambda$1226
instanceKlass com/android/tools/r8/ir/conversion/O$$Lambda$1228
instanceKlass com/android/tools/r8/ir/conversion/O$$Lambda$1227
instanceKlass com/android/tools/r8/references/Reference$$Lambda$1223
instanceKlass com/android/tools/r8/ir/conversion/T
instanceKlass com/android/tools/r8/references/Reference$$Lambda$1224
instanceKlass com/android/tools/r8/references/Reference$$Lambda$1222
instanceKlass com/android/tools/r8/references/MethodReference
instanceKlass com/android/tools/r8/q/a/a/b/W0
instanceKlass com/android/tools/r8/q/a/a/b/t1
instanceKlass com/android/tools/r8/references/Reference$$Lambda$1217
instanceKlass com/android/tools/r8/references/Reference$$Lambda$1219
instanceKlass com/android/tools/r8/references/Reference$$Lambda$1220
instanceKlass com/android/tools/r8/references/Reference$$Lambda$1218
instanceKlass com/android/tools/r8/references/Reference$$Lambda$1221
instanceKlass com/android/tools/r8/references/ClassReference
instanceKlass com/android/tools/r8/q/a/a/b/a1
instanceKlass com/android/tools/r8/q/a/a/b/k1
instanceKlass com/android/tools/r8/q/a/a/b/V0
instanceKlass com/android/tools/r8/q/a/a/b/b1
instanceKlass com/android/tools/r8/q/a/a/b/u1
instanceKlass com/android/tools/r8/q/a/a/b/U0
instanceKlass com/android/tools/r8/references/PrimitiveReference
instanceKlass com/android/tools/r8/references/Reference
instanceKlass com/android/tools/r8/position/MethodPosition
instanceKlass com/android/tools/r8/utils/x1/f$$Lambda$1216
instanceKlass com/android/tools/r8/utils/x1/f$$Lambda$1212
instanceKlass com/android/tools/r8/utils/x1/f$$Lambda$1215
instanceKlass com/android/tools/r8/utils/x1/f$$Lambda$1213
instanceKlass com/android/tools/r8/utils/x1/f$$Lambda$1214
instanceKlass com/android/tools/r8/utils/x1/f$$Lambda$1211
instanceKlass com/android/tools/r8/utils/x1/f$$Lambda$1207
instanceKlass com/android/tools/r8/utils/x1/f$$Lambda$1210
instanceKlass com/android/tools/r8/utils/x1/f$$Lambda$1209
instanceKlass com/android/tools/r8/utils/x1/f$$Lambda$1208
instanceKlass com/android/tools/r8/utils/Y$$Lambda$1203
instanceKlass com/android/tools/r8/utils/Y$$Lambda$1206
instanceKlass com/android/tools/r8/utils/Y$$Lambda$1205
instanceKlass com/android/tools/r8/utils/Y$$Lambda$1204
instanceKlass com/android/tools/r8/utils/Y$$Lambda$1202
instanceKlass com/android/tools/r8/graph/X0$$Lambda$1201
instanceKlass com/android/tools/r8/graph/X0$$Lambda$1200
instanceKlass com/android/tools/r8/graph/X0$$Lambda$1198
instanceKlass com/android/tools/r8/graph/X0$$Lambda$1199
instanceKlass com/android/tools/r8/graph/f0$$Lambda$1197
instanceKlass com/android/tools/r8/graph/f0$$Lambda$1196
instanceKlass com/android/tools/r8/graph/f0$$Lambda$1194
instanceKlass com/android/tools/r8/graph/f0$$Lambda$1195
instanceKlass com/android/tools/r8/ir/conversion/h
instanceKlass com/android/tools/r8/ir/conversion/O$$Lambda$1193
instanceKlass com/android/tools/r8/ir/conversion/O$$Lambda$1190
instanceKlass com/android/tools/r8/ir/conversion/O$$Lambda$1191
instanceKlass com/android/tools/r8/ir/conversion/O$$Lambda$1192
instanceKlass java/lang/invoke/LambdaForm$DMH
instanceKlass java/lang/invoke/LambdaForm$DMH
instanceKlass com/android/tools/r8/ir/conversion/W
instanceKlass java/lang/invoke/LambdaForm$DMH
instanceKlass java/lang/invoke/LambdaForm$DMH
instanceKlass com/android/tools/r8/ir/conversion/O$$Lambda$1188
instanceKlass com/android/tools/r8/ir/conversion/O$$Lambda$1186
instanceKlass com/android/tools/r8/ir/conversion/O$$Lambda$1189
instanceKlass com/android/tools/r8/ir/conversion/O$$Lambda$1187
instanceKlass com/android/tools/r8/graph/C$$Lambda$1185
instanceKlass com/android/tools/r8/graph/C$$Lambda$1184
instanceKlass com/android/tools/r8/graph/C$$Lambda$1183
instanceKlass com/android/tools/r8/graph/C$$Lambda$1179
instanceKlass com/android/tools/r8/graph/C$$Lambda$1181
instanceKlass com/android/tools/r8/graph/C$$Lambda$1180
instanceKlass com/android/tools/r8/graph/C$$Lambda$1178
instanceKlass com/android/tools/r8/graph/C$$Lambda$1182
instanceKlass com/android/tools/r8/ir/conversion/O$$Lambda$1174
instanceKlass com/android/tools/r8/ir/conversion/O$$Lambda$1177
instanceKlass com/android/tools/r8/ir/conversion/O$$Lambda$1175
instanceKlass com/android/tools/r8/ir/conversion/O$$Lambda$1176
instanceKlass com/android/tools/r8/graph/W0$$Lambda$1173
instanceKlass com/android/tools/r8/graph/W0$$Lambda$1171
instanceKlass com/android/tools/r8/graph/W0$$Lambda$1172
instanceKlass com/android/tools/r8/graph/W0$$Lambda$1169
instanceKlass com/android/tools/r8/graph/W0$$Lambda$1170
instanceKlass com/android/tools/r8/graph/W0$$Lambda$1168
instanceKlass com/android/tools/r8/graph/W0$$Lambda$1164
instanceKlass com/android/tools/r8/graph/W0$$Lambda$1167
instanceKlass com/android/tools/r8/graph/W0$$Lambda$1166
instanceKlass com/android/tools/r8/graph/W0$$Lambda$1165
instanceKlass com/android/tools/r8/s/c/Q$$Lambda$1162
instanceKlass com/android/tools/r8/s/c/Q$$Lambda$1161
instanceKlass com/android/tools/r8/s/c/Q$$Lambda$1159
instanceKlass com/android/tools/r8/s/c/Q$$Lambda$1160
instanceKlass com/android/tools/r8/s/c/Q$$Lambda$1163
instanceKlass com/android/tools/r8/graph/t1
instanceKlass com/android/tools/r8/s/c/Q
instanceKlass com/android/tools/r8/s/c/h
instanceKlass com/android/tools/r8/s/c/b$e$$Lambda$1157
instanceKlass com/android/tools/r8/s/c/b$e$$Lambda$1158
instanceKlass com/android/tools/r8/s/c/b$e$$Lambda$1156
instanceKlass com/android/tools/r8/s/c/b$e$$Lambda$1155
instanceKlass com/android/tools/r8/s/c/b$e$$Lambda$1154
instanceKlass com/android/tools/r8/s/c/b$e$$Lambda$1153
instanceKlass com/android/tools/r8/s/c/b$e$$Lambda$1152
instanceKlass com/android/tools/r8/s/c/b$e$$Lambda$1150
instanceKlass com/android/tools/r8/s/c/b$e$$Lambda$1151
instanceKlass com/android/tools/r8/s/c/b$e$$Lambda$1147
instanceKlass com/android/tools/r8/s/c/b$e$$Lambda$1149
instanceKlass com/android/tools/r8/s/c/b$e$$Lambda$1148
instanceKlass com/android/tools/r8/s/c/b$e$$Lambda$1146
instanceKlass com/android/tools/r8/s/c/b$e$$Lambda$1145
